2012-06-08 09:55:27,425-0500 DEBUG Loader arguments: [-tc.file, tc.data, -sites.file, 0-throttle-sites.xml, 3inloop.swift]
2012-06-08 09:55:27,425-0500 DEBUG Loader Max heap: 252248064
2012-06-08 09:55:27,426-0500 DEBUG textfiles BEGIN SWIFTSCRIPT:

type messagefile; 

app (messagefile t) countwords (messagefile f) {   
    sh @filename(f) stdout=@filename(t);
}

string outputNames = "a1sm1ms b1sm1ms c1sm1ms";

messagefile outputfiles[] <fixed_array_mapper;files=outputNames>;

foreach f,i in outputfiles {
  messagefile c <single_file_mapper; file=@strcat(i, ".result")>;
  c = countwords(f);
}


2012-06-08 09:55:27,427-0500 DEBUG textfiles END SWIFTSCRIPT:
2012-06-08 09:55:27,427-0500 INFO  Loader 3inloop.swift: source file is new. Recompiling.
2012-06-08 09:55:27,427-0500 DEBUG Loader kmlversion is >239b8550-a5ff-44be-a124-5e7ecd70737d<
2012-06-08 09:55:27,427-0500 DEBUG Loader build version is >239b8550-a5ff-44be-a124-5e7ecd70737d<
2012-06-08 09:55:27,988-0500 INFO  Karajan Validation of XML intermediate file was successful
2012-06-08 09:55:28,177-0500 DEBUG Loader setting: sites.file to: 0-throttle-sites.xml
2012-06-08 09:55:28,178-0500 DEBUG Loader setting: tc.file to: tc.data
2012-06-08 09:55:28,178-0500 DEBUG textfiles BEGIN SITES:
<config>

  <pool handle="localhost">
    <filesystem provider="local" />
    <execution provider="local" />
    <workdirectory >/var/tmp</workdirectory>
    <profile namespace="karajan" key="jobThrottle">.01</profile>
    <profile namespace="karajan" key="initialScore">10000</profile>
  </pool>

</config>


2012-06-08 09:55:28,178-0500 DEBUG textfiles END SITES:
2012-06-08 09:55:28,181-0500 INFO  VDL2ExecutionContext Stack dump:
Level 1
[iA = 0, iB = 0, bA = false, bB = false]
	vdl:instanceconfig = Swift configuration []
	vdl:operation = run
	swift.home = /usr/local/swift/bin/..
	PATH_SEPARATOR = /


2012-06-08 09:55:28,825-0500 INFO  unknown Using sites file: 0-throttle-sites.xml
2012-06-08 09:55:28,861-0500 INFO  unknown Using tc.data: tc.data
2012-06-08 09:55:28,968-0500 INFO  AbstractScheduler Setting resources to: {localhost=localhost}
2012-06-08 09:55:29,520-0500 INFO  unknown Swift 0.93 swift-r5483 cog-r3339

2012-06-08 09:55:29,520-0500 INFO  unknown RUNID id=run:20120608-0955-adq29rgd
2012-06-08 09:55:29,566-0500 INFO  SetFieldValue Set: outputNames=a1sm1ms b1sm1ms c1sm1ms
2012-06-08 09:55:29,586-0500 INFO  RootDataNode Found data outputfiles:messagefile[] - Open.[0]
2012-06-08 09:55:29,586-0500 INFO  RootDataNode Found data outputfiles:messagefile[] - Open.[1]
2012-06-08 09:55:29,586-0500 INFO  RootDataNode Found data outputfiles:messagefile[] - Open.[2]
2012-06-08 09:55:29,590-0500 DEBUG vdl:mains FOREACH_IT_START line=12 thread=0-1-2
2012-06-08 09:55:29,590-0500 DEBUG vdl:mains FOREACH_IT_START line=12 thread=0-1-1
2012-06-08 09:55:29,590-0500 DEBUG vdl:mains SCOPE thread=0-1-1
2012-06-08 09:55:29,590-0500 DEBUG vdl:mains FOREACH_IT_START line=12 thread=0-1-0
2012-06-08 09:55:29,590-0500 DEBUG vdl:mains SCOPE thread=0-1-2
2012-06-08 09:55:29,591-0500 DEBUG vdl:mains SCOPE thread=0-1-0
2012-06-08 09:55:29,599-0500 INFO  SetFieldValue Set: swift#mapper#17001=1.result
2012-06-08 09:55:29,604-0500 DEBUG countwords PROCEDURE line=4 thread=0-1-1-1 name=countwords
2012-06-08 09:55:29,604-0500 INFO  SetFieldValue Set: swift#mapper#17001=0.result
2012-06-08 09:55:29,604-0500 INFO  SetFieldValue Set: swift#mapper#17001=2.result
2012-06-08 09:55:29,604-0500 INFO  RootDataNode Found mapped data c:messagefile - Open.$
2012-06-08 09:55:29,605-0500 INFO  RootDataNode Found mapped data c:messagefile - Open.$
2012-06-08 09:55:29,604-0500 INFO  RootDataNode Found mapped data c:messagefile - Open.$
2012-06-08 09:55:29,606-0500 DEBUG countwords PROCEDURE line=4 thread=0-1-2-1 name=countwords
2012-06-08 09:55:29,606-0500 DEBUG countwords PROCEDURE line=4 thread=0-1-0-1 name=countwords
2012-06-08 09:55:29,616-0500 INFO  vdl:execute START thread=0-1-1-1 tr=sh
2012-06-08 09:55:29,616-0500 INFO  vdl:execute START thread=0-1-0-1 tr=sh
2012-06-08 09:55:29,616-0500 INFO  vdl:execute START thread=0-1-2-1 tr=sh
2012-06-08 09:55:29,644-0500 INFO  WeightedHostScoreScheduler CONTACT_SELECTED host=localhost, score=99.854
2012-06-08 09:55:29,645-0500 INFO  WeightedHostScoreScheduler CONTACT_SELECTED host=localhost, score=99.854
2012-06-08 09:55:29,649-0500 INFO  GlobalSubmitQueue No global submit throttle set. Using default (1024)
2012-06-08 09:55:29,654-0500 INFO  LateBindingScheduler JobQueue: 1
2012-06-08 09:55:29,658-0500 INFO  LateBindingScheduler JobQueue: 1
2012-06-08 09:55:29,662-0500 INFO  vdl:initshareddir START host=localhost - Initializing shared directory
2012-06-08 09:55:29,667-0500 INFO  LateBindingScheduler JobQueue: 1
2012-06-08 09:55:29,688-0500 INFO  LateBindingScheduler JobQueue: 1
2012-06-08 09:55:29,693-0500 INFO  LateBindingScheduler JobQueue: 1
2012-06-08 09:55:29,696-0500 INFO  LateBindingScheduler JobQueue: 1
2012-06-08 09:55:29,704-0500 INFO  LateBindingScheduler JobQueue: 1
2012-06-08 09:55:29,711-0500 INFO  LateBindingScheduler JobQueue: 1
2012-06-08 09:55:29,715-0500 INFO  vdl:initshareddir END host=localhost - Done initializing shared directory
2012-06-08 09:55:29,722-0500 DEBUG vdl:execute2 THREAD_ASSOCIATION jobid=sh-81edbhsk thread=0-1-0-1-1 host=localhost replicationGroup=41edbhsk
2012-06-08 09:55:29,722-0500 DEBUG vdl:execute2 THREAD_ASSOCIATION jobid=sh-71edbhsk thread=0-1-2-1-1 host=localhost replicationGroup=51edbhsk
2012-06-08 09:55:29,746-0500 INFO  vdl:createdirset START jobid=sh-81edbhsk host=localhost - Initializing directory structure
2012-06-08 09:55:29,746-0500 INFO  vdl:createdirset START jobid=sh-71edbhsk host=localhost - Initializing directory structure
2012-06-08 09:55:29,749-0500 INFO  vdl:createdirset END jobid=sh-71edbhsk - Done initializing directory structure
2012-06-08 09:55:29,749-0500 INFO  vdl:createdirset END jobid=sh-81edbhsk - Done initializing directory structure
2012-06-08 09:55:29,752-0500 INFO  vdl:dostagein START jobid=sh-71edbhsk - Staging in files
2012-06-08 09:55:29,752-0500 INFO  vdl:dostagein START jobid=sh-81edbhsk - Staging in files
2012-06-08 09:55:29,778-0500 INFO  LateBindingScheduler JobQueue: 1
2012-06-08 09:55:29,778-0500 INFO  LateBindingScheduler JobQueue: 1
2012-06-08 09:55:29,791-0500 DEBUG vdl:dostagein CDM: file://localhost/c1sm1ms : DEFAULT
2012-06-08 09:55:29,791-0500 DEBUG vdl:dostagein CDM: file://localhost/a1sm1ms : DEFAULT
2012-06-08 09:55:29,808-0500 DEBUG vdl:dostageinfile FILE_STAGE_IN_START file=a1sm1ms srchost=localhost srcdir= srcname=a1sm1ms desthost=localhost destdir=3inloop-20120608-0955-adq29rgd/shared/ provider=file policy=DEFAULT
2012-06-08 09:55:29,808-0500 DEBUG vdl:dostageinfile FILE_STAGE_IN_START file=c1sm1ms srchost=localhost srcdir= srcname=c1sm1ms desthost=localhost destdir=3inloop-20120608-0955-adq29rgd/shared/ provider=file policy=DEFAULT
2012-06-08 09:55:29,840-0500 INFO  LateBindingScheduler JobQueue: 1
2012-06-08 09:55:29,840-0500 INFO  LateBindingScheduler JobQueue: 1
2012-06-08 09:55:29,842-0500 INFO  vdl:checkerrorfile NO_STATUS_FILE jobid=sh-81edbhsk - Error file missing
2012-06-08 09:55:29,842-0500 INFO  vdl:checkerrorfile NO_STATUS_FILE jobid=sh-71edbhsk - Error file missing
2012-06-08 09:55:29,847-0500 DEBUG vdl:execute2 APPLICATION_EXCEPTION jobid=sh-71edbhsk - Application exception: null
Caused by: org.globus.cog.abstraction.impl.file.FileNotFoundException: File not found: /home/skrieder/swift/multi/./c1sm1ms
2012-06-08 09:55:29,847-0500 DEBUG vdl:execute2 APPLICATION_EXCEPTION jobid=sh-81edbhsk - Application exception: null
Caused by: org.globus.cog.abstraction.impl.file.FileNotFoundException: File not found: /home/skrieder/swift/multi/./a1sm1ms
2012-06-08 09:55:29,899-0500 WARN  vdl:transferwrapperlog Failed to transfer wrapper log for job sh-81edbhsk
2012-06-08 09:55:29,899-0500 WARN  vdl:transferwrapperlog Failed to transfer wrapper log for job sh-71edbhsk
2012-06-08 09:55:29,901-0500 DEBUG vdl:transferwrapperlog Exception for wrapper log failure from 3inloop-20120608-0955-adq29rgd/info/7 on localhost: null
Caused by: org.globus.cog.abstraction.impl.file.FileNotFoundException: File not found: /var/tmp/3inloop-20120608-0955-adq29rgd/info/7/sh-71edbhsk-info
2012-06-08 09:55:29,901-0500 DEBUG vdl:transferwrapperlog Exception for wrapper log failure from 3inloop-20120608-0955-adq29rgd/info/8 on localhost: null
Caused by: org.globus.cog.abstraction.impl.file.FileNotFoundException: File not found: /var/tmp/3inloop-20120608-0955-adq29rgd/info/8/sh-81edbhsk-info
2012-06-08 09:55:29,923-0500 INFO  WeightedHostScoreScheduler CONTACT_SELECTED host=localhost, score=99.853
2012-06-08 09:55:29,923-0500 INFO  WeightedHostScoreScheduler CONTACT_SELECTED host=localhost, score=99.853
2012-06-08 09:55:29,929-0500 DEBUG vdl:execute2 THREAD_ASSOCIATION jobid=sh-b1edbhsk thread=0-1-1-1-1 host=localhost replicationGroup=61edbhsk
2012-06-08 09:55:29,930-0500 DEBUG vdl:execute2 THREAD_ASSOCIATION jobid=sh-c1edbhsk thread=0-1-0-1-1 host=localhost replicationGroup=a1edbhsk
2012-06-08 09:55:29,939-0500 INFO  vdl:createdirset START jobid=sh-b1edbhsk host=localhost - Initializing directory structure
2012-06-08 09:55:29,939-0500 INFO  vdl:createdirset START jobid=sh-c1edbhsk host=localhost - Initializing directory structure
2012-06-08 09:55:29,940-0500 INFO  vdl:createdirset END jobid=sh-b1edbhsk - Done initializing directory structure
2012-06-08 09:55:29,940-0500 INFO  vdl:createdirset END jobid=sh-c1edbhsk - Done initializing directory structure
2012-06-08 09:55:29,942-0500 INFO  vdl:dostagein START jobid=sh-b1edbhsk - Staging in files
2012-06-08 09:55:29,942-0500 INFO  vdl:dostagein START jobid=sh-c1edbhsk - Staging in files
2012-06-08 09:55:29,949-0500 INFO  LateBindingScheduler JobQueue: 1
2012-06-08 09:55:29,949-0500 INFO  LateBindingScheduler JobQueue: 1
2012-06-08 09:55:29,950-0500 DEBUG vdl:dostagein CDM: file://localhost/b1sm1ms : DEFAULT
2012-06-08 09:55:29,951-0500 DEBUG vdl:dostagein CDM: file://localhost/a1sm1ms : DEFAULT
2012-06-08 09:55:29,955-0500 DEBUG vdl:dostageinfile FILE_STAGE_IN_START file=b1sm1ms srchost=localhost srcdir= srcname=b1sm1ms desthost=localhost destdir=3inloop-20120608-0955-adq29rgd/shared/ provider=file policy=DEFAULT
2012-06-08 09:55:29,956-0500 DEBUG vdl:dostageinfile FILE_STAGE_IN_START file=a1sm1ms srchost=localhost srcdir= srcname=a1sm1ms desthost=localhost destdir=3inloop-20120608-0955-adq29rgd/shared/ provider=file policy=DEFAULT
2012-06-08 09:55:29,974-0500 INFO  LateBindingScheduler JobQueue: 1
2012-06-08 09:55:29,974-0500 INFO  LateBindingScheduler JobQueue: 1
2012-06-08 09:55:29,975-0500 INFO  vdl:checkerrorfile NO_STATUS_FILE jobid=sh-b1edbhsk - Error file missing
2012-06-08 09:55:29,976-0500 INFO  vdl:checkerrorfile NO_STATUS_FILE jobid=sh-c1edbhsk - Error file missing
2012-06-08 09:55:29,977-0500 DEBUG vdl:execute2 APPLICATION_EXCEPTION jobid=sh-b1edbhsk - Application exception: null
Caused by: org.globus.cog.abstraction.impl.file.FileNotFoundException: File not found: /home/skrieder/swift/multi/./b1sm1ms
2012-06-08 09:55:29,977-0500 DEBUG vdl:execute2 APPLICATION_EXCEPTION jobid=sh-c1edbhsk - Application exception: null
Caused by: org.globus.cog.abstraction.impl.file.FileNotFoundException: File not found: /home/skrieder/swift/multi/./a1sm1ms
2012-06-08 09:55:30,012-0500 WARN  vdl:transferwrapperlog Failed to transfer wrapper log for job sh-b1edbhsk
2012-06-08 09:55:30,013-0500 WARN  vdl:transferwrapperlog Failed to transfer wrapper log for job sh-c1edbhsk
2012-06-08 09:55:30,013-0500 DEBUG vdl:transferwrapperlog Exception for wrapper log failure from 3inloop-20120608-0955-adq29rgd/info/b on localhost: null
Caused by: org.globus.cog.abstraction.impl.file.FileNotFoundException: File not found: /var/tmp/3inloop-20120608-0955-adq29rgd/info/b/sh-b1edbhsk-info
2012-06-08 09:55:30,014-0500 DEBUG vdl:transferwrapperlog Exception for wrapper log failure from 3inloop-20120608-0955-adq29rgd/info/c on localhost: null
Caused by: org.globus.cog.abstraction.impl.file.FileNotFoundException: File not found: /var/tmp/3inloop-20120608-0955-adq29rgd/info/c/sh-c1edbhsk-info
2012-06-08 09:55:30,028-0500 INFO  WeightedHostScoreScheduler CONTACT_SELECTED host=localhost, score=99.853
2012-06-08 09:55:30,029-0500 INFO  WeightedHostScoreScheduler CONTACT_SELECTED host=localhost, score=99.853
2012-06-08 09:55:30,034-0500 DEBUG vdl:execute2 THREAD_ASSOCIATION jobid=sh-f1edbhsk thread=0-1-2-1-1 host=localhost replicationGroup=91edbhsk
2012-06-08 09:55:30,035-0500 DEBUG vdl:execute2 THREAD_ASSOCIATION jobid=sh-g1edbhsk thread=0-1-1-1-1 host=localhost replicationGroup=d1edbhsk
2012-06-08 09:55:30,044-0500 INFO  vdl:createdirset START jobid=sh-f1edbhsk host=localhost - Initializing directory structure
2012-06-08 09:55:30,045-0500 INFO  vdl:createdirset START jobid=sh-g1edbhsk host=localhost - Initializing directory structure
2012-06-08 09:55:30,045-0500 INFO  vdl:createdirset END jobid=sh-f1edbhsk - Done initializing directory structure
2012-06-08 09:55:30,046-0500 INFO  vdl:createdirset END jobid=sh-g1edbhsk - Done initializing directory structure
2012-06-08 09:55:30,047-0500 INFO  vdl:dostagein START jobid=sh-f1edbhsk - Staging in files
2012-06-08 09:55:30,047-0500 INFO  vdl:dostagein START jobid=sh-g1edbhsk - Staging in files
2012-06-08 09:55:30,054-0500 INFO  LateBindingScheduler JobQueue: 1
2012-06-08 09:55:30,055-0500 INFO  LateBindingScheduler JobQueue: 1
2012-06-08 09:55:30,056-0500 DEBUG vdl:dostagein CDM: file://localhost/c1sm1ms : DEFAULT
2012-06-08 09:55:30,056-0500 DEBUG vdl:dostagein CDM: file://localhost/b1sm1ms : DEFAULT
2012-06-08 09:55:30,061-0500 DEBUG vdl:dostageinfile FILE_STAGE_IN_START file=c1sm1ms srchost=localhost srcdir= srcname=c1sm1ms desthost=localhost destdir=3inloop-20120608-0955-adq29rgd/shared/ provider=file policy=DEFAULT
2012-06-08 09:55:30,061-0500 DEBUG vdl:dostageinfile FILE_STAGE_IN_START file=b1sm1ms srchost=localhost srcdir= srcname=b1sm1ms desthost=localhost destdir=3inloop-20120608-0955-adq29rgd/shared/ provider=file policy=DEFAULT
2012-06-08 09:55:30,079-0500 INFO  LateBindingScheduler JobQueue: 1
2012-06-08 09:55:30,080-0500 INFO  LateBindingScheduler JobQueue: 1
2012-06-08 09:55:30,081-0500 INFO  vdl:checkerrorfile NO_STATUS_FILE jobid=sh-f1edbhsk - Error file missing
2012-06-08 09:55:30,081-0500 INFO  vdl:checkerrorfile NO_STATUS_FILE jobid=sh-g1edbhsk - Error file missing
2012-06-08 09:55:30,082-0500 DEBUG vdl:execute2 APPLICATION_EXCEPTION jobid=sh-f1edbhsk - Application exception: null
Caused by: org.globus.cog.abstraction.impl.file.FileNotFoundException: File not found: /home/skrieder/swift/multi/./c1sm1ms
2012-06-08 09:55:30,083-0500 DEBUG vdl:execute2 APPLICATION_EXCEPTION jobid=sh-g1edbhsk - Application exception: null
Caused by: org.globus.cog.abstraction.impl.file.FileNotFoundException: File not found: /home/skrieder/swift/multi/./b1sm1ms
2012-06-08 09:55:30,118-0500 WARN  vdl:transferwrapperlog Failed to transfer wrapper log for job sh-f1edbhsk
2012-06-08 09:55:30,119-0500 WARN  vdl:transferwrapperlog Failed to transfer wrapper log for job sh-g1edbhsk
2012-06-08 09:55:30,120-0500 DEBUG vdl:transferwrapperlog Exception for wrapper log failure from 3inloop-20120608-0955-adq29rgd/info/f on localhost: null
Caused by: org.globus.cog.abstraction.impl.file.FileNotFoundException: File not found: /var/tmp/3inloop-20120608-0955-adq29rgd/info/f/sh-f1edbhsk-info
2012-06-08 09:55:30,120-0500 DEBUG vdl:transferwrapperlog Exception for wrapper log failure from 3inloop-20120608-0955-adq29rgd/info/g on localhost: null
Caused by: org.globus.cog.abstraction.impl.file.FileNotFoundException: File not found: /var/tmp/3inloop-20120608-0955-adq29rgd/info/g/sh-g1edbhsk-info
2012-06-08 09:55:30,134-0500 INFO  WeightedHostScoreScheduler CONTACT_SELECTED host=localhost, score=99.853
2012-06-08 09:55:30,135-0500 INFO  WeightedHostScoreScheduler CONTACT_SELECTED host=localhost, score=99.853
2012-06-08 09:55:30,140-0500 DEBUG vdl:execute2 THREAD_ASSOCIATION jobid=sh-j1edbhsk thread=0-1-0-1-1 host=localhost replicationGroup=e1edbhsk
2012-06-08 09:55:30,142-0500 DEBUG vdl:execute2 THREAD_ASSOCIATION jobid=sh-k1edbhsk thread=0-1-2-1-1 host=localhost replicationGroup=h1edbhsk
2012-06-08 09:55:30,151-0500 INFO  vdl:createdirset START jobid=sh-j1edbhsk host=localhost - Initializing directory structure
2012-06-08 09:55:30,152-0500 INFO  vdl:createdirset START jobid=sh-k1edbhsk host=localhost - Initializing directory structure
2012-06-08 09:55:30,152-0500 INFO  vdl:createdirset END jobid=sh-j1edbhsk - Done initializing directory structure
2012-06-08 09:55:30,153-0500 INFO  vdl:createdirset END jobid=sh-k1edbhsk - Done initializing directory structure
2012-06-08 09:55:30,154-0500 INFO  vdl:dostagein START jobid=sh-j1edbhsk - Staging in files
2012-06-08 09:55:30,155-0500 INFO  vdl:dostagein START jobid=sh-k1edbhsk - Staging in files
2012-06-08 09:55:30,162-0500 INFO  LateBindingScheduler JobQueue: 1
2012-06-08 09:55:30,163-0500 INFO  LateBindingScheduler JobQueue: 1
2012-06-08 09:55:30,164-0500 DEBUG vdl:dostagein CDM: file://localhost/a1sm1ms : DEFAULT
2012-06-08 09:55:30,164-0500 DEBUG vdl:dostagein CDM: file://localhost/c1sm1ms : DEFAULT
2012-06-08 09:55:30,169-0500 DEBUG vdl:dostageinfile FILE_STAGE_IN_START file=a1sm1ms srchost=localhost srcdir= srcname=a1sm1ms desthost=localhost destdir=3inloop-20120608-0955-adq29rgd/shared/ provider=file policy=DEFAULT
2012-06-08 09:55:30,169-0500 DEBUG vdl:dostageinfile FILE_STAGE_IN_START file=c1sm1ms srchost=localhost srcdir= srcname=c1sm1ms desthost=localhost destdir=3inloop-20120608-0955-adq29rgd/shared/ provider=file policy=DEFAULT
2012-06-08 09:55:30,187-0500 INFO  LateBindingScheduler JobQueue: 1
2012-06-08 09:55:30,188-0500 INFO  LateBindingScheduler JobQueue: 1
2012-06-08 09:55:30,189-0500 INFO  vdl:checkerrorfile NO_STATUS_FILE jobid=sh-j1edbhsk - Error file missing
2012-06-08 09:55:30,189-0500 INFO  vdl:checkerrorfile NO_STATUS_FILE jobid=sh-k1edbhsk - Error file missing
2012-06-08 09:55:30,190-0500 DEBUG vdl:execute2 APPLICATION_EXCEPTION jobid=sh-j1edbhsk - Application exception: null
Caused by: org.globus.cog.abstraction.impl.file.FileNotFoundException: File not found: /home/skrieder/swift/multi/./a1sm1ms
2012-06-08 09:55:30,191-0500 DEBUG vdl:execute2 APPLICATION_EXCEPTION jobid=sh-k1edbhsk - Application exception: null
Caused by: org.globus.cog.abstraction.impl.file.FileNotFoundException: File not found: /home/skrieder/swift/multi/./c1sm1ms
2012-06-08 09:55:30,233-0500 WARN  vdl:transferwrapperlog Failed to transfer wrapper log for job sh-j1edbhsk
2012-06-08 09:55:30,233-0500 WARN  vdl:transferwrapperlog Failed to transfer wrapper log for job sh-k1edbhsk
2012-06-08 09:55:30,234-0500 DEBUG vdl:transferwrapperlog Exception for wrapper log failure from 3inloop-20120608-0955-adq29rgd/info/j on localhost: null
Caused by: org.globus.cog.abstraction.impl.file.FileNotFoundException: File not found: /var/tmp/3inloop-20120608-0955-adq29rgd/info/j/sh-j1edbhsk-info
2012-06-08 09:55:30,234-0500 DEBUG vdl:transferwrapperlog Exception for wrapper log failure from 3inloop-20120608-0955-adq29rgd/info/k on localhost: null
Caused by: org.globus.cog.abstraction.impl.file.FileNotFoundException: File not found: /var/tmp/3inloop-20120608-0955-adq29rgd/info/k/sh-k1edbhsk-info
2012-06-08 09:55:30,237-0500 INFO  vdl:execute END_FAILURE thread=0-1-0-1 tr=sh
2012-06-08 09:55:30,237-0500 INFO  vdl:execute END_FAILURE thread=0-1-2-1 tr=sh
2012-06-08 09:55:30,239-0500 DEBUG VDL2ExecutionContext Exception in sh:
Arguments: [a1sm1ms]
Host: localhost
Directory: 3inloop-20120608-0955-adq29rgd/jobs/j/sh-j1edbhsk
stderr.txt: 

stdout.txt: 

----

Exception in sh:
Arguments: [a1sm1ms]
Host: localhost
Directory: 3inloop-20120608-0955-adq29rgd/jobs/j/sh-j1edbhsk
stderr.txt: 

stdout.txt: 

----

Caused by: null
Caused by: org.globus.cog.abstraction.impl.file.FileNotFoundException: File not found: /home/skrieder/swift/multi/./a1sm1ms
	at org.globus.cog.karajan.workflow.nodes.functions.KException.function(KException.java:29)
	at org.globus.cog.karajan.workflow.nodes.functions.AbstractFunction.post(AbstractFunction.java:27)
	at org.globus.cog.karajan.workflow.nodes.AbstractSequentialWithArguments.completed(AbstractSequentialWithArguments.java:194)
	at org.globus.cog.karajan.workflow.nodes.FlowNode.complete(FlowNode.java:214)
	at org.globus.cog.karajan.workflow.nodes.FlowContainer.post(FlowContainer.java:58)
	at org.globus.cog.karajan.workflow.nodes.functions.AbstractFunction.post(AbstractFunction.java:28)
	at org.globus.cog.karajan.workflow.nodes.Sequential.startNext(Sequential.java:29)
	at org.globus.cog.karajan.workflow.nodes.Sequential.executeChildren(Sequential.java:20)
	at org.globus.cog.karajan.workflow.nodes.FlowContainer.execute(FlowContainer.java:63)
	at org.globus.cog.karajan.workflow.nodes.FlowNode.restart(FlowNode.java:139)
	at org.globus.cog.karajan.workflow.nodes.FlowNode.start(FlowNode.java:197)
	at org.globus.cog.karajan.workflow.events.EventBus.start(EventBus.java:104)
	at org.globus.cog.karajan.workflow.events.EventTargetPair.run(EventTargetPair.java:40)
	at java.util.concurrent.Executors$RunnableAdapter.call(Executors.java:471)
	at java.util.concurrent.FutureTask$Sync.innerRun(FutureTask.java:334)
	at java.util.concurrent.FutureTask.run(FutureTask.java:166)
	at java.util.concurrent.ThreadPoolExecutor.runWorker(ThreadPoolExecutor.java:1110)
	at java.util.concurrent.ThreadPoolExecutor$Worker.run(ThreadPoolExecutor.java:603)
	at java.lang.Thread.run(Thread.java:722)
Caused by: null
Caused by: org.globus.cog.abstraction.impl.file.FileNotFoundException: File not found: /home/skrieder/swift/multi/./a1sm1ms
	at org.globus.cog.karajan.workflow.nodes.FlowNode.failImmediately(FlowNode.java:101)
	at org.globus.cog.karajan.workflow.nodes.grid.AbstractGridNode$1.run(AbstractGridNode.java:308)
	... 6 more
Caused by: org.globus.cog.abstraction.impl.file.FileNotFoundException: File not found: /home/skrieder/swift/multi/./a1sm1ms
	at org.globus.cog.abstraction.impl.file.local.FileResourceImpl.getFile(FileResourceImpl.java:225)
	at org.globus.cog.abstraction.impl.file.local.FileResourceImpl.putFile(FileResourceImpl.java:286)
	at org.globus.cog.abstraction.impl.file.AbstractFileResource.putFile(AbstractFileResource.java:152)
	at org.globus.cog.abstraction.impl.fileTransfer.DelegatedFileTransferHandler.doDestination(DelegatedFileTransferHandler.java:314)
	at org.globus.cog.abstraction.impl.fileTransfer.CachingDelegatedFileTransferHandler.doDestination(CachingDelegatedFileTransferHandler.java:46)
	at org.globus.cog.abstraction.impl.fileTransfer.DelegatedFileTransferHandler.run(DelegatedFileTransferHandler.java:487)
	... 1 more
2012-06-08 09:55:30,343-0500 INFO  ExecutionContext Detailed exception: 
Exception in sh:
Arguments: [a1sm1ms]
Host: localhost
Directory: 3inloop-20120608-0955-adq29rgd/jobs/j/sh-j1edbhsk
stderr.txt: 

stdout.txt: 

----

Caused by: null
Caused by: org.globus.cog.abstraction.impl.file.FileNotFoundException: File not found: /home/skrieder/swift/multi/./a1sm1ms
	at org.globus.cog.karajan.workflow.nodes.functions.KException.function(KException.java:29)
	at org.globus.cog.karajan.workflow.nodes.functions.AbstractFunction.post(AbstractFunction.java:27)
	at org.globus.cog.karajan.workflow.nodes.AbstractSequentialWithArguments.completed(AbstractSequentialWithArguments.java:194)
	at org.globus.cog.karajan.workflow.nodes.FlowNode.complete(FlowNode.java:214)
	at org.globus.cog.karajan.workflow.nodes.FlowContainer.post(FlowContainer.java:58)
	at org.globus.cog.karajan.workflow.nodes.functions.AbstractFunction.post(AbstractFunction.java:28)
	at org.globus.cog.karajan.workflow.nodes.Sequential.startNext(Sequential.java:29)
	at org.globus.cog.karajan.workflow.nodes.Sequential.executeChildren(Sequential.java:20)
	at org.globus.cog.karajan.workflow.nodes.FlowContainer.execute(FlowContainer.java:63)
	at org.globus.cog.karajan.workflow.nodes.FlowNode.restart(FlowNode.java:139)
	at org.globus.cog.karajan.workflow.nodes.FlowNode.start(FlowNode.java:197)
	at org.globus.cog.karajan.workflow.events.EventBus.start(EventBus.java:104)
	at org.globus.cog.karajan.workflow.events.EventTargetPair.run(EventTargetPair.java:40)
	at java.util.concurrent.Executors$RunnableAdapter.call(Executors.java:471)
	at java.util.concurrent.FutureTask$Sync.innerRun(FutureTask.java:334)
	at java.util.concurrent.FutureTask.run(FutureTask.java:166)
	at java.util.concurrent.ThreadPoolExecutor.runWorker(ThreadPoolExecutor.java:1110)
	at java.util.concurrent.ThreadPoolExecutor$Worker.run(ThreadPoolExecutor.java:603)
	at java.lang.Thread.run(Thread.java:722)
Caused by: null
Caused by: org.globus.cog.abstraction.impl.file.FileNotFoundException: File not found: /home/skrieder/swift/multi/./a1sm1ms
	at org.globus.cog.karajan.workflow.nodes.FlowNode.failImmediately(FlowNode.java:101)
	at org.globus.cog.karajan.workflow.nodes.grid.AbstractGridNode$1.run(AbstractGridNode.java:308)
	... 6 more
Caused by: org.globus.cog.abstraction.impl.file.FileNotFoundException: File not found: /home/skrieder/swift/multi/./a1sm1ms
	at org.globus.cog.abstraction.impl.file.local.FileResourceImpl.getFile(FileResourceImpl.java:225)
	at org.globus.cog.abstraction.impl.file.local.FileResourceImpl.putFile(FileResourceImpl.java:286)
	at org.globus.cog.abstraction.impl.file.AbstractFileResource.putFile(AbstractFileResource.java:152)
	at org.globus.cog.abstraction.impl.fileTransfer.DelegatedFileTransferHandler.doDestination(DelegatedFileTransferHandler.java:314)
	at org.globus.cog.abstraction.impl.fileTransfer.CachingDelegatedFileTransferHandler.doDestination(CachingDelegatedFileTransferHandler.java:46)
	at org.globus.cog.abstraction.impl.fileTransfer.DelegatedFileTransferHandler.run(DelegatedFileTransferHandler.java:487)
	... 1 more
2012-06-08 09:55:30,344-0500 INFO  Loader Swift finished with errors
