2012-06-01 09:00:04,451-0500 DEBUG Loader arguments: [foreach.swift]
2012-06-01 09:00:04,452-0500 DEBUG Loader Max heap: 252248064
2012-06-01 09:00:04,453-0500 DEBUG textfiles BEGIN SWIFTSCRIPT:
type messagefile; 
type countfile; 

app (countfile t) countwords (messagefile f) {   
     sh "scott3a.sh" stdout=@filename(t);
}

string inputNames = "scott3a.sh";

messagefile inputfiles[] <fixed_array_mapper;files=inputNames>;

foreach f in inputfiles {
  countfile c;
  c = countwords(f);
}


2012-06-01 09:00:04,453-0500 DEBUG textfiles END SWIFTSCRIPT:
2012-06-01 09:00:04,453-0500 DEBUG Loader kmlversion is >239b8550-a5ff-44be-a124-5e7ecd70737d<
2012-06-01 09:00:04,453-0500 DEBUG Loader build version is >239b8550-a5ff-44be-a124-5e7ecd70737d<
2012-06-01 09:00:04,453-0500 DEBUG Loader Recompilation suppressed.
2012-06-01 09:00:04,599-0500 DEBUG textfiles using default sites file
2012-06-01 09:00:04,603-0500 INFO  VDL2ExecutionContext Stack dump:
Level 1
[iA = 0, iB = 0, bA = false, bB = false]
	vdl:instanceconfig = Swift configuration []
	vdl:operation = run
	swift.home = /usr/local/swift/bin/..
	PATH_SEPARATOR = /


2012-06-01 09:00:05,279-0500 INFO  unknown Using sites file: /usr/local/swift/bin/../etc/sites.xml
2012-06-01 09:00:05,329-0500 INFO  unknown Using tc.data: /usr/local/swift/bin/../etc/tc.data
2012-06-01 09:00:05,444-0500 WARN  File On line 24in File /usr/local/swift/bin/../etc/tc.data

java.lang.IllegalStateException: Error : Illegal TCType defined. Please specify one of the predefined types 
 [INSTALLED, SOURCE, STATIC_BINARY, DYNAMIC_BINARY, PACMAN_PACKAGE, SCRIPT]
	at org.globus.swift.catalog.types.TCType.fromValue(TCType.java:73)
	at org.globus.swift.catalog.types.TCType.fromString(TCType.java:85)
	at org.globus.swift.catalog.transformation.File.populateTC(File.java:1085)
	at org.globus.swift.catalog.transformation.File.populateTC(File.java:1034)
	at org.globus.swift.catalog.transformation.File.<init>(File.java:149)
	at org.globus.swift.catalog.transformation.File.getNonSingletonInstance(File.java:116)
	at org.griphyn.vdl.karajan.VDSAdaptiveScheduler.setProperty(VDSAdaptiveScheduler.java:71)
	at org.globus.cog.karajan.workflow.nodes.grid.SchedulerNode.newScheduler(SchedulerNode.java:104)
	at org.globus.cog.karajan.workflow.nodes.grid.SchedulerNode.post(SchedulerNode.java:63)
	at org.globus.cog.karajan.workflow.nodes.AbstractSequentialWithArguments.completed(AbstractSequentialWithArguments.java:194)
	at org.globus.cog.karajan.workflow.nodes.FlowNode.complete(FlowNode.java:214)
	at org.globus.cog.karajan.workflow.nodes.FlowContainer.post(FlowContainer.java:58)
	at org.globus.cog.karajan.workflow.nodes.AbstractSequentialWithArguments.completed(AbstractSequentialWithArguments.java:194)
	at org.globus.cog.karajan.workflow.nodes.user.UserDefinedElement.completed(UserDefinedElement.java:286)
	at org.globus.cog.karajan.workflow.nodes.user.SequentialImplicitExecutionUDE.completed(SequentialImplicitExecutionUDE.java:89)
	at org.globus.cog.karajan.workflow.nodes.FlowNode.complete(FlowNode.java:214)
	at org.globus.cog.karajan.workflow.nodes.FlowContainer.post(FlowContainer.java:58)
	at org.globus.cog.karajan.workflow.nodes.functions.AbstractFunction.post(AbstractFunction.java:28)
	at org.globus.cog.karajan.workflow.nodes.AbstractSequentialWithArguments.completed(AbstractSequentialWithArguments.java:194)
	at org.globus.cog.karajan.workflow.nodes.FlowNode.complete(FlowNode.java:214)
	at org.globus.cog.karajan.workflow.nodes.ExecuteFile.completed(ExecuteFile.java:158)
	at org.globus.cog.karajan.workflow.nodes.FlowNode.complete(FlowNode.java:214)
	at org.globus.cog.karajan.workflow.nodes.FlowContainer.post(FlowContainer.java:58)
	at org.globus.cog.karajan.workflow.nodes.Sequential.startNext(Sequential.java:29)
	at org.globus.cog.karajan.workflow.nodes.Sequential.completed(Sequential.java:24)
	at org.globus.cog.karajan.workflow.nodes.FlowNode.complete(FlowNode.java:214)
	at org.globus.cog.karajan.workflow.nodes.FlowContainer.post(FlowContainer.java:58)
	at org.globus.cog.karajan.workflow.nodes.AbstractSequentialWithArguments.completed(AbstractSequentialWithArguments.java:194)
	at org.globus.cog.karajan.workflow.nodes.user.UserDefinedElement.completed(UserDefinedElement.java:286)
	at org.globus.cog.karajan.workflow.nodes.user.SequentialImplicitExecutionUDE.completed(SequentialImplicitExecutionUDE.java:89)
	at org.globus.cog.karajan.workflow.nodes.FlowNode.complete(FlowNode.java:214)
	at org.globus.cog.karajan.workflow.nodes.FlowContainer.post(FlowContainer.java:58)
	at org.globus.cog.karajan.workflow.nodes.functions.AbstractFunction.post(AbstractFunction.java:28)
	at org.globus.cog.karajan.workflow.nodes.AbstractSequentialWithArguments.completed(AbstractSequentialWithArguments.java:194)
	at org.globus.cog.karajan.workflow.nodes.FlowNode.complete(FlowNode.java:214)
	at org.globus.cog.karajan.workflow.nodes.FlowContainer.post(FlowContainer.java:58)
	at org.globus.cog.karajan.workflow.nodes.AbstractSequentialWithArguments.completed(AbstractSequentialWithArguments.java:194)
	at org.globus.cog.karajan.workflow.nodes.PartialArgumentsContainer.nonArgChildCompleted(PartialArgumentsContainer.java:105)
	at org.globus.cog.karajan.workflow.nodes.PartialArgumentsContainer.completed(PartialArgumentsContainer.java:86)
	at org.globus.cog.karajan.workflow.nodes.FlowNode.complete(FlowNode.java:214)
	at org.globus.cog.karajan.workflow.nodes.Maybe.failed(Maybe.java:23)
	at org.globus.cog.karajan.workflow.nodes.FlowNode.failImmediately(FlowNode.java:89)
	at org.globus.cog.karajan.workflow.nodes.FlowNode.failed(FlowNode.java:245)
	at org.globus.cog.karajan.workflow.nodes.FlowNode.failImmediately(FlowNode.java:89)
	at org.globus.cog.karajan.workflow.nodes.FlowNode.restart(FlowNode.java:151)
	at org.globus.cog.karajan.workflow.nodes.FlowNode.start(FlowNode.java:197)
	at org.globus.cog.karajan.workflow.FlowElementWrapper.start(FlowElementWrapper.java:227)
	at org.globus.cog.karajan.workflow.events.EventBus.start(EventBus.java:104)
	at org.globus.cog.karajan.workflow.events.EventTargetPair.run(EventTargetPair.java:40)
	at java.util.concurrent.Executors$RunnableAdapter.call(Executors.java:471)
	at java.util.concurrent.FutureTask$Sync.innerRun(FutureTask.java:334)
	at java.util.concurrent.FutureTask.run(FutureTask.java:166)
	at java.util.concurrent.ThreadPoolExecutor.runWorker(ThreadPoolExecutor.java:1110)
	at java.util.concurrent.ThreadPoolExecutor$Worker.run(ThreadPoolExecutor.java:603)
	at java.lang.Thread.run(Thread.java:722)
2012-06-01 09:00:05,451-0500 INFO  AbstractScheduler Setting resources to: {localhost=localhost}
2012-06-01 09:00:06,129-0500 INFO  unknown Swift 0.93 swift-r5483 cog-r3339

2012-06-01 09:00:06,130-0500 INFO  unknown RUNID id=run:20120601-0900-ykffajp7
2012-06-01 09:00:06,213-0500 INFO  SetFieldValue Set: inputNames=scott3a.sh
2012-06-01 09:00:06,234-0500 INFO  RootDataNode Found data inputfiles:messagefile[] - Open.[0]
2012-06-01 09:00:06,237-0500 DEBUG vdl:mains FOREACH_IT_START line=12 thread=0-1-0
2012-06-01 09:00:06,239-0500 DEBUG vdl:mains SCOPE thread=0-1-0
2012-06-01 09:00:06,259-0500 DEBUG countwords PROCEDURE line=4 thread=0-1-0-1 name=countwords
2012-06-01 09:00:06,281-0500 INFO  vdl:execute START thread=0-1-0-1 tr=sh
2012-06-01 09:00:06,316-0500 INFO  WeightedHostScoreScheduler CONTACT_SELECTED host=localhost, score=1.000
2012-06-01 09:00:06,325-0500 INFO  GlobalSubmitQueue No global submit throttle set. Using default (1024)
2012-06-01 09:00:06,330-0500 INFO  LateBindingScheduler JobQueue: 0
2012-06-01 09:00:06,334-0500 INFO  LateBindingScheduler JobQueue: 0
2012-06-01 09:00:06,341-0500 INFO  vdl:initshareddir START host=localhost - Initializing shared directory
2012-06-01 09:00:06,347-0500 INFO  LateBindingScheduler JobQueue: 0
2012-06-01 09:00:06,377-0500 INFO  LateBindingScheduler JobQueue: 0
2012-06-01 09:00:06,383-0500 INFO  LateBindingScheduler JobQueue: 0
2012-06-01 09:00:06,387-0500 INFO  LateBindingScheduler JobQueue: 0
2012-06-01 09:00:06,395-0500 INFO  LateBindingScheduler JobQueue: 0
2012-06-01 09:00:06,402-0500 INFO  LateBindingScheduler JobQueue: 0
2012-06-01 09:00:06,406-0500 INFO  vdl:initshareddir END host=localhost - Done initializing shared directory
2012-06-01 09:00:06,413-0500 DEBUG vdl:execute2 THREAD_ASSOCIATION jobid=sh-7mq4q5sk thread=0-1-0-1-1 host=localhost replicationGroup=6mq4q5sk
2012-06-01 09:00:06,435-0500 INFO  vdl:createdirset START jobid=sh-7mq4q5sk host=localhost - Initializing directory structure
2012-06-01 09:00:06,443-0500 INFO  vdl:createdirs START path=_concurrent dir=foreach-20120601-0900-ykffajp7/shared - Creating directory structure
2012-06-01 09:00:06,446-0500 INFO  LateBindingScheduler JobQueue: 0
2012-06-01 09:00:06,447-0500 INFO  vdl:createdirset END jobid=sh-7mq4q5sk - Done initializing directory structure
2012-06-01 09:00:06,450-0500 INFO  vdl:dostagein START jobid=sh-7mq4q5sk - Staging in files
2012-06-01 09:00:06,475-0500 INFO  LateBindingScheduler JobQueue: 0
2012-06-01 09:00:06,488-0500 DEBUG vdl:dostagein CDM: file://localhost/scott3a.sh : DEFAULT
2012-06-01 09:00:06,504-0500 DEBUG vdl:dostageinfile FILE_STAGE_IN_START file=scott3a.sh srchost=localhost srcdir= srcname=scott3a.sh desthost=localhost destdir=foreach-20120601-0900-ykffajp7/shared/ provider=file policy=DEFAULT
2012-06-01 09:00:06,512-0500 INFO  LateBindingScheduler JobQueue: 0
2012-06-01 09:00:06,514-0500 DEBUG vdl:dostageinfile FILE_STAGE_IN_END file=scott3a.sh srchost=localhost srcdir= srcname=scott3a.sh desthost=localhost destdir=foreach-20120601-0900-ykffajp7/shared/ provider=file
2012-06-01 09:00:06,516-0500 INFO  vdl:dostagein END jobid=sh-7mq4q5sk - Staging in finished
2012-06-01 09:00:06,521-0500 DEBUG vdl:execute2 JOB_START jobid=sh-7mq4q5sk tr=sh arguments=[scott3a.sh] tmpdir=foreach-20120601-0900-ykffajp7/jobs/7/sh-7mq4q5sk host=localhost
2012-06-01 09:00:06,534-0500 DEBUG textfiles BEGIN TC:
#This is the transformation catalog.
#
#It comes pre-configured with a number of simple transformations with
#paths that are likely to work on a linux box. However, on some systems,
#the paths to these executables will be different (for example, sometimes
#some of these programs are found in /usr/bin rather than in /bin)
#
#NOTE WELL: fields in this file must be separated by tabs, not spaces; and
#there must be no trailing whitespace at the end of each line.
#
# sitename  transformation  path   INSTALLED  platform  profiles
localhost 	echo 		/bin/echo	INSTALLED	INTEL32::LINUX	null
localhost 	cat 		/bin/cat	INSTALLED	INTEL32::LINUX	null
localhost 	ls 		/bin/ls		INSTALLED	INTEL32::LINUX	null
localhost 	grep 		/bin/grep	INSTALLED	INTEL32::LINUX	null
localhost 	sort 		/bin/sort	INSTALLED	INTEL32::LINUX	null
localhost 	paste 		/bin/paste	INSTALLED	INTEL32::LINUX	null
localhost 	cp 		/bin/cp         INSTALLED	INTEL32::LINUX	null
localhost 	touch 		/bin/touch      INSTALLED	INTEL32::LINUX	null
localhost	wc		/usr/bin/wc	INSTALLED	INTEL32::LINUX	null
localhost	sh		/bin/sh		INSTALLED	INTEL32::LINUX	null
localhost	sleep		/bin/sleep	INSTALLED	INTEL32::LINUX	null
localhost	tr		/usr/bin/tr	INSTALLED	INTEL32::LINUX	null
localhost	scott.sh	/Users/scottkrieder/swift/examples/swift/tutorial/scott.sh	INTSALLED	INTEL32::LINUX	null


2012-06-01 09:00:06,535-0500 DEBUG textfiles END TC:
2012-06-01 09:00:06,542-0500 WARN  File On line 24in File /usr/local/swift/bin/../etc/tc.data

java.lang.IllegalStateException: Error : Illegal TCType defined. Please specify one of the predefined types 
 [INSTALLED, SOURCE, STATIC_BINARY, DYNAMIC_BINARY, PACMAN_PACKAGE, SCRIPT]
	at org.globus.swift.catalog.types.TCType.fromValue(TCType.java:73)
	at org.globus.swift.catalog.types.TCType.fromString(TCType.java:85)
	at org.globus.swift.catalog.transformation.File.populateTC(File.java:1085)
	at org.globus.swift.catalog.transformation.File.populateTC(File.java:1034)
	at org.globus.swift.catalog.transformation.File.<init>(File.java:149)
	at org.globus.swift.catalog.transformation.File.getNonSingletonInstance(File.java:116)
	at org.griphyn.vdl.karajan.lib.VDLFunction.getTC(VDLFunction.java:492)
	at org.griphyn.vdl.karajan.lib.Executable.function(Executable.java:24)
	at org.griphyn.vdl.karajan.lib.VDLFunction.post(VDLFunction.java:62)
	at org.globus.cog.karajan.workflow.nodes.AbstractSequentialWithArguments.completed(AbstractSequentialWithArguments.java:194)
	at org.globus.cog.karajan.workflow.nodes.FlowNode.complete(FlowNode.java:214)
	at org.globus.cog.karajan.workflow.nodes.FlowContainer.post(FlowContainer.java:58)
	at org.globus.cog.karajan.workflow.nodes.functions.AbstractFunction.post(AbstractFunction.java:28)
	at org.globus.cog.karajan.workflow.nodes.Sequential.startNext(Sequential.java:29)
	at org.globus.cog.karajan.workflow.nodes.Sequential.executeChildren(Sequential.java:20)
	at org.globus.cog.karajan.workflow.nodes.FlowContainer.execute(FlowContainer.java:63)
	at org.globus.cog.karajan.workflow.nodes.FlowNode.restart(FlowNode.java:139)
	at org.globus.cog.karajan.workflow.nodes.FlowNode.start(FlowNode.java:197)
	at org.globus.cog.karajan.workflow.FlowElementWrapper.start(FlowElementWrapper.java:227)
	at org.globus.cog.karajan.workflow.events.EventBus.start(EventBus.java:104)
	at org.globus.cog.karajan.workflow.events.EventTargetPair.run(EventTargetPair.java:40)
	at java.util.concurrent.Executors$RunnableAdapter.call(Executors.java:471)
	at java.util.concurrent.FutureTask$Sync.innerRun(FutureTask.java:334)
	at java.util.concurrent.FutureTask.run(FutureTask.java:166)
	at java.util.concurrent.ThreadPoolExecutor.runWorker(ThreadPoolExecutor.java:1110)
	at java.util.concurrent.ThreadPoolExecutor$Worker.run(ThreadPoolExecutor.java:603)
	at java.lang.Thread.run(Thread.java:722)
2012-06-01 09:00:06,570-0500 INFO  GridExec TASK_DEFINITION: Task(type=JOB_SUBMISSION, identity=urn:0-1-0-1-1-1338559205320) is /bin/bash shared/_swiftwrap sh-7mq4q5sk -jobdir 7 -scratch  -e /bin/sh -out _concurrent/c-9d05126a-177c-4e40-b4ae-5f23fc06111e-1-0 -err stderr.txt -i -d _concurrent -if scott3a.sh -of _concurrent/c-9d05126a-177c-4e40-b4ae-5f23fc06111e-1-0 -k  -cdmfile  -status files -a scott3a.sh
2012-06-01 09:00:06,577-0500 INFO  JobSubmissionTaskHandler Submit: in: /var/tmp/foreach-20120601-0900-ykffajp7 command: /bin/bash /var/tmp/foreach-20120601-0900-ykffajp7/shared/_swiftwrap sh-7mq4q5sk -jobdir 7 -scratch  -e /bin/sh -out _concurrent/c-9d05126a-177c-4e40-b4ae-5f23fc06111e-1-0 -err stderr.txt -i -d _concurrent -if scott3a.sh -of _concurrent/c-9d05126a-177c-4e40-b4ae-5f23fc06111e-1-0 -k  -cdmfile  -status files -a scott3a.sh
2012-06-01 09:00:06,851-0500 INFO  LateBindingScheduler JobQueue: 0
2012-06-01 09:00:06,858-0500 DEBUG vdl:checkjobstatus START jobid=sh-7mq4q5sk
2012-06-01 09:00:06,870-0500 INFO  LateBindingScheduler JobQueue: 0
2012-06-01 09:00:06,872-0500 INFO  vdl:checkerrorfile FAILURE jobid=sh-7mq4q5sk - Failure file found
2012-06-01 09:00:06,875-0500 INFO  LateBindingScheduler JobQueue: 0
2012-06-01 09:00:06,880-0500 INFO  LateBindingScheduler JobQueue: 0
2012-06-01 09:00:06,882-0500 INFO  LateBindingScheduler JobQueue: 0
2012-06-01 09:00:06,885-0500 DEBUG vdl:execute2 STAGING_OUT jobid=sh-7mq4q5sk
2012-06-01 09:00:06,889-0500 INFO  vdl:dostageout START jobid=sh-7mq4q5sk - Staging out files
2012-06-01 09:00:06,890-0500 DEBUG vdl:dostageout stageouts: [[$, c:countfile - Open]]
2012-06-01 09:00:06,909-0500 DEBUG vdl:dostageout FILE_STAGE_OUT_START srcname=c-9d05126a-177c-4e40-b4ae-5f23fc06111e-1-0 srcdir=foreach-20120601-0900-ykffajp7/shared/_concurrent srchost=localhost destdir=_concurrent desthost=localhost provider=file
2012-06-01 09:00:06,911-0500 INFO  LateBindingScheduler JobQueue: 0
2012-06-01 09:00:06,940-0500 INFO  LateBindingScheduler JobQueue: 0
2012-06-01 09:00:06,942-0500 INFO  vdl:checkerrorfile NO_STATUS_FILE jobid=sh-7mq4q5sk - Error file missing
2012-06-01 09:00:06,947-0500 DEBUG vdl:execute2 APPLICATION_EXCEPTION jobid=sh-7mq4q5sk - Application exception: null
Caused by: org.globus.cog.abstraction.impl.file.FileNotFoundException: File not found: /var/tmp/foreach-20120601-0900-ykffajp7/shared/_concurrent/c-9d05126a-177c-4e40-b4ae-5f23fc06111e-1-0
2012-06-01 09:00:06,967-0500 INFO  LateBindingScheduler JobQueue: 0
2012-06-01 09:00:06,971-0500 INFO  LateBindingScheduler JobQueue: 0
2012-06-01 09:00:06,991-0500 INFO  LateBindingScheduler JobQueue: 0
2012-06-01 09:00:07,011-0500 INFO  WeightedHostScoreScheduler CONTACT_SELECTED host=localhost, score=0.000
2012-06-01 09:00:07,017-0500 DEBUG vdl:execute2 THREAD_ASSOCIATION jobid=sh-9mq4q5sk thread=0-1-0-1-1 host=localhost replicationGroup=8mq4q5sk
2012-06-01 09:00:07,026-0500 INFO  vdl:createdirset START jobid=sh-9mq4q5sk host=localhost - Initializing directory structure
2012-06-01 09:00:07,028-0500 INFO  vdl:createdirset END jobid=sh-9mq4q5sk - Done initializing directory structure
2012-06-01 09:00:07,030-0500 INFO  vdl:dostagein START jobid=sh-9mq4q5sk - Staging in files
2012-06-01 09:00:07,036-0500 INFO  LateBindingScheduler JobQueue: 0
2012-06-01 09:00:07,038-0500 DEBUG vdl:dostagein CDM: file://localhost/scott3a.sh : DEFAULT
2012-06-01 09:00:07,041-0500 INFO  vdl:dostagein END jobid=sh-9mq4q5sk - Staging in finished
2012-06-01 09:00:07,043-0500 DEBUG vdl:execute2 JOB_START jobid=sh-9mq4q5sk tr=sh arguments=[scott3a.sh] tmpdir=foreach-20120601-0900-ykffajp7/jobs/9/sh-9mq4q5sk host=localhost
2012-06-01 09:00:07,054-0500 INFO  GridExec TASK_DEFINITION: Task(type=JOB_SUBMISSION, identity=urn:0-1-0-1-1-1338559205362) is /bin/bash shared/_swiftwrap sh-9mq4q5sk -jobdir 9 -scratch  -e /bin/sh -out _concurrent/c-9d05126a-177c-4e40-b4ae-5f23fc06111e-1-0 -err stderr.txt -i -d _concurrent -if scott3a.sh -of _concurrent/c-9d05126a-177c-4e40-b4ae-5f23fc06111e-1-0 -k  -cdmfile  -status files -a scott3a.sh
2012-06-01 09:00:07,055-0500 INFO  JobSubmissionTaskHandler Submit: in: /var/tmp/foreach-20120601-0900-ykffajp7 command: /bin/bash /var/tmp/foreach-20120601-0900-ykffajp7/shared/_swiftwrap sh-9mq4q5sk -jobdir 9 -scratch  -e /bin/sh -out _concurrent/c-9d05126a-177c-4e40-b4ae-5f23fc06111e-1-0 -err stderr.txt -i -d _concurrent -if scott3a.sh -of _concurrent/c-9d05126a-177c-4e40-b4ae-5f23fc06111e-1-0 -k  -cdmfile  -status files -a scott3a.sh
2012-06-01 09:00:07,300-0500 INFO  LateBindingScheduler JobQueue: 0
2012-06-01 09:00:07,304-0500 DEBUG vdl:checkjobstatus START jobid=sh-9mq4q5sk
2012-06-01 09:00:07,312-0500 INFO  LateBindingScheduler JobQueue: 0
2012-06-01 09:00:07,313-0500 INFO  vdl:checkerrorfile FAILURE jobid=sh-9mq4q5sk - Failure file found
2012-06-01 09:00:07,317-0500 INFO  LateBindingScheduler JobQueue: 0
2012-06-01 09:00:07,320-0500 INFO  LateBindingScheduler JobQueue: 1
2012-06-01 09:00:07,321-0500 INFO  LateBindingScheduler JobQueue: 0
2012-06-01 09:00:07,323-0500 DEBUG vdl:execute2 STAGING_OUT jobid=sh-9mq4q5sk
2012-06-01 09:00:07,325-0500 INFO  vdl:dostageout START jobid=sh-9mq4q5sk - Staging out files
2012-06-01 09:00:07,326-0500 DEBUG vdl:dostageout stageouts: [[$, c:countfile - Open]]
2012-06-01 09:00:07,334-0500 DEBUG vdl:dostageout FILE_STAGE_OUT_START srcname=c-9d05126a-177c-4e40-b4ae-5f23fc06111e-1-0 srcdir=foreach-20120601-0900-ykffajp7/shared/_concurrent srchost=localhost destdir=_concurrent desthost=localhost provider=file
2012-06-01 09:00:07,336-0500 INFO  LateBindingScheduler JobQueue: 0
2012-06-01 09:00:07,358-0500 INFO  LateBindingScheduler JobQueue: 0
2012-06-01 09:00:07,359-0500 INFO  vdl:checkerrorfile NO_STATUS_FILE jobid=sh-9mq4q5sk - Error file missing
2012-06-01 09:00:07,361-0500 DEBUG vdl:execute2 APPLICATION_EXCEPTION jobid=sh-9mq4q5sk - Application exception: null
Caused by: org.globus.cog.abstraction.impl.file.FileNotFoundException: File not found: /var/tmp/foreach-20120601-0900-ykffajp7/shared/_concurrent/c-9d05126a-177c-4e40-b4ae-5f23fc06111e-1-0
2012-06-01 09:00:07,372-0500 INFO  LateBindingScheduler JobQueue: 0
2012-06-01 09:00:07,375-0500 INFO  LateBindingScheduler JobQueue: 0
2012-06-01 09:00:07,391-0500 INFO  LateBindingScheduler JobQueue: 0
2012-06-01 09:00:09,907-0500 INFO  WeightedHostScoreScheduler CONTACT_SELECTED host=localhost, score=0.000
2012-06-01 09:00:09,920-0500 DEBUG vdl:execute2 THREAD_ASSOCIATION jobid=sh-bmq4q5sk thread=0-1-0-1-1 host=localhost replicationGroup=amq4q5sk
2012-06-01 09:00:09,938-0500 INFO  vdl:createdirset START jobid=sh-bmq4q5sk host=localhost - Initializing directory structure
2012-06-01 09:00:09,943-0500 INFO  vdl:createdirset END jobid=sh-bmq4q5sk - Done initializing directory structure
2012-06-01 09:00:09,946-0500 INFO  vdl:dostagein START jobid=sh-bmq4q5sk - Staging in files
2012-06-01 09:00:09,958-0500 INFO  LateBindingScheduler JobQueue: 0
2012-06-01 09:00:09,961-0500 DEBUG vdl:dostagein CDM: file://localhost/scott3a.sh : DEFAULT
2012-06-01 09:00:09,965-0500 INFO  vdl:dostagein END jobid=sh-bmq4q5sk - Staging in finished
2012-06-01 09:00:09,967-0500 DEBUG vdl:execute2 JOB_START jobid=sh-bmq4q5sk tr=sh arguments=[scott3a.sh] tmpdir=foreach-20120601-0900-ykffajp7/jobs/b/sh-bmq4q5sk host=localhost
2012-06-01 09:00:09,980-0500 INFO  GridExec TASK_DEFINITION: Task(type=JOB_SUBMISSION, identity=urn:0-1-0-1-1-1338559205404) is /bin/bash shared/_swiftwrap sh-bmq4q5sk -jobdir b -scratch  -e /bin/sh -out _concurrent/c-9d05126a-177c-4e40-b4ae-5f23fc06111e-1-0 -err stderr.txt -i -d _concurrent -if scott3a.sh -of _concurrent/c-9d05126a-177c-4e40-b4ae-5f23fc06111e-1-0 -k  -cdmfile  -status files -a scott3a.sh
2012-06-01 09:00:09,981-0500 INFO  JobSubmissionTaskHandler Submit: in: /var/tmp/foreach-20120601-0900-ykffajp7 command: /bin/bash /var/tmp/foreach-20120601-0900-ykffajp7/shared/_swiftwrap sh-bmq4q5sk -jobdir b -scratch  -e /bin/sh -out _concurrent/c-9d05126a-177c-4e40-b4ae-5f23fc06111e-1-0 -err stderr.txt -i -d _concurrent -if scott3a.sh -of _concurrent/c-9d05126a-177c-4e40-b4ae-5f23fc06111e-1-0 -k  -cdmfile  -status files -a scott3a.sh
2012-06-01 09:00:10,227-0500 INFO  LateBindingScheduler JobQueue: 0
2012-06-01 09:00:10,231-0500 DEBUG vdl:checkjobstatus START jobid=sh-bmq4q5sk
2012-06-01 09:00:10,240-0500 INFO  LateBindingScheduler JobQueue: 0
2012-06-01 09:00:10,242-0500 INFO  vdl:checkerrorfile FAILURE jobid=sh-bmq4q5sk - Failure file found
2012-06-01 09:00:10,246-0500 INFO  LateBindingScheduler JobQueue: 0
2012-06-01 09:00:10,250-0500 INFO  LateBindingScheduler JobQueue: 0
2012-06-01 09:00:10,251-0500 INFO  LateBindingScheduler JobQueue: 0
2012-06-01 09:00:10,254-0500 DEBUG vdl:execute2 STAGING_OUT jobid=sh-bmq4q5sk
2012-06-01 09:00:10,257-0500 INFO  vdl:dostageout START jobid=sh-bmq4q5sk - Staging out files
2012-06-01 09:00:10,258-0500 DEBUG vdl:dostageout stageouts: [[$, c:countfile - Open]]
2012-06-01 09:00:10,269-0500 DEBUG vdl:dostageout FILE_STAGE_OUT_START srcname=c-9d05126a-177c-4e40-b4ae-5f23fc06111e-1-0 srcdir=foreach-20120601-0900-ykffajp7/shared/_concurrent srchost=localhost destdir=_concurrent desthost=localhost provider=file
2012-06-01 09:00:10,271-0500 INFO  LateBindingScheduler JobQueue: 0
2012-06-01 09:00:10,295-0500 INFO  LateBindingScheduler JobQueue: 0
2012-06-01 09:00:10,296-0500 INFO  vdl:checkerrorfile NO_STATUS_FILE jobid=sh-bmq4q5sk - Error file missing
2012-06-01 09:00:10,298-0500 DEBUG vdl:execute2 APPLICATION_EXCEPTION jobid=sh-bmq4q5sk - Application exception: null
Caused by: org.globus.cog.abstraction.impl.file.FileNotFoundException: File not found: /var/tmp/foreach-20120601-0900-ykffajp7/shared/_concurrent/c-9d05126a-177c-4e40-b4ae-5f23fc06111e-1-0
2012-06-01 09:00:10,311-0500 INFO  LateBindingScheduler JobQueue: 0
2012-06-01 09:00:10,315-0500 INFO  LateBindingScheduler JobQueue: 0
2012-06-01 09:00:10,334-0500 INFO  LateBindingScheduler JobQueue: 0
2012-06-01 09:00:10,342-0500 INFO  vdl:execute END_FAILURE thread=0-1-0-1 tr=sh
2012-06-01 09:00:10,347-0500 DEBUG VDL2ExecutionContext Exception in sh:
Arguments: [scott3a.sh]
Host: localhost
Directory: foreach-20120601-0900-ykffajp7/jobs/b/sh-bmq4q5sk
stderr.txt: 
stdout.txt: 

----

Exception in sh:
Arguments: [scott3a.sh]
Host: localhost
Directory: foreach-20120601-0900-ykffajp7/jobs/b/sh-bmq4q5sk
stderr.txt: 
stdout.txt: 

----

Caused by: null
Caused by: org.globus.cog.abstraction.impl.file.FileNotFoundException: File not found: /var/tmp/foreach-20120601-0900-ykffajp7/shared/_concurrent/c-9d05126a-177c-4e40-b4ae-5f23fc06111e-1-0
	at org.globus.cog.karajan.workflow.nodes.functions.KException.function(KException.java:29)
	at org.globus.cog.karajan.workflow.nodes.functions.AbstractFunction.post(AbstractFunction.java:27)
	at org.globus.cog.karajan.workflow.nodes.AbstractSequentialWithArguments.completed(AbstractSequentialWithArguments.java:194)
	at org.globus.cog.karajan.workflow.nodes.FlowNode.complete(FlowNode.java:214)
	at org.globus.cog.karajan.workflow.nodes.FlowContainer.post(FlowContainer.java:58)
	at org.globus.cog.karajan.workflow.nodes.functions.AbstractFunction.post(AbstractFunction.java:28)
	at org.globus.cog.karajan.workflow.nodes.Sequential.startNext(Sequential.java:29)
	at org.globus.cog.karajan.workflow.nodes.Sequential.executeChildren(Sequential.java:20)
	at org.globus.cog.karajan.workflow.nodes.FlowContainer.execute(FlowContainer.java:63)
	at org.globus.cog.karajan.workflow.nodes.FlowNode.restart(FlowNode.java:139)
	at org.globus.cog.karajan.workflow.nodes.FlowNode.start(FlowNode.java:197)
	at org.globus.cog.karajan.workflow.events.EventBus.start(EventBus.java:104)
	at org.globus.cog.karajan.workflow.events.EventTargetPair.run(EventTargetPair.java:40)
	at java.util.concurrent.Executors$RunnableAdapter.call(Executors.java:471)
	at java.util.concurrent.FutureTask$Sync.innerRun(FutureTask.java:334)
	at java.util.concurrent.FutureTask.run(FutureTask.java:166)
	at java.util.concurrent.ThreadPoolExecutor.runWorker(ThreadPoolExecutor.java:1110)
	at java.util.concurrent.ThreadPoolExecutor$Worker.run(ThreadPoolExecutor.java:603)
	at java.lang.Thread.run(Thread.java:722)
Caused by: null
Caused by: org.globus.cog.abstraction.impl.file.FileNotFoundException: File not found: /var/tmp/foreach-20120601-0900-ykffajp7/shared/_concurrent/c-9d05126a-177c-4e40-b4ae-5f23fc06111e-1-0
	at org.globus.cog.karajan.workflow.nodes.FlowNode.failImmediately(FlowNode.java:101)
	at org.globus.cog.karajan.workflow.nodes.grid.AbstractGridNode$1.run(AbstractGridNode.java:308)
	... 6 more
Caused by: org.globus.cog.abstraction.impl.file.FileNotFoundException: File not found: /var/tmp/foreach-20120601-0900-ykffajp7/shared/_concurrent/c-9d05126a-177c-4e40-b4ae-5f23fc06111e-1-0
	at org.globus.cog.abstraction.impl.file.local.FileResourceImpl.getFile(FileResourceImpl.java:225)
	at org.globus.cog.abstraction.impl.file.local.FileResourceImpl.putFile(FileResourceImpl.java:286)
	at org.globus.cog.abstraction.impl.file.AbstractFileResource.putFile(AbstractFileResource.java:152)
	at org.globus.cog.abstraction.impl.fileTransfer.DelegatedFileTransferHandler.doDestination(DelegatedFileTransferHandler.java:314)
	at org.globus.cog.abstraction.impl.fileTransfer.CachingDelegatedFileTransferHandler.doDestination(CachingDelegatedFileTransferHandler.java:46)
	at org.globus.cog.abstraction.impl.fileTransfer.DelegatedFileTransferHandler.run(DelegatedFileTransferHandler.java:487)
	... 1 more
2012-06-01 09:00:10,433-0500 INFO  ExecutionContext Detailed exception: 
Exception in sh:
Arguments: [scott3a.sh]
Host: localhost
Directory: foreach-20120601-0900-ykffajp7/jobs/b/sh-bmq4q5sk
stderr.txt: 
stdout.txt: 

----

Caused by: null
Caused by: org.globus.cog.abstraction.impl.file.FileNotFoundException: File not found: /var/tmp/foreach-20120601-0900-ykffajp7/shared/_concurrent/c-9d05126a-177c-4e40-b4ae-5f23fc06111e-1-0
	at org.globus.cog.karajan.workflow.nodes.functions.KException.function(KException.java:29)
	at org.globus.cog.karajan.workflow.nodes.functions.AbstractFunction.post(AbstractFunction.java:27)
	at org.globus.cog.karajan.workflow.nodes.AbstractSequentialWithArguments.completed(AbstractSequentialWithArguments.java:194)
	at org.globus.cog.karajan.workflow.nodes.FlowNode.complete(FlowNode.java:214)
	at org.globus.cog.karajan.workflow.nodes.FlowContainer.post(FlowContainer.java:58)
	at org.globus.cog.karajan.workflow.nodes.functions.AbstractFunction.post(AbstractFunction.java:28)
	at org.globus.cog.karajan.workflow.nodes.Sequential.startNext(Sequential.java:29)
	at org.globus.cog.karajan.workflow.nodes.Sequential.executeChildren(Sequential.java:20)
	at org.globus.cog.karajan.workflow.nodes.FlowContainer.execute(FlowContainer.java:63)
	at org.globus.cog.karajan.workflow.nodes.FlowNode.restart(FlowNode.java:139)
	at org.globus.cog.karajan.workflow.nodes.FlowNode.start(FlowNode.java:197)
	at org.globus.cog.karajan.workflow.events.EventBus.start(EventBus.java:104)
	at org.globus.cog.karajan.workflow.events.EventTargetPair.run(EventTargetPair.java:40)
	at java.util.concurrent.Executors$RunnableAdapter.call(Executors.java:471)
	at java.util.concurrent.FutureTask$Sync.innerRun(FutureTask.java:334)
	at java.util.concurrent.FutureTask.run(FutureTask.java:166)
	at java.util.concurrent.ThreadPoolExecutor.runWorker(ThreadPoolExecutor.java:1110)
	at java.util.concurrent.ThreadPoolExecutor$Worker.run(ThreadPoolExecutor.java:603)
	at java.lang.Thread.run(Thread.java:722)
Caused by: null
Caused by: org.globus.cog.abstraction.impl.file.FileNotFoundException: File not found: /var/tmp/foreach-20120601-0900-ykffajp7/shared/_concurrent/c-9d05126a-177c-4e40-b4ae-5f23fc06111e-1-0
	at org.globus.cog.karajan.workflow.nodes.FlowNode.failImmediately(FlowNode.java:101)
	at org.globus.cog.karajan.workflow.nodes.grid.AbstractGridNode$1.run(AbstractGridNode.java:308)
	... 6 more
Caused by: org.globus.cog.abstraction.impl.file.FileNotFoundException: File not found: /var/tmp/foreach-20120601-0900-ykffajp7/shared/_concurrent/c-9d05126a-177c-4e40-b4ae-5f23fc06111e-1-0
	at org.globus.cog.abstraction.impl.file.local.FileResourceImpl.getFile(FileResourceImpl.java:225)
	at org.globus.cog.abstraction.impl.file.local.FileResourceImpl.putFile(FileResourceImpl.java:286)
	at org.globus.cog.abstraction.impl.file.AbstractFileResource.putFile(AbstractFileResource.java:152)
	at org.globus.cog.abstraction.impl.fileTransfer.DelegatedFileTransferHandler.doDestination(DelegatedFileTransferHandler.java:314)
	at org.globus.cog.abstraction.impl.fileTransfer.CachingDelegatedFileTransferHandler.doDestination(CachingDelegatedFileTransferHandler.java:46)
	at org.globus.cog.abstraction.impl.fileTransfer.DelegatedFileTransferHandler.run(DelegatedFileTransferHandler.java:487)
	... 1 more
2012-06-01 09:00:10,434-0500 INFO  Loader Swift finished with errors
