2012-06-01 09:08:28,741-0500 DEBUG Loader arguments: [foreach.swift]
2012-06-01 09:08:28,741-0500 DEBUG Loader Max heap: 252248064
2012-06-01 09:08:28,742-0500 DEBUG textfiles BEGIN SWIFTSCRIPT:
type messagefile; 
type countfile; 

app (countfile t) countwords (messagefile f) {   
     sh "/home/skrieder/swift/foreach/scott3a.sh" stdout=@filename(t);
}

string inputNames = "scott3a.sh";

messagefile inputfiles[] <fixed_array_mapper;files=inputNames>;

foreach f in inputfiles {
  countfile c;
  c = countwords(f);
}


2012-06-01 09:08:28,742-0500 DEBUG textfiles END SWIFTSCRIPT:
2012-06-01 09:08:28,743-0500 INFO  Loader foreach.swift: source file is new. Recompiling.
2012-06-01 09:08:28,743-0500 DEBUG Loader kmlversion is >239b8550-a5ff-44be-a124-5e7ecd70737d<
2012-06-01 09:08:28,743-0500 DEBUG Loader build version is >239b8550-a5ff-44be-a124-5e7ecd70737d<
2012-06-01 09:08:29,308-0500 INFO  Karajan Validation of XML intermediate file was successful
2012-06-01 09:08:29,493-0500 DEBUG textfiles using default sites file
2012-06-01 09:08:29,496-0500 INFO  VDL2ExecutionContext Stack dump:
Level 1
[iA = 0, iB = 0, bA = false, bB = false]
	vdl:instanceconfig = Swift configuration []
	vdl:operation = run
	swift.home = /usr/local/swift/bin/..
	PATH_SEPARATOR = /


2012-06-01 09:08:30,126-0500 INFO  unknown Using sites file: /usr/local/swift/bin/../etc/sites.xml
2012-06-01 09:08:30,159-0500 INFO  unknown Using tc.data: /usr/local/swift/bin/../etc/tc.data
2012-06-01 09:08:30,263-0500 WARN  File On line 24in File /usr/local/swift/bin/../etc/tc.data

java.lang.IllegalStateException: Error : Illegal TCType defined. Please specify one of the predefined types 
 [INSTALLED, SOURCE, STATIC_BINARY, DYNAMIC_BINARY, PACMAN_PACKAGE, SCRIPT]
	at org.globus.swift.catalog.types.TCType.fromValue(TCType.java:73)
	at org.globus.swift.catalog.types.TCType.fromString(TCType.java:85)
	at org.globus.swift.catalog.transformation.File.populateTC(File.java:1085)
	at org.globus.swift.catalog.transformation.File.populateTC(File.java:1034)
	at org.globus.swift.catalog.transformation.File.<init>(File.java:149)
	at org.globus.swift.catalog.transformation.File.getNonSingletonInstance(File.java:116)
	at org.griphyn.vdl.karajan.VDSAdaptiveScheduler.setProperty(VDSAdaptiveScheduler.java:71)
	at org.globus.cog.karajan.workflow.nodes.grid.SchedulerNode.newScheduler(SchedulerNode.java:104)
	at org.globus.cog.karajan.workflow.nodes.grid.SchedulerNode.post(SchedulerNode.java:63)
	at org.globus.cog.karajan.workflow.nodes.AbstractSequentialWithArguments.completed(AbstractSequentialWithArguments.java:194)
	at org.globus.cog.karajan.workflow.nodes.FlowNode.complete(FlowNode.java:214)
	at org.globus.cog.karajan.workflow.nodes.FlowContainer.post(FlowContainer.java:58)
	at org.globus.cog.karajan.workflow.nodes.AbstractSequentialWithArguments.completed(AbstractSequentialWithArguments.java:194)
	at org.globus.cog.karajan.workflow.nodes.user.UserDefinedElement.completed(UserDefinedElement.java:286)
	at org.globus.cog.karajan.workflow.nodes.user.SequentialImplicitExecutionUDE.completed(SequentialImplicitExecutionUDE.java:89)
	at org.globus.cog.karajan.workflow.nodes.FlowNode.complete(FlowNode.java:214)
	at org.globus.cog.karajan.workflow.nodes.FlowContainer.post(FlowContainer.java:58)
	at org.globus.cog.karajan.workflow.nodes.functions.AbstractFunction.post(AbstractFunction.java:28)
	at org.globus.cog.karajan.workflow.nodes.AbstractSequentialWithArguments.completed(AbstractSequentialWithArguments.java:194)
	at org.globus.cog.karajan.workflow.nodes.FlowNode.complete(FlowNode.java:214)
	at org.globus.cog.karajan.workflow.nodes.ExecuteFile.completed(ExecuteFile.java:158)
	at org.globus.cog.karajan.workflow.nodes.FlowNode.complete(FlowNode.java:214)
	at org.globus.cog.karajan.workflow.nodes.FlowContainer.post(FlowContainer.java:58)
	at org.globus.cog.karajan.workflow.nodes.Sequential.startNext(Sequential.java:29)
	at org.globus.cog.karajan.workflow.nodes.Sequential.completed(Sequential.java:24)
	at org.globus.cog.karajan.workflow.nodes.FlowNode.complete(FlowNode.java:214)
	at org.globus.cog.karajan.workflow.nodes.FlowContainer.post(FlowContainer.java:58)
	at org.globus.cog.karajan.workflow.nodes.AbstractSequentialWithArguments.completed(AbstractSequentialWithArguments.java:194)
	at org.globus.cog.karajan.workflow.nodes.user.UserDefinedElement.completed(UserDefinedElement.java:286)
	at org.globus.cog.karajan.workflow.nodes.user.SequentialImplicitExecutionUDE.completed(SequentialImplicitExecutionUDE.java:89)
	at org.globus.cog.karajan.workflow.nodes.FlowNode.complete(FlowNode.java:214)
	at org.globus.cog.karajan.workflow.nodes.FlowContainer.post(FlowContainer.java:58)
	at org.globus.cog.karajan.workflow.nodes.functions.AbstractFunction.post(AbstractFunction.java:28)
	at org.globus.cog.karajan.workflow.nodes.AbstractSequentialWithArguments.completed(AbstractSequentialWithArguments.java:194)
	at org.globus.cog.karajan.workflow.nodes.FlowNode.complete(FlowNode.java:214)
	at org.globus.cog.karajan.workflow.nodes.FlowContainer.post(FlowContainer.java:58)
	at org.globus.cog.karajan.workflow.nodes.AbstractSequentialWithArguments.completed(AbstractSequentialWithArguments.java:194)
	at org.globus.cog.karajan.workflow.nodes.PartialArgumentsContainer.nonArgChildCompleted(PartialArgumentsContainer.java:105)
	at org.globus.cog.karajan.workflow.nodes.PartialArgumentsContainer.completed(PartialArgumentsContainer.java:86)
	at org.globus.cog.karajan.workflow.nodes.FlowNode.complete(FlowNode.java:214)
	at org.globus.cog.karajan.workflow.nodes.Maybe.failed(Maybe.java:23)
	at org.globus.cog.karajan.workflow.nodes.FlowNode.failImmediately(FlowNode.java:89)
	at org.globus.cog.karajan.workflow.nodes.FlowNode.failed(FlowNode.java:245)
	at org.globus.cog.karajan.workflow.nodes.FlowNode.failImmediately(FlowNode.java:89)
	at org.globus.cog.karajan.workflow.nodes.FlowNode.restart(FlowNode.java:151)
	at org.globus.cog.karajan.workflow.nodes.FlowNode.start(FlowNode.java:197)
	at org.globus.cog.karajan.workflow.FlowElementWrapper.start(FlowElementWrapper.java:227)
	at org.globus.cog.karajan.workflow.events.EventBus.start(EventBus.java:104)
	at org.globus.cog.karajan.workflow.events.EventTargetPair.run(EventTargetPair.java:40)
	at java.util.concurrent.Executors$RunnableAdapter.call(Executors.java:471)
	at java.util.concurrent.FutureTask$Sync.innerRun(FutureTask.java:334)
	at java.util.concurrent.FutureTask.run(FutureTask.java:166)
	at java.util.concurrent.ThreadPoolExecutor.runWorker(ThreadPoolExecutor.java:1110)
	at java.util.concurrent.ThreadPoolExecutor$Worker.run(ThreadPoolExecutor.java:603)
	at java.lang.Thread.run(Thread.java:722)
2012-06-01 09:08:30,270-0500 INFO  AbstractScheduler Setting resources to: {localhost=localhost}
2012-06-01 09:08:31,090-0500 INFO  unknown Swift 0.93 swift-r5483 cog-r3339

2012-06-01 09:08:31,093-0500 INFO  unknown RUNID id=run:20120601-0908-hh2o9v7e
2012-06-01 09:08:31,173-0500 INFO  SetFieldValue Set: inputNames=scott3a.sh
2012-06-01 09:08:31,194-0500 INFO  RootDataNode Found data inputfiles:messagefile[] - Open.[0]
2012-06-01 09:08:31,198-0500 DEBUG vdl:mains FOREACH_IT_START line=12 thread=0-1-0
2012-06-01 09:08:31,199-0500 DEBUG vdl:mains SCOPE thread=0-1-0
2012-06-01 09:08:31,206-0500 DEBUG countwords PROCEDURE line=4 thread=0-1-0-1 name=countwords
2012-06-01 09:08:31,212-0500 INFO  vdl:execute START thread=0-1-0-1 tr=sh
2012-06-01 09:08:31,232-0500 INFO  WeightedHostScoreScheduler CONTACT_SELECTED host=localhost, score=1.000
2012-06-01 09:08:31,239-0500 INFO  GlobalSubmitQueue No global submit throttle set. Using default (1024)
2012-06-01 09:08:31,244-0500 INFO  LateBindingScheduler JobQueue: 0
2012-06-01 09:08:31,246-0500 INFO  LateBindingScheduler JobQueue: 0
2012-06-01 09:08:31,248-0500 INFO  vdl:initshareddir START host=localhost - Initializing shared directory
2012-06-01 09:08:31,251-0500 INFO  LateBindingScheduler JobQueue: 0
2012-06-01 09:08:31,277-0500 INFO  LateBindingScheduler JobQueue: 0
2012-06-01 09:08:31,282-0500 INFO  LateBindingScheduler JobQueue: 0
2012-06-01 09:08:31,286-0500 INFO  LateBindingScheduler JobQueue: 0
2012-06-01 09:08:31,293-0500 INFO  LateBindingScheduler JobQueue: 0
2012-06-01 09:08:31,301-0500 INFO  LateBindingScheduler JobQueue: 0
2012-06-01 09:08:31,304-0500 INFO  vdl:initshareddir END host=localhost - Done initializing shared directory
2012-06-01 09:08:31,310-0500 DEBUG vdl:execute2 THREAD_ASSOCIATION jobid=sh-1rigq5sk thread=0-1-0-1-1 host=localhost replicationGroup=0rigq5sk
2012-06-01 09:08:31,332-0500 INFO  vdl:createdirset START jobid=sh-1rigq5sk host=localhost - Initializing directory structure
2012-06-01 09:08:31,339-0500 INFO  vdl:createdirs START path=_concurrent dir=foreach-20120601-0908-hh2o9v7e/shared - Creating directory structure
2012-06-01 09:08:31,342-0500 INFO  LateBindingScheduler JobQueue: 0
2012-06-01 09:08:31,343-0500 INFO  vdl:createdirset END jobid=sh-1rigq5sk - Done initializing directory structure
2012-06-01 09:08:31,346-0500 INFO  vdl:dostagein START jobid=sh-1rigq5sk - Staging in files
2012-06-01 09:08:31,371-0500 INFO  LateBindingScheduler JobQueue: 0
2012-06-01 09:08:31,383-0500 DEBUG vdl:dostagein CDM: file://localhost/scott3a.sh : DEFAULT
2012-06-01 09:08:31,397-0500 DEBUG vdl:dostageinfile FILE_STAGE_IN_START file=scott3a.sh srchost=localhost srcdir= srcname=scott3a.sh desthost=localhost destdir=foreach-20120601-0908-hh2o9v7e/shared/ provider=file policy=DEFAULT
2012-06-01 09:08:31,405-0500 INFO  LateBindingScheduler JobQueue: 0
2012-06-01 09:08:31,408-0500 DEBUG vdl:dostageinfile FILE_STAGE_IN_END file=scott3a.sh srchost=localhost srcdir= srcname=scott3a.sh desthost=localhost destdir=foreach-20120601-0908-hh2o9v7e/shared/ provider=file
2012-06-01 09:08:31,410-0500 INFO  vdl:dostagein END jobid=sh-1rigq5sk - Staging in finished
2012-06-01 09:08:31,414-0500 DEBUG vdl:execute2 JOB_START jobid=sh-1rigq5sk tr=sh arguments=[/home/skrieder/swift/foreach/scott3a.sh] tmpdir=foreach-20120601-0908-hh2o9v7e/jobs/1/sh-1rigq5sk host=localhost
2012-06-01 09:08:31,427-0500 DEBUG textfiles BEGIN TC:
#This is the transformation catalog.
#
#It comes pre-configured with a number of simple transformations with
#paths that are likely to work on a linux box. However, on some systems,
#the paths to these executables will be different (for example, sometimes
#some of these programs are found in /usr/bin rather than in /bin)
#
#NOTE WELL: fields in this file must be separated by tabs, not spaces; and
#there must be no trailing whitespace at the end of each line.
#
# sitename  transformation  path   INSTALLED  platform  profiles
localhost 	echo 		/bin/echo	INSTALLED	INTEL32::LINUX	null
localhost 	cat 		/bin/cat	INSTALLED	INTEL32::LINUX	null
localhost 	ls 		/bin/ls		INSTALLED	INTEL32::LINUX	null
localhost 	grep 		/bin/grep	INSTALLED	INTEL32::LINUX	null
localhost 	sort 		/bin/sort	INSTALLED	INTEL32::LINUX	null
localhost 	paste 		/bin/paste	INSTALLED	INTEL32::LINUX	null
localhost 	cp 		/bin/cp         INSTALLED	INTEL32::LINUX	null
localhost 	touch 		/bin/touch      INSTALLED	INTEL32::LINUX	null
localhost	wc		/usr/bin/wc	INSTALLED	INTEL32::LINUX	null
localhost	sh		/bin/sh		INSTALLED	INTEL32::LINUX	null
localhost	sleep		/bin/sleep	INSTALLED	INTEL32::LINUX	null
localhost	tr		/usr/bin/tr	INSTALLED	INTEL32::LINUX	null
localhost	scott.sh	/Users/scottkrieder/swift/examples/swift/tutorial/scott.sh	INTSALLED	INTEL32::LINUX	null


2012-06-01 09:08:31,428-0500 DEBUG textfiles END TC:
2012-06-01 09:08:31,435-0500 WARN  File On line 24in File /usr/local/swift/bin/../etc/tc.data

java.lang.IllegalStateException: Error : Illegal TCType defined. Please specify one of the predefined types 
 [INSTALLED, SOURCE, STATIC_BINARY, DYNAMIC_BINARY, PACMAN_PACKAGE, SCRIPT]
	at org.globus.swift.catalog.types.TCType.fromValue(TCType.java:73)
	at org.globus.swift.catalog.types.TCType.fromString(TCType.java:85)
	at org.globus.swift.catalog.transformation.File.populateTC(File.java:1085)
	at org.globus.swift.catalog.transformation.File.populateTC(File.java:1034)
	at org.globus.swift.catalog.transformation.File.<init>(File.java:149)
	at org.globus.swift.catalog.transformation.File.getNonSingletonInstance(File.java:116)
	at org.griphyn.vdl.karajan.lib.VDLFunction.getTC(VDLFunction.java:492)
	at org.griphyn.vdl.karajan.lib.Executable.function(Executable.java:24)
	at org.griphyn.vdl.karajan.lib.VDLFunction.post(VDLFunction.java:62)
	at org.globus.cog.karajan.workflow.nodes.AbstractSequentialWithArguments.completed(AbstractSequentialWithArguments.java:194)
	at org.globus.cog.karajan.workflow.nodes.FlowNode.complete(FlowNode.java:214)
	at org.globus.cog.karajan.workflow.nodes.FlowContainer.post(FlowContainer.java:58)
	at org.globus.cog.karajan.workflow.nodes.functions.AbstractFunction.post(AbstractFunction.java:28)
	at org.globus.cog.karajan.workflow.nodes.Sequential.startNext(Sequential.java:29)
	at org.globus.cog.karajan.workflow.nodes.Sequential.executeChildren(Sequential.java:20)
	at org.globus.cog.karajan.workflow.nodes.FlowContainer.execute(FlowContainer.java:63)
	at org.globus.cog.karajan.workflow.nodes.FlowNode.restart(FlowNode.java:139)
	at org.globus.cog.karajan.workflow.nodes.FlowNode.start(FlowNode.java:197)
	at org.globus.cog.karajan.workflow.FlowElementWrapper.start(FlowElementWrapper.java:227)
	at org.globus.cog.karajan.workflow.events.EventBus.start(EventBus.java:104)
	at org.globus.cog.karajan.workflow.events.EventTargetPair.run(EventTargetPair.java:40)
	at java.util.concurrent.Executors$RunnableAdapter.call(Executors.java:471)
	at java.util.concurrent.FutureTask$Sync.innerRun(FutureTask.java:334)
	at java.util.concurrent.FutureTask.run(FutureTask.java:166)
	at java.util.concurrent.ThreadPoolExecutor.runWorker(ThreadPoolExecutor.java:1110)
	at java.util.concurrent.ThreadPoolExecutor$Worker.run(ThreadPoolExecutor.java:603)
	at java.lang.Thread.run(Thread.java:722)
2012-06-01 09:08:31,463-0500 INFO  GridExec TASK_DEFINITION: Task(type=JOB_SUBMISSION, identity=urn:0-1-0-1-1-1338559710159) is /bin/bash shared/_swiftwrap sh-1rigq5sk -jobdir 1 -scratch  -e /bin/sh -out _concurrent/c-0dc71f19-cceb-4cb6-bdac-2b8bd3d24718-1-0 -err stderr.txt -i -d _concurrent -if scott3a.sh -of _concurrent/c-0dc71f19-cceb-4cb6-bdac-2b8bd3d24718-1-0 -k  -cdmfile  -status files -a /home/skrieder/swift/foreach/scott3a.sh
2012-06-01 09:08:31,480-0500 INFO  JobSubmissionTaskHandler Submit: in: /var/tmp/foreach-20120601-0908-hh2o9v7e command: /bin/bash /var/tmp/foreach-20120601-0908-hh2o9v7e/shared/_swiftwrap sh-1rigq5sk -jobdir 1 -scratch  -e /bin/sh -out _concurrent/c-0dc71f19-cceb-4cb6-bdac-2b8bd3d24718-1-0 -err stderr.txt -i -d _concurrent -if scott3a.sh -of _concurrent/c-0dc71f19-cceb-4cb6-bdac-2b8bd3d24718-1-0 -k  -cdmfile  -status files -a /home/skrieder/swift/foreach/scott3a.sh
2012-06-01 09:08:31,754-0500 INFO  LateBindingScheduler JobQueue: 0
2012-06-01 09:08:31,760-0500 DEBUG vdl:checkjobstatus START jobid=sh-1rigq5sk
2012-06-01 09:08:31,771-0500 INFO  LateBindingScheduler JobQueue: 0
2012-06-01 09:08:31,773-0500 INFO  vdl:checkerrorfile FAILURE jobid=sh-1rigq5sk - Failure file found
2012-06-01 09:08:31,777-0500 INFO  LateBindingScheduler JobQueue: 0
2012-06-01 09:08:31,781-0500 INFO  LateBindingScheduler JobQueue: 0
2012-06-01 09:08:31,783-0500 INFO  LateBindingScheduler JobQueue: 0
2012-06-01 09:08:31,786-0500 DEBUG vdl:execute2 STAGING_OUT jobid=sh-1rigq5sk
2012-06-01 09:08:31,790-0500 INFO  vdl:dostageout START jobid=sh-1rigq5sk - Staging out files
2012-06-01 09:08:31,791-0500 DEBUG vdl:dostageout stageouts: [[$, c:countfile - Open]]
2012-06-01 09:08:31,808-0500 DEBUG vdl:dostageout FILE_STAGE_OUT_START srcname=c-0dc71f19-cceb-4cb6-bdac-2b8bd3d24718-1-0 srcdir=foreach-20120601-0908-hh2o9v7e/shared/_concurrent srchost=localhost destdir=_concurrent desthost=localhost provider=file
2012-06-01 09:08:31,810-0500 INFO  LateBindingScheduler JobQueue: 0
2012-06-01 09:08:31,839-0500 INFO  LateBindingScheduler JobQueue: 0
2012-06-01 09:08:31,840-0500 INFO  vdl:checkerrorfile NO_STATUS_FILE jobid=sh-1rigq5sk - Error file missing
2012-06-01 09:08:31,845-0500 DEBUG vdl:execute2 APPLICATION_EXCEPTION jobid=sh-1rigq5sk - Application exception: null
Caused by: org.globus.cog.abstraction.impl.file.FileNotFoundException: File not found: /var/tmp/foreach-20120601-0908-hh2o9v7e/shared/_concurrent/c-0dc71f19-cceb-4cb6-bdac-2b8bd3d24718-1-0
2012-06-01 09:08:31,863-0500 INFO  LateBindingScheduler JobQueue: 0
2012-06-01 09:08:31,868-0500 INFO  LateBindingScheduler JobQueue: 0
2012-06-01 09:08:31,888-0500 INFO  LateBindingScheduler JobQueue: 0
2012-06-01 09:08:31,907-0500 INFO  WeightedHostScoreScheduler CONTACT_SELECTED host=localhost, score=0.000
2012-06-01 09:08:31,914-0500 DEBUG vdl:execute2 THREAD_ASSOCIATION jobid=sh-3rigq5sk thread=0-1-0-1-1 host=localhost replicationGroup=2rigq5sk
2012-06-01 09:08:31,922-0500 INFO  vdl:createdirset START jobid=sh-3rigq5sk host=localhost - Initializing directory structure
2012-06-01 09:08:31,924-0500 INFO  vdl:createdirset END jobid=sh-3rigq5sk - Done initializing directory structure
2012-06-01 09:08:31,926-0500 INFO  vdl:dostagein START jobid=sh-3rigq5sk - Staging in files
2012-06-01 09:08:31,932-0500 INFO  LateBindingScheduler JobQueue: 0
2012-06-01 09:08:31,934-0500 DEBUG vdl:dostagein CDM: file://localhost/scott3a.sh : DEFAULT
2012-06-01 09:08:31,937-0500 INFO  vdl:dostagein END jobid=sh-3rigq5sk - Staging in finished
2012-06-01 09:08:31,939-0500 DEBUG vdl:execute2 JOB_START jobid=sh-3rigq5sk tr=sh arguments=[/home/skrieder/swift/foreach/scott3a.sh] tmpdir=foreach-20120601-0908-hh2o9v7e/jobs/3/sh-3rigq5sk host=localhost
2012-06-01 09:08:31,950-0500 INFO  GridExec TASK_DEFINITION: Task(type=JOB_SUBMISSION, identity=urn:0-1-0-1-1-1338559710201) is /bin/bash shared/_swiftwrap sh-3rigq5sk -jobdir 3 -scratch  -e /bin/sh -out _concurrent/c-0dc71f19-cceb-4cb6-bdac-2b8bd3d24718-1-0 -err stderr.txt -i -d _concurrent -if scott3a.sh -of _concurrent/c-0dc71f19-cceb-4cb6-bdac-2b8bd3d24718-1-0 -k  -cdmfile  -status files -a /home/skrieder/swift/foreach/scott3a.sh
2012-06-01 09:08:31,951-0500 INFO  JobSubmissionTaskHandler Submit: in: /var/tmp/foreach-20120601-0908-hh2o9v7e command: /bin/bash /var/tmp/foreach-20120601-0908-hh2o9v7e/shared/_swiftwrap sh-3rigq5sk -jobdir 3 -scratch  -e /bin/sh -out _concurrent/c-0dc71f19-cceb-4cb6-bdac-2b8bd3d24718-1-0 -err stderr.txt -i -d _concurrent -if scott3a.sh -of _concurrent/c-0dc71f19-cceb-4cb6-bdac-2b8bd3d24718-1-0 -k  -cdmfile  -status files -a /home/skrieder/swift/foreach/scott3a.sh
2012-06-01 09:08:32,197-0500 INFO  LateBindingScheduler JobQueue: 0
2012-06-01 09:08:32,201-0500 DEBUG vdl:checkjobstatus START jobid=sh-3rigq5sk
2012-06-01 09:08:32,208-0500 INFO  LateBindingScheduler JobQueue: 0
2012-06-01 09:08:32,209-0500 INFO  vdl:checkerrorfile FAILURE jobid=sh-3rigq5sk - Failure file found
2012-06-01 09:08:32,213-0500 INFO  LateBindingScheduler JobQueue: 0
2012-06-01 09:08:32,216-0500 INFO  LateBindingScheduler JobQueue: 1
2012-06-01 09:08:32,217-0500 INFO  LateBindingScheduler JobQueue: 0
2012-06-01 09:08:32,219-0500 DEBUG vdl:execute2 STAGING_OUT jobid=sh-3rigq5sk
2012-06-01 09:08:32,221-0500 INFO  vdl:dostageout START jobid=sh-3rigq5sk - Staging out files
2012-06-01 09:08:32,222-0500 DEBUG vdl:dostageout stageouts: [[$, c:countfile - Open]]
2012-06-01 09:08:32,230-0500 DEBUG vdl:dostageout FILE_STAGE_OUT_START srcname=c-0dc71f19-cceb-4cb6-bdac-2b8bd3d24718-1-0 srcdir=foreach-20120601-0908-hh2o9v7e/shared/_concurrent srchost=localhost destdir=_concurrent desthost=localhost provider=file
2012-06-01 09:08:32,232-0500 INFO  LateBindingScheduler JobQueue: 0
2012-06-01 09:08:32,253-0500 INFO  LateBindingScheduler JobQueue: 0
2012-06-01 09:08:32,254-0500 INFO  vdl:checkerrorfile NO_STATUS_FILE jobid=sh-3rigq5sk - Error file missing
2012-06-01 09:08:32,256-0500 DEBUG vdl:execute2 APPLICATION_EXCEPTION jobid=sh-3rigq5sk - Application exception: null
Caused by: org.globus.cog.abstraction.impl.file.FileNotFoundException: File not found: /var/tmp/foreach-20120601-0908-hh2o9v7e/shared/_concurrent/c-0dc71f19-cceb-4cb6-bdac-2b8bd3d24718-1-0
2012-06-01 09:08:32,267-0500 INFO  LateBindingScheduler JobQueue: 0
2012-06-01 09:08:32,270-0500 INFO  LateBindingScheduler JobQueue: 0
2012-06-01 09:08:32,286-0500 INFO  LateBindingScheduler JobQueue: 0
2012-06-01 09:08:34,301-0500 INFO  WeightedHostScoreScheduler CONTACT_SELECTED host=localhost, score=0.000
2012-06-01 09:08:34,314-0500 DEBUG vdl:execute2 THREAD_ASSOCIATION jobid=sh-5rigq5sk thread=0-1-0-1-1 host=localhost replicationGroup=4rigq5sk
2012-06-01 09:08:34,332-0500 INFO  vdl:createdirset START jobid=sh-5rigq5sk host=localhost - Initializing directory structure
2012-06-01 09:08:34,337-0500 INFO  vdl:createdirset END jobid=sh-5rigq5sk - Done initializing directory structure
2012-06-01 09:08:34,340-0500 INFO  vdl:dostagein START jobid=sh-5rigq5sk - Staging in files
2012-06-01 09:08:34,352-0500 INFO  LateBindingScheduler JobQueue: 0
2012-06-01 09:08:34,354-0500 DEBUG vdl:dostagein CDM: file://localhost/scott3a.sh : DEFAULT
2012-06-01 09:08:34,359-0500 INFO  vdl:dostagein END jobid=sh-5rigq5sk - Staging in finished
2012-06-01 09:08:34,361-0500 DEBUG vdl:execute2 JOB_START jobid=sh-5rigq5sk tr=sh arguments=[/home/skrieder/swift/foreach/scott3a.sh] tmpdir=foreach-20120601-0908-hh2o9v7e/jobs/5/sh-5rigq5sk host=localhost
2012-06-01 09:08:34,373-0500 INFO  GridExec TASK_DEFINITION: Task(type=JOB_SUBMISSION, identity=urn:0-1-0-1-1-1338559710243) is /bin/bash shared/_swiftwrap sh-5rigq5sk -jobdir 5 -scratch  -e /bin/sh -out _concurrent/c-0dc71f19-cceb-4cb6-bdac-2b8bd3d24718-1-0 -err stderr.txt -i -d _concurrent -if scott3a.sh -of _concurrent/c-0dc71f19-cceb-4cb6-bdac-2b8bd3d24718-1-0 -k  -cdmfile  -status files -a /home/skrieder/swift/foreach/scott3a.sh
2012-06-01 09:08:34,374-0500 INFO  JobSubmissionTaskHandler Submit: in: /var/tmp/foreach-20120601-0908-hh2o9v7e command: /bin/bash /var/tmp/foreach-20120601-0908-hh2o9v7e/shared/_swiftwrap sh-5rigq5sk -jobdir 5 -scratch  -e /bin/sh -out _concurrent/c-0dc71f19-cceb-4cb6-bdac-2b8bd3d24718-1-0 -err stderr.txt -i -d _concurrent -if scott3a.sh -of _concurrent/c-0dc71f19-cceb-4cb6-bdac-2b8bd3d24718-1-0 -k  -cdmfile  -status files -a /home/skrieder/swift/foreach/scott3a.sh
2012-06-01 09:08:34,620-0500 INFO  LateBindingScheduler JobQueue: 0
2012-06-01 09:08:34,624-0500 DEBUG vdl:checkjobstatus START jobid=sh-5rigq5sk
2012-06-01 09:08:34,632-0500 INFO  LateBindingScheduler JobQueue: 0
2012-06-01 09:08:34,634-0500 INFO  vdl:checkerrorfile FAILURE jobid=sh-5rigq5sk - Failure file found
2012-06-01 09:08:34,638-0500 INFO  LateBindingScheduler JobQueue: 0
2012-06-01 09:08:34,642-0500 INFO  LateBindingScheduler JobQueue: 1
2012-06-01 09:08:34,643-0500 INFO  LateBindingScheduler JobQueue: 0
2012-06-01 09:08:34,647-0500 DEBUG vdl:execute2 STAGING_OUT jobid=sh-5rigq5sk
2012-06-01 09:08:34,650-0500 INFO  vdl:dostageout START jobid=sh-5rigq5sk - Staging out files
2012-06-01 09:08:34,652-0500 DEBUG vdl:dostageout stageouts: [[$, c:countfile - Open]]
2012-06-01 09:08:34,662-0500 DEBUG vdl:dostageout FILE_STAGE_OUT_START srcname=c-0dc71f19-cceb-4cb6-bdac-2b8bd3d24718-1-0 srcdir=foreach-20120601-0908-hh2o9v7e/shared/_concurrent srchost=localhost destdir=_concurrent desthost=localhost provider=file
2012-06-01 09:08:34,664-0500 INFO  LateBindingScheduler JobQueue: 0
2012-06-01 09:08:34,689-0500 INFO  LateBindingScheduler JobQueue: 0
2012-06-01 09:08:34,690-0500 INFO  vdl:checkerrorfile NO_STATUS_FILE jobid=sh-5rigq5sk - Error file missing
2012-06-01 09:08:34,692-0500 DEBUG vdl:execute2 APPLICATION_EXCEPTION jobid=sh-5rigq5sk - Application exception: null
Caused by: org.globus.cog.abstraction.impl.file.FileNotFoundException: File not found: /var/tmp/foreach-20120601-0908-hh2o9v7e/shared/_concurrent/c-0dc71f19-cceb-4cb6-bdac-2b8bd3d24718-1-0
2012-06-01 09:08:34,705-0500 INFO  LateBindingScheduler JobQueue: 0
2012-06-01 09:08:34,709-0500 INFO  LateBindingScheduler JobQueue: 0
2012-06-01 09:08:34,728-0500 INFO  LateBindingScheduler JobQueue: 0
2012-06-01 09:08:34,736-0500 INFO  vdl:execute END_FAILURE thread=0-1-0-1 tr=sh
2012-06-01 09:08:34,741-0500 DEBUG VDL2ExecutionContext Exception in sh:
Arguments: [/home/skrieder/swift/foreach/scott3a.sh]
Host: localhost
Directory: foreach-20120601-0908-hh2o9v7e/jobs/5/sh-5rigq5sk
stderr.txt: 
stdout.txt: 

----

Exception in sh:
Arguments: [/home/skrieder/swift/foreach/scott3a.sh]
Host: localhost
Directory: foreach-20120601-0908-hh2o9v7e/jobs/5/sh-5rigq5sk
stderr.txt: 
stdout.txt: 

----

Caused by: null
Caused by: org.globus.cog.abstraction.impl.file.FileNotFoundException: File not found: /var/tmp/foreach-20120601-0908-hh2o9v7e/shared/_concurrent/c-0dc71f19-cceb-4cb6-bdac-2b8bd3d24718-1-0
	at org.globus.cog.karajan.workflow.nodes.functions.KException.function(KException.java:29)
	at org.globus.cog.karajan.workflow.nodes.functions.AbstractFunction.post(AbstractFunction.java:27)
	at org.globus.cog.karajan.workflow.nodes.AbstractSequentialWithArguments.completed(AbstractSequentialWithArguments.java:194)
	at org.globus.cog.karajan.workflow.nodes.FlowNode.complete(FlowNode.java:214)
	at org.globus.cog.karajan.workflow.nodes.FlowContainer.post(FlowContainer.java:58)
	at org.globus.cog.karajan.workflow.nodes.functions.AbstractFunction.post(AbstractFunction.java:28)
	at org.globus.cog.karajan.workflow.nodes.Sequential.startNext(Sequential.java:29)
	at org.globus.cog.karajan.workflow.nodes.Sequential.executeChildren(Sequential.java:20)
	at org.globus.cog.karajan.workflow.nodes.FlowContainer.execute(FlowContainer.java:63)
	at org.globus.cog.karajan.workflow.nodes.FlowNode.restart(FlowNode.java:139)
	at org.globus.cog.karajan.workflow.nodes.FlowNode.start(FlowNode.java:197)
	at org.globus.cog.karajan.workflow.events.EventBus.start(EventBus.java:104)
	at org.globus.cog.karajan.workflow.events.EventTargetPair.run(EventTargetPair.java:40)
	at java.util.concurrent.Executors$RunnableAdapter.call(Executors.java:471)
	at java.util.concurrent.FutureTask$Sync.innerRun(FutureTask.java:334)
	at java.util.concurrent.FutureTask.run(FutureTask.java:166)
	at java.util.concurrent.ThreadPoolExecutor.runWorker(ThreadPoolExecutor.java:1110)
	at java.util.concurrent.ThreadPoolExecutor$Worker.run(ThreadPoolExecutor.java:603)
	at java.lang.Thread.run(Thread.java:722)
Caused by: null
Caused by: org.globus.cog.abstraction.impl.file.FileNotFoundException: File not found: /var/tmp/foreach-20120601-0908-hh2o9v7e/shared/_concurrent/c-0dc71f19-cceb-4cb6-bdac-2b8bd3d24718-1-0
	at org.globus.cog.karajan.workflow.nodes.FlowNode.failImmediately(FlowNode.java:101)
	at org.globus.cog.karajan.workflow.nodes.grid.AbstractGridNode$1.run(AbstractGridNode.java:308)
	... 6 more
Caused by: org.globus.cog.abstraction.impl.file.FileNotFoundException: File not found: /var/tmp/foreach-20120601-0908-hh2o9v7e/shared/_concurrent/c-0dc71f19-cceb-4cb6-bdac-2b8bd3d24718-1-0
	at org.globus.cog.abstraction.impl.file.local.FileResourceImpl.getFile(FileResourceImpl.java:225)
	at org.globus.cog.abstraction.impl.file.local.FileResourceImpl.putFile(FileResourceImpl.java:286)
	at org.globus.cog.abstraction.impl.file.AbstractFileResource.putFile(AbstractFileResource.java:152)
	at org.globus.cog.abstraction.impl.fileTransfer.DelegatedFileTransferHandler.doDestination(DelegatedFileTransferHandler.java:314)
	at org.globus.cog.abstraction.impl.fileTransfer.CachingDelegatedFileTransferHandler.doDestination(CachingDelegatedFileTransferHandler.java:46)
	at org.globus.cog.abstraction.impl.fileTransfer.DelegatedFileTransferHandler.run(DelegatedFileTransferHandler.java:487)
	... 1 more
2012-06-01 09:08:34,836-0500 INFO  ExecutionContext Detailed exception: 
Exception in sh:
Arguments: [/home/skrieder/swift/foreach/scott3a.sh]
Host: localhost
Directory: foreach-20120601-0908-hh2o9v7e/jobs/5/sh-5rigq5sk
stderr.txt: 
stdout.txt: 

----

Caused by: null
Caused by: org.globus.cog.abstraction.impl.file.FileNotFoundException: File not found: /var/tmp/foreach-20120601-0908-hh2o9v7e/shared/_concurrent/c-0dc71f19-cceb-4cb6-bdac-2b8bd3d24718-1-0
	at org.globus.cog.karajan.workflow.nodes.functions.KException.function(KException.java:29)
	at org.globus.cog.karajan.workflow.nodes.functions.AbstractFunction.post(AbstractFunction.java:27)
	at org.globus.cog.karajan.workflow.nodes.AbstractSequentialWithArguments.completed(AbstractSequentialWithArguments.java:194)
	at org.globus.cog.karajan.workflow.nodes.FlowNode.complete(FlowNode.java:214)
	at org.globus.cog.karajan.workflow.nodes.FlowContainer.post(FlowContainer.java:58)
	at org.globus.cog.karajan.workflow.nodes.functions.AbstractFunction.post(AbstractFunction.java:28)
	at org.globus.cog.karajan.workflow.nodes.Sequential.startNext(Sequential.java:29)
	at org.globus.cog.karajan.workflow.nodes.Sequential.executeChildren(Sequential.java:20)
	at org.globus.cog.karajan.workflow.nodes.FlowContainer.execute(FlowContainer.java:63)
	at org.globus.cog.karajan.workflow.nodes.FlowNode.restart(FlowNode.java:139)
	at org.globus.cog.karajan.workflow.nodes.FlowNode.start(FlowNode.java:197)
	at org.globus.cog.karajan.workflow.events.EventBus.start(EventBus.java:104)
	at org.globus.cog.karajan.workflow.events.EventTargetPair.run(EventTargetPair.java:40)
	at java.util.concurrent.Executors$RunnableAdapter.call(Executors.java:471)
	at java.util.concurrent.FutureTask$Sync.innerRun(FutureTask.java:334)
	at java.util.concurrent.FutureTask.run(FutureTask.java:166)
	at java.util.concurrent.ThreadPoolExecutor.runWorker(ThreadPoolExecutor.java:1110)
	at java.util.concurrent.ThreadPoolExecutor$Worker.run(ThreadPoolExecutor.java:603)
	at java.lang.Thread.run(Thread.java:722)
Caused by: null
Caused by: org.globus.cog.abstraction.impl.file.FileNotFoundException: File not found: /var/tmp/foreach-20120601-0908-hh2o9v7e/shared/_concurrent/c-0dc71f19-cceb-4cb6-bdac-2b8bd3d24718-1-0
	at org.globus.cog.karajan.workflow.nodes.FlowNode.failImmediately(FlowNode.java:101)
	at org.globus.cog.karajan.workflow.nodes.grid.AbstractGridNode$1.run(AbstractGridNode.java:308)
	... 6 more
Caused by: org.globus.cog.abstraction.impl.file.FileNotFoundException: File not found: /var/tmp/foreach-20120601-0908-hh2o9v7e/shared/_concurrent/c-0dc71f19-cceb-4cb6-bdac-2b8bd3d24718-1-0
	at org.globus.cog.abstraction.impl.file.local.FileResourceImpl.getFile(FileResourceImpl.java:225)
	at org.globus.cog.abstraction.impl.file.local.FileResourceImpl.putFile(FileResourceImpl.java:286)
	at org.globus.cog.abstraction.impl.file.AbstractFileResource.putFile(AbstractFileResource.java:152)
	at org.globus.cog.abstraction.impl.fileTransfer.DelegatedFileTransferHandler.doDestination(DelegatedFileTransferHandler.java:314)
	at org.globus.cog.abstraction.impl.fileTransfer.CachingDelegatedFileTransferHandler.doDestination(CachingDelegatedFileTransferHandler.java:46)
	at org.globus.cog.abstraction.impl.fileTransfer.DelegatedFileTransferHandler.run(DelegatedFileTransferHandler.java:487)
	... 1 more
2012-06-01 09:08:34,837-0500 INFO  Loader Swift finished with errors
