2012-06-01 08:57:41,642-0500 DEBUG Loader arguments: [foreach.swift]
2012-06-01 08:57:41,642-0500 DEBUG Loader Max heap: 252248064
2012-06-01 08:57:41,643-0500 DEBUG textfiles BEGIN SWIFTSCRIPT:
type messagefile; 
type countfile; 

app (countfile t) countwords (messagefile f) {   
     sh "test.sh" stdout=@filename(t);
}

string inputNames = "test.sh";

messagefile inputfiles[] <fixed_array_mapper;files=inputNames>;

foreach f in inputfiles {
  countfile c;
  c = countwords(f);
}


2012-06-01 08:57:41,643-0500 DEBUG textfiles END SWIFTSCRIPT:
2012-06-01 08:57:41,644-0500 DEBUG Loader kmlversion is >239b8550-a5ff-44be-a124-5e7ecd70737d<
2012-06-01 08:57:41,644-0500 DEBUG Loader build version is >239b8550-a5ff-44be-a124-5e7ecd70737d<
2012-06-01 08:57:41,644-0500 DEBUG Loader Recompilation suppressed.
2012-06-01 08:57:41,790-0500 DEBUG textfiles using default sites file
2012-06-01 08:57:41,794-0500 INFO  VDL2ExecutionContext Stack dump:
Level 1
[iA = 0, iB = 0, bA = false, bB = false]
	vdl:instanceconfig = Swift configuration []
	vdl:operation = run
	swift.home = /usr/local/swift/bin/..
	PATH_SEPARATOR = /


2012-06-01 08:57:42,455-0500 INFO  unknown Using sites file: /usr/local/swift/bin/../etc/sites.xml
2012-06-01 08:57:42,498-0500 INFO  unknown Using tc.data: /usr/local/swift/bin/../etc/tc.data
2012-06-01 08:57:42,621-0500 WARN  File On line 24in File /usr/local/swift/bin/../etc/tc.data

java.lang.IllegalStateException: Error : Illegal TCType defined. Please specify one of the predefined types 
 [INSTALLED, SOURCE, STATIC_BINARY, DYNAMIC_BINARY, PACMAN_PACKAGE, SCRIPT]
	at org.globus.swift.catalog.types.TCType.fromValue(TCType.java:73)
	at org.globus.swift.catalog.types.TCType.fromString(TCType.java:85)
	at org.globus.swift.catalog.transformation.File.populateTC(File.java:1085)
	at org.globus.swift.catalog.transformation.File.populateTC(File.java:1034)
	at org.globus.swift.catalog.transformation.File.<init>(File.java:149)
	at org.globus.swift.catalog.transformation.File.getNonSingletonInstance(File.java:116)
	at org.griphyn.vdl.karajan.VDSAdaptiveScheduler.setProperty(VDSAdaptiveScheduler.java:71)
	at org.globus.cog.karajan.workflow.nodes.grid.SchedulerNode.newScheduler(SchedulerNode.java:104)
	at org.globus.cog.karajan.workflow.nodes.grid.SchedulerNode.post(SchedulerNode.java:63)
	at org.globus.cog.karajan.workflow.nodes.AbstractSequentialWithArguments.completed(AbstractSequentialWithArguments.java:194)
	at org.globus.cog.karajan.workflow.nodes.FlowNode.complete(FlowNode.java:214)
	at org.globus.cog.karajan.workflow.nodes.FlowContainer.post(FlowContainer.java:58)
	at org.globus.cog.karajan.workflow.nodes.AbstractSequentialWithArguments.completed(AbstractSequentialWithArguments.java:194)
	at org.globus.cog.karajan.workflow.nodes.user.UserDefinedElement.completed(UserDefinedElement.java:286)
	at org.globus.cog.karajan.workflow.nodes.user.SequentialImplicitExecutionUDE.completed(SequentialImplicitExecutionUDE.java:89)
	at org.globus.cog.karajan.workflow.nodes.FlowNode.complete(FlowNode.java:214)
	at org.globus.cog.karajan.workflow.nodes.FlowContainer.post(FlowContainer.java:58)
	at org.globus.cog.karajan.workflow.nodes.functions.AbstractFunction.post(AbstractFunction.java:28)
	at org.globus.cog.karajan.workflow.nodes.AbstractSequentialWithArguments.completed(AbstractSequentialWithArguments.java:194)
	at org.globus.cog.karajan.workflow.nodes.FlowNode.complete(FlowNode.java:214)
	at org.globus.cog.karajan.workflow.nodes.ExecuteFile.completed(ExecuteFile.java:158)
	at org.globus.cog.karajan.workflow.nodes.FlowNode.complete(FlowNode.java:214)
	at org.globus.cog.karajan.workflow.nodes.FlowContainer.post(FlowContainer.java:58)
	at org.globus.cog.karajan.workflow.nodes.Sequential.startNext(Sequential.java:29)
	at org.globus.cog.karajan.workflow.nodes.Sequential.completed(Sequential.java:24)
	at org.globus.cog.karajan.workflow.nodes.FlowNode.complete(FlowNode.java:214)
	at org.globus.cog.karajan.workflow.nodes.FlowContainer.post(FlowContainer.java:58)
	at org.globus.cog.karajan.workflow.nodes.AbstractSequentialWithArguments.completed(AbstractSequentialWithArguments.java:194)
	at org.globus.cog.karajan.workflow.nodes.user.UserDefinedElement.completed(UserDefinedElement.java:286)
	at org.globus.cog.karajan.workflow.nodes.user.SequentialImplicitExecutionUDE.completed(SequentialImplicitExecutionUDE.java:89)
	at org.globus.cog.karajan.workflow.nodes.FlowNode.complete(FlowNode.java:214)
	at org.globus.cog.karajan.workflow.nodes.FlowContainer.post(FlowContainer.java:58)
	at org.globus.cog.karajan.workflow.nodes.functions.AbstractFunction.post(AbstractFunction.java:28)
	at org.globus.cog.karajan.workflow.nodes.AbstractSequentialWithArguments.completed(AbstractSequentialWithArguments.java:194)
	at org.globus.cog.karajan.workflow.nodes.FlowNode.complete(FlowNode.java:214)
	at org.globus.cog.karajan.workflow.nodes.FlowContainer.post(FlowContainer.java:58)
	at org.globus.cog.karajan.workflow.nodes.AbstractSequentialWithArguments.completed(AbstractSequentialWithArguments.java:194)
	at org.globus.cog.karajan.workflow.nodes.PartialArgumentsContainer.nonArgChildCompleted(PartialArgumentsContainer.java:105)
	at org.globus.cog.karajan.workflow.nodes.PartialArgumentsContainer.completed(PartialArgumentsContainer.java:86)
	at org.globus.cog.karajan.workflow.nodes.FlowNode.complete(FlowNode.java:214)
	at org.globus.cog.karajan.workflow.nodes.Maybe.failed(Maybe.java:23)
	at org.globus.cog.karajan.workflow.nodes.FlowNode.failImmediately(FlowNode.java:89)
	at org.globus.cog.karajan.workflow.nodes.FlowNode.failed(FlowNode.java:245)
	at org.globus.cog.karajan.workflow.nodes.FlowNode.failImmediately(FlowNode.java:89)
	at org.globus.cog.karajan.workflow.nodes.FlowNode.restart(FlowNode.java:151)
	at org.globus.cog.karajan.workflow.nodes.FlowNode.start(FlowNode.java:197)
	at org.globus.cog.karajan.workflow.FlowElementWrapper.start(FlowElementWrapper.java:227)
	at org.globus.cog.karajan.workflow.events.EventBus.start(EventBus.java:104)
	at org.globus.cog.karajan.workflow.events.EventTargetPair.run(EventTargetPair.java:40)
	at java.util.concurrent.Executors$RunnableAdapter.call(Executors.java:471)
	at java.util.concurrent.FutureTask$Sync.innerRun(FutureTask.java:334)
	at java.util.concurrent.FutureTask.run(FutureTask.java:166)
	at java.util.concurrent.ThreadPoolExecutor.runWorker(ThreadPoolExecutor.java:1110)
	at java.util.concurrent.ThreadPoolExecutor$Worker.run(ThreadPoolExecutor.java:603)
	at java.lang.Thread.run(Thread.java:722)
2012-06-01 08:57:42,628-0500 INFO  AbstractScheduler Setting resources to: {localhost=localhost}
2012-06-01 08:57:43,313-0500 INFO  unknown Swift 0.93 swift-r5483 cog-r3339

2012-06-01 08:57:43,314-0500 INFO  unknown RUNID id=run:20120601-0857-ebvjjxg5
2012-06-01 08:57:43,366-0500 INFO  SetFieldValue Set: inputNames=test.sh
2012-06-01 08:57:43,391-0500 INFO  RootDataNode Found data inputfiles:messagefile[] - Open.[0]
2012-06-01 08:57:43,395-0500 DEBUG vdl:mains FOREACH_IT_START line=12 thread=0-1-0
2012-06-01 08:57:43,396-0500 DEBUG vdl:mains SCOPE thread=0-1-0
2012-06-01 08:57:43,402-0500 DEBUG countwords PROCEDURE line=4 thread=0-1-0-1 name=countwords
2012-06-01 08:57:43,408-0500 INFO  vdl:execute START thread=0-1-0-1 tr=sh
2012-06-01 08:57:43,426-0500 INFO  WeightedHostScoreScheduler CONTACT_SELECTED host=localhost, score=1.000
2012-06-01 08:57:43,433-0500 INFO  GlobalSubmitQueue No global submit throttle set. Using default (1024)
2012-06-01 08:57:43,437-0500 INFO  LateBindingScheduler JobQueue: 0
2012-06-01 08:57:43,439-0500 INFO  LateBindingScheduler JobQueue: 0
2012-06-01 08:57:43,443-0500 INFO  vdl:initshareddir START host=localhost - Initializing shared directory
2012-06-01 08:57:43,447-0500 INFO  LateBindingScheduler JobQueue: 0
2012-06-01 08:57:43,463-0500 INFO  LateBindingScheduler JobQueue: 0
2012-06-01 08:57:43,469-0500 INFO  LateBindingScheduler JobQueue: 0
2012-06-01 08:57:43,473-0500 INFO  LateBindingScheduler JobQueue: 0
2012-06-01 08:57:43,480-0500 INFO  LateBindingScheduler JobQueue: 0
2012-06-01 08:57:43,488-0500 INFO  LateBindingScheduler JobQueue: 0
2012-06-01 08:57:43,491-0500 INFO  vdl:initshareddir END host=localhost - Done initializing shared directory
2012-06-01 08:57:43,498-0500 DEBUG vdl:execute2 THREAD_ASSOCIATION jobid=sh-y1f1q5sk thread=0-1-0-1-1 host=localhost replicationGroup=x1f1q5sk
2012-06-01 08:57:43,520-0500 INFO  vdl:createdirset START jobid=sh-y1f1q5sk host=localhost - Initializing directory structure
2012-06-01 08:57:43,527-0500 INFO  vdl:createdirs START path=_concurrent dir=foreach-20120601-0857-ebvjjxg5/shared - Creating directory structure
2012-06-01 08:57:43,530-0500 INFO  LateBindingScheduler JobQueue: 0
2012-06-01 08:57:43,532-0500 INFO  vdl:createdirset END jobid=sh-y1f1q5sk - Done initializing directory structure
2012-06-01 08:57:43,534-0500 INFO  vdl:dostagein START jobid=sh-y1f1q5sk - Staging in files
2012-06-01 08:57:43,559-0500 INFO  LateBindingScheduler JobQueue: 0
2012-06-01 08:57:43,570-0500 DEBUG vdl:dostagein CDM: file://localhost/test.sh : DEFAULT
2012-06-01 08:57:43,585-0500 DEBUG vdl:dostageinfile FILE_STAGE_IN_START file=test.sh srchost=localhost srcdir= srcname=test.sh desthost=localhost destdir=foreach-20120601-0857-ebvjjxg5/shared/ provider=file policy=DEFAULT
2012-06-01 08:57:43,593-0500 INFO  LateBindingScheduler JobQueue: 0
2012-06-01 08:57:43,595-0500 DEBUG vdl:dostageinfile FILE_STAGE_IN_END file=test.sh srchost=localhost srcdir= srcname=test.sh desthost=localhost destdir=foreach-20120601-0857-ebvjjxg5/shared/ provider=file
2012-06-01 08:57:43,597-0500 INFO  vdl:dostagein END jobid=sh-y1f1q5sk - Staging in finished
2012-06-01 08:57:43,602-0500 DEBUG vdl:execute2 JOB_START jobid=sh-y1f1q5sk tr=sh arguments=[test.sh] tmpdir=foreach-20120601-0857-ebvjjxg5/jobs/y/sh-y1f1q5sk host=localhost
2012-06-01 08:57:43,616-0500 DEBUG textfiles BEGIN TC:
#This is the transformation catalog.
#
#It comes pre-configured with a number of simple transformations with
#paths that are likely to work on a linux box. However, on some systems,
#the paths to these executables will be different (for example, sometimes
#some of these programs are found in /usr/bin rather than in /bin)
#
#NOTE WELL: fields in this file must be separated by tabs, not spaces; and
#there must be no trailing whitespace at the end of each line.
#
# sitename  transformation  path   INSTALLED  platform  profiles
localhost 	echo 		/bin/echo	INSTALLED	INTEL32::LINUX	null
localhost 	cat 		/bin/cat	INSTALLED	INTEL32::LINUX	null
localhost 	ls 		/bin/ls		INSTALLED	INTEL32::LINUX	null
localhost 	grep 		/bin/grep	INSTALLED	INTEL32::LINUX	null
localhost 	sort 		/bin/sort	INSTALLED	INTEL32::LINUX	null
localhost 	paste 		/bin/paste	INSTALLED	INTEL32::LINUX	null
localhost 	cp 		/bin/cp         INSTALLED	INTEL32::LINUX	null
localhost 	touch 		/bin/touch      INSTALLED	INTEL32::LINUX	null
localhost	wc		/usr/bin/wc	INSTALLED	INTEL32::LINUX	null
localhost	sh		/bin/sh		INSTALLED	INTEL32::LINUX	null
localhost	sleep		/bin/sleep	INSTALLED	INTEL32::LINUX	null
localhost	tr		/usr/bin/tr	INSTALLED	INTEL32::LINUX	null
localhost	scott.sh	/Users/scottkrieder/swift/examples/swift/tutorial/scott.sh	INTSALLED	INTEL32::LINUX	null


2012-06-01 08:57:43,616-0500 DEBUG textfiles END TC:
2012-06-01 08:57:43,623-0500 WARN  File On line 24in File /usr/local/swift/bin/../etc/tc.data

java.lang.IllegalStateException: Error : Illegal TCType defined. Please specify one of the predefined types 
 [INSTALLED, SOURCE, STATIC_BINARY, DYNAMIC_BINARY, PACMAN_PACKAGE, SCRIPT]
	at org.globus.swift.catalog.types.TCType.fromValue(TCType.java:73)
	at org.globus.swift.catalog.types.TCType.fromString(TCType.java:85)
	at org.globus.swift.catalog.transformation.File.populateTC(File.java:1085)
	at org.globus.swift.catalog.transformation.File.populateTC(File.java:1034)
	at org.globus.swift.catalog.transformation.File.<init>(File.java:149)
	at org.globus.swift.catalog.transformation.File.getNonSingletonInstance(File.java:116)
	at org.griphyn.vdl.karajan.lib.VDLFunction.getTC(VDLFunction.java:492)
	at org.griphyn.vdl.karajan.lib.Executable.function(Executable.java:24)
	at org.griphyn.vdl.karajan.lib.VDLFunction.post(VDLFunction.java:62)
	at org.globus.cog.karajan.workflow.nodes.AbstractSequentialWithArguments.completed(AbstractSequentialWithArguments.java:194)
	at org.globus.cog.karajan.workflow.nodes.FlowNode.complete(FlowNode.java:214)
	at org.globus.cog.karajan.workflow.nodes.FlowContainer.post(FlowContainer.java:58)
	at org.globus.cog.karajan.workflow.nodes.functions.AbstractFunction.post(AbstractFunction.java:28)
	at org.globus.cog.karajan.workflow.nodes.Sequential.startNext(Sequential.java:29)
	at org.globus.cog.karajan.workflow.nodes.Sequential.executeChildren(Sequential.java:20)
	at org.globus.cog.karajan.workflow.nodes.FlowContainer.execute(FlowContainer.java:63)
	at org.globus.cog.karajan.workflow.nodes.FlowNode.restart(FlowNode.java:139)
	at org.globus.cog.karajan.workflow.nodes.FlowNode.start(FlowNode.java:197)
	at org.globus.cog.karajan.workflow.FlowElementWrapper.start(FlowElementWrapper.java:227)
	at org.globus.cog.karajan.workflow.events.EventBus.start(EventBus.java:104)
	at org.globus.cog.karajan.workflow.events.EventTargetPair.run(EventTargetPair.java:40)
	at java.util.concurrent.Executors$RunnableAdapter.call(Executors.java:471)
	at java.util.concurrent.FutureTask$Sync.innerRun(FutureTask.java:334)
	at java.util.concurrent.FutureTask.run(FutureTask.java:166)
	at java.util.concurrent.ThreadPoolExecutor.runWorker(ThreadPoolExecutor.java:1110)
	at java.util.concurrent.ThreadPoolExecutor$Worker.run(ThreadPoolExecutor.java:603)
	at java.lang.Thread.run(Thread.java:722)
2012-06-01 08:57:43,653-0500 INFO  GridExec TASK_DEFINITION: Task(type=JOB_SUBMISSION, identity=urn:0-1-0-1-1-1338559062495) is /bin/bash shared/_swiftwrap sh-y1f1q5sk -jobdir y -scratch  -e /bin/sh -out _concurrent/c-57961160-6016-4744-a591-9ead5c34a8be-1-0 -err stderr.txt -i -d _concurrent -if test.sh -of _concurrent/c-57961160-6016-4744-a591-9ead5c34a8be-1-0 -k  -cdmfile  -status files -a test.sh
2012-06-01 08:57:43,670-0500 INFO  JobSubmissionTaskHandler Submit: in: /var/tmp/foreach-20120601-0857-ebvjjxg5 command: /bin/bash /var/tmp/foreach-20120601-0857-ebvjjxg5/shared/_swiftwrap sh-y1f1q5sk -jobdir y -scratch  -e /bin/sh -out _concurrent/c-57961160-6016-4744-a591-9ead5c34a8be-1-0 -err stderr.txt -i -d _concurrent -if test.sh -of _concurrent/c-57961160-6016-4744-a591-9ead5c34a8be-1-0 -k  -cdmfile  -status files -a test.sh
2012-06-01 08:57:43,944-0500 INFO  LateBindingScheduler JobQueue: 0
2012-06-01 08:57:43,950-0500 DEBUG vdl:checkjobstatus START jobid=sh-y1f1q5sk
2012-06-01 08:57:43,962-0500 INFO  LateBindingScheduler JobQueue: 0
2012-06-01 08:57:43,964-0500 INFO  vdl:checkerrorfile FAILURE jobid=sh-y1f1q5sk - Failure file found
2012-06-01 08:57:43,968-0500 INFO  LateBindingScheduler JobQueue: 0
2012-06-01 08:57:43,972-0500 INFO  LateBindingScheduler JobQueue: 0
2012-06-01 08:57:43,974-0500 INFO  LateBindingScheduler JobQueue: 0
2012-06-01 08:57:43,978-0500 DEBUG vdl:execute2 STAGING_OUT jobid=sh-y1f1q5sk
2012-06-01 08:57:43,981-0500 INFO  vdl:dostageout START jobid=sh-y1f1q5sk - Staging out files
2012-06-01 08:57:43,982-0500 DEBUG vdl:dostageout stageouts: [[$, c:countfile - Open]]
2012-06-01 08:57:44,001-0500 DEBUG vdl:dostageout FILE_STAGE_OUT_START srcname=c-57961160-6016-4744-a591-9ead5c34a8be-1-0 srcdir=foreach-20120601-0857-ebvjjxg5/shared/_concurrent srchost=localhost destdir=_concurrent desthost=localhost provider=file
2012-06-01 08:57:44,003-0500 INFO  LateBindingScheduler JobQueue: 0
2012-06-01 08:57:44,033-0500 INFO  LateBindingScheduler JobQueue: 0
2012-06-01 08:57:44,035-0500 INFO  vdl:checkerrorfile NO_STATUS_FILE jobid=sh-y1f1q5sk - Error file missing
2012-06-01 08:57:44,039-0500 DEBUG vdl:execute2 APPLICATION_EXCEPTION jobid=sh-y1f1q5sk - Application exception: null
Caused by: org.globus.cog.abstraction.impl.file.FileNotFoundException: File not found: /var/tmp/foreach-20120601-0857-ebvjjxg5/shared/_concurrent/c-57961160-6016-4744-a591-9ead5c34a8be-1-0
2012-06-01 08:57:44,059-0500 INFO  LateBindingScheduler JobQueue: 0
2012-06-01 08:57:44,063-0500 INFO  LateBindingScheduler JobQueue: 0
2012-06-01 08:57:44,084-0500 INFO  LateBindingScheduler JobQueue: 0
2012-06-01 08:57:44,103-0500 INFO  WeightedHostScoreScheduler CONTACT_SELECTED host=localhost, score=0.000
2012-06-01 08:57:44,110-0500 DEBUG vdl:execute2 THREAD_ASSOCIATION jobid=sh-02f1q5sk thread=0-1-0-1-1 host=localhost replicationGroup=z1f1q5sk
2012-06-01 08:57:44,119-0500 INFO  vdl:createdirset START jobid=sh-02f1q5sk host=localhost - Initializing directory structure
2012-06-01 08:57:44,121-0500 INFO  vdl:createdirset END jobid=sh-02f1q5sk - Done initializing directory structure
2012-06-01 08:57:44,123-0500 INFO  vdl:dostagein START jobid=sh-02f1q5sk - Staging in files
2012-06-01 08:57:44,130-0500 INFO  LateBindingScheduler JobQueue: 0
2012-06-01 08:57:44,131-0500 DEBUG vdl:dostagein CDM: file://localhost/test.sh : DEFAULT
2012-06-01 08:57:44,135-0500 INFO  vdl:dostagein END jobid=sh-02f1q5sk - Staging in finished
2012-06-01 08:57:44,137-0500 DEBUG vdl:execute2 JOB_START jobid=sh-02f1q5sk tr=sh arguments=[test.sh] tmpdir=foreach-20120601-0857-ebvjjxg5/jobs/0/sh-02f1q5sk host=localhost
2012-06-01 08:57:44,148-0500 INFO  GridExec TASK_DEFINITION: Task(type=JOB_SUBMISSION, identity=urn:0-1-0-1-1-1338559062537) is /bin/bash shared/_swiftwrap sh-02f1q5sk -jobdir 0 -scratch  -e /bin/sh -out _concurrent/c-57961160-6016-4744-a591-9ead5c34a8be-1-0 -err stderr.txt -i -d _concurrent -if test.sh -of _concurrent/c-57961160-6016-4744-a591-9ead5c34a8be-1-0 -k  -cdmfile  -status files -a test.sh
2012-06-01 08:57:44,149-0500 INFO  JobSubmissionTaskHandler Submit: in: /var/tmp/foreach-20120601-0857-ebvjjxg5 command: /bin/bash /var/tmp/foreach-20120601-0857-ebvjjxg5/shared/_swiftwrap sh-02f1q5sk -jobdir 0 -scratch  -e /bin/sh -out _concurrent/c-57961160-6016-4744-a591-9ead5c34a8be-1-0 -err stderr.txt -i -d _concurrent -if test.sh -of _concurrent/c-57961160-6016-4744-a591-9ead5c34a8be-1-0 -k  -cdmfile  -status files -a test.sh
2012-06-01 08:57:44,396-0500 INFO  LateBindingScheduler JobQueue: 0
2012-06-01 08:57:44,400-0500 DEBUG vdl:checkjobstatus START jobid=sh-02f1q5sk
2012-06-01 08:57:44,407-0500 INFO  LateBindingScheduler JobQueue: 0
2012-06-01 08:57:44,408-0500 INFO  vdl:checkerrorfile FAILURE jobid=sh-02f1q5sk - Failure file found
2012-06-01 08:57:44,412-0500 INFO  LateBindingScheduler JobQueue: 0
2012-06-01 08:57:44,415-0500 INFO  LateBindingScheduler JobQueue: 1
2012-06-01 08:57:44,416-0500 INFO  LateBindingScheduler JobQueue: 0
2012-06-01 08:57:44,418-0500 DEBUG vdl:execute2 STAGING_OUT jobid=sh-02f1q5sk
2012-06-01 08:57:44,420-0500 INFO  vdl:dostageout START jobid=sh-02f1q5sk - Staging out files
2012-06-01 08:57:44,421-0500 DEBUG vdl:dostageout stageouts: [[$, c:countfile - Open]]
2012-06-01 08:57:44,429-0500 DEBUG vdl:dostageout FILE_STAGE_OUT_START srcname=c-57961160-6016-4744-a591-9ead5c34a8be-1-0 srcdir=foreach-20120601-0857-ebvjjxg5/shared/_concurrent srchost=localhost destdir=_concurrent desthost=localhost provider=file
2012-06-01 08:57:44,431-0500 INFO  LateBindingScheduler JobQueue: 0
2012-06-01 08:57:44,450-0500 INFO  LateBindingScheduler JobQueue: 0
2012-06-01 08:57:44,451-0500 INFO  vdl:checkerrorfile NO_STATUS_FILE jobid=sh-02f1q5sk - Error file missing
2012-06-01 08:57:44,453-0500 DEBUG vdl:execute2 APPLICATION_EXCEPTION jobid=sh-02f1q5sk - Application exception: null
Caused by: org.globus.cog.abstraction.impl.file.FileNotFoundException: File not found: /var/tmp/foreach-20120601-0857-ebvjjxg5/shared/_concurrent/c-57961160-6016-4744-a591-9ead5c34a8be-1-0
2012-06-01 08:57:44,463-0500 INFO  LateBindingScheduler JobQueue: 0
2012-06-01 08:57:44,467-0500 INFO  LateBindingScheduler JobQueue: 0
2012-06-01 08:57:44,483-0500 INFO  LateBindingScheduler JobQueue: 0
2012-06-01 08:57:46,998-0500 INFO  WeightedHostScoreScheduler CONTACT_SELECTED host=localhost, score=0.000
2012-06-01 08:57:47,012-0500 DEBUG vdl:execute2 THREAD_ASSOCIATION jobid=sh-22f1q5sk thread=0-1-0-1-1 host=localhost replicationGroup=12f1q5sk
2012-06-01 08:57:47,030-0500 INFO  vdl:createdirset START jobid=sh-22f1q5sk host=localhost - Initializing directory structure
2012-06-01 08:57:47,034-0500 INFO  vdl:createdirset END jobid=sh-22f1q5sk - Done initializing directory structure
2012-06-01 08:57:47,036-0500 INFO  vdl:dostagein START jobid=sh-22f1q5sk - Staging in files
2012-06-01 08:57:47,049-0500 INFO  LateBindingScheduler JobQueue: 0
2012-06-01 08:57:47,051-0500 DEBUG vdl:dostagein CDM: file://localhost/test.sh : DEFAULT
2012-06-01 08:57:47,055-0500 INFO  vdl:dostagein END jobid=sh-22f1q5sk - Staging in finished
2012-06-01 08:57:47,058-0500 DEBUG vdl:execute2 JOB_START jobid=sh-22f1q5sk tr=sh arguments=[test.sh] tmpdir=foreach-20120601-0857-ebvjjxg5/jobs/2/sh-22f1q5sk host=localhost
2012-06-01 08:57:47,070-0500 INFO  GridExec TASK_DEFINITION: Task(type=JOB_SUBMISSION, identity=urn:0-1-0-1-1-1338559062579) is /bin/bash shared/_swiftwrap sh-22f1q5sk -jobdir 2 -scratch  -e /bin/sh -out _concurrent/c-57961160-6016-4744-a591-9ead5c34a8be-1-0 -err stderr.txt -i -d _concurrent -if test.sh -of _concurrent/c-57961160-6016-4744-a591-9ead5c34a8be-1-0 -k  -cdmfile  -status files -a test.sh
2012-06-01 08:57:47,072-0500 INFO  JobSubmissionTaskHandler Submit: in: /var/tmp/foreach-20120601-0857-ebvjjxg5 command: /bin/bash /var/tmp/foreach-20120601-0857-ebvjjxg5/shared/_swiftwrap sh-22f1q5sk -jobdir 2 -scratch  -e /bin/sh -out _concurrent/c-57961160-6016-4744-a591-9ead5c34a8be-1-0 -err stderr.txt -i -d _concurrent -if test.sh -of _concurrent/c-57961160-6016-4744-a591-9ead5c34a8be-1-0 -k  -cdmfile  -status files -a test.sh
2012-06-01 08:57:47,317-0500 INFO  LateBindingScheduler JobQueue: 0
2012-06-01 08:57:47,321-0500 DEBUG vdl:checkjobstatus START jobid=sh-22f1q5sk
2012-06-01 08:57:47,329-0500 INFO  LateBindingScheduler JobQueue: 0
2012-06-01 08:57:47,330-0500 INFO  vdl:checkerrorfile FAILURE jobid=sh-22f1q5sk - Failure file found
2012-06-01 08:57:47,334-0500 INFO  LateBindingScheduler JobQueue: 0
2012-06-01 08:57:47,339-0500 INFO  LateBindingScheduler JobQueue: 1
2012-06-01 08:57:47,340-0500 INFO  LateBindingScheduler JobQueue: 0
2012-06-01 08:57:47,343-0500 DEBUG vdl:execute2 STAGING_OUT jobid=sh-22f1q5sk
2012-06-01 08:57:47,347-0500 INFO  vdl:dostageout START jobid=sh-22f1q5sk - Staging out files
2012-06-01 08:57:47,348-0500 DEBUG vdl:dostageout stageouts: [[$, c:countfile - Open]]
2012-06-01 08:57:47,357-0500 DEBUG vdl:dostageout FILE_STAGE_OUT_START srcname=c-57961160-6016-4744-a591-9ead5c34a8be-1-0 srcdir=foreach-20120601-0857-ebvjjxg5/shared/_concurrent srchost=localhost destdir=_concurrent desthost=localhost provider=file
2012-06-01 08:57:47,359-0500 INFO  LateBindingScheduler JobQueue: 0
2012-06-01 08:57:47,384-0500 INFO  LateBindingScheduler JobQueue: 0
2012-06-01 08:57:47,385-0500 INFO  vdl:checkerrorfile NO_STATUS_FILE jobid=sh-22f1q5sk - Error file missing
2012-06-01 08:57:47,387-0500 DEBUG vdl:execute2 APPLICATION_EXCEPTION jobid=sh-22f1q5sk - Application exception: null
Caused by: org.globus.cog.abstraction.impl.file.FileNotFoundException: File not found: /var/tmp/foreach-20120601-0857-ebvjjxg5/shared/_concurrent/c-57961160-6016-4744-a591-9ead5c34a8be-1-0
2012-06-01 08:57:47,400-0500 INFO  LateBindingScheduler JobQueue: 0
2012-06-01 08:57:47,404-0500 INFO  LateBindingScheduler JobQueue: 0
2012-06-01 08:57:47,423-0500 INFO  LateBindingScheduler JobQueue: 0
2012-06-01 08:57:47,431-0500 INFO  vdl:execute END_FAILURE thread=0-1-0-1 tr=sh
2012-06-01 08:57:47,436-0500 DEBUG VDL2ExecutionContext Exception in sh:
Arguments: [test.sh]
Host: localhost
Directory: foreach-20120601-0857-ebvjjxg5/jobs/2/sh-22f1q5sk
stderr.txt: 
stdout.txt: 

----

Exception in sh:
Arguments: [test.sh]
Host: localhost
Directory: foreach-20120601-0857-ebvjjxg5/jobs/2/sh-22f1q5sk
stderr.txt: 
stdout.txt: 

----

Caused by: null
Caused by: org.globus.cog.abstraction.impl.file.FileNotFoundException: File not found: /var/tmp/foreach-20120601-0857-ebvjjxg5/shared/_concurrent/c-57961160-6016-4744-a591-9ead5c34a8be-1-0
	at org.globus.cog.karajan.workflow.nodes.functions.KException.function(KException.java:29)
	at org.globus.cog.karajan.workflow.nodes.functions.AbstractFunction.post(AbstractFunction.java:27)
	at org.globus.cog.karajan.workflow.nodes.AbstractSequentialWithArguments.completed(AbstractSequentialWithArguments.java:194)
	at org.globus.cog.karajan.workflow.nodes.FlowNode.complete(FlowNode.java:214)
	at org.globus.cog.karajan.workflow.nodes.FlowContainer.post(FlowContainer.java:58)
	at org.globus.cog.karajan.workflow.nodes.functions.AbstractFunction.post(AbstractFunction.java:28)
	at org.globus.cog.karajan.workflow.nodes.Sequential.startNext(Sequential.java:29)
	at org.globus.cog.karajan.workflow.nodes.Sequential.executeChildren(Sequential.java:20)
	at org.globus.cog.karajan.workflow.nodes.FlowContainer.execute(FlowContainer.java:63)
	at org.globus.cog.karajan.workflow.nodes.FlowNode.restart(FlowNode.java:139)
	at org.globus.cog.karajan.workflow.nodes.FlowNode.start(FlowNode.java:197)
	at org.globus.cog.karajan.workflow.events.EventBus.start(EventBus.java:104)
	at org.globus.cog.karajan.workflow.events.EventTargetPair.run(EventTargetPair.java:40)
	at java.util.concurrent.Executors$RunnableAdapter.call(Executors.java:471)
	at java.util.concurrent.FutureTask$Sync.innerRun(FutureTask.java:334)
	at java.util.concurrent.FutureTask.run(FutureTask.java:166)
	at java.util.concurrent.ThreadPoolExecutor.runWorker(ThreadPoolExecutor.java:1110)
	at java.util.concurrent.ThreadPoolExecutor$Worker.run(ThreadPoolExecutor.java:603)
	at java.lang.Thread.run(Thread.java:722)
Caused by: null
Caused by: org.globus.cog.abstraction.impl.file.FileNotFoundException: File not found: /var/tmp/foreach-20120601-0857-ebvjjxg5/shared/_concurrent/c-57961160-6016-4744-a591-9ead5c34a8be-1-0
	at org.globus.cog.karajan.workflow.nodes.FlowNode.failImmediately(FlowNode.java:101)
	at org.globus.cog.karajan.workflow.nodes.grid.AbstractGridNode$1.run(AbstractGridNode.java:308)
	... 6 more
Caused by: org.globus.cog.abstraction.impl.file.FileNotFoundException: File not found: /var/tmp/foreach-20120601-0857-ebvjjxg5/shared/_concurrent/c-57961160-6016-4744-a591-9ead5c34a8be-1-0
	at org.globus.cog.abstraction.impl.file.local.FileResourceImpl.getFile(FileResourceImpl.java:225)
	at org.globus.cog.abstraction.impl.file.local.FileResourceImpl.putFile(FileResourceImpl.java:286)
	at org.globus.cog.abstraction.impl.file.AbstractFileResource.putFile(AbstractFileResource.java:152)
	at org.globus.cog.abstraction.impl.fileTransfer.DelegatedFileTransferHandler.doDestination(DelegatedFileTransferHandler.java:314)
	at org.globus.cog.abstraction.impl.fileTransfer.CachingDelegatedFileTransferHandler.doDestination(CachingDelegatedFileTransferHandler.java:46)
	at org.globus.cog.abstraction.impl.fileTransfer.DelegatedFileTransferHandler.run(DelegatedFileTransferHandler.java:487)
	... 1 more
2012-06-01 08:57:47,538-0500 INFO  ExecutionContext Detailed exception: 
Exception in sh:
Arguments: [test.sh]
Host: localhost
Directory: foreach-20120601-0857-ebvjjxg5/jobs/2/sh-22f1q5sk
stderr.txt: 
stdout.txt: 

----

Caused by: null
Caused by: org.globus.cog.abstraction.impl.file.FileNotFoundException: File not found: /var/tmp/foreach-20120601-0857-ebvjjxg5/shared/_concurrent/c-57961160-6016-4744-a591-9ead5c34a8be-1-0
	at org.globus.cog.karajan.workflow.nodes.functions.KException.function(KException.java:29)
	at org.globus.cog.karajan.workflow.nodes.functions.AbstractFunction.post(AbstractFunction.java:27)
	at org.globus.cog.karajan.workflow.nodes.AbstractSequentialWithArguments.completed(AbstractSequentialWithArguments.java:194)
	at org.globus.cog.karajan.workflow.nodes.FlowNode.complete(FlowNode.java:214)
	at org.globus.cog.karajan.workflow.nodes.FlowContainer.post(FlowContainer.java:58)
	at org.globus.cog.karajan.workflow.nodes.functions.AbstractFunction.post(AbstractFunction.java:28)
	at org.globus.cog.karajan.workflow.nodes.Sequential.startNext(Sequential.java:29)
	at org.globus.cog.karajan.workflow.nodes.Sequential.executeChildren(Sequential.java:20)
	at org.globus.cog.karajan.workflow.nodes.FlowContainer.execute(FlowContainer.java:63)
	at org.globus.cog.karajan.workflow.nodes.FlowNode.restart(FlowNode.java:139)
	at org.globus.cog.karajan.workflow.nodes.FlowNode.start(FlowNode.java:197)
	at org.globus.cog.karajan.workflow.events.EventBus.start(EventBus.java:104)
	at org.globus.cog.karajan.workflow.events.EventTargetPair.run(EventTargetPair.java:40)
	at java.util.concurrent.Executors$RunnableAdapter.call(Executors.java:471)
	at java.util.concurrent.FutureTask$Sync.innerRun(FutureTask.java:334)
	at java.util.concurrent.FutureTask.run(FutureTask.java:166)
	at java.util.concurrent.ThreadPoolExecutor.runWorker(ThreadPoolExecutor.java:1110)
	at java.util.concurrent.ThreadPoolExecutor$Worker.run(ThreadPoolExecutor.java:603)
	at java.lang.Thread.run(Thread.java:722)
Caused by: null
Caused by: org.globus.cog.abstraction.impl.file.FileNotFoundException: File not found: /var/tmp/foreach-20120601-0857-ebvjjxg5/shared/_concurrent/c-57961160-6016-4744-a591-9ead5c34a8be-1-0
	at org.globus.cog.karajan.workflow.nodes.FlowNode.failImmediately(FlowNode.java:101)
	at org.globus.cog.karajan.workflow.nodes.grid.AbstractGridNode$1.run(AbstractGridNode.java:308)
	... 6 more
Caused by: org.globus.cog.abstraction.impl.file.FileNotFoundException: File not found: /var/tmp/foreach-20120601-0857-ebvjjxg5/shared/_concurrent/c-57961160-6016-4744-a591-9ead5c34a8be-1-0
	at org.globus.cog.abstraction.impl.file.local.FileResourceImpl.getFile(FileResourceImpl.java:225)
	at org.globus.cog.abstraction.impl.file.local.FileResourceImpl.putFile(FileResourceImpl.java:286)
	at org.globus.cog.abstraction.impl.file.AbstractFileResource.putFile(AbstractFileResource.java:152)
	at org.globus.cog.abstraction.impl.fileTransfer.DelegatedFileTransferHandler.doDestination(DelegatedFileTransferHandler.java:314)
	at org.globus.cog.abstraction.impl.fileTransfer.CachingDelegatedFileTransferHandler.doDestination(CachingDelegatedFileTransferHandler.java:46)
	at org.globus.cog.abstraction.impl.fileTransfer.DelegatedFileTransferHandler.run(DelegatedFileTransferHandler.java:487)
	... 1 more
2012-06-01 08:57:47,539-0500 INFO  Loader Swift finished with errors
