2012-06-01 09:12:26,342-0500 DEBUG Loader arguments: [foreach.swift]
2012-06-01 09:12:26,342-0500 DEBUG Loader Max heap: 252248064
2012-06-01 09:12:26,343-0500 DEBUG textfiles BEGIN SWIFTSCRIPT:
type messagefile; 
type countfile; 

app (countfile t) countwords (messagefile f) {   
     sh "/home/skrieder/swift/foreach/scott3a.sh" stdout=@filename(t);
}

string inputNames = "scott3a.sh";

messagefile inputfiles[] <fixed_array_mapper;files=inputNames>;

foreach f in inputfiles {
  countfile c;
  c = countwords(f);
}


2012-06-01 09:12:26,343-0500 DEBUG textfiles END SWIFTSCRIPT:
2012-06-01 09:12:26,343-0500 DEBUG Loader kmlversion is >239b8550-a5ff-44be-a124-5e7ecd70737d<
2012-06-01 09:12:26,343-0500 DEBUG Loader build version is >239b8550-a5ff-44be-a124-5e7ecd70737d<
2012-06-01 09:12:26,343-0500 DEBUG Loader Recompilation suppressed.
2012-06-01 09:12:26,488-0500 DEBUG textfiles using default sites file
2012-06-01 09:12:26,493-0500 INFO  VDL2ExecutionContext Stack dump:
Level 1
[iA = 0, iB = 0, bA = false, bB = false]
	vdl:instanceconfig = Swift configuration []
	vdl:operation = run
	swift.home = /usr/local/swift/bin/..
	PATH_SEPARATOR = /


2012-06-01 09:12:27,161-0500 INFO  unknown Using sites file: /usr/local/swift/bin/../etc/sites.xml
2012-06-01 09:12:27,198-0500 INFO  unknown Using tc.data: /usr/local/swift/bin/../etc/tc.data
2012-06-01 09:12:27,296-0500 WARN  File On line 24in File /usr/local/swift/bin/../etc/tc.data

java.lang.IllegalStateException: Error : Illegal TCType defined. Please specify one of the predefined types 
 [INSTALLED, SOURCE, STATIC_BINARY, DYNAMIC_BINARY, PACMAN_PACKAGE, SCRIPT]
	at org.globus.swift.catalog.types.TCType.fromValue(TCType.java:73)
	at org.globus.swift.catalog.types.TCType.fromString(TCType.java:85)
	at org.globus.swift.catalog.transformation.File.populateTC(File.java:1085)
	at org.globus.swift.catalog.transformation.File.populateTC(File.java:1034)
	at org.globus.swift.catalog.transformation.File.<init>(File.java:149)
	at org.globus.swift.catalog.transformation.File.getNonSingletonInstance(File.java:116)
	at org.griphyn.vdl.karajan.VDSAdaptiveScheduler.setProperty(VDSAdaptiveScheduler.java:71)
	at org.globus.cog.karajan.workflow.nodes.grid.SchedulerNode.newScheduler(SchedulerNode.java:104)
	at org.globus.cog.karajan.workflow.nodes.grid.SchedulerNode.post(SchedulerNode.java:63)
	at org.globus.cog.karajan.workflow.nodes.AbstractSequentialWithArguments.completed(AbstractSequentialWithArguments.java:194)
	at org.globus.cog.karajan.workflow.nodes.FlowNode.complete(FlowNode.java:214)
	at org.globus.cog.karajan.workflow.nodes.FlowContainer.post(FlowContainer.java:58)
	at org.globus.cog.karajan.workflow.nodes.AbstractSequentialWithArguments.completed(AbstractSequentialWithArguments.java:194)
	at org.globus.cog.karajan.workflow.nodes.user.UserDefinedElement.completed(UserDefinedElement.java:286)
	at org.globus.cog.karajan.workflow.nodes.user.SequentialImplicitExecutionUDE.completed(SequentialImplicitExecutionUDE.java:89)
	at org.globus.cog.karajan.workflow.nodes.FlowNode.complete(FlowNode.java:214)
	at org.globus.cog.karajan.workflow.nodes.FlowContainer.post(FlowContainer.java:58)
	at org.globus.cog.karajan.workflow.nodes.functions.AbstractFunction.post(AbstractFunction.java:28)
	at org.globus.cog.karajan.workflow.nodes.AbstractSequentialWithArguments.completed(AbstractSequentialWithArguments.java:194)
	at org.globus.cog.karajan.workflow.nodes.FlowNode.complete(FlowNode.java:214)
	at org.globus.cog.karajan.workflow.nodes.ExecuteFile.completed(ExecuteFile.java:158)
	at org.globus.cog.karajan.workflow.nodes.FlowNode.complete(FlowNode.java:214)
	at org.globus.cog.karajan.workflow.nodes.FlowContainer.post(FlowContainer.java:58)
	at org.globus.cog.karajan.workflow.nodes.Sequential.startNext(Sequential.java:29)
	at org.globus.cog.karajan.workflow.nodes.Sequential.completed(Sequential.java:24)
	at org.globus.cog.karajan.workflow.nodes.FlowNode.complete(FlowNode.java:214)
	at org.globus.cog.karajan.workflow.nodes.FlowContainer.post(FlowContainer.java:58)
	at org.globus.cog.karajan.workflow.nodes.AbstractSequentialWithArguments.completed(AbstractSequentialWithArguments.java:194)
	at org.globus.cog.karajan.workflow.nodes.user.UserDefinedElement.completed(UserDefinedElement.java:286)
	at org.globus.cog.karajan.workflow.nodes.user.SequentialImplicitExecutionUDE.completed(SequentialImplicitExecutionUDE.java:89)
	at org.globus.cog.karajan.workflow.nodes.FlowNode.complete(FlowNode.java:214)
	at org.globus.cog.karajan.workflow.nodes.FlowContainer.post(FlowContainer.java:58)
	at org.globus.cog.karajan.workflow.nodes.functions.AbstractFunction.post(AbstractFunction.java:28)
	at org.globus.cog.karajan.workflow.nodes.AbstractSequentialWithArguments.completed(AbstractSequentialWithArguments.java:194)
	at org.globus.cog.karajan.workflow.nodes.FlowNode.complete(FlowNode.java:214)
	at org.globus.cog.karajan.workflow.nodes.FlowContainer.post(FlowContainer.java:58)
	at org.globus.cog.karajan.workflow.nodes.AbstractSequentialWithArguments.completed(AbstractSequentialWithArguments.java:194)
	at org.globus.cog.karajan.workflow.nodes.PartialArgumentsContainer.nonArgChildCompleted(PartialArgumentsContainer.java:105)
	at org.globus.cog.karajan.workflow.nodes.PartialArgumentsContainer.completed(PartialArgumentsContainer.java:86)
	at org.globus.cog.karajan.workflow.nodes.FlowNode.complete(FlowNode.java:214)
	at org.globus.cog.karajan.workflow.nodes.Maybe.failed(Maybe.java:23)
	at org.globus.cog.karajan.workflow.nodes.FlowNode.failImmediately(FlowNode.java:89)
	at org.globus.cog.karajan.workflow.nodes.FlowNode.failed(FlowNode.java:245)
	at org.globus.cog.karajan.workflow.nodes.FlowNode.failImmediately(FlowNode.java:89)
	at org.globus.cog.karajan.workflow.nodes.FlowNode.restart(FlowNode.java:151)
	at org.globus.cog.karajan.workflow.nodes.FlowNode.start(FlowNode.java:197)
	at org.globus.cog.karajan.workflow.FlowElementWrapper.start(FlowElementWrapper.java:227)
	at org.globus.cog.karajan.workflow.events.EventBus.start(EventBus.java:104)
	at org.globus.cog.karajan.workflow.events.EventTargetPair.run(EventTargetPair.java:40)
	at java.util.concurrent.Executors$RunnableAdapter.call(Executors.java:471)
	at java.util.concurrent.FutureTask$Sync.innerRun(FutureTask.java:334)
	at java.util.concurrent.FutureTask.run(FutureTask.java:166)
	at java.util.concurrent.ThreadPoolExecutor.runWorker(ThreadPoolExecutor.java:1110)
	at java.util.concurrent.ThreadPoolExecutor$Worker.run(ThreadPoolExecutor.java:603)
	at java.lang.Thread.run(Thread.java:722)
2012-06-01 09:12:27,303-0500 INFO  AbstractScheduler Setting resources to: {localhost=localhost}
2012-06-01 09:12:27,917-0500 INFO  unknown Swift 0.93 swift-r5483 cog-r3339

2012-06-01 09:12:27,918-0500 INFO  unknown RUNID id=run:20120601-0912-nxxx3ni1
2012-06-01 09:12:27,965-0500 INFO  SetFieldValue Set: inputNames=scott3a.sh
2012-06-01 09:12:27,973-0500 INFO  RootDataNode Found data inputfiles:messagefile[] - Open.[0]
2012-06-01 09:12:27,976-0500 DEBUG vdl:mains FOREACH_IT_START line=12 thread=0-1-0
2012-06-01 09:12:27,977-0500 DEBUG vdl:mains SCOPE thread=0-1-0
2012-06-01 09:12:27,986-0500 DEBUG countwords PROCEDURE line=4 thread=0-1-0-1 name=countwords
2012-06-01 09:12:27,992-0500 INFO  vdl:execute START thread=0-1-0-1 tr=sh
2012-06-01 09:12:28,014-0500 INFO  WeightedHostScoreScheduler CONTACT_SELECTED host=localhost, score=1.000
2012-06-01 09:12:28,024-0500 INFO  GlobalSubmitQueue No global submit throttle set. Using default (1024)
2012-06-01 09:12:28,029-0500 INFO  LateBindingScheduler JobQueue: 0
2012-06-01 09:12:28,033-0500 INFO  LateBindingScheduler JobQueue: 0
2012-06-01 09:12:28,039-0500 INFO  vdl:initshareddir START host=localhost - Initializing shared directory
2012-06-01 09:12:28,046-0500 INFO  LateBindingScheduler JobQueue: 0
2012-06-01 09:12:28,072-0500 INFO  LateBindingScheduler JobQueue: 0
2012-06-01 09:12:28,077-0500 INFO  LateBindingScheduler JobQueue: 0
2012-06-01 09:12:28,079-0500 INFO  LateBindingScheduler JobQueue: 0
2012-06-01 09:12:28,081-0500 INFO  LateBindingScheduler JobQueue: 0
2012-06-01 09:12:28,087-0500 INFO  LateBindingScheduler JobQueue: 0
2012-06-01 09:12:28,088-0500 INFO  vdl:initshareddir END host=localhost - Done initializing shared directory
2012-06-01 09:12:28,090-0500 DEBUG vdl:execute2 THREAD_ASSOCIATION jobid=sh-192mq5sk thread=0-1-0-1-1 host=localhost replicationGroup=092mq5sk
2012-06-01 09:12:28,095-0500 INFO  vdl:createdirset START jobid=sh-192mq5sk host=localhost - Initializing directory structure
2012-06-01 09:12:28,097-0500 INFO  vdl:createdirs START path=_concurrent dir=foreach-20120601-0912-nxxx3ni1/shared - Creating directory structure
2012-06-01 09:12:28,098-0500 INFO  LateBindingScheduler JobQueue: 0
2012-06-01 09:12:28,100-0500 INFO  vdl:createdirset END jobid=sh-192mq5sk - Done initializing directory structure
2012-06-01 09:12:28,101-0500 INFO  vdl:dostagein START jobid=sh-192mq5sk - Staging in files
2012-06-01 09:12:28,107-0500 INFO  LateBindingScheduler JobQueue: 0
2012-06-01 09:12:28,120-0500 DEBUG vdl:dostagein CDM: file://localhost/scott3a.sh : DEFAULT
2012-06-01 09:12:28,124-0500 DEBUG vdl:dostageinfile FILE_STAGE_IN_START file=scott3a.sh srchost=localhost srcdir= srcname=scott3a.sh desthost=localhost destdir=foreach-20120601-0912-nxxx3ni1/shared/ provider=file policy=DEFAULT
2012-06-01 09:12:28,128-0500 INFO  LateBindingScheduler JobQueue: 0
2012-06-01 09:12:28,130-0500 DEBUG vdl:dostageinfile FILE_STAGE_IN_END file=scott3a.sh srchost=localhost srcdir= srcname=scott3a.sh desthost=localhost destdir=foreach-20120601-0912-nxxx3ni1/shared/ provider=file
2012-06-01 09:12:28,130-0500 INFO  vdl:dostagein END jobid=sh-192mq5sk - Staging in finished
2012-06-01 09:12:28,132-0500 DEBUG vdl:execute2 JOB_START jobid=sh-192mq5sk tr=sh arguments=[/home/skrieder/swift/foreach/scott3a.sh] tmpdir=foreach-20120601-0912-nxxx3ni1/jobs/1/sh-192mq5sk host=localhost
2012-06-01 09:12:28,135-0500 DEBUG textfiles BEGIN TC:
#This is the transformation catalog.
#
#It comes pre-configured with a number of simple transformations with
#paths that are likely to work on a linux box. However, on some systems,
#the paths to these executables will be different (for example, sometimes
#some of these programs are found in /usr/bin rather than in /bin)
#
#NOTE WELL: fields in this file must be separated by tabs, not spaces; and
#there must be no trailing whitespace at the end of each line.
#
# sitename  transformation  path   INSTALLED  platform  profiles
localhost 	echo 		/bin/echo	INSTALLED	INTEL32::LINUX	null
localhost 	cat 		/bin/cat	INSTALLED	INTEL32::LINUX	null
localhost 	ls 		/bin/ls		INSTALLED	INTEL32::LINUX	null
localhost 	grep 		/bin/grep	INSTALLED	INTEL32::LINUX	null
localhost 	sort 		/bin/sort	INSTALLED	INTEL32::LINUX	null
localhost 	paste 		/bin/paste	INSTALLED	INTEL32::LINUX	null
localhost 	cp 		/bin/cp         INSTALLED	INTEL32::LINUX	null
localhost 	touch 		/bin/touch      INSTALLED	INTEL32::LINUX	null
localhost	wc		/usr/bin/wc	INSTALLED	INTEL32::LINUX	null
localhost	sh		/bin/sh		INSTALLED	INTEL32::LINUX	null
localhost	sleep		/bin/sleep	INSTALLED	INTEL32::LINUX	null
localhost	tr		/usr/bin/tr	INSTALLED	INTEL32::LINUX	null
localhost	scott.sh	/Users/scottkrieder/swift/examples/swift/tutorial/scott.sh	INTSALLED	INTEL32::LINUX	null


2012-06-01 09:12:28,135-0500 DEBUG textfiles END TC:
2012-06-01 09:12:28,136-0500 WARN  File On line 24in File /usr/local/swift/bin/../etc/tc.data

java.lang.IllegalStateException: Error : Illegal TCType defined. Please specify one of the predefined types 
 [INSTALLED, SOURCE, STATIC_BINARY, DYNAMIC_BINARY, PACMAN_PACKAGE, SCRIPT]
	at org.globus.swift.catalog.types.TCType.fromValue(TCType.java:73)
	at org.globus.swift.catalog.types.TCType.fromString(TCType.java:85)
	at org.globus.swift.catalog.transformation.File.populateTC(File.java:1085)
	at org.globus.swift.catalog.transformation.File.populateTC(File.java:1034)
	at org.globus.swift.catalog.transformation.File.<init>(File.java:149)
	at org.globus.swift.catalog.transformation.File.getNonSingletonInstance(File.java:116)
	at org.griphyn.vdl.karajan.lib.VDLFunction.getTC(VDLFunction.java:492)
	at org.griphyn.vdl.karajan.lib.Executable.function(Executable.java:24)
	at org.griphyn.vdl.karajan.lib.VDLFunction.post(VDLFunction.java:62)
	at org.globus.cog.karajan.workflow.nodes.AbstractSequentialWithArguments.completed(AbstractSequentialWithArguments.java:194)
	at org.globus.cog.karajan.workflow.nodes.FlowNode.complete(FlowNode.java:214)
	at org.globus.cog.karajan.workflow.nodes.FlowContainer.post(FlowContainer.java:58)
	at org.globus.cog.karajan.workflow.nodes.functions.AbstractFunction.post(AbstractFunction.java:28)
	at org.globus.cog.karajan.workflow.nodes.Sequential.startNext(Sequential.java:29)
	at org.globus.cog.karajan.workflow.nodes.Sequential.executeChildren(Sequential.java:20)
	at org.globus.cog.karajan.workflow.nodes.FlowContainer.execute(FlowContainer.java:63)
	at org.globus.cog.karajan.workflow.nodes.FlowNode.restart(FlowNode.java:139)
	at org.globus.cog.karajan.workflow.nodes.FlowNode.start(FlowNode.java:197)
	at org.globus.cog.karajan.workflow.FlowElementWrapper.start(FlowElementWrapper.java:227)
	at org.globus.cog.karajan.workflow.events.EventBus.start(EventBus.java:104)
	at org.globus.cog.karajan.workflow.events.EventTargetPair.run(EventTargetPair.java:40)
	at java.util.concurrent.Executors$RunnableAdapter.call(Executors.java:471)
	at java.util.concurrent.FutureTask$Sync.innerRun(FutureTask.java:334)
	at java.util.concurrent.FutureTask.run(FutureTask.java:166)
	at java.util.concurrent.ThreadPoolExecutor.runWorker(ThreadPoolExecutor.java:1110)
	at java.util.concurrent.ThreadPoolExecutor$Worker.run(ThreadPoolExecutor.java:603)
	at java.lang.Thread.run(Thread.java:722)
2012-06-01 09:12:28,145-0500 INFO  GridExec TASK_DEFINITION: Task(type=JOB_SUBMISSION, identity=urn:0-1-0-1-1-1338559947195) is /bin/bash shared/_swiftwrap sh-192mq5sk -jobdir 1 -scratch  -e /bin/sh -out _concurrent/c-0dc71f19-cceb-4cb6-bdac-2b8bd3d24718-1-0 -err stderr.txt -i -d _concurrent -if scott3a.sh -of _concurrent/c-0dc71f19-cceb-4cb6-bdac-2b8bd3d24718-1-0 -k  -cdmfile  -status files -a /home/skrieder/swift/foreach/scott3a.sh
2012-06-01 09:12:28,161-0500 INFO  JobSubmissionTaskHandler Submit: in: /var/tmp/foreach-20120601-0912-nxxx3ni1 command: /bin/bash /var/tmp/foreach-20120601-0912-nxxx3ni1/shared/_swiftwrap sh-192mq5sk -jobdir 1 -scratch  -e /bin/sh -out _concurrent/c-0dc71f19-cceb-4cb6-bdac-2b8bd3d24718-1-0 -err stderr.txt -i -d _concurrent -if scott3a.sh -of _concurrent/c-0dc71f19-cceb-4cb6-bdac-2b8bd3d24718-1-0 -k  -cdmfile  -status files -a /home/skrieder/swift/foreach/scott3a.sh
2012-06-01 09:12:28,436-0500 INFO  LateBindingScheduler JobQueue: 0
2012-06-01 09:12:28,443-0500 DEBUG vdl:checkjobstatus START jobid=sh-192mq5sk
2012-06-01 09:12:28,455-0500 INFO  LateBindingScheduler JobQueue: 0
2012-06-01 09:12:28,456-0500 INFO  vdl:checkerrorfile FAILURE jobid=sh-192mq5sk - Failure file found
2012-06-01 09:12:28,460-0500 INFO  LateBindingScheduler JobQueue: 0
2012-06-01 09:12:28,464-0500 INFO  LateBindingScheduler JobQueue: 0
2012-06-01 09:12:28,466-0500 INFO  LateBindingScheduler JobQueue: 0
2012-06-01 09:12:28,470-0500 DEBUG vdl:execute2 STAGING_OUT jobid=sh-192mq5sk
2012-06-01 09:12:28,474-0500 INFO  vdl:dostageout START jobid=sh-192mq5sk - Staging out files
2012-06-01 09:12:28,475-0500 DEBUG vdl:dostageout stageouts: [[$, c:countfile - Open]]
2012-06-01 09:12:28,493-0500 DEBUG vdl:dostageout FILE_STAGE_OUT_START srcname=c-0dc71f19-cceb-4cb6-bdac-2b8bd3d24718-1-0 srcdir=foreach-20120601-0912-nxxx3ni1/shared/_concurrent srchost=localhost destdir=_concurrent desthost=localhost provider=file
2012-06-01 09:12:28,495-0500 INFO  LateBindingScheduler JobQueue: 0
2012-06-01 09:12:28,525-0500 INFO  LateBindingScheduler JobQueue: 0
2012-06-01 09:12:28,527-0500 INFO  vdl:checkerrorfile NO_STATUS_FILE jobid=sh-192mq5sk - Error file missing
2012-06-01 09:12:28,532-0500 DEBUG vdl:execute2 APPLICATION_EXCEPTION jobid=sh-192mq5sk - Application exception: null
Caused by: org.globus.cog.abstraction.impl.file.FileNotFoundException: File not found: /var/tmp/foreach-20120601-0912-nxxx3ni1/shared/_concurrent/c-0dc71f19-cceb-4cb6-bdac-2b8bd3d24718-1-0
2012-06-01 09:12:28,551-0500 INFO  LateBindingScheduler JobQueue: 0
2012-06-01 09:12:28,555-0500 INFO  LateBindingScheduler JobQueue: 0
2012-06-01 09:12:28,576-0500 INFO  LateBindingScheduler JobQueue: 0
2012-06-01 09:12:28,586-0500 INFO  WeightedHostScoreScheduler CONTACT_SELECTED host=localhost, score=0.000
2012-06-01 09:12:28,593-0500 DEBUG vdl:execute2 THREAD_ASSOCIATION jobid=sh-392mq5sk thread=0-1-0-1-1 host=localhost replicationGroup=292mq5sk
2012-06-01 09:12:28,602-0500 INFO  vdl:createdirset START jobid=sh-392mq5sk host=localhost - Initializing directory structure
2012-06-01 09:12:28,604-0500 INFO  vdl:createdirset END jobid=sh-392mq5sk - Done initializing directory structure
2012-06-01 09:12:28,605-0500 INFO  vdl:dostagein START jobid=sh-392mq5sk - Staging in files
2012-06-01 09:12:28,612-0500 INFO  LateBindingScheduler JobQueue: 0
2012-06-01 09:12:28,613-0500 DEBUG vdl:dostagein CDM: file://localhost/scott3a.sh : DEFAULT
2012-06-01 09:12:28,616-0500 INFO  vdl:dostagein END jobid=sh-392mq5sk - Staging in finished
2012-06-01 09:12:28,618-0500 DEBUG vdl:execute2 JOB_START jobid=sh-392mq5sk tr=sh arguments=[/home/skrieder/swift/foreach/scott3a.sh] tmpdir=foreach-20120601-0912-nxxx3ni1/jobs/3/sh-392mq5sk host=localhost
2012-06-01 09:12:28,630-0500 INFO  GridExec TASK_DEFINITION: Task(type=JOB_SUBMISSION, identity=urn:0-1-0-1-1-1338559947237) is /bin/bash shared/_swiftwrap sh-392mq5sk -jobdir 3 -scratch  -e /bin/sh -out _concurrent/c-0dc71f19-cceb-4cb6-bdac-2b8bd3d24718-1-0 -err stderr.txt -i -d _concurrent -if scott3a.sh -of _concurrent/c-0dc71f19-cceb-4cb6-bdac-2b8bd3d24718-1-0 -k  -cdmfile  -status files -a /home/skrieder/swift/foreach/scott3a.sh
2012-06-01 09:12:28,630-0500 INFO  JobSubmissionTaskHandler Submit: in: /var/tmp/foreach-20120601-0912-nxxx3ni1 command: /bin/bash /var/tmp/foreach-20120601-0912-nxxx3ni1/shared/_swiftwrap sh-392mq5sk -jobdir 3 -scratch  -e /bin/sh -out _concurrent/c-0dc71f19-cceb-4cb6-bdac-2b8bd3d24718-1-0 -err stderr.txt -i -d _concurrent -if scott3a.sh -of _concurrent/c-0dc71f19-cceb-4cb6-bdac-2b8bd3d24718-1-0 -k  -cdmfile  -status files -a /home/skrieder/swift/foreach/scott3a.sh
2012-06-01 09:12:28,878-0500 INFO  LateBindingScheduler JobQueue: 0
2012-06-01 09:12:28,882-0500 DEBUG vdl:checkjobstatus START jobid=sh-392mq5sk
2012-06-01 09:12:28,888-0500 INFO  LateBindingScheduler JobQueue: 0
2012-06-01 09:12:28,890-0500 INFO  vdl:checkerrorfile FAILURE jobid=sh-392mq5sk - Failure file found
2012-06-01 09:12:28,893-0500 INFO  LateBindingScheduler JobQueue: 0
2012-06-01 09:12:28,896-0500 INFO  LateBindingScheduler JobQueue: 1
2012-06-01 09:12:28,898-0500 INFO  LateBindingScheduler JobQueue: 0
2012-06-01 09:12:28,900-0500 DEBUG vdl:execute2 STAGING_OUT jobid=sh-392mq5sk
2012-06-01 09:12:28,901-0500 INFO  vdl:dostageout START jobid=sh-392mq5sk - Staging out files
2012-06-01 09:12:28,902-0500 DEBUG vdl:dostageout stageouts: [[$, c:countfile - Open]]
2012-06-01 09:12:28,910-0500 DEBUG vdl:dostageout FILE_STAGE_OUT_START srcname=c-0dc71f19-cceb-4cb6-bdac-2b8bd3d24718-1-0 srcdir=foreach-20120601-0912-nxxx3ni1/shared/_concurrent srchost=localhost destdir=_concurrent desthost=localhost provider=file
2012-06-01 09:12:28,912-0500 INFO  LateBindingScheduler JobQueue: 0
2012-06-01 09:12:28,933-0500 INFO  LateBindingScheduler JobQueue: 0
2012-06-01 09:12:28,934-0500 INFO  vdl:checkerrorfile NO_STATUS_FILE jobid=sh-392mq5sk - Error file missing
2012-06-01 09:12:28,936-0500 DEBUG vdl:execute2 APPLICATION_EXCEPTION jobid=sh-392mq5sk - Application exception: null
Caused by: org.globus.cog.abstraction.impl.file.FileNotFoundException: File not found: /var/tmp/foreach-20120601-0912-nxxx3ni1/shared/_concurrent/c-0dc71f19-cceb-4cb6-bdac-2b8bd3d24718-1-0
2012-06-01 09:12:28,946-0500 INFO  LateBindingScheduler JobQueue: 0
2012-06-01 09:12:28,950-0500 INFO  LateBindingScheduler JobQueue: 0
2012-06-01 09:12:28,966-0500 INFO  LateBindingScheduler JobQueue: 0
2012-06-01 09:12:31,481-0500 INFO  WeightedHostScoreScheduler CONTACT_SELECTED host=localhost, score=0.000
2012-06-01 09:12:31,494-0500 DEBUG vdl:execute2 THREAD_ASSOCIATION jobid=sh-592mq5sk thread=0-1-0-1-1 host=localhost replicationGroup=492mq5sk
2012-06-01 09:12:31,513-0500 INFO  vdl:createdirset START jobid=sh-592mq5sk host=localhost - Initializing directory structure
2012-06-01 09:12:31,517-0500 INFO  vdl:createdirset END jobid=sh-592mq5sk - Done initializing directory structure
2012-06-01 09:12:31,519-0500 INFO  vdl:dostagein START jobid=sh-592mq5sk - Staging in files
2012-06-01 09:12:31,531-0500 INFO  LateBindingScheduler JobQueue: 0
2012-06-01 09:12:31,533-0500 DEBUG vdl:dostagein CDM: file://localhost/scott3a.sh : DEFAULT
2012-06-01 09:12:31,538-0500 INFO  vdl:dostagein END jobid=sh-592mq5sk - Staging in finished
2012-06-01 09:12:31,541-0500 DEBUG vdl:execute2 JOB_START jobid=sh-592mq5sk tr=sh arguments=[/home/skrieder/swift/foreach/scott3a.sh] tmpdir=foreach-20120601-0912-nxxx3ni1/jobs/5/sh-592mq5sk host=localhost
2012-06-01 09:12:31,553-0500 INFO  GridExec TASK_DEFINITION: Task(type=JOB_SUBMISSION, identity=urn:0-1-0-1-1-1338559947279) is /bin/bash shared/_swiftwrap sh-592mq5sk -jobdir 5 -scratch  -e /bin/sh -out _concurrent/c-0dc71f19-cceb-4cb6-bdac-2b8bd3d24718-1-0 -err stderr.txt -i -d _concurrent -if scott3a.sh -of _concurrent/c-0dc71f19-cceb-4cb6-bdac-2b8bd3d24718-1-0 -k  -cdmfile  -status files -a /home/skrieder/swift/foreach/scott3a.sh
2012-06-01 09:12:31,555-0500 INFO  JobSubmissionTaskHandler Submit: in: /var/tmp/foreach-20120601-0912-nxxx3ni1 command: /bin/bash /var/tmp/foreach-20120601-0912-nxxx3ni1/shared/_swiftwrap sh-592mq5sk -jobdir 5 -scratch  -e /bin/sh -out _concurrent/c-0dc71f19-cceb-4cb6-bdac-2b8bd3d24718-1-0 -err stderr.txt -i -d _concurrent -if scott3a.sh -of _concurrent/c-0dc71f19-cceb-4cb6-bdac-2b8bd3d24718-1-0 -k  -cdmfile  -status files -a /home/skrieder/swift/foreach/scott3a.sh
2012-06-01 09:12:31,800-0500 INFO  LateBindingScheduler JobQueue: 0
2012-06-01 09:12:31,804-0500 DEBUG vdl:checkjobstatus START jobid=sh-592mq5sk
2012-06-01 09:12:31,812-0500 INFO  LateBindingScheduler JobQueue: 0
2012-06-01 09:12:31,813-0500 INFO  vdl:checkerrorfile FAILURE jobid=sh-592mq5sk - Failure file found
2012-06-01 09:12:31,817-0500 INFO  LateBindingScheduler JobQueue: 0
2012-06-01 09:12:31,822-0500 INFO  LateBindingScheduler JobQueue: 1
2012-06-01 09:12:31,823-0500 INFO  LateBindingScheduler JobQueue: 0
2012-06-01 09:12:31,827-0500 DEBUG vdl:execute2 STAGING_OUT jobid=sh-592mq5sk
2012-06-01 09:12:31,830-0500 INFO  vdl:dostageout START jobid=sh-592mq5sk - Staging out files
2012-06-01 09:12:31,831-0500 DEBUG vdl:dostageout stageouts: [[$, c:countfile - Open]]
2012-06-01 09:12:31,841-0500 DEBUG vdl:dostageout FILE_STAGE_OUT_START srcname=c-0dc71f19-cceb-4cb6-bdac-2b8bd3d24718-1-0 srcdir=foreach-20120601-0912-nxxx3ni1/shared/_concurrent srchost=localhost destdir=_concurrent desthost=localhost provider=file
2012-06-01 09:12:31,843-0500 INFO  LateBindingScheduler JobQueue: 0
2012-06-01 09:12:31,867-0500 INFO  LateBindingScheduler JobQueue: 0
2012-06-01 09:12:31,868-0500 INFO  vdl:checkerrorfile NO_STATUS_FILE jobid=sh-592mq5sk - Error file missing
2012-06-01 09:12:31,870-0500 DEBUG vdl:execute2 APPLICATION_EXCEPTION jobid=sh-592mq5sk - Application exception: null
Caused by: org.globus.cog.abstraction.impl.file.FileNotFoundException: File not found: /var/tmp/foreach-20120601-0912-nxxx3ni1/shared/_concurrent/c-0dc71f19-cceb-4cb6-bdac-2b8bd3d24718-1-0
2012-06-01 09:12:31,883-0500 INFO  LateBindingScheduler JobQueue: 0
2012-06-01 09:12:31,886-0500 INFO  LateBindingScheduler JobQueue: 0
2012-06-01 09:12:31,905-0500 INFO  LateBindingScheduler JobQueue: 0
2012-06-01 09:12:31,914-0500 INFO  vdl:execute END_FAILURE thread=0-1-0-1 tr=sh
2012-06-01 09:12:31,919-0500 DEBUG VDL2ExecutionContext Exception in sh:
Arguments: [/home/skrieder/swift/foreach/scott3a.sh]
Host: localhost
Directory: foreach-20120601-0912-nxxx3ni1/jobs/5/sh-592mq5sk
stderr.txt: 
stdout.txt: 

----

Exception in sh:
Arguments: [/home/skrieder/swift/foreach/scott3a.sh]
Host: localhost
Directory: foreach-20120601-0912-nxxx3ni1/jobs/5/sh-592mq5sk
stderr.txt: 
stdout.txt: 

----

Caused by: null
Caused by: org.globus.cog.abstraction.impl.file.FileNotFoundException: File not found: /var/tmp/foreach-20120601-0912-nxxx3ni1/shared/_concurrent/c-0dc71f19-cceb-4cb6-bdac-2b8bd3d24718-1-0
	at org.globus.cog.karajan.workflow.nodes.functions.KException.function(KException.java:29)
	at org.globus.cog.karajan.workflow.nodes.functions.AbstractFunction.post(AbstractFunction.java:27)
	at org.globus.cog.karajan.workflow.nodes.AbstractSequentialWithArguments.completed(AbstractSequentialWithArguments.java:194)
	at org.globus.cog.karajan.workflow.nodes.FlowNode.complete(FlowNode.java:214)
	at org.globus.cog.karajan.workflow.nodes.FlowContainer.post(FlowContainer.java:58)
	at org.globus.cog.karajan.workflow.nodes.functions.AbstractFunction.post(AbstractFunction.java:28)
	at org.globus.cog.karajan.workflow.nodes.Sequential.startNext(Sequential.java:29)
	at org.globus.cog.karajan.workflow.nodes.Sequential.executeChildren(Sequential.java:20)
	at org.globus.cog.karajan.workflow.nodes.FlowContainer.execute(FlowContainer.java:63)
	at org.globus.cog.karajan.workflow.nodes.FlowNode.restart(FlowNode.java:139)
	at org.globus.cog.karajan.workflow.nodes.FlowNode.start(FlowNode.java:197)
	at org.globus.cog.karajan.workflow.events.EventBus.start(EventBus.java:104)
	at org.globus.cog.karajan.workflow.events.EventTargetPair.run(EventTargetPair.java:40)
	at java.util.concurrent.Executors$RunnableAdapter.call(Executors.java:471)
	at java.util.concurrent.FutureTask$Sync.innerRun(FutureTask.java:334)
	at java.util.concurrent.FutureTask.run(FutureTask.java:166)
	at java.util.concurrent.ThreadPoolExecutor.runWorker(ThreadPoolExecutor.java:1110)
	at java.util.concurrent.ThreadPoolExecutor$Worker.run(ThreadPoolExecutor.java:603)
	at java.lang.Thread.run(Thread.java:722)
Caused by: null
Caused by: org.globus.cog.abstraction.impl.file.FileNotFoundException: File not found: /var/tmp/foreach-20120601-0912-nxxx3ni1/shared/_concurrent/c-0dc71f19-cceb-4cb6-bdac-2b8bd3d24718-1-0
	at org.globus.cog.karajan.workflow.nodes.FlowNode.failImmediately(FlowNode.java:101)
	at org.globus.cog.karajan.workflow.nodes.grid.AbstractGridNode$1.run(AbstractGridNode.java:308)
	... 6 more
Caused by: org.globus.cog.abstraction.impl.file.FileNotFoundException: File not found: /var/tmp/foreach-20120601-0912-nxxx3ni1/shared/_concurrent/c-0dc71f19-cceb-4cb6-bdac-2b8bd3d24718-1-0
	at org.globus.cog.abstraction.impl.file.local.FileResourceImpl.getFile(FileResourceImpl.java:225)
	at org.globus.cog.abstraction.impl.file.local.FileResourceImpl.putFile(FileResourceImpl.java:286)
	at org.globus.cog.abstraction.impl.file.AbstractFileResource.putFile(AbstractFileResource.java:152)
	at org.globus.cog.abstraction.impl.fileTransfer.DelegatedFileTransferHandler.doDestination(DelegatedFileTransferHandler.java:314)
	at org.globus.cog.abstraction.impl.fileTransfer.CachingDelegatedFileTransferHandler.doDestination(CachingDelegatedFileTransferHandler.java:46)
	at org.globus.cog.abstraction.impl.fileTransfer.DelegatedFileTransferHandler.run(DelegatedFileTransferHandler.java:487)
	... 1 more
2012-06-01 09:12:32,012-0500 INFO  ExecutionContext Detailed exception: 
Exception in sh:
Arguments: [/home/skrieder/swift/foreach/scott3a.sh]
Host: localhost
Directory: foreach-20120601-0912-nxxx3ni1/jobs/5/sh-592mq5sk
stderr.txt: 
stdout.txt: 

----

Caused by: null
Caused by: org.globus.cog.abstraction.impl.file.FileNotFoundException: File not found: /var/tmp/foreach-20120601-0912-nxxx3ni1/shared/_concurrent/c-0dc71f19-cceb-4cb6-bdac-2b8bd3d24718-1-0
	at org.globus.cog.karajan.workflow.nodes.functions.KException.function(KException.java:29)
	at org.globus.cog.karajan.workflow.nodes.functions.AbstractFunction.post(AbstractFunction.java:27)
	at org.globus.cog.karajan.workflow.nodes.AbstractSequentialWithArguments.completed(AbstractSequentialWithArguments.java:194)
	at org.globus.cog.karajan.workflow.nodes.FlowNode.complete(FlowNode.java:214)
	at org.globus.cog.karajan.workflow.nodes.FlowContainer.post(FlowContainer.java:58)
	at org.globus.cog.karajan.workflow.nodes.functions.AbstractFunction.post(AbstractFunction.java:28)
	at org.globus.cog.karajan.workflow.nodes.Sequential.startNext(Sequential.java:29)
	at org.globus.cog.karajan.workflow.nodes.Sequential.executeChildren(Sequential.java:20)
	at org.globus.cog.karajan.workflow.nodes.FlowContainer.execute(FlowContainer.java:63)
	at org.globus.cog.karajan.workflow.nodes.FlowNode.restart(FlowNode.java:139)
	at org.globus.cog.karajan.workflow.nodes.FlowNode.start(FlowNode.java:197)
	at org.globus.cog.karajan.workflow.events.EventBus.start(EventBus.java:104)
	at org.globus.cog.karajan.workflow.events.EventTargetPair.run(EventTargetPair.java:40)
	at java.util.concurrent.Executors$RunnableAdapter.call(Executors.java:471)
	at java.util.concurrent.FutureTask$Sync.innerRun(FutureTask.java:334)
	at java.util.concurrent.FutureTask.run(FutureTask.java:166)
	at java.util.concurrent.ThreadPoolExecutor.runWorker(ThreadPoolExecutor.java:1110)
	at java.util.concurrent.ThreadPoolExecutor$Worker.run(ThreadPoolExecutor.java:603)
	at java.lang.Thread.run(Thread.java:722)
Caused by: null
Caused by: org.globus.cog.abstraction.impl.file.FileNotFoundException: File not found: /var/tmp/foreach-20120601-0912-nxxx3ni1/shared/_concurrent/c-0dc71f19-cceb-4cb6-bdac-2b8bd3d24718-1-0
	at org.globus.cog.karajan.workflow.nodes.FlowNode.failImmediately(FlowNode.java:101)
	at org.globus.cog.karajan.workflow.nodes.grid.AbstractGridNode$1.run(AbstractGridNode.java:308)
	... 6 more
Caused by: org.globus.cog.abstraction.impl.file.FileNotFoundException: File not found: /var/tmp/foreach-20120601-0912-nxxx3ni1/shared/_concurrent/c-0dc71f19-cceb-4cb6-bdac-2b8bd3d24718-1-0
	at org.globus.cog.abstraction.impl.file.local.FileResourceImpl.getFile(FileResourceImpl.java:225)
	at org.globus.cog.abstraction.impl.file.local.FileResourceImpl.putFile(FileResourceImpl.java:286)
	at org.globus.cog.abstraction.impl.file.AbstractFileResource.putFile(AbstractFileResource.java:152)
	at org.globus.cog.abstraction.impl.fileTransfer.DelegatedFileTransferHandler.doDestination(DelegatedFileTransferHandler.java:314)
	at org.globus.cog.abstraction.impl.fileTransfer.CachingDelegatedFileTransferHandler.doDestination(CachingDelegatedFileTransferHandler.java:46)
	at org.globus.cog.abstraction.impl.fileTransfer.DelegatedFileTransferHandler.run(DelegatedFileTransferHandler.java:487)
	... 1 more
2012-06-01 09:12:32,013-0500 INFO  Loader Swift finished with errors
