2012-06-01 08:58:29,908-0500 DEBUG Loader arguments: [foreach.swift]
2012-06-01 08:58:29,908-0500 DEBUG Loader Max heap: 252248064
2012-06-01 08:58:29,909-0500 DEBUG textfiles BEGIN SWIFTSCRIPT:
type messagefile; 
type countfile; 

app (countfile t) countwords (messagefile f) {   
     sh "test.sh" stdout=@filename(t);
}

string inputNames = "test.sh";

messagefile inputfiles[] <fixed_array_mapper;files=inputNames>;

foreach f in inputfiles {
  countfile c;
  c = countwords(f);
}


2012-06-01 08:58:29,909-0500 DEBUG textfiles END SWIFTSCRIPT:
2012-06-01 08:58:29,909-0500 DEBUG Loader kmlversion is >239b8550-a5ff-44be-a124-5e7ecd70737d<
2012-06-01 08:58:29,909-0500 DEBUG Loader build version is >239b8550-a5ff-44be-a124-5e7ecd70737d<
2012-06-01 08:58:29,909-0500 DEBUG Loader Recompilation suppressed.
2012-06-01 08:58:30,054-0500 DEBUG textfiles using default sites file
2012-06-01 08:58:30,059-0500 INFO  VDL2ExecutionContext Stack dump:
Level 1
[iA = 0, iB = 0, bA = false, bB = false]
	vdl:instanceconfig = Swift configuration []
	vdl:operation = run
	swift.home = /usr/local/swift/bin/..
	PATH_SEPARATOR = /


2012-06-01 08:58:30,719-0500 INFO  unknown Using sites file: /usr/local/swift/bin/../etc/sites.xml
2012-06-01 08:58:30,769-0500 INFO  unknown Using tc.data: /usr/local/swift/bin/../etc/tc.data
2012-06-01 08:58:30,879-0500 WARN  File On line 24in File /usr/local/swift/bin/../etc/tc.data

java.lang.IllegalStateException: Error : Illegal TCType defined. Please specify one of the predefined types 
 [INSTALLED, SOURCE, STATIC_BINARY, DYNAMIC_BINARY, PACMAN_PACKAGE, SCRIPT]
	at org.globus.swift.catalog.types.TCType.fromValue(TCType.java:73)
	at org.globus.swift.catalog.types.TCType.fromString(TCType.java:85)
	at org.globus.swift.catalog.transformation.File.populateTC(File.java:1085)
	at org.globus.swift.catalog.transformation.File.populateTC(File.java:1034)
	at org.globus.swift.catalog.transformation.File.<init>(File.java:149)
	at org.globus.swift.catalog.transformation.File.getNonSingletonInstance(File.java:116)
	at org.griphyn.vdl.karajan.VDSAdaptiveScheduler.setProperty(VDSAdaptiveScheduler.java:71)
	at org.globus.cog.karajan.workflow.nodes.grid.SchedulerNode.newScheduler(SchedulerNode.java:104)
	at org.globus.cog.karajan.workflow.nodes.grid.SchedulerNode.post(SchedulerNode.java:63)
	at org.globus.cog.karajan.workflow.nodes.AbstractSequentialWithArguments.completed(AbstractSequentialWithArguments.java:194)
	at org.globus.cog.karajan.workflow.nodes.FlowNode.complete(FlowNode.java:214)
	at org.globus.cog.karajan.workflow.nodes.FlowContainer.post(FlowContainer.java:58)
	at org.globus.cog.karajan.workflow.nodes.AbstractSequentialWithArguments.completed(AbstractSequentialWithArguments.java:194)
	at org.globus.cog.karajan.workflow.nodes.user.UserDefinedElement.completed(UserDefinedElement.java:286)
	at org.globus.cog.karajan.workflow.nodes.user.SequentialImplicitExecutionUDE.completed(SequentialImplicitExecutionUDE.java:89)
	at org.globus.cog.karajan.workflow.nodes.FlowNode.complete(FlowNode.java:214)
	at org.globus.cog.karajan.workflow.nodes.FlowContainer.post(FlowContainer.java:58)
	at org.globus.cog.karajan.workflow.nodes.functions.AbstractFunction.post(AbstractFunction.java:28)
	at org.globus.cog.karajan.workflow.nodes.AbstractSequentialWithArguments.completed(AbstractSequentialWithArguments.java:194)
	at org.globus.cog.karajan.workflow.nodes.FlowNode.complete(FlowNode.java:214)
	at org.globus.cog.karajan.workflow.nodes.ExecuteFile.completed(ExecuteFile.java:158)
	at org.globus.cog.karajan.workflow.nodes.FlowNode.complete(FlowNode.java:214)
	at org.globus.cog.karajan.workflow.nodes.FlowContainer.post(FlowContainer.java:58)
	at org.globus.cog.karajan.workflow.nodes.Sequential.startNext(Sequential.java:29)
	at org.globus.cog.karajan.workflow.nodes.Sequential.completed(Sequential.java:24)
	at org.globus.cog.karajan.workflow.nodes.FlowNode.complete(FlowNode.java:214)
	at org.globus.cog.karajan.workflow.nodes.FlowContainer.post(FlowContainer.java:58)
	at org.globus.cog.karajan.workflow.nodes.AbstractSequentialWithArguments.completed(AbstractSequentialWithArguments.java:194)
	at org.globus.cog.karajan.workflow.nodes.user.UserDefinedElement.completed(UserDefinedElement.java:286)
	at org.globus.cog.karajan.workflow.nodes.user.SequentialImplicitExecutionUDE.completed(SequentialImplicitExecutionUDE.java:89)
	at org.globus.cog.karajan.workflow.nodes.FlowNode.complete(FlowNode.java:214)
	at org.globus.cog.karajan.workflow.nodes.FlowContainer.post(FlowContainer.java:58)
	at org.globus.cog.karajan.workflow.nodes.functions.AbstractFunction.post(AbstractFunction.java:28)
	at org.globus.cog.karajan.workflow.nodes.AbstractSequentialWithArguments.completed(AbstractSequentialWithArguments.java:194)
	at org.globus.cog.karajan.workflow.nodes.FlowNode.complete(FlowNode.java:214)
	at org.globus.cog.karajan.workflow.nodes.FlowContainer.post(FlowContainer.java:58)
	at org.globus.cog.karajan.workflow.nodes.AbstractSequentialWithArguments.completed(AbstractSequentialWithArguments.java:194)
	at org.globus.cog.karajan.workflow.nodes.PartialArgumentsContainer.nonArgChildCompleted(PartialArgumentsContainer.java:105)
	at org.globus.cog.karajan.workflow.nodes.PartialArgumentsContainer.completed(PartialArgumentsContainer.java:86)
	at org.globus.cog.karajan.workflow.nodes.FlowNode.complete(FlowNode.java:214)
	at org.globus.cog.karajan.workflow.nodes.Maybe.failed(Maybe.java:23)
	at org.globus.cog.karajan.workflow.nodes.FlowNode.failImmediately(FlowNode.java:89)
	at org.globus.cog.karajan.workflow.nodes.FlowNode.failed(FlowNode.java:245)
	at org.globus.cog.karajan.workflow.nodes.FlowNode.failImmediately(FlowNode.java:89)
	at org.globus.cog.karajan.workflow.nodes.FlowNode.restart(FlowNode.java:151)
	at org.globus.cog.karajan.workflow.nodes.FlowNode.start(FlowNode.java:197)
	at org.globus.cog.karajan.workflow.FlowElementWrapper.start(FlowElementWrapper.java:227)
	at org.globus.cog.karajan.workflow.events.EventBus.start(EventBus.java:104)
	at org.globus.cog.karajan.workflow.events.EventTargetPair.run(EventTargetPair.java:40)
	at java.util.concurrent.Executors$RunnableAdapter.call(Executors.java:471)
	at java.util.concurrent.FutureTask$Sync.innerRun(FutureTask.java:334)
	at java.util.concurrent.FutureTask.run(FutureTask.java:166)
	at java.util.concurrent.ThreadPoolExecutor.runWorker(ThreadPoolExecutor.java:1110)
	at java.util.concurrent.ThreadPoolExecutor$Worker.run(ThreadPoolExecutor.java:603)
	at java.lang.Thread.run(Thread.java:722)
2012-06-01 08:58:30,886-0500 INFO  AbstractScheduler Setting resources to: {localhost=localhost}
2012-06-01 08:58:31,547-0500 INFO  unknown Swift 0.93 swift-r5483 cog-r3339

2012-06-01 08:58:31,548-0500 INFO  unknown RUNID id=run:20120601-0858-23zl9hb8
2012-06-01 08:58:31,615-0500 INFO  SetFieldValue Set: inputNames=test.sh
2012-06-01 08:58:31,629-0500 INFO  RootDataNode Found data inputfiles:messagefile[] - Open.[0]
2012-06-01 08:58:31,632-0500 DEBUG vdl:mains FOREACH_IT_START line=12 thread=0-1-0
2012-06-01 08:58:31,633-0500 DEBUG vdl:mains SCOPE thread=0-1-0
2012-06-01 08:58:31,645-0500 DEBUG countwords PROCEDURE line=4 thread=0-1-0-1 name=countwords
2012-06-01 08:58:31,656-0500 INFO  vdl:execute START thread=0-1-0-1 tr=sh
2012-06-01 08:58:31,671-0500 INFO  WeightedHostScoreScheduler CONTACT_SELECTED host=localhost, score=1.000
2012-06-01 08:58:31,677-0500 INFO  GlobalSubmitQueue No global submit throttle set. Using default (1024)
2012-06-01 08:58:31,682-0500 INFO  LateBindingScheduler JobQueue: 0
2012-06-01 08:58:31,685-0500 INFO  LateBindingScheduler JobQueue: 0
2012-06-01 08:58:31,688-0500 INFO  vdl:initshareddir START host=localhost - Initializing shared directory
2012-06-01 08:58:31,690-0500 INFO  LateBindingScheduler JobQueue: 0
2012-06-01 08:58:31,713-0500 INFO  LateBindingScheduler JobQueue: 0
2012-06-01 08:58:31,718-0500 INFO  LateBindingScheduler JobQueue: 0
2012-06-01 08:58:31,721-0500 INFO  LateBindingScheduler JobQueue: 0
2012-06-01 08:58:31,725-0500 INFO  LateBindingScheduler JobQueue: 0
2012-06-01 08:58:31,731-0500 INFO  LateBindingScheduler JobQueue: 0
2012-06-01 08:58:31,735-0500 INFO  vdl:initshareddir END host=localhost - Done initializing shared directory
2012-06-01 08:58:31,740-0500 DEBUG vdl:execute2 THREAD_ASSOCIATION jobid=sh-yfj2q5sk thread=0-1-0-1-1 host=localhost replicationGroup=xfj2q5sk
2012-06-01 08:58:31,759-0500 INFO  vdl:createdirset START jobid=sh-yfj2q5sk host=localhost - Initializing directory structure
2012-06-01 08:58:31,761-0500 INFO  vdl:createdirs START path=_concurrent dir=foreach-20120601-0858-23zl9hb8/shared - Creating directory structure
2012-06-01 08:58:31,763-0500 INFO  LateBindingScheduler JobQueue: 0
2012-06-01 08:58:31,765-0500 INFO  vdl:createdirset END jobid=sh-yfj2q5sk - Done initializing directory structure
2012-06-01 08:58:31,766-0500 INFO  vdl:dostagein START jobid=sh-yfj2q5sk - Staging in files
2012-06-01 08:58:31,777-0500 INFO  LateBindingScheduler JobQueue: 0
2012-06-01 08:58:31,782-0500 DEBUG vdl:dostagein CDM: file://localhost/test.sh : DEFAULT
2012-06-01 08:58:31,786-0500 DEBUG vdl:dostageinfile FILE_STAGE_IN_START file=test.sh srchost=localhost srcdir= srcname=test.sh desthost=localhost destdir=foreach-20120601-0858-23zl9hb8/shared/ provider=file policy=DEFAULT
2012-06-01 08:58:31,809-0500 INFO  LateBindingScheduler JobQueue: 0
2012-06-01 08:58:31,811-0500 INFO  vdl:checkerrorfile NO_STATUS_FILE jobid=sh-yfj2q5sk - Error file missing
2012-06-01 08:58:31,815-0500 DEBUG vdl:execute2 APPLICATION_EXCEPTION jobid=sh-yfj2q5sk - Application exception: null
Caused by: org.globus.cog.abstraction.impl.file.FileNotFoundException: File not found: /home/skrieder/swift/foreach/./test.sh
2012-06-01 08:58:31,851-0500 WARN  vdl:transferwrapperlog Failed to transfer wrapper log for job sh-yfj2q5sk
2012-06-01 08:58:31,852-0500 DEBUG vdl:transferwrapperlog Exception for wrapper log failure from foreach-20120601-0858-23zl9hb8/info/y on localhost: null
Caused by: org.globus.cog.abstraction.impl.file.FileNotFoundException: File not found: /var/tmp/foreach-20120601-0858-23zl9hb8/info/y/sh-yfj2q5sk-info
2012-06-01 08:58:33,359-0500 INFO  WeightedHostScoreScheduler CONTACT_SELECTED host=localhost, score=0.000
2012-06-01 08:58:33,365-0500 DEBUG vdl:execute2 THREAD_ASSOCIATION jobid=sh-0gj2q5sk thread=0-1-0-1-1 host=localhost replicationGroup=zfj2q5sk
2012-06-01 08:58:33,373-0500 INFO  vdl:createdirset START jobid=sh-0gj2q5sk host=localhost - Initializing directory structure
2012-06-01 08:58:33,375-0500 INFO  vdl:createdirset END jobid=sh-0gj2q5sk - Done initializing directory structure
2012-06-01 08:58:33,376-0500 INFO  vdl:dostagein START jobid=sh-0gj2q5sk - Staging in files
2012-06-01 08:58:33,382-0500 INFO  LateBindingScheduler JobQueue: 0
2012-06-01 08:58:33,384-0500 DEBUG vdl:dostagein CDM: file://localhost/test.sh : DEFAULT
2012-06-01 08:58:33,388-0500 DEBUG vdl:dostageinfile FILE_STAGE_IN_START file=test.sh srchost=localhost srcdir= srcname=test.sh desthost=localhost destdir=foreach-20120601-0858-23zl9hb8/shared/ provider=file policy=DEFAULT
2012-06-01 08:58:33,405-0500 INFO  LateBindingScheduler JobQueue: 0
2012-06-01 08:58:33,406-0500 INFO  vdl:checkerrorfile NO_STATUS_FILE jobid=sh-0gj2q5sk - Error file missing
2012-06-01 08:58:33,408-0500 DEBUG vdl:execute2 APPLICATION_EXCEPTION jobid=sh-0gj2q5sk - Application exception: null
Caused by: org.globus.cog.abstraction.impl.file.FileNotFoundException: File not found: /home/skrieder/swift/foreach/./test.sh
2012-06-01 08:58:33,440-0500 WARN  vdl:transferwrapperlog Failed to transfer wrapper log for job sh-0gj2q5sk
2012-06-01 08:58:33,440-0500 DEBUG vdl:transferwrapperlog Exception for wrapper log failure from foreach-20120601-0858-23zl9hb8/info/0 on localhost: null
Caused by: org.globus.cog.abstraction.impl.file.FileNotFoundException: File not found: /var/tmp/foreach-20120601-0858-23zl9hb8/info/0/sh-0gj2q5sk-info
2012-06-01 08:58:49,951-0500 INFO  WeightedHostScoreScheduler CONTACT_SELECTED host=localhost, score=0.000
2012-06-01 08:58:49,956-0500 DEBUG vdl:execute2 THREAD_ASSOCIATION jobid=sh-2gj2q5sk thread=0-1-0-1-1 host=localhost replicationGroup=1gj2q5sk
2012-06-01 08:58:49,965-0500 INFO  vdl:createdirset START jobid=sh-2gj2q5sk host=localhost - Initializing directory structure
2012-06-01 08:58:49,966-0500 INFO  vdl:createdirset END jobid=sh-2gj2q5sk - Done initializing directory structure
2012-06-01 08:58:49,968-0500 INFO  vdl:dostagein START jobid=sh-2gj2q5sk - Staging in files
2012-06-01 08:58:49,974-0500 INFO  LateBindingScheduler JobQueue: 0
2012-06-01 08:58:49,977-0500 DEBUG vdl:dostagein CDM: file://localhost/test.sh : DEFAULT
2012-06-01 08:58:49,980-0500 DEBUG vdl:dostageinfile FILE_STAGE_IN_START file=test.sh srchost=localhost srcdir= srcname=test.sh desthost=localhost destdir=foreach-20120601-0858-23zl9hb8/shared/ provider=file policy=DEFAULT
2012-06-01 08:58:50,003-0500 INFO  LateBindingScheduler JobQueue: 0
2012-06-01 08:58:50,006-0500 INFO  vdl:checkerrorfile NO_STATUS_FILE jobid=sh-2gj2q5sk - Error file missing
2012-06-01 08:58:50,009-0500 DEBUG vdl:execute2 APPLICATION_EXCEPTION jobid=sh-2gj2q5sk - Application exception: null
Caused by: org.globus.cog.abstraction.impl.file.FileNotFoundException: File not found: /home/skrieder/swift/foreach/./test.sh
2012-06-01 08:58:50,050-0500 WARN  vdl:transferwrapperlog Failed to transfer wrapper log for job sh-2gj2q5sk
2012-06-01 08:58:50,052-0500 DEBUG vdl:transferwrapperlog Exception for wrapper log failure from foreach-20120601-0858-23zl9hb8/info/2 on localhost: null
Caused by: org.globus.cog.abstraction.impl.file.FileNotFoundException: File not found: /var/tmp/foreach-20120601-0858-23zl9hb8/info/2/sh-2gj2q5sk-info
2012-06-01 08:58:50,059-0500 INFO  vdl:execute END_FAILURE thread=0-1-0-1 tr=sh
2012-06-01 08:58:50,063-0500 DEBUG VDL2ExecutionContext Exception in sh:
Arguments: [test.sh]
Host: localhost
Directory: foreach-20120601-0858-23zl9hb8/jobs/2/sh-2gj2q5sk
stderr.txt: 

stdout.txt: 

----

Exception in sh:
Arguments: [test.sh]
Host: localhost
Directory: foreach-20120601-0858-23zl9hb8/jobs/2/sh-2gj2q5sk
stderr.txt: 

stdout.txt: 

----

Caused by: null
Caused by: org.globus.cog.abstraction.impl.file.FileNotFoundException: File not found: /home/skrieder/swift/foreach/./test.sh
	at org.globus.cog.karajan.workflow.nodes.functions.KException.function(KException.java:29)
	at org.globus.cog.karajan.workflow.nodes.functions.AbstractFunction.post(AbstractFunction.java:27)
	at org.globus.cog.karajan.workflow.nodes.AbstractSequentialWithArguments.completed(AbstractSequentialWithArguments.java:194)
	at org.globus.cog.karajan.workflow.nodes.FlowNode.complete(FlowNode.java:214)
	at org.globus.cog.karajan.workflow.nodes.FlowContainer.post(FlowContainer.java:58)
	at org.globus.cog.karajan.workflow.nodes.functions.AbstractFunction.post(AbstractFunction.java:28)
	at org.globus.cog.karajan.workflow.nodes.Sequential.startNext(Sequential.java:29)
	at org.globus.cog.karajan.workflow.nodes.Sequential.executeChildren(Sequential.java:20)
	at org.globus.cog.karajan.workflow.nodes.FlowContainer.execute(FlowContainer.java:63)
	at org.globus.cog.karajan.workflow.nodes.FlowNode.restart(FlowNode.java:139)
	at org.globus.cog.karajan.workflow.nodes.FlowNode.start(FlowNode.java:197)
	at org.globus.cog.karajan.workflow.events.EventBus.start(EventBus.java:104)
	at org.globus.cog.karajan.workflow.events.EventTargetPair.run(EventTargetPair.java:40)
	at java.util.concurrent.Executors$RunnableAdapter.call(Executors.java:471)
	at java.util.concurrent.FutureTask$Sync.innerRun(FutureTask.java:334)
	at java.util.concurrent.FutureTask.run(FutureTask.java:166)
	at java.util.concurrent.ThreadPoolExecutor.runWorker(ThreadPoolExecutor.java:1110)
	at java.util.concurrent.ThreadPoolExecutor$Worker.run(ThreadPoolExecutor.java:603)
	at java.lang.Thread.run(Thread.java:722)
Caused by: null
Caused by: org.globus.cog.abstraction.impl.file.FileNotFoundException: File not found: /home/skrieder/swift/foreach/./test.sh
	at org.globus.cog.karajan.workflow.nodes.FlowNode.failImmediately(FlowNode.java:101)
	at org.globus.cog.karajan.workflow.nodes.grid.AbstractGridNode$1.run(AbstractGridNode.java:308)
	... 6 more
Caused by: org.globus.cog.abstraction.impl.file.FileNotFoundException: File not found: /home/skrieder/swift/foreach/./test.sh
	at org.globus.cog.abstraction.impl.file.local.FileResourceImpl.getFile(FileResourceImpl.java:225)
	at org.globus.cog.abstraction.impl.file.local.FileResourceImpl.putFile(FileResourceImpl.java:286)
	at org.globus.cog.abstraction.impl.file.AbstractFileResource.putFile(AbstractFileResource.java:152)
	at org.globus.cog.abstraction.impl.fileTransfer.DelegatedFileTransferHandler.doDestination(DelegatedFileTransferHandler.java:314)
	at org.globus.cog.abstraction.impl.fileTransfer.CachingDelegatedFileTransferHandler.doDestination(CachingDelegatedFileTransferHandler.java:46)
	at org.globus.cog.abstraction.impl.fileTransfer.DelegatedFileTransferHandler.run(DelegatedFileTransferHandler.java:487)
	... 1 more
2012-06-01 08:58:50,188-0500 INFO  ExecutionContext Detailed exception: 
Exception in sh:
Arguments: [test.sh]
Host: localhost
Directory: foreach-20120601-0858-23zl9hb8/jobs/2/sh-2gj2q5sk
stderr.txt: 

stdout.txt: 

----

Caused by: null
Caused by: org.globus.cog.abstraction.impl.file.FileNotFoundException: File not found: /home/skrieder/swift/foreach/./test.sh
	at org.globus.cog.karajan.workflow.nodes.functions.KException.function(KException.java:29)
	at org.globus.cog.karajan.workflow.nodes.functions.AbstractFunction.post(AbstractFunction.java:27)
	at org.globus.cog.karajan.workflow.nodes.AbstractSequentialWithArguments.completed(AbstractSequentialWithArguments.java:194)
	at org.globus.cog.karajan.workflow.nodes.FlowNode.complete(FlowNode.java:214)
	at org.globus.cog.karajan.workflow.nodes.FlowContainer.post(FlowContainer.java:58)
	at org.globus.cog.karajan.workflow.nodes.functions.AbstractFunction.post(AbstractFunction.java:28)
	at org.globus.cog.karajan.workflow.nodes.Sequential.startNext(Sequential.java:29)
	at org.globus.cog.karajan.workflow.nodes.Sequential.executeChildren(Sequential.java:20)
	at org.globus.cog.karajan.workflow.nodes.FlowContainer.execute(FlowContainer.java:63)
	at org.globus.cog.karajan.workflow.nodes.FlowNode.restart(FlowNode.java:139)
	at org.globus.cog.karajan.workflow.nodes.FlowNode.start(FlowNode.java:197)
	at org.globus.cog.karajan.workflow.events.EventBus.start(EventBus.java:104)
	at org.globus.cog.karajan.workflow.events.EventTargetPair.run(EventTargetPair.java:40)
	at java.util.concurrent.Executors$RunnableAdapter.call(Executors.java:471)
	at java.util.concurrent.FutureTask$Sync.innerRun(FutureTask.java:334)
	at java.util.concurrent.FutureTask.run(FutureTask.java:166)
	at java.util.concurrent.ThreadPoolExecutor.runWorker(ThreadPoolExecutor.java:1110)
	at java.util.concurrent.ThreadPoolExecutor$Worker.run(ThreadPoolExecutor.java:603)
	at java.lang.Thread.run(Thread.java:722)
Caused by: null
Caused by: org.globus.cog.abstraction.impl.file.FileNotFoundException: File not found: /home/skrieder/swift/foreach/./test.sh
	at org.globus.cog.karajan.workflow.nodes.FlowNode.failImmediately(FlowNode.java:101)
	at org.globus.cog.karajan.workflow.nodes.grid.AbstractGridNode$1.run(AbstractGridNode.java:308)
	... 6 more
Caused by: org.globus.cog.abstraction.impl.file.FileNotFoundException: File not found: /home/skrieder/swift/foreach/./test.sh
	at org.globus.cog.abstraction.impl.file.local.FileResourceImpl.getFile(FileResourceImpl.java:225)
	at org.globus.cog.abstraction.impl.file.local.FileResourceImpl.putFile(FileResourceImpl.java:286)
	at org.globus.cog.abstraction.impl.file.AbstractFileResource.putFile(AbstractFileResource.java:152)
	at org.globus.cog.abstraction.impl.fileTransfer.DelegatedFileTransferHandler.doDestination(DelegatedFileTransferHandler.java:314)
	at org.globus.cog.abstraction.impl.fileTransfer.CachingDelegatedFileTransferHandler.doDestination(CachingDelegatedFileTransferHandler.java:46)
	at org.globus.cog.abstraction.impl.fileTransfer.DelegatedFileTransferHandler.run(DelegatedFileTransferHandler.java:487)
	... 1 more
2012-06-01 08:58:50,189-0500 INFO  Loader Swift finished with errors
