2012-05-31 23:50:52,823-0500 DEBUG Loader arguments: [scott.swift]
2012-05-31 23:50:52,823-0500 DEBUG Loader Max heap: 252248064
2012-05-31 23:50:52,824-0500 DEBUG textfiles BEGIN SWIFTSCRIPT:
type messagefile;

app (messagefile t) greeting() { 
   sh "scott.sh" stdout=@filename(t);
}

messagefile outfile <"scott.txt">;

outfile = greeting();


2012-05-31 23:50:52,824-0500 DEBUG textfiles END SWIFTSCRIPT:
2012-05-31 23:50:52,825-0500 INFO  Loader scott.swift: source file is new. Recompiling.
2012-05-31 23:50:52,825-0500 DEBUG Loader kmlversion is >239b8550-a5ff-44be-a124-5e7ecd70737d<
2012-05-31 23:50:52,825-0500 DEBUG Loader build version is >239b8550-a5ff-44be-a124-5e7ecd70737d<
2012-05-31 23:50:53,388-0500 INFO  Karajan Validation of XML intermediate file was successful
2012-05-31 23:50:53,559-0500 DEBUG textfiles using default sites file
2012-05-31 23:50:53,563-0500 INFO  VDL2ExecutionContext Stack dump:
Level 1
[iA = 0, iB = 0, bA = false, bB = false]
	vdl:instanceconfig = Swift configuration []
	vdl:operation = run
	swift.home = /usr/local/swift/bin/..
	PATH_SEPARATOR = /


2012-05-31 23:50:54,231-0500 INFO  unknown Using sites file: /usr/local/swift/bin/../etc/sites.xml
2012-05-31 23:50:54,265-0500 INFO  unknown Using tc.data: /usr/local/swift/bin/../etc/tc.data
2012-05-31 23:50:54,379-0500 WARN  File On line 24in File /usr/local/swift/bin/../etc/tc.data

java.lang.IllegalStateException: Error : Illegal TCType defined. Please specify one of the predefined types 
 [INSTALLED, SOURCE, STATIC_BINARY, DYNAMIC_BINARY, PACMAN_PACKAGE, SCRIPT]
	at org.globus.swift.catalog.types.TCType.fromValue(TCType.java:73)
	at org.globus.swift.catalog.types.TCType.fromString(TCType.java:85)
	at org.globus.swift.catalog.transformation.File.populateTC(File.java:1085)
	at org.globus.swift.catalog.transformation.File.populateTC(File.java:1034)
	at org.globus.swift.catalog.transformation.File.<init>(File.java:149)
	at org.globus.swift.catalog.transformation.File.getNonSingletonInstance(File.java:116)
	at org.griphyn.vdl.karajan.VDSAdaptiveScheduler.setProperty(VDSAdaptiveScheduler.java:71)
	at org.globus.cog.karajan.workflow.nodes.grid.SchedulerNode.newScheduler(SchedulerNode.java:104)
	at org.globus.cog.karajan.workflow.nodes.grid.SchedulerNode.post(SchedulerNode.java:63)
	at org.globus.cog.karajan.workflow.nodes.AbstractSequentialWithArguments.completed(AbstractSequentialWithArguments.java:194)
	at org.globus.cog.karajan.workflow.nodes.FlowNode.complete(FlowNode.java:214)
	at org.globus.cog.karajan.workflow.nodes.FlowContainer.post(FlowContainer.java:58)
	at org.globus.cog.karajan.workflow.nodes.AbstractSequentialWithArguments.completed(AbstractSequentialWithArguments.java:194)
	at org.globus.cog.karajan.workflow.nodes.user.UserDefinedElement.completed(UserDefinedElement.java:286)
	at org.globus.cog.karajan.workflow.nodes.user.SequentialImplicitExecutionUDE.completed(SequentialImplicitExecutionUDE.java:89)
	at org.globus.cog.karajan.workflow.nodes.FlowNode.complete(FlowNode.java:214)
	at org.globus.cog.karajan.workflow.nodes.FlowContainer.post(FlowContainer.java:58)
	at org.globus.cog.karajan.workflow.nodes.functions.AbstractFunction.post(AbstractFunction.java:28)
	at org.globus.cog.karajan.workflow.nodes.AbstractSequentialWithArguments.completed(AbstractSequentialWithArguments.java:194)
	at org.globus.cog.karajan.workflow.nodes.FlowNode.complete(FlowNode.java:214)
	at org.globus.cog.karajan.workflow.nodes.ExecuteFile.completed(ExecuteFile.java:158)
	at org.globus.cog.karajan.workflow.nodes.FlowNode.complete(FlowNode.java:214)
	at org.globus.cog.karajan.workflow.nodes.FlowContainer.post(FlowContainer.java:58)
	at org.globus.cog.karajan.workflow.nodes.Sequential.startNext(Sequential.java:29)
	at org.globus.cog.karajan.workflow.nodes.Sequential.completed(Sequential.java:24)
	at org.globus.cog.karajan.workflow.nodes.FlowNode.complete(FlowNode.java:214)
	at org.globus.cog.karajan.workflow.nodes.FlowContainer.post(FlowContainer.java:58)
	at org.globus.cog.karajan.workflow.nodes.AbstractSequentialWithArguments.completed(AbstractSequentialWithArguments.java:194)
	at org.globus.cog.karajan.workflow.nodes.user.UserDefinedElement.completed(UserDefinedElement.java:286)
	at org.globus.cog.karajan.workflow.nodes.user.SequentialImplicitExecutionUDE.completed(SequentialImplicitExecutionUDE.java:89)
	at org.globus.cog.karajan.workflow.nodes.FlowNode.complete(FlowNode.java:214)
	at org.globus.cog.karajan.workflow.nodes.FlowContainer.post(FlowContainer.java:58)
	at org.globus.cog.karajan.workflow.nodes.functions.AbstractFunction.post(AbstractFunction.java:28)
	at org.globus.cog.karajan.workflow.nodes.AbstractSequentialWithArguments.completed(AbstractSequentialWithArguments.java:194)
	at org.globus.cog.karajan.workflow.nodes.FlowNode.complete(FlowNode.java:214)
	at org.globus.cog.karajan.workflow.nodes.FlowContainer.post(FlowContainer.java:58)
	at org.globus.cog.karajan.workflow.nodes.AbstractSequentialWithArguments.completed(AbstractSequentialWithArguments.java:194)
	at org.globus.cog.karajan.workflow.nodes.PartialArgumentsContainer.nonArgChildCompleted(PartialArgumentsContainer.java:105)
	at org.globus.cog.karajan.workflow.nodes.PartialArgumentsContainer.completed(PartialArgumentsContainer.java:86)
	at org.globus.cog.karajan.workflow.nodes.FlowNode.complete(FlowNode.java:214)
	at org.globus.cog.karajan.workflow.nodes.Maybe.failed(Maybe.java:23)
	at org.globus.cog.karajan.workflow.nodes.FlowNode.failImmediately(FlowNode.java:89)
	at org.globus.cog.karajan.workflow.nodes.FlowNode.failed(FlowNode.java:245)
	at org.globus.cog.karajan.workflow.nodes.FlowNode.failImmediately(FlowNode.java:89)
	at org.globus.cog.karajan.workflow.nodes.FlowNode.restart(FlowNode.java:151)
	at org.globus.cog.karajan.workflow.nodes.FlowNode.start(FlowNode.java:197)
	at org.globus.cog.karajan.workflow.FlowElementWrapper.start(FlowElementWrapper.java:227)
	at org.globus.cog.karajan.workflow.events.EventBus.start(EventBus.java:104)
	at org.globus.cog.karajan.workflow.events.EventTargetPair.run(EventTargetPair.java:40)
	at java.util.concurrent.Executors$RunnableAdapter.call(Executors.java:471)
	at java.util.concurrent.FutureTask$Sync.innerRun(FutureTask.java:334)
	at java.util.concurrent.FutureTask.run(FutureTask.java:166)
	at java.util.concurrent.ThreadPoolExecutor.runWorker(ThreadPoolExecutor.java:1110)
	at java.util.concurrent.ThreadPoolExecutor$Worker.run(ThreadPoolExecutor.java:603)
	at java.lang.Thread.run(Thread.java:722)
2012-05-31 23:50:54,385-0500 INFO  AbstractScheduler Setting resources to: {localhost=localhost}
2012-05-31 23:50:54,969-0500 INFO  unknown Swift 0.93 swift-r5483 cog-r3339

2012-05-31 23:50:54,971-0500 INFO  unknown RUNID id=run:20120531-2350-n0amr6af
2012-05-31 23:50:55,048-0500 INFO  RootDataNode Found mapped data outfile:messagefile - Open.$
2012-05-31 23:50:55,062-0500 DEBUG greeting PROCEDURE line=3 thread=0-1 name=greeting
2012-05-31 23:50:55,067-0500 INFO  vdl:execute START thread=0-1 tr=sh
2012-05-31 23:50:55,088-0500 INFO  WeightedHostScoreScheduler CONTACT_SELECTED host=localhost, score=1.000
2012-05-31 23:50:55,097-0500 INFO  GlobalSubmitQueue No global submit throttle set. Using default (1024)
2012-05-31 23:50:55,102-0500 INFO  LateBindingScheduler JobQueue: 0
2012-05-31 23:50:55,106-0500 INFO  LateBindingScheduler JobQueue: 0
2012-05-31 23:50:55,112-0500 INFO  vdl:initshareddir START host=localhost - Initializing shared directory
2012-05-31 23:50:55,119-0500 INFO  LateBindingScheduler JobQueue: 0
2012-05-31 23:50:55,148-0500 INFO  LateBindingScheduler JobQueue: 0
2012-05-31 23:50:55,152-0500 INFO  LateBindingScheduler JobQueue: 0
2012-05-31 23:50:55,155-0500 INFO  LateBindingScheduler JobQueue: 0
2012-05-31 23:50:55,163-0500 INFO  LateBindingScheduler JobQueue: 0
2012-05-31 23:50:55,172-0500 INFO  LateBindingScheduler JobQueue: 0
2012-05-31 23:50:55,176-0500 INFO  vdl:initshareddir END host=localhost - Done initializing shared directory
2012-05-31 23:50:55,182-0500 DEBUG vdl:execute2 THREAD_ASSOCIATION jobid=sh-fs7645sk thread=0-1-1 host=localhost replicationGroup=es7645sk
2012-05-31 23:50:55,205-0500 INFO  vdl:createdirset START jobid=sh-fs7645sk host=localhost - Initializing directory structure
2012-05-31 23:50:55,207-0500 INFO  vdl:createdirset END jobid=sh-fs7645sk - Done initializing directory structure
2012-05-31 23:50:55,209-0500 INFO  vdl:dostagein START jobid=sh-fs7645sk - Staging in files
2012-05-31 23:50:55,220-0500 INFO  vdl:dostagein END jobid=sh-fs7645sk - Staging in finished
2012-05-31 23:50:55,225-0500 DEBUG vdl:execute2 JOB_START jobid=sh-fs7645sk tr=sh arguments=[scott.sh] tmpdir=scott-20120531-2350-n0amr6af/jobs/f/sh-fs7645sk host=localhost
2012-05-31 23:50:55,238-0500 DEBUG textfiles BEGIN TC:
#This is the transformation catalog.
#
#It comes pre-configured with a number of simple transformations with
#paths that are likely to work on a linux box. However, on some systems,
#the paths to these executables will be different (for example, sometimes
#some of these programs are found in /usr/bin rather than in /bin)
#
#NOTE WELL: fields in this file must be separated by tabs, not spaces; and
#there must be no trailing whitespace at the end of each line.
#
# sitename  transformation  path   INSTALLED  platform  profiles
localhost 	echo 		/bin/echo	INSTALLED	INTEL32::LINUX	null
localhost 	cat 		/bin/cat	INSTALLED	INTEL32::LINUX	null
localhost 	ls 		/bin/ls		INSTALLED	INTEL32::LINUX	null
localhost 	grep 		/bin/grep	INSTALLED	INTEL32::LINUX	null
localhost 	sort 		/bin/sort	INSTALLED	INTEL32::LINUX	null
localhost 	paste 		/bin/paste	INSTALLED	INTEL32::LINUX	null
localhost 	cp 		/bin/cp         INSTALLED	INTEL32::LINUX	null
localhost 	touch 		/bin/touch      INSTALLED	INTEL32::LINUX	null
localhost	wc		/usr/bin/wc	INSTALLED	INTEL32::LINUX	null
localhost	sh		/bin/sh		INSTALLED	INTEL32::LINUX	null
localhost	sleep		/bin/sleep	INSTALLED	INTEL32::LINUX	null
localhost	tr		/usr/bin/tr	INSTALLED	INTEL32::LINUX	null
localhost	scott.sh	/Users/scottkrieder/swift/examples/swift/tutorial/scott.sh	INTSALLED	INTEL32::LINUX	null


2012-05-31 23:50:55,238-0500 DEBUG textfiles END TC:
2012-05-31 23:50:55,245-0500 WARN  File On line 24in File /usr/local/swift/bin/../etc/tc.data

java.lang.IllegalStateException: Error : Illegal TCType defined. Please specify one of the predefined types 
 [INSTALLED, SOURCE, STATIC_BINARY, DYNAMIC_BINARY, PACMAN_PACKAGE, SCRIPT]
	at org.globus.swift.catalog.types.TCType.fromValue(TCType.java:73)
	at org.globus.swift.catalog.types.TCType.fromString(TCType.java:85)
	at org.globus.swift.catalog.transformation.File.populateTC(File.java:1085)
	at org.globus.swift.catalog.transformation.File.populateTC(File.java:1034)
	at org.globus.swift.catalog.transformation.File.<init>(File.java:149)
	at org.globus.swift.catalog.transformation.File.getNonSingletonInstance(File.java:116)
	at org.griphyn.vdl.karajan.lib.VDLFunction.getTC(VDLFunction.java:492)
	at org.griphyn.vdl.karajan.lib.Executable.function(Executable.java:24)
	at org.griphyn.vdl.karajan.lib.VDLFunction.post(VDLFunction.java:62)
	at org.globus.cog.karajan.workflow.nodes.AbstractSequentialWithArguments.completed(AbstractSequentialWithArguments.java:194)
	at org.globus.cog.karajan.workflow.nodes.FlowNode.complete(FlowNode.java:214)
	at org.globus.cog.karajan.workflow.nodes.FlowContainer.post(FlowContainer.java:58)
	at org.globus.cog.karajan.workflow.nodes.functions.AbstractFunction.post(AbstractFunction.java:28)
	at org.globus.cog.karajan.workflow.nodes.Sequential.startNext(Sequential.java:29)
	at org.globus.cog.karajan.workflow.nodes.Sequential.executeChildren(Sequential.java:20)
	at org.globus.cog.karajan.workflow.nodes.FlowContainer.execute(FlowContainer.java:63)
	at org.globus.cog.karajan.workflow.nodes.FlowNode.restart(FlowNode.java:139)
	at org.globus.cog.karajan.workflow.nodes.FlowNode.start(FlowNode.java:197)
	at org.globus.cog.karajan.workflow.FlowElementWrapper.start(FlowElementWrapper.java:227)
	at org.globus.cog.karajan.workflow.events.EventBus.start(EventBus.java:104)
	at org.globus.cog.karajan.workflow.events.EventTargetPair.run(EventTargetPair.java:40)
	at java.util.concurrent.Executors$RunnableAdapter.call(Executors.java:471)
	at java.util.concurrent.FutureTask$Sync.innerRun(FutureTask.java:334)
	at java.util.concurrent.FutureTask.run(FutureTask.java:166)
	at java.util.concurrent.ThreadPoolExecutor.runWorker(ThreadPoolExecutor.java:1110)
	at java.util.concurrent.ThreadPoolExecutor$Worker.run(ThreadPoolExecutor.java:603)
	at java.lang.Thread.run(Thread.java:722)
2012-05-31 23:50:55,254-0500 INFO  GridExec TASK_DEFINITION: Task(type=JOB_SUBMISSION, identity=urn:0-1-1-1338526254258) is /bin/bash shared/_swiftwrap sh-fs7645sk -jobdir f -scratch  -e /bin/sh -out scott.txt -err stderr.txt -i -d  -if  -of scott.txt -k  -cdmfile  -status files -a scott.sh
2012-05-31 23:50:55,272-0500 INFO  JobSubmissionTaskHandler Submit: in: /var/tmp/scott-20120531-2350-n0amr6af command: /bin/bash /var/tmp/scott-20120531-2350-n0amr6af/shared/_swiftwrap sh-fs7645sk -jobdir f -scratch  -e /bin/sh -out scott.txt -err stderr.txt -i -d  -if  -of scott.txt -k  -cdmfile  -status files -a scott.sh
2012-05-31 23:50:55,404-0500 INFO  LateBindingScheduler JobQueue: 0
2012-05-31 23:50:55,410-0500 DEBUG vdl:checkjobstatus START jobid=sh-fs7645sk
2012-05-31 23:50:55,422-0500 INFO  LateBindingScheduler JobQueue: 0
2012-05-31 23:50:55,426-0500 INFO  vdl:checkerrorfile FAILURE jobid=sh-fs7645sk - Failure file found
2012-05-31 23:50:55,429-0500 INFO  LateBindingScheduler JobQueue: 0
2012-05-31 23:50:55,434-0500 INFO  LateBindingScheduler JobQueue: 0
2012-05-31 23:50:55,436-0500 INFO  LateBindingScheduler JobQueue: 0
2012-05-31 23:50:55,440-0500 DEBUG vdl:execute2 STAGING_OUT jobid=sh-fs7645sk
2012-05-31 23:50:55,443-0500 INFO  vdl:dostageout START jobid=sh-fs7645sk - Staging out files
2012-05-31 23:50:55,444-0500 DEBUG vdl:dostageout stageouts: [[$, outfile:messagefile - Open]]
2012-05-31 23:50:55,462-0500 DEBUG vdl:dostageout FILE_STAGE_OUT_START srcname=scott.txt srcdir=scott-20120531-2350-n0amr6af/shared/ srchost=localhost destdir= desthost=localhost provider=file
2012-05-31 23:50:55,464-0500 INFO  LateBindingScheduler JobQueue: 0
2012-05-31 23:50:55,502-0500 INFO  LateBindingScheduler JobQueue: 0
2012-05-31 23:50:55,504-0500 INFO  vdl:checkerrorfile NO_STATUS_FILE jobid=sh-fs7645sk - Error file missing
2012-05-31 23:50:55,509-0500 DEBUG vdl:execute2 APPLICATION_EXCEPTION jobid=sh-fs7645sk - Application exception: null
Caused by: org.globus.cog.abstraction.impl.file.FileNotFoundException: File not found: /var/tmp/scott-20120531-2350-n0amr6af/shared/scott.txt
2012-05-31 23:50:55,523-0500 INFO  LateBindingScheduler JobQueue: 0
2012-05-31 23:50:55,525-0500 INFO  LateBindingScheduler JobQueue: 0
2012-05-31 23:50:55,530-0500 INFO  LateBindingScheduler JobQueue: 0
2012-05-31 23:50:55,533-0500 INFO  LateBindingScheduler JobQueue: 0
2012-05-31 23:50:55,541-0500 INFO  LateBindingScheduler JobQueue: 0
2012-05-31 23:50:55,560-0500 INFO  WeightedHostScoreScheduler CONTACT_SELECTED host=localhost, score=0.000
2012-05-31 23:50:55,566-0500 DEBUG vdl:execute2 THREAD_ASSOCIATION jobid=sh-hs7645sk thread=0-1-1 host=localhost replicationGroup=gs7645sk
2012-05-31 23:50:55,575-0500 INFO  vdl:createdirset START jobid=sh-hs7645sk host=localhost - Initializing directory structure
2012-05-31 23:50:55,576-0500 INFO  vdl:createdirset END jobid=sh-hs7645sk - Done initializing directory structure
2012-05-31 23:50:55,577-0500 INFO  vdl:dostagein START jobid=sh-hs7645sk - Staging in files
2012-05-31 23:50:55,579-0500 INFO  vdl:dostagein END jobid=sh-hs7645sk - Staging in finished
2012-05-31 23:50:55,581-0500 DEBUG vdl:execute2 JOB_START jobid=sh-hs7645sk tr=sh arguments=[scott.sh] tmpdir=scott-20120531-2350-n0amr6af/jobs/h/sh-hs7645sk host=localhost
2012-05-31 23:50:55,591-0500 INFO  GridExec TASK_DEFINITION: Task(type=JOB_SUBMISSION, identity=urn:0-1-1-1338526254298) is /bin/bash shared/_swiftwrap sh-hs7645sk -jobdir h -scratch  -e /bin/sh -out scott.txt -err stderr.txt -i -d  -if  -of scott.txt -k  -cdmfile  -status files -a scott.sh
2012-05-31 23:50:55,592-0500 INFO  JobSubmissionTaskHandler Submit: in: /var/tmp/scott-20120531-2350-n0amr6af command: /bin/bash /var/tmp/scott-20120531-2350-n0amr6af/shared/_swiftwrap sh-hs7645sk -jobdir h -scratch  -e /bin/sh -out scott.txt -err stderr.txt -i -d  -if  -of scott.txt -k  -cdmfile  -status files -a scott.sh
2012-05-31 23:50:55,716-0500 INFO  LateBindingScheduler JobQueue: 0
2012-05-31 23:50:55,719-0500 DEBUG vdl:checkjobstatus START jobid=sh-hs7645sk
2012-05-31 23:50:55,726-0500 INFO  LateBindingScheduler JobQueue: 0
2012-05-31 23:50:55,727-0500 INFO  vdl:checkerrorfile FAILURE jobid=sh-hs7645sk - Failure file found
2012-05-31 23:50:55,730-0500 INFO  LateBindingScheduler JobQueue: 0
2012-05-31 23:50:55,734-0500 INFO  LateBindingScheduler JobQueue: 1
2012-05-31 23:50:55,735-0500 INFO  LateBindingScheduler JobQueue: 0
2012-05-31 23:50:55,737-0500 DEBUG vdl:execute2 STAGING_OUT jobid=sh-hs7645sk
2012-05-31 23:50:55,739-0500 INFO  vdl:dostageout START jobid=sh-hs7645sk - Staging out files
2012-05-31 23:50:55,740-0500 DEBUG vdl:dostageout stageouts: [[$, outfile:messagefile - Open]]
2012-05-31 23:50:55,747-0500 DEBUG vdl:dostageout FILE_STAGE_OUT_START srcname=scott.txt srcdir=scott-20120531-2350-n0amr6af/shared/ srchost=localhost destdir= desthost=localhost provider=file
2012-05-31 23:50:55,748-0500 INFO  LateBindingScheduler JobQueue: 0
2012-05-31 23:50:55,769-0500 INFO  LateBindingScheduler JobQueue: 0
2012-05-31 23:50:55,770-0500 INFO  vdl:checkerrorfile NO_STATUS_FILE jobid=sh-hs7645sk - Error file missing
2012-05-31 23:50:55,773-0500 DEBUG vdl:execute2 APPLICATION_EXCEPTION jobid=sh-hs7645sk - Application exception: null
Caused by: org.globus.cog.abstraction.impl.file.FileNotFoundException: File not found: /var/tmp/scott-20120531-2350-n0amr6af/shared/scott.txt
2012-05-31 23:50:55,784-0500 INFO  LateBindingScheduler JobQueue: 0
2012-05-31 23:50:55,788-0500 INFO  LateBindingScheduler JobQueue: 0
2012-05-31 23:50:55,793-0500 INFO  LateBindingScheduler JobQueue: 0
2012-05-31 23:50:55,796-0500 INFO  LateBindingScheduler JobQueue: 0
2012-05-31 23:50:55,804-0500 INFO  LateBindingScheduler JobQueue: 0
2012-05-31 23:50:56,818-0500 INFO  WeightedHostScoreScheduler CONTACT_SELECTED host=localhost, score=0.000
2012-05-31 23:50:56,831-0500 DEBUG vdl:execute2 THREAD_ASSOCIATION jobid=sh-js7645sk thread=0-1-1 host=localhost replicationGroup=is7645sk
2012-05-31 23:50:56,851-0500 INFO  vdl:createdirset START jobid=sh-js7645sk host=localhost - Initializing directory structure
2012-05-31 23:50:56,853-0500 INFO  vdl:createdirset END jobid=sh-js7645sk - Done initializing directory structure
2012-05-31 23:50:56,857-0500 INFO  vdl:dostagein START jobid=sh-js7645sk - Staging in files
2012-05-31 23:50:56,862-0500 INFO  vdl:dostagein END jobid=sh-js7645sk - Staging in finished
2012-05-31 23:50:56,865-0500 DEBUG vdl:execute2 JOB_START jobid=sh-js7645sk tr=sh arguments=[scott.sh] tmpdir=scott-20120531-2350-n0amr6af/jobs/j/sh-js7645sk host=localhost
2012-05-31 23:50:56,879-0500 INFO  GridExec TASK_DEFINITION: Task(type=JOB_SUBMISSION, identity=urn:0-1-1-1338526254338) is /bin/bash shared/_swiftwrap sh-js7645sk -jobdir j -scratch  -e /bin/sh -out scott.txt -err stderr.txt -i -d  -if  -of scott.txt -k  -cdmfile  -status files -a scott.sh
2012-05-31 23:50:56,880-0500 INFO  JobSubmissionTaskHandler Submit: in: /var/tmp/scott-20120531-2350-n0amr6af command: /bin/bash /var/tmp/scott-20120531-2350-n0amr6af/shared/_swiftwrap sh-js7645sk -jobdir j -scratch  -e /bin/sh -out scott.txt -err stderr.txt -i -d  -if  -of scott.txt -k  -cdmfile  -status files -a scott.sh
2012-05-31 23:50:57,024-0500 INFO  LateBindingScheduler JobQueue: 0
2012-05-31 23:50:57,028-0500 DEBUG vdl:checkjobstatus START jobid=sh-js7645sk
2012-05-31 23:50:57,037-0500 INFO  LateBindingScheduler JobQueue: 0
2012-05-31 23:50:57,038-0500 INFO  vdl:checkerrorfile FAILURE jobid=sh-js7645sk - Failure file found
2012-05-31 23:50:57,042-0500 INFO  LateBindingScheduler JobQueue: 0
2012-05-31 23:50:57,046-0500 INFO  LateBindingScheduler JobQueue: 1
2012-05-31 23:50:57,047-0500 INFO  LateBindingScheduler JobQueue: 0
2012-05-31 23:50:57,051-0500 DEBUG vdl:execute2 STAGING_OUT jobid=sh-js7645sk
2012-05-31 23:50:57,054-0500 INFO  vdl:dostageout START jobid=sh-js7645sk - Staging out files
2012-05-31 23:50:57,055-0500 DEBUG vdl:dostageout stageouts: [[$, outfile:messagefile - Open]]
2012-05-31 23:50:57,064-0500 DEBUG vdl:dostageout FILE_STAGE_OUT_START srcname=scott.txt srcdir=scott-20120531-2350-n0amr6af/shared/ srchost=localhost destdir= desthost=localhost provider=file
2012-05-31 23:50:57,067-0500 INFO  LateBindingScheduler JobQueue: 0
2012-05-31 23:50:57,093-0500 INFO  LateBindingScheduler JobQueue: 0
2012-05-31 23:50:57,095-0500 INFO  vdl:checkerrorfile NO_STATUS_FILE jobid=sh-js7645sk - Error file missing
2012-05-31 23:50:57,098-0500 DEBUG vdl:execute2 APPLICATION_EXCEPTION jobid=sh-js7645sk - Application exception: null
Caused by: org.globus.cog.abstraction.impl.file.FileNotFoundException: File not found: /var/tmp/scott-20120531-2350-n0amr6af/shared/scott.txt
2012-05-31 23:50:57,110-0500 INFO  LateBindingScheduler JobQueue: 0
2012-05-31 23:50:57,115-0500 INFO  LateBindingScheduler JobQueue: 0
2012-05-31 23:50:57,123-0500 INFO  LateBindingScheduler JobQueue: 0
2012-05-31 23:50:57,126-0500 INFO  LateBindingScheduler JobQueue: 0
2012-05-31 23:50:57,134-0500 INFO  LateBindingScheduler JobQueue: 0
2012-05-31 23:50:57,143-0500 INFO  vdl:execute END_FAILURE thread=0-1 tr=sh
2012-05-31 23:50:57,147-0500 DEBUG VDL2ExecutionContext Exception in sh:
Arguments: [scott.sh]
Host: localhost
Directory: scott-20120531-2350-n0amr6af/jobs/j/sh-js7645sk
stderr.txt: /bin/sh: Can't open scott.sh

stdout.txt: 
----

Exception in sh:
Arguments: [scott.sh]
Host: localhost
Directory: scott-20120531-2350-n0amr6af/jobs/j/sh-js7645sk
stderr.txt: /bin/sh: Can't open scott.sh

stdout.txt: 
----

Caused by: null
Caused by: org.globus.cog.abstraction.impl.file.FileNotFoundException: File not found: /var/tmp/scott-20120531-2350-n0amr6af/shared/scott.txt
	at org.globus.cog.karajan.workflow.nodes.functions.KException.function(KException.java:29)
	at org.globus.cog.karajan.workflow.nodes.functions.AbstractFunction.post(AbstractFunction.java:27)
	at org.globus.cog.karajan.workflow.nodes.AbstractSequentialWithArguments.completed(AbstractSequentialWithArguments.java:194)
	at org.globus.cog.karajan.workflow.nodes.FlowNode.complete(FlowNode.java:214)
	at org.globus.cog.karajan.workflow.nodes.FlowContainer.post(FlowContainer.java:58)
	at org.globus.cog.karajan.workflow.nodes.functions.AbstractFunction.post(AbstractFunction.java:28)
	at org.globus.cog.karajan.workflow.nodes.Sequential.startNext(Sequential.java:29)
	at org.globus.cog.karajan.workflow.nodes.Sequential.executeChildren(Sequential.java:20)
	at org.globus.cog.karajan.workflow.nodes.FlowContainer.execute(FlowContainer.java:63)
	at org.globus.cog.karajan.workflow.nodes.FlowNode.restart(FlowNode.java:139)
	at org.globus.cog.karajan.workflow.nodes.FlowNode.start(FlowNode.java:197)
	at org.globus.cog.karajan.workflow.events.EventBus.start(EventBus.java:104)
	at org.globus.cog.karajan.workflow.events.EventTargetPair.run(EventTargetPair.java:40)
	at java.util.concurrent.Executors$RunnableAdapter.call(Executors.java:471)
	at java.util.concurrent.FutureTask$Sync.innerRun(FutureTask.java:334)
	at java.util.concurrent.FutureTask.run(FutureTask.java:166)
	at java.util.concurrent.ThreadPoolExecutor.runWorker(ThreadPoolExecutor.java:1110)
	at java.util.concurrent.ThreadPoolExecutor$Worker.run(ThreadPoolExecutor.java:603)
	at java.lang.Thread.run(Thread.java:722)
Caused by: null
Caused by: org.globus.cog.abstraction.impl.file.FileNotFoundException: File not found: /var/tmp/scott-20120531-2350-n0amr6af/shared/scott.txt
	at org.globus.cog.karajan.workflow.nodes.FlowNode.failImmediately(FlowNode.java:101)
	at org.globus.cog.karajan.workflow.nodes.grid.AbstractGridNode$1.run(AbstractGridNode.java:308)
	... 6 more
Caused by: org.globus.cog.abstraction.impl.file.FileNotFoundException: File not found: /var/tmp/scott-20120531-2350-n0amr6af/shared/scott.txt
	at org.globus.cog.abstraction.impl.file.local.FileResourceImpl.getFile(FileResourceImpl.java:225)
	at org.globus.cog.abstraction.impl.file.local.FileResourceImpl.putFile(FileResourceImpl.java:286)
	at org.globus.cog.abstraction.impl.file.AbstractFileResource.putFile(AbstractFileResource.java:152)
	at org.globus.cog.abstraction.impl.fileTransfer.DelegatedFileTransferHandler.doDestination(DelegatedFileTransferHandler.java:314)
	at org.globus.cog.abstraction.impl.fileTransfer.CachingDelegatedFileTransferHandler.doDestination(CachingDelegatedFileTransferHandler.java:46)
	at org.globus.cog.abstraction.impl.fileTransfer.DelegatedFileTransferHandler.run(DelegatedFileTransferHandler.java:487)
	... 1 more
2012-05-31 23:50:57,276-0500 INFO  ExecutionContext Detailed exception: 
Exception in sh:
Arguments: [scott.sh]
Host: localhost
Directory: scott-20120531-2350-n0amr6af/jobs/j/sh-js7645sk
stderr.txt: /bin/sh: Can't open scott.sh

stdout.txt: 
----

Caused by: null
Caused by: org.globus.cog.abstraction.impl.file.FileNotFoundException: File not found: /var/tmp/scott-20120531-2350-n0amr6af/shared/scott.txt
	at org.globus.cog.karajan.workflow.nodes.functions.KException.function(KException.java:29)
	at org.globus.cog.karajan.workflow.nodes.functions.AbstractFunction.post(AbstractFunction.java:27)
	at org.globus.cog.karajan.workflow.nodes.AbstractSequentialWithArguments.completed(AbstractSequentialWithArguments.java:194)
	at org.globus.cog.karajan.workflow.nodes.FlowNode.complete(FlowNode.java:214)
	at org.globus.cog.karajan.workflow.nodes.FlowContainer.post(FlowContainer.java:58)
	at org.globus.cog.karajan.workflow.nodes.functions.AbstractFunction.post(AbstractFunction.java:28)
	at org.globus.cog.karajan.workflow.nodes.Sequential.startNext(Sequential.java:29)
	at org.globus.cog.karajan.workflow.nodes.Sequential.executeChildren(Sequential.java:20)
	at org.globus.cog.karajan.workflow.nodes.FlowContainer.execute(FlowContainer.java:63)
	at org.globus.cog.karajan.workflow.nodes.FlowNode.restart(FlowNode.java:139)
	at org.globus.cog.karajan.workflow.nodes.FlowNode.start(FlowNode.java:197)
	at org.globus.cog.karajan.workflow.events.EventBus.start(EventBus.java:104)
	at org.globus.cog.karajan.workflow.events.EventTargetPair.run(EventTargetPair.java:40)
	at java.util.concurrent.Executors$RunnableAdapter.call(Executors.java:471)
	at java.util.concurrent.FutureTask$Sync.innerRun(FutureTask.java:334)
	at java.util.concurrent.FutureTask.run(FutureTask.java:166)
	at java.util.concurrent.ThreadPoolExecutor.runWorker(ThreadPoolExecutor.java:1110)
	at java.util.concurrent.ThreadPoolExecutor$Worker.run(ThreadPoolExecutor.java:603)
	at java.lang.Thread.run(Thread.java:722)
Caused by: null
Caused by: org.globus.cog.abstraction.impl.file.FileNotFoundException: File not found: /var/tmp/scott-20120531-2350-n0amr6af/shared/scott.txt
	at org.globus.cog.karajan.workflow.nodes.FlowNode.failImmediately(FlowNode.java:101)
	at org.globus.cog.karajan.workflow.nodes.grid.AbstractGridNode$1.run(AbstractGridNode.java:308)
	... 6 more
Caused by: org.globus.cog.abstraction.impl.file.FileNotFoundException: File not found: /var/tmp/scott-20120531-2350-n0amr6af/shared/scott.txt
	at org.globus.cog.abstraction.impl.file.local.FileResourceImpl.getFile(FileResourceImpl.java:225)
	at org.globus.cog.abstraction.impl.file.local.FileResourceImpl.putFile(FileResourceImpl.java:286)
	at org.globus.cog.abstraction.impl.file.AbstractFileResource.putFile(AbstractFileResource.java:152)
	at org.globus.cog.abstraction.impl.fileTransfer.DelegatedFileTransferHandler.doDestination(DelegatedFileTransferHandler.java:314)
	at org.globus.cog.abstraction.impl.fileTransfer.CachingDelegatedFileTransferHandler.doDestination(CachingDelegatedFileTransferHandler.java:46)
	at org.globus.cog.abstraction.impl.fileTransfer.DelegatedFileTransferHandler.run(DelegatedFileTransferHandler.java:487)
	... 1 more
2012-05-31 23:50:57,276-0500 INFO  Loader Swift finished with errors
