2012-05-25 13:07:10,740-0500 DEBUG Loader arguments: [scott.swift]
2012-05-25 13:07:10,740-0500 DEBUG Loader Max heap: 252248064
2012-05-25 13:07:10,741-0500 DEBUG textfiles BEGIN SWIFTSCRIPT:
type messagefile;

app (messagefile t) greeting() { 
   sh "/home/skrieder/swift/examples/swift/tutorial/scott.sh" stdout=@filename(t);
}

messagefile outfile <"scott.txt">;

outfile = greeting();


2012-05-25 13:07:10,741-0500 DEBUG textfiles END SWIFTSCRIPT:
2012-05-25 13:07:10,741-0500 DEBUG Loader kmlversion is >239b8550-a5ff-44be-a124-5e7ecd70737d<
2012-05-25 13:07:10,742-0500 DEBUG Loader build version is >239b8550-a5ff-44be-a124-5e7ecd70737d<
2012-05-25 13:07:10,742-0500 DEBUG Loader Recompilation suppressed.
2012-05-25 13:07:10,886-0500 DEBUG textfiles using default sites file
2012-05-25 13:07:10,890-0500 INFO  VDL2ExecutionContext Stack dump:
Level 1
[iA = 0, iB = 0, bA = false, bB = false]
	vdl:instanceconfig = Swift configuration []
	vdl:operation = run
	swift.home = /usr/local/swift/bin/..
	PATH_SEPARATOR = /


2012-05-25 13:07:11,549-0500 INFO  unknown Using sites file: /usr/local/swift/bin/../etc/sites.xml
2012-05-25 13:07:11,587-0500 INFO  unknown Using tc.data: /usr/local/swift/bin/../etc/tc.data
2012-05-25 13:07:11,703-0500 WARN  File On line 24in File /usr/local/swift/bin/../etc/tc.data

java.lang.IllegalStateException: Error : Illegal TCType defined. Please specify one of the predefined types 
 [INSTALLED, SOURCE, STATIC_BINARY, DYNAMIC_BINARY, PACMAN_PACKAGE, SCRIPT]
	at org.globus.swift.catalog.types.TCType.fromValue(TCType.java:73)
	at org.globus.swift.catalog.types.TCType.fromString(TCType.java:85)
	at org.globus.swift.catalog.transformation.File.populateTC(File.java:1085)
	at org.globus.swift.catalog.transformation.File.populateTC(File.java:1034)
	at org.globus.swift.catalog.transformation.File.<init>(File.java:149)
	at org.globus.swift.catalog.transformation.File.getNonSingletonInstance(File.java:116)
	at org.griphyn.vdl.karajan.VDSAdaptiveScheduler.setProperty(VDSAdaptiveScheduler.java:71)
	at org.globus.cog.karajan.workflow.nodes.grid.SchedulerNode.newScheduler(SchedulerNode.java:104)
	at org.globus.cog.karajan.workflow.nodes.grid.SchedulerNode.post(SchedulerNode.java:63)
	at org.globus.cog.karajan.workflow.nodes.AbstractSequentialWithArguments.completed(AbstractSequentialWithArguments.java:194)
	at org.globus.cog.karajan.workflow.nodes.FlowNode.complete(FlowNode.java:214)
	at org.globus.cog.karajan.workflow.nodes.FlowContainer.post(FlowContainer.java:58)
	at org.globus.cog.karajan.workflow.nodes.AbstractSequentialWithArguments.completed(AbstractSequentialWithArguments.java:194)
	at org.globus.cog.karajan.workflow.nodes.user.UserDefinedElement.completed(UserDefinedElement.java:286)
	at org.globus.cog.karajan.workflow.nodes.user.SequentialImplicitExecutionUDE.completed(SequentialImplicitExecutionUDE.java:89)
	at org.globus.cog.karajan.workflow.nodes.FlowNode.complete(FlowNode.java:214)
	at org.globus.cog.karajan.workflow.nodes.FlowContainer.post(FlowContainer.java:58)
	at org.globus.cog.karajan.workflow.nodes.functions.AbstractFunction.post(AbstractFunction.java:28)
	at org.globus.cog.karajan.workflow.nodes.AbstractSequentialWithArguments.completed(AbstractSequentialWithArguments.java:194)
	at org.globus.cog.karajan.workflow.nodes.FlowNode.complete(FlowNode.java:214)
	at org.globus.cog.karajan.workflow.nodes.ExecuteFile.completed(ExecuteFile.java:158)
	at org.globus.cog.karajan.workflow.nodes.FlowNode.complete(FlowNode.java:214)
	at org.globus.cog.karajan.workflow.nodes.FlowContainer.post(FlowContainer.java:58)
	at org.globus.cog.karajan.workflow.nodes.Sequential.startNext(Sequential.java:29)
	at org.globus.cog.karajan.workflow.nodes.Sequential.completed(Sequential.java:24)
	at org.globus.cog.karajan.workflow.nodes.FlowNode.complete(FlowNode.java:214)
	at org.globus.cog.karajan.workflow.nodes.FlowContainer.post(FlowContainer.java:58)
	at org.globus.cog.karajan.workflow.nodes.AbstractSequentialWithArguments.completed(AbstractSequentialWithArguments.java:194)
	at org.globus.cog.karajan.workflow.nodes.user.UserDefinedElement.completed(UserDefinedElement.java:286)
	at org.globus.cog.karajan.workflow.nodes.user.SequentialImplicitExecutionUDE.completed(SequentialImplicitExecutionUDE.java:89)
	at org.globus.cog.karajan.workflow.nodes.FlowNode.complete(FlowNode.java:214)
	at org.globus.cog.karajan.workflow.nodes.FlowContainer.post(FlowContainer.java:58)
	at org.globus.cog.karajan.workflow.nodes.functions.AbstractFunction.post(AbstractFunction.java:28)
	at org.globus.cog.karajan.workflow.nodes.AbstractSequentialWithArguments.completed(AbstractSequentialWithArguments.java:194)
	at org.globus.cog.karajan.workflow.nodes.FlowNode.complete(FlowNode.java:214)
	at org.globus.cog.karajan.workflow.nodes.FlowContainer.post(FlowContainer.java:58)
	at org.globus.cog.karajan.workflow.nodes.AbstractSequentialWithArguments.completed(AbstractSequentialWithArguments.java:194)
	at org.globus.cog.karajan.workflow.nodes.PartialArgumentsContainer.nonArgChildCompleted(PartialArgumentsContainer.java:105)
	at org.globus.cog.karajan.workflow.nodes.PartialArgumentsContainer.completed(PartialArgumentsContainer.java:86)
	at org.globus.cog.karajan.workflow.nodes.FlowNode.complete(FlowNode.java:214)
	at org.globus.cog.karajan.workflow.nodes.Maybe.failed(Maybe.java:23)
	at org.globus.cog.karajan.workflow.nodes.FlowNode.failImmediately(FlowNode.java:89)
	at org.globus.cog.karajan.workflow.nodes.FlowNode.failed(FlowNode.java:245)
	at org.globus.cog.karajan.workflow.nodes.FlowNode.failImmediately(FlowNode.java:89)
	at org.globus.cog.karajan.workflow.nodes.FlowNode.restart(FlowNode.java:151)
	at org.globus.cog.karajan.workflow.nodes.FlowNode.start(FlowNode.java:197)
	at org.globus.cog.karajan.workflow.FlowElementWrapper.start(FlowElementWrapper.java:227)
	at org.globus.cog.karajan.workflow.events.EventBus.start(EventBus.java:104)
	at org.globus.cog.karajan.workflow.events.EventTargetPair.run(EventTargetPair.java:40)
	at java.util.concurrent.Executors$RunnableAdapter.call(Executors.java:471)
	at java.util.concurrent.FutureTask$Sync.innerRun(FutureTask.java:334)
	at java.util.concurrent.FutureTask.run(FutureTask.java:166)
	at java.util.concurrent.ThreadPoolExecutor.runWorker(ThreadPoolExecutor.java:1110)
	at java.util.concurrent.ThreadPoolExecutor$Worker.run(ThreadPoolExecutor.java:603)
	at java.lang.Thread.run(Thread.java:722)
2012-05-25 13:07:11,710-0500 INFO  AbstractScheduler Setting resources to: {localhost=localhost}
2012-05-25 13:07:12,388-0500 INFO  unknown Swift 0.93 swift-r5483 cog-r3339

2012-05-25 13:07:12,389-0500 INFO  unknown RUNID id=run:20120525-1307-kptyx7t9
2012-05-25 13:07:12,422-0500 INFO  RootDataNode Found mapped data outfile:messagefile - Open.$
2012-05-25 13:07:12,444-0500 DEBUG greeting PROCEDURE line=3 thread=0-1 name=greeting
2012-05-25 13:07:12,453-0500 INFO  vdl:execute START thread=0-1 tr=sh
2012-05-25 13:07:12,471-0500 INFO  WeightedHostScoreScheduler CONTACT_SELECTED host=localhost, score=1.000
2012-05-25 13:07:12,475-0500 INFO  GlobalSubmitQueue No global submit throttle set. Using default (1024)
2012-05-25 13:07:12,478-0500 INFO  LateBindingScheduler JobQueue: 0
2012-05-25 13:07:12,481-0500 INFO  LateBindingScheduler JobQueue: 0
2012-05-25 13:07:12,488-0500 INFO  vdl:initshareddir START host=localhost - Initializing shared directory
2012-05-25 13:07:12,494-0500 INFO  LateBindingScheduler JobQueue: 0
2012-05-25 13:07:12,526-0500 INFO  LateBindingScheduler JobQueue: 0
2012-05-25 13:07:12,531-0500 INFO  LateBindingScheduler JobQueue: 0
2012-05-25 13:07:12,535-0500 INFO  LateBindingScheduler JobQueue: 0
2012-05-25 13:07:12,543-0500 INFO  LateBindingScheduler JobQueue: 0
2012-05-25 13:07:12,552-0500 INFO  LateBindingScheduler JobQueue: 0
2012-05-25 13:07:12,556-0500 INFO  vdl:initshareddir END host=localhost - Done initializing shared directory
2012-05-25 13:07:12,563-0500 DEBUG vdl:execute2 THREAD_ASSOCIATION jobid=sh-4ffzhtrk thread=0-1-1 host=localhost replicationGroup=3ffzhtrk
2012-05-25 13:07:12,586-0500 INFO  vdl:createdirset START jobid=sh-4ffzhtrk host=localhost - Initializing directory structure
2012-05-25 13:07:12,588-0500 INFO  vdl:createdirset END jobid=sh-4ffzhtrk - Done initializing directory structure
2012-05-25 13:07:12,591-0500 INFO  vdl:dostagein START jobid=sh-4ffzhtrk - Staging in files
2012-05-25 13:07:12,602-0500 INFO  vdl:dostagein END jobid=sh-4ffzhtrk - Staging in finished
2012-05-25 13:07:12,607-0500 DEBUG vdl:execute2 JOB_START jobid=sh-4ffzhtrk tr=sh arguments=[/home/skrieder/swift/examples/swift/tutorial/scott.sh] tmpdir=scott-20120525-1307-kptyx7t9/jobs/4/sh-4ffzhtrk host=localhost
2012-05-25 13:07:12,620-0500 DEBUG textfiles BEGIN TC:
#This is the transformation catalog.
#
#It comes pre-configured with a number of simple transformations with
#paths that are likely to work on a linux box. However, on some systems,
#the paths to these executables will be different (for example, sometimes
#some of these programs are found in /usr/bin rather than in /bin)
#
#NOTE WELL: fields in this file must be separated by tabs, not spaces; and
#there must be no trailing whitespace at the end of each line.
#
# sitename  transformation  path   INSTALLED  platform  profiles
localhost 	echo 		/bin/echo	INSTALLED	INTEL32::LINUX	null
localhost 	cat 		/bin/cat	INSTALLED	INTEL32::LINUX	null
localhost 	ls 		/bin/ls		INSTALLED	INTEL32::LINUX	null
localhost 	grep 		/bin/grep	INSTALLED	INTEL32::LINUX	null
localhost 	sort 		/bin/sort	INSTALLED	INTEL32::LINUX	null
localhost 	paste 		/bin/paste	INSTALLED	INTEL32::LINUX	null
localhost 	cp 		/bin/cp         INSTALLED	INTEL32::LINUX	null
localhost 	touch 		/bin/touch      INSTALLED	INTEL32::LINUX	null
localhost	wc		/usr/bin/wc	INSTALLED	INTEL32::LINUX	null
localhost	sh		/bin/sh		INSTALLED	INTEL32::LINUX	null
localhost	sleep		/bin/sleep	INSTALLED	INTEL32::LINUX	null
localhost	tr		/usr/bin/tr	INSTALLED	INTEL32::LINUX	null
localhost	scott.sh	/Users/scottkrieder/swift/examples/swift/tutorial/scott.sh	INTSALLED	INTEL32::LINUX	null


2012-05-25 13:07:12,620-0500 DEBUG textfiles END TC:
2012-05-25 13:07:12,628-0500 WARN  File On line 24in File /usr/local/swift/bin/../etc/tc.data

java.lang.IllegalStateException: Error : Illegal TCType defined. Please specify one of the predefined types 
 [INSTALLED, SOURCE, STATIC_BINARY, DYNAMIC_BINARY, PACMAN_PACKAGE, SCRIPT]
	at org.globus.swift.catalog.types.TCType.fromValue(TCType.java:73)
	at org.globus.swift.catalog.types.TCType.fromString(TCType.java:85)
	at org.globus.swift.catalog.transformation.File.populateTC(File.java:1085)
	at org.globus.swift.catalog.transformation.File.populateTC(File.java:1034)
	at org.globus.swift.catalog.transformation.File.<init>(File.java:149)
	at org.globus.swift.catalog.transformation.File.getNonSingletonInstance(File.java:116)
	at org.griphyn.vdl.karajan.lib.VDLFunction.getTC(VDLFunction.java:492)
	at org.griphyn.vdl.karajan.lib.Executable.function(Executable.java:24)
	at org.griphyn.vdl.karajan.lib.VDLFunction.post(VDLFunction.java:62)
	at org.globus.cog.karajan.workflow.nodes.AbstractSequentialWithArguments.completed(AbstractSequentialWithArguments.java:194)
	at org.globus.cog.karajan.workflow.nodes.FlowNode.complete(FlowNode.java:214)
	at org.globus.cog.karajan.workflow.nodes.FlowContainer.post(FlowContainer.java:58)
	at org.globus.cog.karajan.workflow.nodes.functions.AbstractFunction.post(AbstractFunction.java:28)
	at org.globus.cog.karajan.workflow.nodes.Sequential.startNext(Sequential.java:29)
	at org.globus.cog.karajan.workflow.nodes.Sequential.executeChildren(Sequential.java:20)
	at org.globus.cog.karajan.workflow.nodes.FlowContainer.execute(FlowContainer.java:63)
	at org.globus.cog.karajan.workflow.nodes.FlowNode.restart(FlowNode.java:139)
	at org.globus.cog.karajan.workflow.nodes.FlowNode.start(FlowNode.java:197)
	at org.globus.cog.karajan.workflow.FlowElementWrapper.start(FlowElementWrapper.java:227)
	at org.globus.cog.karajan.workflow.events.EventBus.start(EventBus.java:104)
	at org.globus.cog.karajan.workflow.events.EventTargetPair.run(EventTargetPair.java:40)
	at java.util.concurrent.Executors$RunnableAdapter.call(Executors.java:471)
	at java.util.concurrent.FutureTask$Sync.innerRun(FutureTask.java:334)
	at java.util.concurrent.FutureTask.run(FutureTask.java:166)
	at java.util.concurrent.ThreadPoolExecutor.runWorker(ThreadPoolExecutor.java:1110)
	at java.util.concurrent.ThreadPoolExecutor$Worker.run(ThreadPoolExecutor.java:603)
	at java.lang.Thread.run(Thread.java:722)
2012-05-25 13:07:12,657-0500 INFO  GridExec TASK_DEFINITION: Task(type=JOB_SUBMISSION, identity=urn:0-1-1-1337969231576) is /bin/bash shared/_swiftwrap sh-4ffzhtrk -jobdir 4 -scratch  -e /bin/sh -out scott.txt -err stderr.txt -i -d  -if  -of scott.txt -k  -cdmfile  -status files -a /home/skrieder/swift/examples/swift/tutorial/scott.sh
2012-05-25 13:07:12,675-0500 INFO  JobSubmissionTaskHandler Submit: in: /var/tmp/scott-20120525-1307-kptyx7t9 command: /bin/bash /var/tmp/scott-20120525-1307-kptyx7t9/shared/_swiftwrap sh-4ffzhtrk -jobdir 4 -scratch  -e /bin/sh -out scott.txt -err stderr.txt -i -d  -if  -of scott.txt -k  -cdmfile  -status files -a /home/skrieder/swift/examples/swift/tutorial/scott.sh
2012-05-25 13:07:12,806-0500 INFO  LateBindingScheduler JobQueue: 0
2012-05-25 13:07:12,813-0500 DEBUG vdl:checkjobstatus START jobid=sh-4ffzhtrk
2012-05-25 13:07:12,825-0500 INFO  LateBindingScheduler JobQueue: 0
2012-05-25 13:07:12,828-0500 INFO  vdl:checkerrorfile FAILURE jobid=sh-4ffzhtrk - Failure file found
2012-05-25 13:07:12,832-0500 INFO  LateBindingScheduler JobQueue: 0
2012-05-25 13:07:12,836-0500 INFO  LateBindingScheduler JobQueue: 0
2012-05-25 13:07:12,838-0500 INFO  LateBindingScheduler JobQueue: 0
2012-05-25 13:07:12,842-0500 DEBUG vdl:execute2 STAGING_OUT jobid=sh-4ffzhtrk
2012-05-25 13:07:12,846-0500 INFO  vdl:dostageout START jobid=sh-4ffzhtrk - Staging out files
2012-05-25 13:07:12,847-0500 DEBUG vdl:dostageout stageouts: [[$, outfile:messagefile - Open]]
2012-05-25 13:07:12,865-0500 DEBUG vdl:dostageout FILE_STAGE_OUT_START srcname=scott.txt srcdir=scott-20120525-1307-kptyx7t9/shared/ srchost=localhost destdir= desthost=localhost provider=file
2012-05-25 13:07:12,868-0500 INFO  LateBindingScheduler JobQueue: 0
2012-05-25 13:07:12,909-0500 INFO  LateBindingScheduler JobQueue: 0
2012-05-25 13:07:12,911-0500 INFO  vdl:checkerrorfile NO_STATUS_FILE jobid=sh-4ffzhtrk - Error file missing
2012-05-25 13:07:12,917-0500 DEBUG vdl:execute2 APPLICATION_EXCEPTION jobid=sh-4ffzhtrk - Application exception: null
Caused by: org.globus.cog.abstraction.impl.file.FileNotFoundException: File not found: /var/tmp/scott-20120525-1307-kptyx7t9/shared/scott.txt
2012-05-25 13:07:12,940-0500 INFO  LateBindingScheduler JobQueue: 0
2012-05-25 13:07:12,945-0500 INFO  LateBindingScheduler JobQueue: 0
2012-05-25 13:07:12,951-0500 INFO  LateBindingScheduler JobQueue: 0
2012-05-25 13:07:12,954-0500 INFO  LateBindingScheduler JobQueue: 0
2012-05-25 13:07:12,966-0500 INFO  LateBindingScheduler JobQueue: 0
2012-05-25 13:07:12,974-0500 INFO  WeightedHostScoreScheduler CONTACT_SELECTED host=localhost, score=0.000
2012-05-25 13:07:12,977-0500 DEBUG vdl:execute2 THREAD_ASSOCIATION jobid=sh-6ffzhtrk thread=0-1-1 host=localhost replicationGroup=5ffzhtrk
2012-05-25 13:07:12,980-0500 INFO  vdl:createdirset START jobid=sh-6ffzhtrk host=localhost - Initializing directory structure
2012-05-25 13:07:12,980-0500 INFO  vdl:createdirset END jobid=sh-6ffzhtrk - Done initializing directory structure
2012-05-25 13:07:12,980-0500 INFO  vdl:dostagein START jobid=sh-6ffzhtrk - Staging in files
2012-05-25 13:07:12,981-0500 INFO  vdl:dostagein END jobid=sh-6ffzhtrk - Staging in finished
2012-05-25 13:07:12,981-0500 DEBUG vdl:execute2 JOB_START jobid=sh-6ffzhtrk tr=sh arguments=[/home/skrieder/swift/examples/swift/tutorial/scott.sh] tmpdir=scott-20120525-1307-kptyx7t9/jobs/6/sh-6ffzhtrk host=localhost
2012-05-25 13:07:12,983-0500 INFO  GridExec TASK_DEFINITION: Task(type=JOB_SUBMISSION, identity=urn:0-1-1-1337969231616) is /bin/bash shared/_swiftwrap sh-6ffzhtrk -jobdir 6 -scratch  -e /bin/sh -out scott.txt -err stderr.txt -i -d  -if  -of scott.txt -k  -cdmfile  -status files -a /home/skrieder/swift/examples/swift/tutorial/scott.sh
2012-05-25 13:07:12,984-0500 INFO  JobSubmissionTaskHandler Submit: in: /var/tmp/scott-20120525-1307-kptyx7t9 command: /bin/bash /var/tmp/scott-20120525-1307-kptyx7t9/shared/_swiftwrap sh-6ffzhtrk -jobdir 6 -scratch  -e /bin/sh -out scott.txt -err stderr.txt -i -d  -if  -of scott.txt -k  -cdmfile  -status files -a /home/skrieder/swift/examples/swift/tutorial/scott.sh
2012-05-25 13:07:13,127-0500 INFO  LateBindingScheduler JobQueue: 0
2012-05-25 13:07:13,131-0500 DEBUG vdl:checkjobstatus START jobid=sh-6ffzhtrk
2012-05-25 13:07:13,138-0500 INFO  LateBindingScheduler JobQueue: 0
2012-05-25 13:07:13,139-0500 INFO  vdl:checkerrorfile FAILURE jobid=sh-6ffzhtrk - Failure file found
2012-05-25 13:07:13,143-0500 INFO  LateBindingScheduler JobQueue: 0
2012-05-25 13:07:13,146-0500 INFO  LateBindingScheduler JobQueue: 1
2012-05-25 13:07:13,147-0500 INFO  LateBindingScheduler JobQueue: 0
2012-05-25 13:07:13,149-0500 DEBUG vdl:execute2 STAGING_OUT jobid=sh-6ffzhtrk
2012-05-25 13:07:13,151-0500 INFO  vdl:dostageout START jobid=sh-6ffzhtrk - Staging out files
2012-05-25 13:07:13,152-0500 DEBUG vdl:dostageout stageouts: [[$, outfile:messagefile - Open]]
2012-05-25 13:07:13,159-0500 DEBUG vdl:dostageout FILE_STAGE_OUT_START srcname=scott.txt srcdir=scott-20120525-1307-kptyx7t9/shared/ srchost=localhost destdir= desthost=localhost provider=file
2012-05-25 13:07:13,161-0500 INFO  LateBindingScheduler JobQueue: 0
2012-05-25 13:07:13,182-0500 INFO  LateBindingScheduler JobQueue: 0
2012-05-25 13:07:13,183-0500 INFO  vdl:checkerrorfile NO_STATUS_FILE jobid=sh-6ffzhtrk - Error file missing
2012-05-25 13:07:13,185-0500 DEBUG vdl:execute2 APPLICATION_EXCEPTION jobid=sh-6ffzhtrk - Application exception: null
Caused by: org.globus.cog.abstraction.impl.file.FileNotFoundException: File not found: /var/tmp/scott-20120525-1307-kptyx7t9/shared/scott.txt
2012-05-25 13:07:13,197-0500 INFO  LateBindingScheduler JobQueue: 0
2012-05-25 13:07:13,201-0500 INFO  LateBindingScheduler JobQueue: 0
2012-05-25 13:07:13,206-0500 INFO  LateBindingScheduler JobQueue: 0
2012-05-25 13:07:13,210-0500 INFO  LateBindingScheduler JobQueue: 0
2012-05-25 13:07:13,217-0500 INFO  LateBindingScheduler JobQueue: 0
2012-05-25 13:07:13,732-0500 INFO  WeightedHostScoreScheduler CONTACT_SELECTED host=localhost, score=0.000
2012-05-25 13:07:13,738-0500 DEBUG vdl:execute2 THREAD_ASSOCIATION jobid=sh-8ffzhtrk thread=0-1-1 host=localhost replicationGroup=7ffzhtrk
2012-05-25 13:07:13,747-0500 INFO  vdl:createdirset START jobid=sh-8ffzhtrk host=localhost - Initializing directory structure
2012-05-25 13:07:13,749-0500 INFO  vdl:createdirset END jobid=sh-8ffzhtrk - Done initializing directory structure
2012-05-25 13:07:13,750-0500 INFO  vdl:dostagein START jobid=sh-8ffzhtrk - Staging in files
2012-05-25 13:07:13,752-0500 INFO  vdl:dostagein END jobid=sh-8ffzhtrk - Staging in finished
2012-05-25 13:07:13,754-0500 DEBUG vdl:execute2 JOB_START jobid=sh-8ffzhtrk tr=sh arguments=[/home/skrieder/swift/examples/swift/tutorial/scott.sh] tmpdir=scott-20120525-1307-kptyx7t9/jobs/8/sh-8ffzhtrk host=localhost
2012-05-25 13:07:13,765-0500 INFO  GridExec TASK_DEFINITION: Task(type=JOB_SUBMISSION, identity=urn:0-1-1-1337969231656) is /bin/bash shared/_swiftwrap sh-8ffzhtrk -jobdir 8 -scratch  -e /bin/sh -out scott.txt -err stderr.txt -i -d  -if  -of scott.txt -k  -cdmfile  -status files -a /home/skrieder/swift/examples/swift/tutorial/scott.sh
2012-05-25 13:07:13,766-0500 INFO  JobSubmissionTaskHandler Submit: in: /var/tmp/scott-20120525-1307-kptyx7t9 command: /bin/bash /var/tmp/scott-20120525-1307-kptyx7t9/shared/_swiftwrap sh-8ffzhtrk -jobdir 8 -scratch  -e /bin/sh -out scott.txt -err stderr.txt -i -d  -if  -of scott.txt -k  -cdmfile  -status files -a /home/skrieder/swift/examples/swift/tutorial/scott.sh
2012-05-25 13:07:13,910-0500 INFO  LateBindingScheduler JobQueue: 0
2012-05-25 13:07:13,913-0500 DEBUG vdl:checkjobstatus START jobid=sh-8ffzhtrk
2012-05-25 13:07:13,920-0500 INFO  LateBindingScheduler JobQueue: 0
2012-05-25 13:07:13,921-0500 INFO  vdl:checkerrorfile FAILURE jobid=sh-8ffzhtrk - Failure file found
2012-05-25 13:07:13,925-0500 INFO  LateBindingScheduler JobQueue: 0
2012-05-25 13:07:13,928-0500 INFO  LateBindingScheduler JobQueue: 1
2012-05-25 13:07:13,929-0500 INFO  LateBindingScheduler JobQueue: 0
2012-05-25 13:07:13,931-0500 DEBUG vdl:execute2 STAGING_OUT jobid=sh-8ffzhtrk
2012-05-25 13:07:13,934-0500 INFO  vdl:dostageout START jobid=sh-8ffzhtrk - Staging out files
2012-05-25 13:07:13,934-0500 DEBUG vdl:dostageout stageouts: [[$, outfile:messagefile - Open]]
2012-05-25 13:07:13,941-0500 DEBUG vdl:dostageout FILE_STAGE_OUT_START srcname=scott.txt srcdir=scott-20120525-1307-kptyx7t9/shared/ srchost=localhost destdir= desthost=localhost provider=file
2012-05-25 13:07:13,943-0500 INFO  LateBindingScheduler JobQueue: 0
2012-05-25 13:07:13,963-0500 INFO  LateBindingScheduler JobQueue: 0
2012-05-25 13:07:13,964-0500 INFO  vdl:checkerrorfile NO_STATUS_FILE jobid=sh-8ffzhtrk - Error file missing
2012-05-25 13:07:13,966-0500 DEBUG vdl:execute2 APPLICATION_EXCEPTION jobid=sh-8ffzhtrk - Application exception: null
Caused by: org.globus.cog.abstraction.impl.file.FileNotFoundException: File not found: /var/tmp/scott-20120525-1307-kptyx7t9/shared/scott.txt
2012-05-25 13:07:13,976-0500 INFO  LateBindingScheduler JobQueue: 0
2012-05-25 13:07:13,979-0500 INFO  LateBindingScheduler JobQueue: 0
2012-05-25 13:07:13,986-0500 INFO  LateBindingScheduler JobQueue: 0
2012-05-25 13:07:13,989-0500 INFO  LateBindingScheduler JobQueue: 0
2012-05-25 13:07:13,996-0500 INFO  LateBindingScheduler JobQueue: 0
2012-05-25 13:07:14,005-0500 INFO  vdl:execute END_FAILURE thread=0-1 tr=sh
2012-05-25 13:07:14,010-0500 DEBUG VDL2ExecutionContext Exception in sh:
Arguments: [/home/skrieder/swift/examples/swift/tutorial/scott.sh]
Host: localhost
Directory: scott-20120525-1307-kptyx7t9/jobs/8/sh-8ffzhtrk
stderr.txt: /home/skrieder/swift/examples/swift/tutorial/scott.sh: 1: ./home/skrieder/swift/cuda/cka1: not found

stdout.txt: 
----

Exception in sh:
Arguments: [/home/skrieder/swift/examples/swift/tutorial/scott.sh]
Host: localhost
Directory: scott-20120525-1307-kptyx7t9/jobs/8/sh-8ffzhtrk
stderr.txt: /home/skrieder/swift/examples/swift/tutorial/scott.sh: 1: ./home/skrieder/swift/cuda/cka1: not found

stdout.txt: 
----

Caused by: null
Caused by: org.globus.cog.abstraction.impl.file.FileNotFoundException: File not found: /var/tmp/scott-20120525-1307-kptyx7t9/shared/scott.txt
	at org.globus.cog.karajan.workflow.nodes.functions.KException.function(KException.java:29)
	at org.globus.cog.karajan.workflow.nodes.functions.AbstractFunction.post(AbstractFunction.java:27)
	at org.globus.cog.karajan.workflow.nodes.AbstractSequentialWithArguments.completed(AbstractSequentialWithArguments.java:194)
	at org.globus.cog.karajan.workflow.nodes.FlowNode.complete(FlowNode.java:214)
	at org.globus.cog.karajan.workflow.nodes.FlowContainer.post(FlowContainer.java:58)
	at org.globus.cog.karajan.workflow.nodes.functions.AbstractFunction.post(AbstractFunction.java:28)
	at org.globus.cog.karajan.workflow.nodes.Sequential.startNext(Sequential.java:29)
	at org.globus.cog.karajan.workflow.nodes.Sequential.executeChildren(Sequential.java:20)
	at org.globus.cog.karajan.workflow.nodes.FlowContainer.execute(FlowContainer.java:63)
	at org.globus.cog.karajan.workflow.nodes.FlowNode.restart(FlowNode.java:139)
	at org.globus.cog.karajan.workflow.nodes.FlowNode.start(FlowNode.java:197)
	at org.globus.cog.karajan.workflow.events.EventBus.start(EventBus.java:104)
	at org.globus.cog.karajan.workflow.events.EventTargetPair.run(EventTargetPair.java:40)
	at java.util.concurrent.Executors$RunnableAdapter.call(Executors.java:471)
	at java.util.concurrent.FutureTask$Sync.innerRun(FutureTask.java:334)
	at java.util.concurrent.FutureTask.run(FutureTask.java:166)
	at java.util.concurrent.ThreadPoolExecutor.runWorker(ThreadPoolExecutor.java:1110)
	at java.util.concurrent.ThreadPoolExecutor$Worker.run(ThreadPoolExecutor.java:603)
	at java.lang.Thread.run(Thread.java:722)
Caused by: null
Caused by: org.globus.cog.abstraction.impl.file.FileNotFoundException: File not found: /var/tmp/scott-20120525-1307-kptyx7t9/shared/scott.txt
	at org.globus.cog.karajan.workflow.nodes.FlowNode.failImmediately(FlowNode.java:101)
	at org.globus.cog.karajan.workflow.nodes.grid.AbstractGridNode$1.run(AbstractGridNode.java:308)
	... 6 more
Caused by: org.globus.cog.abstraction.impl.file.FileNotFoundException: File not found: /var/tmp/scott-20120525-1307-kptyx7t9/shared/scott.txt
	at org.globus.cog.abstraction.impl.file.local.FileResourceImpl.getFile(FileResourceImpl.java:225)
	at org.globus.cog.abstraction.impl.file.local.FileResourceImpl.putFile(FileResourceImpl.java:286)
	at org.globus.cog.abstraction.impl.file.AbstractFileResource.putFile(AbstractFileResource.java:152)
	at org.globus.cog.abstraction.impl.fileTransfer.DelegatedFileTransferHandler.doDestination(DelegatedFileTransferHandler.java:314)
	at org.globus.cog.abstraction.impl.fileTransfer.CachingDelegatedFileTransferHandler.doDestination(CachingDelegatedFileTransferHandler.java:46)
	at org.globus.cog.abstraction.impl.fileTransfer.DelegatedFileTransferHandler.run(DelegatedFileTransferHandler.java:487)
	... 1 more
2012-05-25 13:07:14,152-0500 INFO  ExecutionContext Detailed exception: 
Exception in sh:
Arguments: [/home/skrieder/swift/examples/swift/tutorial/scott.sh]
Host: localhost
Directory: scott-20120525-1307-kptyx7t9/jobs/8/sh-8ffzhtrk
stderr.txt: /home/skrieder/swift/examples/swift/tutorial/scott.sh: 1: ./home/skrieder/swift/cuda/cka1: not found

stdout.txt: 
----

Caused by: null
Caused by: org.globus.cog.abstraction.impl.file.FileNotFoundException: File not found: /var/tmp/scott-20120525-1307-kptyx7t9/shared/scott.txt
	at org.globus.cog.karajan.workflow.nodes.functions.KException.function(KException.java:29)
	at org.globus.cog.karajan.workflow.nodes.functions.AbstractFunction.post(AbstractFunction.java:27)
	at org.globus.cog.karajan.workflow.nodes.AbstractSequentialWithArguments.completed(AbstractSequentialWithArguments.java:194)
	at org.globus.cog.karajan.workflow.nodes.FlowNode.complete(FlowNode.java:214)
	at org.globus.cog.karajan.workflow.nodes.FlowContainer.post(FlowContainer.java:58)
	at org.globus.cog.karajan.workflow.nodes.functions.AbstractFunction.post(AbstractFunction.java:28)
	at org.globus.cog.karajan.workflow.nodes.Sequential.startNext(Sequential.java:29)
	at org.globus.cog.karajan.workflow.nodes.Sequential.executeChildren(Sequential.java:20)
	at org.globus.cog.karajan.workflow.nodes.FlowContainer.execute(FlowContainer.java:63)
	at org.globus.cog.karajan.workflow.nodes.FlowNode.restart(FlowNode.java:139)
	at org.globus.cog.karajan.workflow.nodes.FlowNode.start(FlowNode.java:197)
	at org.globus.cog.karajan.workflow.events.EventBus.start(EventBus.java:104)
	at org.globus.cog.karajan.workflow.events.EventTargetPair.run(EventTargetPair.java:40)
	at java.util.concurrent.Executors$RunnableAdapter.call(Executors.java:471)
	at java.util.concurrent.FutureTask$Sync.innerRun(FutureTask.java:334)
	at java.util.concurrent.FutureTask.run(FutureTask.java:166)
	at java.util.concurrent.ThreadPoolExecutor.runWorker(ThreadPoolExecutor.java:1110)
	at java.util.concurrent.ThreadPoolExecutor$Worker.run(ThreadPoolExecutor.java:603)
	at java.lang.Thread.run(Thread.java:722)
Caused by: null
Caused by: org.globus.cog.abstraction.impl.file.FileNotFoundException: File not found: /var/tmp/scott-20120525-1307-kptyx7t9/shared/scott.txt
	at org.globus.cog.karajan.workflow.nodes.FlowNode.failImmediately(FlowNode.java:101)
	at org.globus.cog.karajan.workflow.nodes.grid.AbstractGridNode$1.run(AbstractGridNode.java:308)
	... 6 more
Caused by: org.globus.cog.abstraction.impl.file.FileNotFoundException: File not found: /var/tmp/scott-20120525-1307-kptyx7t9/shared/scott.txt
	at org.globus.cog.abstraction.impl.file.local.FileResourceImpl.getFile(FileResourceImpl.java:225)
	at org.globus.cog.abstraction.impl.file.local.FileResourceImpl.putFile(FileResourceImpl.java:286)
	at org.globus.cog.abstraction.impl.file.AbstractFileResource.putFile(AbstractFileResource.java:152)
	at org.globus.cog.abstraction.impl.fileTransfer.DelegatedFileTransferHandler.doDestination(DelegatedFileTransferHandler.java:314)
	at org.globus.cog.abstraction.impl.fileTransfer.CachingDelegatedFileTransferHandler.doDestination(CachingDelegatedFileTransferHandler.java:46)
	at org.globus.cog.abstraction.impl.fileTransfer.DelegatedFileTransferHandler.run(DelegatedFileTransferHandler.java:487)
	... 1 more
2012-05-25 13:07:14,153-0500 INFO  Loader Swift finished with errors
