2012-05-31 23:50:23,500-0500 DEBUG Loader arguments: [scott.swift]
2012-05-31 23:50:23,500-0500 DEBUG Loader Max heap: 252248064
2012-05-31 23:50:23,501-0500 DEBUG textfiles BEGIN SWIFTSCRIPT:
type messagefile;

app (messagefile t) greeting() { 
   sh "/home/skrieder/swift/examples/swift/tutorial/scott.sh" stdout=@filename(t);
}

messagefile outfile <"scott.txt">;

outfile = greeting();


2012-05-31 23:50:23,501-0500 DEBUG textfiles END SWIFTSCRIPT:
2012-05-31 23:50:23,501-0500 DEBUG Loader kmlversion is >239b8550-a5ff-44be-a124-5e7ecd70737d<
2012-05-31 23:50:23,501-0500 DEBUG Loader build version is >239b8550-a5ff-44be-a124-5e7ecd70737d<
2012-05-31 23:50:23,501-0500 DEBUG Loader Recompilation suppressed.
2012-05-31 23:50:23,643-0500 DEBUG textfiles using default sites file
2012-05-31 23:50:23,647-0500 INFO  VDL2ExecutionContext Stack dump:
Level 1
[iA = 0, iB = 0, bA = false, bB = false]
	vdl:instanceconfig = Swift configuration []
	vdl:operation = run
	swift.home = /usr/local/swift/bin/..
	PATH_SEPARATOR = /


2012-05-31 23:50:24,334-0500 INFO  unknown Using sites file: /usr/local/swift/bin/../etc/sites.xml
2012-05-31 23:50:24,373-0500 INFO  unknown Using tc.data: /usr/local/swift/bin/../etc/tc.data
2012-05-31 23:50:24,517-0500 WARN  File On line 24in File /usr/local/swift/bin/../etc/tc.data

java.lang.IllegalStateException: Error : Illegal TCType defined. Please specify one of the predefined types 
 [INSTALLED, SOURCE, STATIC_BINARY, DYNAMIC_BINARY, PACMAN_PACKAGE, SCRIPT]
	at org.globus.swift.catalog.types.TCType.fromValue(TCType.java:73)
	at org.globus.swift.catalog.types.TCType.fromString(TCType.java:85)
	at org.globus.swift.catalog.transformation.File.populateTC(File.java:1085)
	at org.globus.swift.catalog.transformation.File.populateTC(File.java:1034)
	at org.globus.swift.catalog.transformation.File.<init>(File.java:149)
	at org.globus.swift.catalog.transformation.File.getNonSingletonInstance(File.java:116)
	at org.griphyn.vdl.karajan.VDSAdaptiveScheduler.setProperty(VDSAdaptiveScheduler.java:71)
	at org.globus.cog.karajan.workflow.nodes.grid.SchedulerNode.newScheduler(SchedulerNode.java:104)
	at org.globus.cog.karajan.workflow.nodes.grid.SchedulerNode.post(SchedulerNode.java:63)
	at org.globus.cog.karajan.workflow.nodes.AbstractSequentialWithArguments.completed(AbstractSequentialWithArguments.java:194)
	at org.globus.cog.karajan.workflow.nodes.FlowNode.complete(FlowNode.java:214)
	at org.globus.cog.karajan.workflow.nodes.FlowContainer.post(FlowContainer.java:58)
	at org.globus.cog.karajan.workflow.nodes.AbstractSequentialWithArguments.completed(AbstractSequentialWithArguments.java:194)
	at org.globus.cog.karajan.workflow.nodes.user.UserDefinedElement.completed(UserDefinedElement.java:286)
	at org.globus.cog.karajan.workflow.nodes.user.SequentialImplicitExecutionUDE.completed(SequentialImplicitExecutionUDE.java:89)
	at org.globus.cog.karajan.workflow.nodes.FlowNode.complete(FlowNode.java:214)
	at org.globus.cog.karajan.workflow.nodes.FlowContainer.post(FlowContainer.java:58)
	at org.globus.cog.karajan.workflow.nodes.functions.AbstractFunction.post(AbstractFunction.java:28)
	at org.globus.cog.karajan.workflow.nodes.AbstractSequentialWithArguments.completed(AbstractSequentialWithArguments.java:194)
	at org.globus.cog.karajan.workflow.nodes.FlowNode.complete(FlowNode.java:214)
	at org.globus.cog.karajan.workflow.nodes.ExecuteFile.completed(ExecuteFile.java:158)
	at org.globus.cog.karajan.workflow.nodes.FlowNode.complete(FlowNode.java:214)
	at org.globus.cog.karajan.workflow.nodes.FlowContainer.post(FlowContainer.java:58)
	at org.globus.cog.karajan.workflow.nodes.Sequential.startNext(Sequential.java:29)
	at org.globus.cog.karajan.workflow.nodes.Sequential.completed(Sequential.java:24)
	at org.globus.cog.karajan.workflow.nodes.FlowNode.complete(FlowNode.java:214)
	at org.globus.cog.karajan.workflow.nodes.FlowContainer.post(FlowContainer.java:58)
	at org.globus.cog.karajan.workflow.nodes.AbstractSequentialWithArguments.completed(AbstractSequentialWithArguments.java:194)
	at org.globus.cog.karajan.workflow.nodes.user.UserDefinedElement.completed(UserDefinedElement.java:286)
	at org.globus.cog.karajan.workflow.nodes.user.SequentialImplicitExecutionUDE.completed(SequentialImplicitExecutionUDE.java:89)
	at org.globus.cog.karajan.workflow.nodes.FlowNode.complete(FlowNode.java:214)
	at org.globus.cog.karajan.workflow.nodes.FlowContainer.post(FlowContainer.java:58)
	at org.globus.cog.karajan.workflow.nodes.functions.AbstractFunction.post(AbstractFunction.java:28)
	at org.globus.cog.karajan.workflow.nodes.AbstractSequentialWithArguments.completed(AbstractSequentialWithArguments.java:194)
	at org.globus.cog.karajan.workflow.nodes.FlowNode.complete(FlowNode.java:214)
	at org.globus.cog.karajan.workflow.nodes.FlowContainer.post(FlowContainer.java:58)
	at org.globus.cog.karajan.workflow.nodes.AbstractSequentialWithArguments.completed(AbstractSequentialWithArguments.java:194)
	at org.globus.cog.karajan.workflow.nodes.PartialArgumentsContainer.nonArgChildCompleted(PartialArgumentsContainer.java:105)
	at org.globus.cog.karajan.workflow.nodes.PartialArgumentsContainer.completed(PartialArgumentsContainer.java:86)
	at org.globus.cog.karajan.workflow.nodes.FlowNode.complete(FlowNode.java:214)
	at org.globus.cog.karajan.workflow.nodes.Maybe.failed(Maybe.java:23)
	at org.globus.cog.karajan.workflow.nodes.FlowNode.failImmediately(FlowNode.java:89)
	at org.globus.cog.karajan.workflow.nodes.FlowNode.failed(FlowNode.java:245)
	at org.globus.cog.karajan.workflow.nodes.FlowNode.failImmediately(FlowNode.java:89)
	at org.globus.cog.karajan.workflow.nodes.FlowNode.restart(FlowNode.java:151)
	at org.globus.cog.karajan.workflow.nodes.FlowNode.start(FlowNode.java:197)
	at org.globus.cog.karajan.workflow.FlowElementWrapper.start(FlowElementWrapper.java:227)
	at org.globus.cog.karajan.workflow.events.EventBus.start(EventBus.java:104)
	at org.globus.cog.karajan.workflow.events.EventTargetPair.run(EventTargetPair.java:40)
	at java.util.concurrent.Executors$RunnableAdapter.call(Executors.java:471)
	at java.util.concurrent.FutureTask$Sync.innerRun(FutureTask.java:334)
	at java.util.concurrent.FutureTask.run(FutureTask.java:166)
	at java.util.concurrent.ThreadPoolExecutor.runWorker(ThreadPoolExecutor.java:1110)
	at java.util.concurrent.ThreadPoolExecutor$Worker.run(ThreadPoolExecutor.java:603)
	at java.lang.Thread.run(Thread.java:722)
2012-05-31 23:50:24,524-0500 INFO  AbstractScheduler Setting resources to: {localhost=localhost}
2012-05-31 23:50:25,157-0500 INFO  unknown Swift 0.93 swift-r5483 cog-r3339

2012-05-31 23:50:25,158-0500 INFO  unknown RUNID id=run:20120531-2350-z0gczlh9
2012-05-31 23:50:25,211-0500 INFO  RootDataNode Found mapped data outfile:messagefile - Open.$
2012-05-31 23:50:25,225-0500 DEBUG greeting PROCEDURE line=3 thread=0-1 name=greeting
2012-05-31 23:50:25,229-0500 INFO  vdl:execute START thread=0-1 tr=sh
2012-05-31 23:50:25,257-0500 INFO  WeightedHostScoreScheduler CONTACT_SELECTED host=localhost, score=1.000
2012-05-31 23:50:25,266-0500 INFO  GlobalSubmitQueue No global submit throttle set. Using default (1024)
2012-05-31 23:50:25,271-0500 INFO  LateBindingScheduler JobQueue: 0
2012-05-31 23:50:25,275-0500 INFO  LateBindingScheduler JobQueue: 0
2012-05-31 23:50:25,281-0500 INFO  vdl:initshareddir START host=localhost - Initializing shared directory
2012-05-31 23:50:25,287-0500 INFO  LateBindingScheduler JobQueue: 0
2012-05-31 23:50:25,319-0500 INFO  LateBindingScheduler JobQueue: 0
2012-05-31 23:50:25,324-0500 INFO  LateBindingScheduler JobQueue: 0
2012-05-31 23:50:25,328-0500 INFO  LateBindingScheduler JobQueue: 0
2012-05-31 23:50:25,336-0500 INFO  LateBindingScheduler JobQueue: 0
2012-05-31 23:50:25,345-0500 INFO  LateBindingScheduler JobQueue: 0
2012-05-31 23:50:25,348-0500 INFO  vdl:initshareddir END host=localhost - Done initializing shared directory
2012-05-31 23:50:25,355-0500 DEBUG vdl:execute2 THREAD_ASSOCIATION jobid=sh-9ei545sk thread=0-1-1 host=localhost replicationGroup=8ei545sk
2012-05-31 23:50:25,377-0500 INFO  vdl:createdirset START jobid=sh-9ei545sk host=localhost - Initializing directory structure
2012-05-31 23:50:25,379-0500 INFO  vdl:createdirset END jobid=sh-9ei545sk - Done initializing directory structure
2012-05-31 23:50:25,381-0500 INFO  vdl:dostagein START jobid=sh-9ei545sk - Staging in files
2012-05-31 23:50:25,391-0500 INFO  vdl:dostagein END jobid=sh-9ei545sk - Staging in finished
2012-05-31 23:50:25,396-0500 DEBUG vdl:execute2 JOB_START jobid=sh-9ei545sk tr=sh arguments=[/home/skrieder/swift/examples/swift/tutorial/scott.sh] tmpdir=scott-20120531-2350-z0gczlh9/jobs/9/sh-9ei545sk host=localhost
2012-05-31 23:50:25,409-0500 DEBUG textfiles BEGIN TC:
#This is the transformation catalog.
#
#It comes pre-configured with a number of simple transformations with
#paths that are likely to work on a linux box. However, on some systems,
#the paths to these executables will be different (for example, sometimes
#some of these programs are found in /usr/bin rather than in /bin)
#
#NOTE WELL: fields in this file must be separated by tabs, not spaces; and
#there must be no trailing whitespace at the end of each line.
#
# sitename  transformation  path   INSTALLED  platform  profiles
localhost 	echo 		/bin/echo	INSTALLED	INTEL32::LINUX	null
localhost 	cat 		/bin/cat	INSTALLED	INTEL32::LINUX	null
localhost 	ls 		/bin/ls		INSTALLED	INTEL32::LINUX	null
localhost 	grep 		/bin/grep	INSTALLED	INTEL32::LINUX	null
localhost 	sort 		/bin/sort	INSTALLED	INTEL32::LINUX	null
localhost 	paste 		/bin/paste	INSTALLED	INTEL32::LINUX	null
localhost 	cp 		/bin/cp         INSTALLED	INTEL32::LINUX	null
localhost 	touch 		/bin/touch      INSTALLED	INTEL32::LINUX	null
localhost	wc		/usr/bin/wc	INSTALLED	INTEL32::LINUX	null
localhost	sh		/bin/sh		INSTALLED	INTEL32::LINUX	null
localhost	sleep		/bin/sleep	INSTALLED	INTEL32::LINUX	null
localhost	tr		/usr/bin/tr	INSTALLED	INTEL32::LINUX	null
localhost	scott.sh	/Users/scottkrieder/swift/examples/swift/tutorial/scott.sh	INTSALLED	INTEL32::LINUX	null


2012-05-31 23:50:25,409-0500 DEBUG textfiles END TC:
2012-05-31 23:50:25,417-0500 WARN  File On line 24in File /usr/local/swift/bin/../etc/tc.data

java.lang.IllegalStateException: Error : Illegal TCType defined. Please specify one of the predefined types 
 [INSTALLED, SOURCE, STATIC_BINARY, DYNAMIC_BINARY, PACMAN_PACKAGE, SCRIPT]
	at org.globus.swift.catalog.types.TCType.fromValue(TCType.java:73)
	at org.globus.swift.catalog.types.TCType.fromString(TCType.java:85)
	at org.globus.swift.catalog.transformation.File.populateTC(File.java:1085)
	at org.globus.swift.catalog.transformation.File.populateTC(File.java:1034)
	at org.globus.swift.catalog.transformation.File.<init>(File.java:149)
	at org.globus.swift.catalog.transformation.File.getNonSingletonInstance(File.java:116)
	at org.griphyn.vdl.karajan.lib.VDLFunction.getTC(VDLFunction.java:492)
	at org.griphyn.vdl.karajan.lib.Executable.function(Executable.java:24)
	at org.griphyn.vdl.karajan.lib.VDLFunction.post(VDLFunction.java:62)
	at org.globus.cog.karajan.workflow.nodes.AbstractSequentialWithArguments.completed(AbstractSequentialWithArguments.java:194)
	at org.globus.cog.karajan.workflow.nodes.FlowNode.complete(FlowNode.java:214)
	at org.globus.cog.karajan.workflow.nodes.FlowContainer.post(FlowContainer.java:58)
	at org.globus.cog.karajan.workflow.nodes.functions.AbstractFunction.post(AbstractFunction.java:28)
	at org.globus.cog.karajan.workflow.nodes.Sequential.startNext(Sequential.java:29)
	at org.globus.cog.karajan.workflow.nodes.Sequential.executeChildren(Sequential.java:20)
	at org.globus.cog.karajan.workflow.nodes.FlowContainer.execute(FlowContainer.java:63)
	at org.globus.cog.karajan.workflow.nodes.FlowNode.restart(FlowNode.java:139)
	at org.globus.cog.karajan.workflow.nodes.FlowNode.start(FlowNode.java:197)
	at org.globus.cog.karajan.workflow.FlowElementWrapper.start(FlowElementWrapper.java:227)
	at org.globus.cog.karajan.workflow.events.EventBus.start(EventBus.java:104)
	at org.globus.cog.karajan.workflow.events.EventTargetPair.run(EventTargetPair.java:40)
	at java.util.concurrent.Executors$RunnableAdapter.call(Executors.java:471)
	at java.util.concurrent.FutureTask$Sync.innerRun(FutureTask.java:334)
	at java.util.concurrent.FutureTask.run(FutureTask.java:166)
	at java.util.concurrent.ThreadPoolExecutor.runWorker(ThreadPoolExecutor.java:1110)
	at java.util.concurrent.ThreadPoolExecutor$Worker.run(ThreadPoolExecutor.java:603)
	at java.lang.Thread.run(Thread.java:722)
2012-05-31 23:50:25,446-0500 INFO  GridExec TASK_DEFINITION: Task(type=JOB_SUBMISSION, identity=urn:0-1-1-1338526224362) is /bin/bash shared/_swiftwrap sh-9ei545sk -jobdir 9 -scratch  -e /bin/sh -out scott.txt -err stderr.txt -i -d  -if  -of scott.txt -k  -cdmfile  -status files -a /home/skrieder/swift/examples/swift/tutorial/scott.sh
2012-05-31 23:50:25,464-0500 INFO  JobSubmissionTaskHandler Submit: in: /var/tmp/scott-20120531-2350-z0gczlh9 command: /bin/bash /var/tmp/scott-20120531-2350-z0gczlh9/shared/_swiftwrap sh-9ei545sk -jobdir 9 -scratch  -e /bin/sh -out scott.txt -err stderr.txt -i -d  -if  -of scott.txt -k  -cdmfile  -status files -a /home/skrieder/swift/examples/swift/tutorial/scott.sh
2012-05-31 23:50:25,596-0500 INFO  LateBindingScheduler JobQueue: 0
2012-05-31 23:50:25,602-0500 DEBUG vdl:checkjobstatus START jobid=sh-9ei545sk
2012-05-31 23:50:25,615-0500 INFO  LateBindingScheduler JobQueue: 0
2012-05-31 23:50:25,618-0500 INFO  vdl:checkerrorfile FAILURE jobid=sh-9ei545sk - Failure file found
2012-05-31 23:50:25,622-0500 INFO  LateBindingScheduler JobQueue: 0
2012-05-31 23:50:25,627-0500 INFO  LateBindingScheduler JobQueue: 0
2012-05-31 23:50:25,629-0500 INFO  LateBindingScheduler JobQueue: 0
2012-05-31 23:50:25,633-0500 DEBUG vdl:execute2 STAGING_OUT jobid=sh-9ei545sk
2012-05-31 23:50:25,636-0500 INFO  vdl:dostageout START jobid=sh-9ei545sk - Staging out files
2012-05-31 23:50:25,637-0500 DEBUG vdl:dostageout stageouts: [[$, outfile:messagefile - Open]]
2012-05-31 23:50:25,655-0500 DEBUG vdl:dostageout FILE_STAGE_OUT_START srcname=scott.txt srcdir=scott-20120531-2350-z0gczlh9/shared/ srchost=localhost destdir= desthost=localhost provider=file
2012-05-31 23:50:25,658-0500 INFO  LateBindingScheduler JobQueue: 0
2012-05-31 23:50:25,698-0500 INFO  LateBindingScheduler JobQueue: 0
2012-05-31 23:50:25,700-0500 INFO  vdl:checkerrorfile NO_STATUS_FILE jobid=sh-9ei545sk - Error file missing
2012-05-31 23:50:25,705-0500 DEBUG vdl:execute2 APPLICATION_EXCEPTION jobid=sh-9ei545sk - Application exception: null
Caused by: org.globus.cog.abstraction.impl.file.FileNotFoundException: File not found: /var/tmp/scott-20120531-2350-z0gczlh9/shared/scott.txt
2012-05-31 23:50:25,727-0500 INFO  LateBindingScheduler JobQueue: 0
2012-05-31 23:50:25,732-0500 INFO  LateBindingScheduler JobQueue: 0
2012-05-31 23:50:25,738-0500 INFO  LateBindingScheduler JobQueue: 0
2012-05-31 23:50:25,742-0500 INFO  LateBindingScheduler JobQueue: 0
2012-05-31 23:50:25,753-0500 INFO  LateBindingScheduler JobQueue: 0
2012-05-31 23:50:25,762-0500 INFO  WeightedHostScoreScheduler CONTACT_SELECTED host=localhost, score=0.000
2012-05-31 23:50:25,768-0500 DEBUG vdl:execute2 THREAD_ASSOCIATION jobid=sh-bei545sk thread=0-1-1 host=localhost replicationGroup=aei545sk
2012-05-31 23:50:25,773-0500 INFO  vdl:createdirset START jobid=sh-bei545sk host=localhost - Initializing directory structure
2012-05-31 23:50:25,773-0500 INFO  vdl:createdirset END jobid=sh-bei545sk - Done initializing directory structure
2012-05-31 23:50:25,774-0500 INFO  vdl:dostagein START jobid=sh-bei545sk - Staging in files
2012-05-31 23:50:25,775-0500 INFO  vdl:dostagein END jobid=sh-bei545sk - Staging in finished
2012-05-31 23:50:25,776-0500 DEBUG vdl:execute2 JOB_START jobid=sh-bei545sk tr=sh arguments=[/home/skrieder/swift/examples/swift/tutorial/scott.sh] tmpdir=scott-20120531-2350-z0gczlh9/jobs/b/sh-bei545sk host=localhost
2012-05-31 23:50:25,780-0500 INFO  GridExec TASK_DEFINITION: Task(type=JOB_SUBMISSION, identity=urn:0-1-1-1338526224402) is /bin/bash shared/_swiftwrap sh-bei545sk -jobdir b -scratch  -e /bin/sh -out scott.txt -err stderr.txt -i -d  -if  -of scott.txt -k  -cdmfile  -status files -a /home/skrieder/swift/examples/swift/tutorial/scott.sh
2012-05-31 23:50:25,781-0500 INFO  JobSubmissionTaskHandler Submit: in: /var/tmp/scott-20120531-2350-z0gczlh9 command: /bin/bash /var/tmp/scott-20120531-2350-z0gczlh9/shared/_swiftwrap sh-bei545sk -jobdir b -scratch  -e /bin/sh -out scott.txt -err stderr.txt -i -d  -if  -of scott.txt -k  -cdmfile  -status files -a /home/skrieder/swift/examples/swift/tutorial/scott.sh
2012-05-31 23:50:25,904-0500 INFO  LateBindingScheduler JobQueue: 0
2012-05-31 23:50:25,907-0500 DEBUG vdl:checkjobstatus START jobid=sh-bei545sk
2012-05-31 23:50:25,915-0500 INFO  LateBindingScheduler JobQueue: 0
2012-05-31 23:50:25,916-0500 INFO  vdl:checkerrorfile FAILURE jobid=sh-bei545sk - Failure file found
2012-05-31 23:50:25,919-0500 INFO  LateBindingScheduler JobQueue: 0
2012-05-31 23:50:25,923-0500 INFO  LateBindingScheduler JobQueue: 1
2012-05-31 23:50:25,924-0500 INFO  LateBindingScheduler JobQueue: 0
2012-05-31 23:50:25,926-0500 DEBUG vdl:execute2 STAGING_OUT jobid=sh-bei545sk
2012-05-31 23:50:25,928-0500 INFO  vdl:dostageout START jobid=sh-bei545sk - Staging out files
2012-05-31 23:50:25,929-0500 DEBUG vdl:dostageout stageouts: [[$, outfile:messagefile - Open]]
2012-05-31 23:50:25,936-0500 DEBUG vdl:dostageout FILE_STAGE_OUT_START srcname=scott.txt srcdir=scott-20120531-2350-z0gczlh9/shared/ srchost=localhost destdir= desthost=localhost provider=file
2012-05-31 23:50:25,938-0500 INFO  LateBindingScheduler JobQueue: 0
2012-05-31 23:50:25,959-0500 INFO  LateBindingScheduler JobQueue: 0
2012-05-31 23:50:25,960-0500 INFO  vdl:checkerrorfile NO_STATUS_FILE jobid=sh-bei545sk - Error file missing
2012-05-31 23:50:25,961-0500 DEBUG vdl:execute2 APPLICATION_EXCEPTION jobid=sh-bei545sk - Application exception: null
Caused by: org.globus.cog.abstraction.impl.file.FileNotFoundException: File not found: /var/tmp/scott-20120531-2350-z0gczlh9/shared/scott.txt
2012-05-31 23:50:25,973-0500 INFO  LateBindingScheduler JobQueue: 0
2012-05-31 23:50:25,977-0500 INFO  LateBindingScheduler JobQueue: 0
2012-05-31 23:50:25,982-0500 INFO  LateBindingScheduler JobQueue: 0
2012-05-31 23:50:25,986-0500 INFO  LateBindingScheduler JobQueue: 0
2012-05-31 23:50:25,993-0500 INFO  LateBindingScheduler JobQueue: 0
2012-05-31 23:50:27,008-0500 INFO  WeightedHostScoreScheduler CONTACT_SELECTED host=localhost, score=0.000
2012-05-31 23:50:27,014-0500 DEBUG vdl:execute2 THREAD_ASSOCIATION jobid=sh-dei545sk thread=0-1-1 host=localhost replicationGroup=cei545sk
2012-05-31 23:50:27,024-0500 INFO  vdl:createdirset START jobid=sh-dei545sk host=localhost - Initializing directory structure
2012-05-31 23:50:27,025-0500 INFO  vdl:createdirset END jobid=sh-dei545sk - Done initializing directory structure
2012-05-31 23:50:27,027-0500 INFO  vdl:dostagein START jobid=sh-dei545sk - Staging in files
2012-05-31 23:50:27,029-0500 INFO  vdl:dostagein END jobid=sh-dei545sk - Staging in finished
2012-05-31 23:50:27,031-0500 DEBUG vdl:execute2 JOB_START jobid=sh-dei545sk tr=sh arguments=[/home/skrieder/swift/examples/swift/tutorial/scott.sh] tmpdir=scott-20120531-2350-z0gczlh9/jobs/d/sh-dei545sk host=localhost
2012-05-31 23:50:27,041-0500 INFO  GridExec TASK_DEFINITION: Task(type=JOB_SUBMISSION, identity=urn:0-1-1-1338526224442) is /bin/bash shared/_swiftwrap sh-dei545sk -jobdir d -scratch  -e /bin/sh -out scott.txt -err stderr.txt -i -d  -if  -of scott.txt -k  -cdmfile  -status files -a /home/skrieder/swift/examples/swift/tutorial/scott.sh
2012-05-31 23:50:27,042-0500 INFO  JobSubmissionTaskHandler Submit: in: /var/tmp/scott-20120531-2350-z0gczlh9 command: /bin/bash /var/tmp/scott-20120531-2350-z0gczlh9/shared/_swiftwrap sh-dei545sk -jobdir d -scratch  -e /bin/sh -out scott.txt -err stderr.txt -i -d  -if  -of scott.txt -k  -cdmfile  -status files -a /home/skrieder/swift/examples/swift/tutorial/scott.sh
2012-05-31 23:50:27,186-0500 INFO  LateBindingScheduler JobQueue: 0
2012-05-31 23:50:27,189-0500 DEBUG vdl:checkjobstatus START jobid=sh-dei545sk
2012-05-31 23:50:27,197-0500 INFO  LateBindingScheduler JobQueue: 0
2012-05-31 23:50:27,198-0500 INFO  vdl:checkerrorfile FAILURE jobid=sh-dei545sk - Failure file found
2012-05-31 23:50:27,202-0500 INFO  LateBindingScheduler JobQueue: 0
2012-05-31 23:50:27,205-0500 INFO  LateBindingScheduler JobQueue: 1
2012-05-31 23:50:27,206-0500 INFO  LateBindingScheduler JobQueue: 0
2012-05-31 23:50:27,208-0500 DEBUG vdl:execute2 STAGING_OUT jobid=sh-dei545sk
2012-05-31 23:50:27,211-0500 INFO  vdl:dostageout START jobid=sh-dei545sk - Staging out files
2012-05-31 23:50:27,212-0500 DEBUG vdl:dostageout stageouts: [[$, outfile:messagefile - Open]]
2012-05-31 23:50:27,219-0500 DEBUG vdl:dostageout FILE_STAGE_OUT_START srcname=scott.txt srcdir=scott-20120531-2350-z0gczlh9/shared/ srchost=localhost destdir= desthost=localhost provider=file
2012-05-31 23:50:27,221-0500 INFO  LateBindingScheduler JobQueue: 0
2012-05-31 23:50:27,241-0500 INFO  LateBindingScheduler JobQueue: 0
2012-05-31 23:50:27,242-0500 INFO  vdl:checkerrorfile NO_STATUS_FILE jobid=sh-dei545sk - Error file missing
2012-05-31 23:50:27,243-0500 DEBUG vdl:execute2 APPLICATION_EXCEPTION jobid=sh-dei545sk - Application exception: null
Caused by: org.globus.cog.abstraction.impl.file.FileNotFoundException: File not found: /var/tmp/scott-20120531-2350-z0gczlh9/shared/scott.txt
2012-05-31 23:50:27,254-0500 INFO  LateBindingScheduler JobQueue: 0
2012-05-31 23:50:27,257-0500 INFO  LateBindingScheduler JobQueue: 0
2012-05-31 23:50:27,263-0500 INFO  LateBindingScheduler JobQueue: 0
2012-05-31 23:50:27,266-0500 INFO  LateBindingScheduler JobQueue: 0
2012-05-31 23:50:27,273-0500 INFO  LateBindingScheduler JobQueue: 0
2012-05-31 23:50:27,282-0500 INFO  vdl:execute END_FAILURE thread=0-1 tr=sh
2012-05-31 23:50:27,287-0500 DEBUG VDL2ExecutionContext Exception in sh:
Arguments: [/home/skrieder/swift/examples/swift/tutorial/scott.sh]
Host: localhost
Directory: scott-20120531-2350-z0gczlh9/jobs/d/sh-dei545sk
stderr.txt: /home/skrieder/swift/examples/swift/tutorial/scott.sh: 1: /home/skrieder/swift/cuda/cka1: not found

stdout.txt: 
----

Exception in sh:
Arguments: [/home/skrieder/swift/examples/swift/tutorial/scott.sh]
Host: localhost
Directory: scott-20120531-2350-z0gczlh9/jobs/d/sh-dei545sk
stderr.txt: /home/skrieder/swift/examples/swift/tutorial/scott.sh: 1: /home/skrieder/swift/cuda/cka1: not found

stdout.txt: 
----

Caused by: null
Caused by: org.globus.cog.abstraction.impl.file.FileNotFoundException: File not found: /var/tmp/scott-20120531-2350-z0gczlh9/shared/scott.txt
	at org.globus.cog.karajan.workflow.nodes.functions.KException.function(KException.java:29)
	at org.globus.cog.karajan.workflow.nodes.functions.AbstractFunction.post(AbstractFunction.java:27)
	at org.globus.cog.karajan.workflow.nodes.AbstractSequentialWithArguments.completed(AbstractSequentialWithArguments.java:194)
	at org.globus.cog.karajan.workflow.nodes.FlowNode.complete(FlowNode.java:214)
	at org.globus.cog.karajan.workflow.nodes.FlowContainer.post(FlowContainer.java:58)
	at org.globus.cog.karajan.workflow.nodes.functions.AbstractFunction.post(AbstractFunction.java:28)
	at org.globus.cog.karajan.workflow.nodes.Sequential.startNext(Sequential.java:29)
	at org.globus.cog.karajan.workflow.nodes.Sequential.executeChildren(Sequential.java:20)
	at org.globus.cog.karajan.workflow.nodes.FlowContainer.execute(FlowContainer.java:63)
	at org.globus.cog.karajan.workflow.nodes.FlowNode.restart(FlowNode.java:139)
	at org.globus.cog.karajan.workflow.nodes.FlowNode.start(FlowNode.java:197)
	at org.globus.cog.karajan.workflow.events.EventBus.start(EventBus.java:104)
	at org.globus.cog.karajan.workflow.events.EventTargetPair.run(EventTargetPair.java:40)
	at java.util.concurrent.Executors$RunnableAdapter.call(Executors.java:471)
	at java.util.concurrent.FutureTask$Sync.innerRun(FutureTask.java:334)
	at java.util.concurrent.FutureTask.run(FutureTask.java:166)
	at java.util.concurrent.ThreadPoolExecutor.runWorker(ThreadPoolExecutor.java:1110)
	at java.util.concurrent.ThreadPoolExecutor$Worker.run(ThreadPoolExecutor.java:603)
	at java.lang.Thread.run(Thread.java:722)
Caused by: null
Caused by: org.globus.cog.abstraction.impl.file.FileNotFoundException: File not found: /var/tmp/scott-20120531-2350-z0gczlh9/shared/scott.txt
	at org.globus.cog.karajan.workflow.nodes.FlowNode.failImmediately(FlowNode.java:101)
	at org.globus.cog.karajan.workflow.nodes.grid.AbstractGridNode$1.run(AbstractGridNode.java:308)
	... 6 more
Caused by: org.globus.cog.abstraction.impl.file.FileNotFoundException: File not found: /var/tmp/scott-20120531-2350-z0gczlh9/shared/scott.txt
	at org.globus.cog.abstraction.impl.file.local.FileResourceImpl.getFile(FileResourceImpl.java:225)
	at org.globus.cog.abstraction.impl.file.local.FileResourceImpl.putFile(FileResourceImpl.java:286)
	at org.globus.cog.abstraction.impl.file.AbstractFileResource.putFile(AbstractFileResource.java:152)
	at org.globus.cog.abstraction.impl.fileTransfer.DelegatedFileTransferHandler.doDestination(DelegatedFileTransferHandler.java:314)
	at org.globus.cog.abstraction.impl.fileTransfer.CachingDelegatedFileTransferHandler.doDestination(CachingDelegatedFileTransferHandler.java:46)
	at org.globus.cog.abstraction.impl.fileTransfer.DelegatedFileTransferHandler.run(DelegatedFileTransferHandler.java:487)
	... 1 more
2012-05-31 23:50:27,426-0500 INFO  ExecutionContext Detailed exception: 
Exception in sh:
Arguments: [/home/skrieder/swift/examples/swift/tutorial/scott.sh]
Host: localhost
Directory: scott-20120531-2350-z0gczlh9/jobs/d/sh-dei545sk
stderr.txt: /home/skrieder/swift/examples/swift/tutorial/scott.sh: 1: /home/skrieder/swift/cuda/cka1: not found

stdout.txt: 
----

Caused by: null
Caused by: org.globus.cog.abstraction.impl.file.FileNotFoundException: File not found: /var/tmp/scott-20120531-2350-z0gczlh9/shared/scott.txt
	at org.globus.cog.karajan.workflow.nodes.functions.KException.function(KException.java:29)
	at org.globus.cog.karajan.workflow.nodes.functions.AbstractFunction.post(AbstractFunction.java:27)
	at org.globus.cog.karajan.workflow.nodes.AbstractSequentialWithArguments.completed(AbstractSequentialWithArguments.java:194)
	at org.globus.cog.karajan.workflow.nodes.FlowNode.complete(FlowNode.java:214)
	at org.globus.cog.karajan.workflow.nodes.FlowContainer.post(FlowContainer.java:58)
	at org.globus.cog.karajan.workflow.nodes.functions.AbstractFunction.post(AbstractFunction.java:28)
	at org.globus.cog.karajan.workflow.nodes.Sequential.startNext(Sequential.java:29)
	at org.globus.cog.karajan.workflow.nodes.Sequential.executeChildren(Sequential.java:20)
	at org.globus.cog.karajan.workflow.nodes.FlowContainer.execute(FlowContainer.java:63)
	at org.globus.cog.karajan.workflow.nodes.FlowNode.restart(FlowNode.java:139)
	at org.globus.cog.karajan.workflow.nodes.FlowNode.start(FlowNode.java:197)
	at org.globus.cog.karajan.workflow.events.EventBus.start(EventBus.java:104)
	at org.globus.cog.karajan.workflow.events.EventTargetPair.run(EventTargetPair.java:40)
	at java.util.concurrent.Executors$RunnableAdapter.call(Executors.java:471)
	at java.util.concurrent.FutureTask$Sync.innerRun(FutureTask.java:334)
	at java.util.concurrent.FutureTask.run(FutureTask.java:166)
	at java.util.concurrent.ThreadPoolExecutor.runWorker(ThreadPoolExecutor.java:1110)
	at java.util.concurrent.ThreadPoolExecutor$Worker.run(ThreadPoolExecutor.java:603)
	at java.lang.Thread.run(Thread.java:722)
Caused by: null
Caused by: org.globus.cog.abstraction.impl.file.FileNotFoundException: File not found: /var/tmp/scott-20120531-2350-z0gczlh9/shared/scott.txt
	at org.globus.cog.karajan.workflow.nodes.FlowNode.failImmediately(FlowNode.java:101)
	at org.globus.cog.karajan.workflow.nodes.grid.AbstractGridNode$1.run(AbstractGridNode.java:308)
	... 6 more
Caused by: org.globus.cog.abstraction.impl.file.FileNotFoundException: File not found: /var/tmp/scott-20120531-2350-z0gczlh9/shared/scott.txt
	at org.globus.cog.abstraction.impl.file.local.FileResourceImpl.getFile(FileResourceImpl.java:225)
	at org.globus.cog.abstraction.impl.file.local.FileResourceImpl.putFile(FileResourceImpl.java:286)
	at org.globus.cog.abstraction.impl.file.AbstractFileResource.putFile(AbstractFileResource.java:152)
	at org.globus.cog.abstraction.impl.fileTransfer.DelegatedFileTransferHandler.doDestination(DelegatedFileTransferHandler.java:314)
	at org.globus.cog.abstraction.impl.fileTransfer.CachingDelegatedFileTransferHandler.doDestination(CachingDelegatedFileTransferHandler.java:46)
	at org.globus.cog.abstraction.impl.fileTransfer.DelegatedFileTransferHandler.run(DelegatedFileTransferHandler.java:487)
	... 1 more
2012-05-31 23:50:27,427-0500 INFO  Loader Swift finished with errors
