2012-05-23 13:13:35,948-0500 DEBUG Loader arguments: [-tc.file, ../../../etc/tc.data, scott.swift]
2012-05-23 13:13:35,948-0500 DEBUG Loader Max heap: 265093120
2012-05-23 13:13:35,950-0500 DEBUG textfiles BEGIN SWIFTSCRIPT:
type messagefile;

app (messagefile t) greeting() { 
   sh "scott.sh" stdout=@filename(t);
}

messagefile outfile <"scott.txt">;

outfile = greeting();



2012-05-23 13:13:35,950-0500 DEBUG textfiles END SWIFTSCRIPT:
2012-05-23 13:13:35,951-0500 INFO  Loader scott.swift: source file is new. Recompiling.
2012-05-23 13:13:35,952-0500 DEBUG Loader kmlversion is >239b8550-a5ff-44be-a124-5e7ecd70737d<
2012-05-23 13:13:35,952-0500 DEBUG Loader build version is >239b8550-a5ff-44be-a124-5e7ecd70737d<
2012-05-23 13:13:37,158-0500 INFO  Karajan Validation of XML intermediate file was successful
2012-05-23 13:13:37,470-0500 DEBUG Loader setting: tc.file to: ../../../etc/tc.data
2012-05-23 13:13:37,470-0500 DEBUG textfiles using default sites file
2012-05-23 13:13:37,478-0500 INFO  VDL2ExecutionContext Stack dump:
Level 1
[iA = 0, iB = 0, bA = false, bB = false]
	vdl:instanceconfig = Swift configuration []
	vdl:operation = run
	swift.home = /usr/local/swift/bin/..
	PATH_SEPARATOR = /


2012-05-23 13:13:38,455-0500 INFO  unknown Using sites file: /usr/local/swift/bin/../etc/sites.xml
2012-05-23 13:13:38,501-0500 INFO  unknown Using tc.data: ../../../etc/tc.data
2012-05-23 13:13:38,667-0500 WARN  File On line 24in File ../../../etc/tc.data

java.lang.IllegalStateException: Error : Illegal TCType defined. Please specify one of the predefined types 
 [INSTALLED, SOURCE, STATIC_BINARY, DYNAMIC_BINARY, PACMAN_PACKAGE, SCRIPT]
	at org.globus.swift.catalog.types.TCType.fromValue(TCType.java:73)
	at org.globus.swift.catalog.types.TCType.fromString(TCType.java:85)
	at org.globus.swift.catalog.transformation.File.populateTC(File.java:1085)
	at org.globus.swift.catalog.transformation.File.populateTC(File.java:1034)
	at org.globus.swift.catalog.transformation.File.<init>(File.java:149)
	at org.globus.swift.catalog.transformation.File.getNonSingletonInstance(File.java:116)
	at org.griphyn.vdl.karajan.VDSAdaptiveScheduler.setProperty(VDSAdaptiveScheduler.java:71)
	at org.globus.cog.karajan.workflow.nodes.grid.SchedulerNode.newScheduler(SchedulerNode.java:104)
	at org.globus.cog.karajan.workflow.nodes.grid.SchedulerNode.post(SchedulerNode.java:63)
	at org.globus.cog.karajan.workflow.nodes.AbstractSequentialWithArguments.completed(AbstractSequentialWithArguments.java:194)
	at org.globus.cog.karajan.workflow.nodes.FlowNode.complete(FlowNode.java:214)
	at org.globus.cog.karajan.workflow.nodes.FlowContainer.post(FlowContainer.java:58)
	at org.globus.cog.karajan.workflow.nodes.AbstractSequentialWithArguments.completed(AbstractSequentialWithArguments.java:194)
	at org.globus.cog.karajan.workflow.nodes.user.UserDefinedElement.completed(UserDefinedElement.java:286)
	at org.globus.cog.karajan.workflow.nodes.user.SequentialImplicitExecutionUDE.completed(SequentialImplicitExecutionUDE.java:89)
	at org.globus.cog.karajan.workflow.nodes.FlowNode.complete(FlowNode.java:214)
	at org.globus.cog.karajan.workflow.nodes.FlowContainer.post(FlowContainer.java:58)
	at org.globus.cog.karajan.workflow.nodes.functions.AbstractFunction.post(AbstractFunction.java:28)
	at org.globus.cog.karajan.workflow.nodes.AbstractSequentialWithArguments.completed(AbstractSequentialWithArguments.java:194)
	at org.globus.cog.karajan.workflow.nodes.FlowNode.complete(FlowNode.java:214)
	at org.globus.cog.karajan.workflow.nodes.ExecuteFile.completed(ExecuteFile.java:158)
	at org.globus.cog.karajan.workflow.nodes.FlowNode.complete(FlowNode.java:214)
	at org.globus.cog.karajan.workflow.nodes.FlowContainer.post(FlowContainer.java:58)
	at org.globus.cog.karajan.workflow.nodes.Sequential.startNext(Sequential.java:29)
	at org.globus.cog.karajan.workflow.nodes.Sequential.completed(Sequential.java:24)
	at org.globus.cog.karajan.workflow.nodes.FlowNode.complete(FlowNode.java:214)
	at org.globus.cog.karajan.workflow.nodes.FlowContainer.post(FlowContainer.java:58)
	at org.globus.cog.karajan.workflow.nodes.AbstractSequentialWithArguments.completed(AbstractSequentialWithArguments.java:194)
	at org.globus.cog.karajan.workflow.nodes.user.UserDefinedElement.completed(UserDefinedElement.java:286)
	at org.globus.cog.karajan.workflow.nodes.user.SequentialImplicitExecutionUDE.completed(SequentialImplicitExecutionUDE.java:89)
	at org.globus.cog.karajan.workflow.nodes.FlowNode.complete(FlowNode.java:214)
	at org.globus.cog.karajan.workflow.nodes.FlowContainer.post(FlowContainer.java:58)
	at org.globus.cog.karajan.workflow.nodes.functions.AbstractFunction.post(AbstractFunction.java:28)
	at org.globus.cog.karajan.workflow.nodes.AbstractSequentialWithArguments.completed(AbstractSequentialWithArguments.java:194)
	at org.globus.cog.karajan.workflow.nodes.FlowNode.complete(FlowNode.java:214)
	at org.globus.cog.karajan.workflow.nodes.FlowContainer.post(FlowContainer.java:58)
	at org.globus.cog.karajan.workflow.nodes.AbstractSequentialWithArguments.completed(AbstractSequentialWithArguments.java:194)
	at org.globus.cog.karajan.workflow.nodes.PartialArgumentsContainer.nonArgChildCompleted(PartialArgumentsContainer.java:105)
	at org.globus.cog.karajan.workflow.nodes.PartialArgumentsContainer.completed(PartialArgumentsContainer.java:86)
	at org.globus.cog.karajan.workflow.nodes.FlowNode.complete(FlowNode.java:214)
	at org.globus.cog.karajan.workflow.nodes.Maybe.failed(Maybe.java:23)
	at org.globus.cog.karajan.workflow.nodes.FlowNode.failImmediately(FlowNode.java:89)
	at org.globus.cog.karajan.workflow.nodes.FlowNode.failed(FlowNode.java:245)
	at org.globus.cog.karajan.workflow.nodes.FlowNode.failImmediately(FlowNode.java:89)
	at org.globus.cog.karajan.workflow.nodes.FlowNode.restart(FlowNode.java:151)
	at org.globus.cog.karajan.workflow.nodes.FlowNode.start(FlowNode.java:197)
	at org.globus.cog.karajan.workflow.FlowElementWrapper.start(FlowElementWrapper.java:227)
	at org.globus.cog.karajan.workflow.events.EventBus.start(EventBus.java:104)
	at org.globus.cog.karajan.workflow.events.EventTargetPair.run(EventTargetPair.java:40)
	at java.util.concurrent.Executors$RunnableAdapter.call(Executors.java:441)
	at java.util.concurrent.FutureTask$Sync.innerRun(FutureTask.java:303)
	at java.util.concurrent.FutureTask.run(FutureTask.java:138)
	at java.util.concurrent.ThreadPoolExecutor$Worker.runTask(ThreadPoolExecutor.java:886)
	at java.util.concurrent.ThreadPoolExecutor$Worker.run(ThreadPoolExecutor.java:908)
	at java.lang.Thread.run(Thread.java:680)
2012-05-23 13:13:38,675-0500 INFO  AbstractScheduler Setting resources to: {localhost=localhost}
2012-05-23 13:13:39,501-0500 INFO  unknown Swift 0.93 swift-r5483 cog-r3339

2012-05-23 13:13:39,503-0500 INFO  unknown RUNID id=run:20120523-1313-ksb4tq75
2012-05-23 13:13:39,612-0500 DEBUG greeting PROCEDURE line=3 thread=0-1 name=greeting
2012-05-23 13:13:39,638-0500 INFO  vdl:execute START thread=0-1 tr=sh
2012-05-23 13:13:39,650-0500 INFO  WeightedHostScoreScheduler CONTACT_SELECTED host=localhost, score=1.000
2012-05-23 13:13:39,654-0500 INFO  GlobalSubmitQueue No global submit throttle set. Using default (1024)
2012-05-23 13:13:39,657-0500 INFO  LateBindingScheduler JobQueue: 0
2012-05-23 13:13:39,660-0500 INFO  LateBindingScheduler JobQueue: 0
2012-05-23 13:13:39,662-0500 INFO  vdl:initshareddir START host=localhost - Initializing shared directory
2012-05-23 13:13:39,666-0500 INFO  LateBindingScheduler JobQueue: 0
2012-05-23 13:13:39,681-0500 INFO  LateBindingScheduler JobQueue: 0
2012-05-23 13:13:39,684-0500 INFO  LateBindingScheduler JobQueue: 0
2012-05-23 13:13:39,685-0500 INFO  LateBindingScheduler JobQueue: 0
2012-05-23 13:13:39,689-0500 INFO  LateBindingScheduler JobQueue: 0
2012-05-23 13:13:39,692-0500 INFO  LateBindingScheduler JobQueue: 0
2012-05-23 13:13:39,693-0500 INFO  vdl:initshareddir END host=localhost - Done initializing shared directory
2012-05-23 13:13:39,695-0500 DEBUG vdl:execute2 THREAD_ASSOCIATION jobid=sh-ur438qrk thread=0-1-1 host=localhost replicationGroup=tr438qrk
2012-05-23 13:13:39,701-0500 INFO  vdl:createdirset START jobid=sh-ur438qrk host=localhost - Initializing directory structure
2012-05-23 13:13:39,701-0500 INFO  vdl:createdirset END jobid=sh-ur438qrk - Done initializing directory structure
2012-05-23 13:13:39,702-0500 INFO  vdl:dostagein START jobid=sh-ur438qrk - Staging in files
2012-05-23 13:13:39,705-0500 INFO  vdl:dostagein END jobid=sh-ur438qrk - Staging in finished
2012-05-23 13:13:39,706-0500 DEBUG vdl:execute2 JOB_START jobid=sh-ur438qrk tr=sh arguments=[scott.sh] tmpdir=scott-20120523-1313-ksb4tq75/jobs/u/sh-ur438qrk host=localhost
2012-05-23 13:13:39,710-0500 DEBUG textfiles BEGIN TC:
#This is the transformation catalog.
#
#It comes pre-configured with a number of simple transformations with
#paths that are likely to work on a linux box. However, on some systems,
#the paths to these executables will be different (for example, sometimes
#some of these programs are found in /usr/bin rather than in /bin)
#
#NOTE WELL: fields in this file must be separated by tabs, not spaces; and
#there must be no trailing whitespace at the end of each line.
#
# sitename  transformation  path   INSTALLED  platform  profiles
localhost 	echo 		/bin/echo	INSTALLED	INTEL32::LINUX	null
localhost 	cat 		/bin/cat	INSTALLED	INTEL32::LINUX	null
localhost 	ls 		/bin/ls		INSTALLED	INTEL32::LINUX	null
localhost 	grep 		/bin/grep	INSTALLED	INTEL32::LINUX	null
localhost 	sort 		/bin/sort	INSTALLED	INTEL32::LINUX	null
localhost 	paste 		/bin/paste	INSTALLED	INTEL32::LINUX	null
localhost 	cp 		/bin/cp         INSTALLED	INTEL32::LINUX	null
localhost 	touch 		/bin/touch      INSTALLED	INTEL32::LINUX	null
localhost	wc		/usr/bin/wc	INSTALLED	INTEL32::LINUX	null
localhost	sh		/bin/sh		INSTALLED	INTEL32::LINUX	null
localhost	sleep		/bin/sleep	INSTALLED	INTEL32::LINUX	null
localhost	tr		/usr/bin/tr	INSTALLED	INTEL32::LINUX	null
localhost	scott.sh	/Users/scottkrieder/swift/examples/swift/tutorial/scott.sh	INTSALLED	INTEL32::LINUX	null


2012-05-23 13:13:39,710-0500 DEBUG textfiles END TC:
2012-05-23 13:13:39,712-0500 WARN  File On line 24in File ../../../etc/tc.data

java.lang.IllegalStateException: Error : Illegal TCType defined. Please specify one of the predefined types 
 [INSTALLED, SOURCE, STATIC_BINARY, DYNAMIC_BINARY, PACMAN_PACKAGE, SCRIPT]
	at org.globus.swift.catalog.types.TCType.fromValue(TCType.java:73)
	at org.globus.swift.catalog.types.TCType.fromString(TCType.java:85)
	at org.globus.swift.catalog.transformation.File.populateTC(File.java:1085)
	at org.globus.swift.catalog.transformation.File.populateTC(File.java:1034)
	at org.globus.swift.catalog.transformation.File.<init>(File.java:149)
	at org.globus.swift.catalog.transformation.File.getNonSingletonInstance(File.java:116)
	at org.griphyn.vdl.karajan.lib.VDLFunction.getTC(VDLFunction.java:492)
	at org.griphyn.vdl.karajan.lib.Executable.function(Executable.java:24)
	at org.griphyn.vdl.karajan.lib.VDLFunction.post(VDLFunction.java:62)
	at org.globus.cog.karajan.workflow.nodes.AbstractSequentialWithArguments.completed(AbstractSequentialWithArguments.java:194)
	at org.globus.cog.karajan.workflow.nodes.FlowNode.complete(FlowNode.java:214)
	at org.globus.cog.karajan.workflow.nodes.FlowContainer.post(FlowContainer.java:58)
	at org.globus.cog.karajan.workflow.nodes.functions.AbstractFunction.post(AbstractFunction.java:28)
	at org.globus.cog.karajan.workflow.nodes.Sequential.startNext(Sequential.java:29)
	at org.globus.cog.karajan.workflow.nodes.Sequential.executeChildren(Sequential.java:20)
	at org.globus.cog.karajan.workflow.nodes.FlowContainer.execute(FlowContainer.java:63)
	at org.globus.cog.karajan.workflow.nodes.FlowNode.restart(FlowNode.java:139)
	at org.globus.cog.karajan.workflow.nodes.FlowNode.start(FlowNode.java:197)
	at org.globus.cog.karajan.workflow.FlowElementWrapper.start(FlowElementWrapper.java:227)
	at org.globus.cog.karajan.workflow.events.EventBus.start(EventBus.java:104)
	at org.globus.cog.karajan.workflow.events.EventTargetPair.run(EventTargetPair.java:40)
	at java.util.concurrent.Executors$RunnableAdapter.call(Executors.java:441)
	at java.util.concurrent.FutureTask$Sync.innerRun(FutureTask.java:303)
	at java.util.concurrent.FutureTask.run(FutureTask.java:138)
	at java.util.concurrent.ThreadPoolExecutor$Worker.runTask(ThreadPoolExecutor.java:886)
	at java.util.concurrent.ThreadPoolExecutor$Worker.run(ThreadPoolExecutor.java:908)
	at java.lang.Thread.run(Thread.java:680)
2012-05-23 13:13:39,725-0500 INFO  GridExec TASK_DEFINITION: Task(type=JOB_SUBMISSION, identity=urn:0-1-1-1337796818484) is /bin/bash shared/_swiftwrap sh-ur438qrk -jobdir u -scratch  -e /bin/sh -out scott.txt -err stderr.txt -i -d  -if  -of scott.txt -k  -cdmfile  -status files -a scott.sh
2012-05-23 13:13:39,733-0500 INFO  JobSubmissionTaskHandler Submit: in: /var/tmp/scott-20120523-1313-ksb4tq75 command: /bin/bash /var/tmp/scott-20120523-1313-ksb4tq75/shared/_swiftwrap sh-ur438qrk -jobdir u -scratch  -e /bin/sh -out scott.txt -err stderr.txt -i -d  -if  -of scott.txt -k  -cdmfile  -status files -a scott.sh
2012-05-23 13:13:39,891-0500 INFO  LateBindingScheduler JobQueue: 0
2012-05-23 13:13:39,894-0500 DEBUG vdl:checkjobstatus START jobid=sh-ur438qrk
2012-05-23 13:13:39,900-0500 INFO  LateBindingScheduler JobQueue: 0
2012-05-23 13:13:39,901-0500 INFO  vdl:checkerrorfile FAILURE jobid=sh-ur438qrk - Failure file found
2012-05-23 13:13:39,903-0500 INFO  LateBindingScheduler JobQueue: 0
2012-05-23 13:13:39,908-0500 INFO  LateBindingScheduler JobQueue: 0
2012-05-23 13:13:39,911-0500 INFO  LateBindingScheduler JobQueue: 0
2012-05-23 13:13:39,914-0500 DEBUG vdl:execute2 STAGING_OUT jobid=sh-ur438qrk
2012-05-23 13:13:39,917-0500 INFO  vdl:dostageout START jobid=sh-ur438qrk - Staging out files
2012-05-23 13:13:39,917-0500 DEBUG vdl:dostageout stageouts: [[$, outfile:messagefile - Open]]
2012-05-23 13:13:39,922-0500 DEBUG vdl:dostageout FILE_STAGE_OUT_START srcname=scott.txt srcdir=scott-20120523-1313-ksb4tq75/shared/ srchost=localhost destdir= desthost=localhost provider=file
2012-05-23 13:13:39,923-0500 INFO  LateBindingScheduler JobQueue: 0
2012-05-23 13:13:39,952-0500 INFO  LateBindingScheduler JobQueue: 0
2012-05-23 13:13:39,953-0500 INFO  vdl:checkerrorfile NO_STATUS_FILE jobid=sh-ur438qrk - Error file missing
2012-05-23 13:13:39,955-0500 DEBUG vdl:execute2 APPLICATION_EXCEPTION jobid=sh-ur438qrk - Application exception: null
Caused by: org.globus.cog.abstraction.impl.file.FileNotFoundException: File not found: /var/tmp/scott-20120523-1313-ksb4tq75/shared/scott.txt
2012-05-23 13:13:39,999-0500 INFO  LateBindingScheduler JobQueue: 0
2012-05-23 13:13:40,001-0500 INFO  LateBindingScheduler JobQueue: 0
2012-05-23 13:13:40,008-0500 INFO  LateBindingScheduler JobQueue: 0
2012-05-23 13:13:40,011-0500 INFO  LateBindingScheduler JobQueue: 0
2012-05-23 13:13:40,015-0500 INFO  LateBindingScheduler JobQueue: 0
2012-05-23 13:13:40,036-0500 INFO  WeightedHostScoreScheduler CONTACT_SELECTED host=localhost, score=0.000
2012-05-23 13:13:40,044-0500 DEBUG vdl:execute2 THREAD_ASSOCIATION jobid=sh-xr438qrk thread=0-1-1 host=localhost replicationGroup=vr438qrk
2012-05-23 13:13:40,060-0500 INFO  vdl:createdirset START jobid=sh-xr438qrk host=localhost - Initializing directory structure
2012-05-23 13:13:40,060-0500 INFO  vdl:createdirset END jobid=sh-xr438qrk - Done initializing directory structure
2012-05-23 13:13:40,060-0500 INFO  vdl:dostagein START jobid=sh-xr438qrk - Staging in files
2012-05-23 13:13:40,063-0500 INFO  vdl:dostagein END jobid=sh-xr438qrk - Staging in finished
2012-05-23 13:13:40,064-0500 DEBUG vdl:execute2 JOB_START jobid=sh-xr438qrk tr=sh arguments=[scott.sh] tmpdir=scott-20120523-1313-ksb4tq75/jobs/x/sh-xr438qrk host=localhost
2012-05-23 13:13:40,073-0500 INFO  GridExec TASK_DEFINITION: Task(type=JOB_SUBMISSION, identity=urn:0-1-1-1337796818524) is /bin/bash shared/_swiftwrap sh-xr438qrk -jobdir x -scratch  -e /bin/sh -out scott.txt -err stderr.txt -i -d  -if  -of scott.txt -k  -cdmfile  -status files -a scott.sh
2012-05-23 13:13:40,074-0500 INFO  JobSubmissionTaskHandler Submit: in: /var/tmp/scott-20120523-1313-ksb4tq75 command: /bin/bash /var/tmp/scott-20120523-1313-ksb4tq75/shared/_swiftwrap sh-xr438qrk -jobdir x -scratch  -e /bin/sh -out scott.txt -err stderr.txt -i -d  -if  -of scott.txt -k  -cdmfile  -status files -a scott.sh
2012-05-23 13:13:40,174-0500 INFO  LateBindingScheduler JobQueue: 0
2012-05-23 13:13:40,176-0500 DEBUG vdl:checkjobstatus START jobid=sh-xr438qrk
2012-05-23 13:13:40,179-0500 INFO  LateBindingScheduler JobQueue: 0
2012-05-23 13:13:40,180-0500 INFO  vdl:checkerrorfile FAILURE jobid=sh-xr438qrk - Failure file found
2012-05-23 13:13:40,182-0500 INFO  LateBindingScheduler JobQueue: 0
2012-05-23 13:13:40,185-0500 INFO  LateBindingScheduler JobQueue: 0
2012-05-23 13:13:40,186-0500 INFO  LateBindingScheduler JobQueue: 0
2012-05-23 13:13:40,189-0500 DEBUG vdl:execute2 STAGING_OUT jobid=sh-xr438qrk
2012-05-23 13:13:40,190-0500 INFO  vdl:dostageout START jobid=sh-xr438qrk - Staging out files
2012-05-23 13:13:40,190-0500 DEBUG vdl:dostageout stageouts: [[$, outfile:messagefile - Open]]
2012-05-23 13:13:40,196-0500 DEBUG vdl:dostageout FILE_STAGE_OUT_START srcname=scott.txt srcdir=scott-20120523-1313-ksb4tq75/shared/ srchost=localhost destdir= desthost=localhost provider=file
2012-05-23 13:13:40,197-0500 INFO  LateBindingScheduler JobQueue: 0
2012-05-23 13:13:40,209-0500 INFO  LateBindingScheduler JobQueue: 0
2012-05-23 13:13:40,209-0500 INFO  vdl:checkerrorfile NO_STATUS_FILE jobid=sh-xr438qrk - Error file missing
2012-05-23 13:13:40,211-0500 DEBUG vdl:execute2 APPLICATION_EXCEPTION jobid=sh-xr438qrk - Application exception: null
Caused by: org.globus.cog.abstraction.impl.file.FileNotFoundException: File not found: /var/tmp/scott-20120523-1313-ksb4tq75/shared/scott.txt
2012-05-23 13:13:40,222-0500 INFO  LateBindingScheduler JobQueue: 0
2012-05-23 13:13:40,223-0500 INFO  LateBindingScheduler JobQueue: 0
2012-05-23 13:13:40,226-0500 INFO  LateBindingScheduler JobQueue: 0
2012-05-23 13:13:40,228-0500 INFO  LateBindingScheduler JobQueue: 0
2012-05-23 13:13:40,231-0500 INFO  LateBindingScheduler JobQueue: 0
2012-05-23 13:13:41,740-0500 INFO  WeightedHostScoreScheduler CONTACT_SELECTED host=localhost, score=0.000
2012-05-23 13:13:41,745-0500 DEBUG vdl:execute2 THREAD_ASSOCIATION jobid=sh-zr438qrk thread=0-1-1 host=localhost replicationGroup=yr438qrk
2012-05-23 13:13:41,748-0500 INFO  vdl:createdirset START jobid=sh-zr438qrk host=localhost - Initializing directory structure
2012-05-23 13:13:41,750-0500 INFO  vdl:createdirset END jobid=sh-zr438qrk - Done initializing directory structure
2012-05-23 13:13:41,751-0500 INFO  vdl:dostagein START jobid=sh-zr438qrk - Staging in files
2012-05-23 13:13:41,752-0500 INFO  vdl:dostagein END jobid=sh-zr438qrk - Staging in finished
2012-05-23 13:13:41,753-0500 DEBUG vdl:execute2 JOB_START jobid=sh-zr438qrk tr=sh arguments=[scott.sh] tmpdir=scott-20120523-1313-ksb4tq75/jobs/z/sh-zr438qrk host=localhost
2012-05-23 13:13:41,762-0500 INFO  GridExec TASK_DEFINITION: Task(type=JOB_SUBMISSION, identity=urn:0-1-1-1337796818564) is /bin/bash shared/_swiftwrap sh-zr438qrk -jobdir z -scratch  -e /bin/sh -out scott.txt -err stderr.txt -i -d  -if  -of scott.txt -k  -cdmfile  -status files -a scott.sh
2012-05-23 13:13:41,763-0500 INFO  JobSubmissionTaskHandler Submit: in: /var/tmp/scott-20120523-1313-ksb4tq75 command: /bin/bash /var/tmp/scott-20120523-1313-ksb4tq75/shared/_swiftwrap sh-zr438qrk -jobdir z -scratch  -e /bin/sh -out scott.txt -err stderr.txt -i -d  -if  -of scott.txt -k  -cdmfile  -status files -a scott.sh
2012-05-23 13:13:41,863-0500 INFO  LateBindingScheduler JobQueue: 0
2012-05-23 13:13:41,865-0500 DEBUG vdl:checkjobstatus START jobid=sh-zr438qrk
2012-05-23 13:13:41,868-0500 INFO  LateBindingScheduler JobQueue: 0
2012-05-23 13:13:41,869-0500 INFO  vdl:checkerrorfile FAILURE jobid=sh-zr438qrk - Failure file found
2012-05-23 13:13:41,871-0500 INFO  LateBindingScheduler JobQueue: 0
2012-05-23 13:13:41,873-0500 INFO  LateBindingScheduler JobQueue: 1
2012-05-23 13:13:41,874-0500 INFO  LateBindingScheduler JobQueue: 0
2012-05-23 13:13:41,875-0500 DEBUG vdl:execute2 STAGING_OUT jobid=sh-zr438qrk
2012-05-23 13:13:41,876-0500 INFO  vdl:dostageout START jobid=sh-zr438qrk - Staging out files
2012-05-23 13:13:41,876-0500 DEBUG vdl:dostageout stageouts: [[$, outfile:messagefile - Open]]
2012-05-23 13:13:41,879-0500 DEBUG vdl:dostageout FILE_STAGE_OUT_START srcname=scott.txt srcdir=scott-20120523-1313-ksb4tq75/shared/ srchost=localhost destdir= desthost=localhost provider=file
2012-05-23 13:13:41,880-0500 INFO  LateBindingScheduler JobQueue: 0
2012-05-23 13:13:41,886-0500 INFO  LateBindingScheduler JobQueue: 0
2012-05-23 13:13:41,886-0500 INFO  vdl:checkerrorfile NO_STATUS_FILE jobid=sh-zr438qrk - Error file missing
2012-05-23 13:13:41,887-0500 DEBUG vdl:execute2 APPLICATION_EXCEPTION jobid=sh-zr438qrk - Application exception: null
Caused by: org.globus.cog.abstraction.impl.file.FileNotFoundException: File not found: /var/tmp/scott-20120523-1313-ksb4tq75/shared/scott.txt
2012-05-23 13:13:41,892-0500 INFO  LateBindingScheduler JobQueue: 0
2012-05-23 13:13:41,894-0500 INFO  LateBindingScheduler JobQueue: 0
2012-05-23 13:13:41,896-0500 INFO  LateBindingScheduler JobQueue: 0
2012-05-23 13:13:41,897-0500 INFO  LateBindingScheduler JobQueue: 0
2012-05-23 13:13:41,901-0500 INFO  LateBindingScheduler JobQueue: 0
2012-05-23 13:13:41,905-0500 INFO  vdl:execute END_FAILURE thread=0-1 tr=sh
2012-05-23 13:13:41,909-0500 DEBUG VDL2ExecutionContext Exception in sh:
Arguments: [scott.sh]
Host: localhost
Directory: scott-20120523-1313-ksb4tq75/jobs/z/sh-zr438qrk
stderr.txt: /bin/sh: scott.sh: No such file or directory

stdout.txt: 
----

Exception in sh:
Arguments: [scott.sh]
Host: localhost
Directory: scott-20120523-1313-ksb4tq75/jobs/z/sh-zr438qrk
stderr.txt: /bin/sh: scott.sh: No such file or directory

stdout.txt: 
----

Caused by: null
Caused by: org.globus.cog.abstraction.impl.file.FileNotFoundException: File not found: /var/tmp/scott-20120523-1313-ksb4tq75/shared/scott.txt
	at org.globus.cog.karajan.workflow.nodes.functions.KException.function(KException.java:29)
	at org.globus.cog.karajan.workflow.nodes.functions.AbstractFunction.post(AbstractFunction.java:27)
	at org.globus.cog.karajan.workflow.nodes.AbstractSequentialWithArguments.completed(AbstractSequentialWithArguments.java:194)
	at org.globus.cog.karajan.workflow.nodes.FlowNode.complete(FlowNode.java:214)
	at org.globus.cog.karajan.workflow.nodes.FlowContainer.post(FlowContainer.java:58)
	at org.globus.cog.karajan.workflow.nodes.functions.AbstractFunction.post(AbstractFunction.java:28)
	at org.globus.cog.karajan.workflow.nodes.Sequential.startNext(Sequential.java:29)
	at org.globus.cog.karajan.workflow.nodes.Sequential.executeChildren(Sequential.java:20)
	at org.globus.cog.karajan.workflow.nodes.FlowContainer.execute(FlowContainer.java:63)
	at org.globus.cog.karajan.workflow.nodes.FlowNode.restart(FlowNode.java:139)
	at org.globus.cog.karajan.workflow.nodes.FlowNode.start(FlowNode.java:197)
	at org.globus.cog.karajan.workflow.events.EventBus.start(EventBus.java:104)
	at org.globus.cog.karajan.workflow.events.EventTargetPair.run(EventTargetPair.java:40)
	at java.util.concurrent.Executors$RunnableAdapter.call(Executors.java:441)
	at java.util.concurrent.FutureTask$Sync.innerRun(FutureTask.java:303)
	at java.util.concurrent.FutureTask.run(FutureTask.java:138)
	at java.util.concurrent.ThreadPoolExecutor$Worker.runTask(ThreadPoolExecutor.java:886)
	at java.util.concurrent.ThreadPoolExecutor$Worker.run(ThreadPoolExecutor.java:908)
	at java.lang.Thread.run(Thread.java:680)
Caused by: null
Caused by: org.globus.cog.abstraction.impl.file.FileNotFoundException: File not found: /var/tmp/scott-20120523-1313-ksb4tq75/shared/scott.txt
	at org.globus.cog.karajan.workflow.nodes.FlowNode.failImmediately(FlowNode.java:101)
	at org.globus.cog.karajan.workflow.nodes.grid.AbstractGridNode$1.run(AbstractGridNode.java:308)
	... 6 more
Caused by: org.globus.cog.abstraction.impl.file.FileNotFoundException: File not found: /var/tmp/scott-20120523-1313-ksb4tq75/shared/scott.txt
	at org.globus.cog.abstraction.impl.file.local.FileResourceImpl.getFile(FileResourceImpl.java:225)
	at org.globus.cog.abstraction.impl.file.local.FileResourceImpl.putFile(FileResourceImpl.java:286)
	at org.globus.cog.abstraction.impl.file.AbstractFileResource.putFile(AbstractFileResource.java:152)
	at org.globus.cog.abstraction.impl.fileTransfer.DelegatedFileTransferHandler.doDestination(DelegatedFileTransferHandler.java:314)
	at org.globus.cog.abstraction.impl.fileTransfer.CachingDelegatedFileTransferHandler.doDestination(CachingDelegatedFileTransferHandler.java:46)
	at org.globus.cog.abstraction.impl.fileTransfer.DelegatedFileTransferHandler.run(DelegatedFileTransferHandler.java:487)
	... 1 more
2012-05-23 13:13:42,166-0500 INFO  ExecutionContext Detailed exception: 
Exception in sh:
Arguments: [scott.sh]
Host: localhost
Directory: scott-20120523-1313-ksb4tq75/jobs/z/sh-zr438qrk
stderr.txt: /bin/sh: scott.sh: No such file or directory

stdout.txt: 
----

Caused by: null
Caused by: org.globus.cog.abstraction.impl.file.FileNotFoundException: File not found: /var/tmp/scott-20120523-1313-ksb4tq75/shared/scott.txt
	at org.globus.cog.karajan.workflow.nodes.functions.KException.function(KException.java:29)
	at org.globus.cog.karajan.workflow.nodes.functions.AbstractFunction.post(AbstractFunction.java:27)
	at org.globus.cog.karajan.workflow.nodes.AbstractSequentialWithArguments.completed(AbstractSequentialWithArguments.java:194)
	at org.globus.cog.karajan.workflow.nodes.FlowNode.complete(FlowNode.java:214)
	at org.globus.cog.karajan.workflow.nodes.FlowContainer.post(FlowContainer.java:58)
	at org.globus.cog.karajan.workflow.nodes.functions.AbstractFunction.post(AbstractFunction.java:28)
	at org.globus.cog.karajan.workflow.nodes.Sequential.startNext(Sequential.java:29)
	at org.globus.cog.karajan.workflow.nodes.Sequential.executeChildren(Sequential.java:20)
	at org.globus.cog.karajan.workflow.nodes.FlowContainer.execute(FlowContainer.java:63)
	at org.globus.cog.karajan.workflow.nodes.FlowNode.restart(FlowNode.java:139)
	at org.globus.cog.karajan.workflow.nodes.FlowNode.start(FlowNode.java:197)
	at org.globus.cog.karajan.workflow.events.EventBus.start(EventBus.java:104)
	at org.globus.cog.karajan.workflow.events.EventTargetPair.run(EventTargetPair.java:40)
	at java.util.concurrent.Executors$RunnableAdapter.call(Executors.java:441)
	at java.util.concurrent.FutureTask$Sync.innerRun(FutureTask.java:303)
	at java.util.concurrent.FutureTask.run(FutureTask.java:138)
	at java.util.concurrent.ThreadPoolExecutor$Worker.runTask(ThreadPoolExecutor.java:886)
	at java.util.concurrent.ThreadPoolExecutor$Worker.run(ThreadPoolExecutor.java:908)
	at java.lang.Thread.run(Thread.java:680)
Caused by: null
Caused by: org.globus.cog.abstraction.impl.file.FileNotFoundException: File not found: /var/tmp/scott-20120523-1313-ksb4tq75/shared/scott.txt
	at org.globus.cog.karajan.workflow.nodes.FlowNode.failImmediately(FlowNode.java:101)
	at org.globus.cog.karajan.workflow.nodes.grid.AbstractGridNode$1.run(AbstractGridNode.java:308)
	... 6 more
Caused by: org.globus.cog.abstraction.impl.file.FileNotFoundException: File not found: /var/tmp/scott-20120523-1313-ksb4tq75/shared/scott.txt
	at org.globus.cog.abstraction.impl.file.local.FileResourceImpl.getFile(FileResourceImpl.java:225)
	at org.globus.cog.abstraction.impl.file.local.FileResourceImpl.putFile(FileResourceImpl.java:286)
	at org.globus.cog.abstraction.impl.file.AbstractFileResource.putFile(AbstractFileResource.java:152)
	at org.globus.cog.abstraction.impl.fileTransfer.DelegatedFileTransferHandler.doDestination(DelegatedFileTransferHandler.java:314)
	at org.globus.cog.abstraction.impl.fileTransfer.CachingDelegatedFileTransferHandler.doDestination(CachingDelegatedFileTransferHandler.java:46)
	at org.globus.cog.abstraction.impl.fileTransfer.DelegatedFileTransferHandler.run(DelegatedFileTransferHandler.java:487)
	... 1 more
2012-05-23 13:13:42,167-0500 INFO  Loader Swift finished with errors
