2012-05-25 12:31:19,121-0500 DEBUG Loader arguments: [scott.swift]
2012-05-25 12:31:19,122-0500 DEBUG Loader Max heap: 252248064
2012-05-25 12:31:19,123-0500 DEBUG textfiles BEGIN SWIFTSCRIPT:
type messagefile;

app (messagefile t) greeting() { 
   sh "/Users/scottkrieder/swift/examples/swift/tutorial/scott.sh" stdout=@filename(t);
}

messagefile outfile <"scott.txt">;

outfile = greeting();


2012-05-25 12:31:19,123-0500 DEBUG textfiles END SWIFTSCRIPT:
2012-05-25 12:31:19,123-0500 DEBUG Loader kmlversion is >239b8550-a5ff-44be-a124-5e7ecd70737d<
2012-05-25 12:31:19,123-0500 DEBUG Loader build version is >239b8550-a5ff-44be-a124-5e7ecd70737d<
2012-05-25 12:31:19,123-0500 DEBUG Loader Recompilation suppressed.
2012-05-25 12:31:19,266-0500 DEBUG textfiles using default sites file
2012-05-25 12:31:19,270-0500 INFO  VDL2ExecutionContext Stack dump:
Level 1
[iA = 0, iB = 0, bA = false, bB = false]
	vdl:instanceconfig = Swift configuration []
	vdl:operation = run
	swift.home = /usr/local/swift/bin/..
	PATH_SEPARATOR = /


2012-05-25 12:31:19,928-0500 INFO  unknown Using sites file: /usr/local/swift/bin/../etc/sites.xml
2012-05-25 12:31:19,965-0500 INFO  unknown Using tc.data: /usr/local/swift/bin/../etc/tc.data
2012-05-25 12:31:20,076-0500 WARN  File On line 24in File /usr/local/swift/bin/../etc/tc.data

java.lang.IllegalStateException: Error : Illegal TCType defined. Please specify one of the predefined types 
 [INSTALLED, SOURCE, STATIC_BINARY, DYNAMIC_BINARY, PACMAN_PACKAGE, SCRIPT]
	at org.globus.swift.catalog.types.TCType.fromValue(TCType.java:73)
	at org.globus.swift.catalog.types.TCType.fromString(TCType.java:85)
	at org.globus.swift.catalog.transformation.File.populateTC(File.java:1085)
	at org.globus.swift.catalog.transformation.File.populateTC(File.java:1034)
	at org.globus.swift.catalog.transformation.File.<init>(File.java:149)
	at org.globus.swift.catalog.transformation.File.getNonSingletonInstance(File.java:116)
	at org.griphyn.vdl.karajan.VDSAdaptiveScheduler.setProperty(VDSAdaptiveScheduler.java:71)
	at org.globus.cog.karajan.workflow.nodes.grid.SchedulerNode.newScheduler(SchedulerNode.java:104)
	at org.globus.cog.karajan.workflow.nodes.grid.SchedulerNode.post(SchedulerNode.java:63)
	at org.globus.cog.karajan.workflow.nodes.AbstractSequentialWithArguments.completed(AbstractSequentialWithArguments.java:194)
	at org.globus.cog.karajan.workflow.nodes.FlowNode.complete(FlowNode.java:214)
	at org.globus.cog.karajan.workflow.nodes.FlowContainer.post(FlowContainer.java:58)
	at org.globus.cog.karajan.workflow.nodes.AbstractSequentialWithArguments.completed(AbstractSequentialWithArguments.java:194)
	at org.globus.cog.karajan.workflow.nodes.user.UserDefinedElement.completed(UserDefinedElement.java:286)
	at org.globus.cog.karajan.workflow.nodes.user.SequentialImplicitExecutionUDE.completed(SequentialImplicitExecutionUDE.java:89)
	at org.globus.cog.karajan.workflow.nodes.FlowNode.complete(FlowNode.java:214)
	at org.globus.cog.karajan.workflow.nodes.FlowContainer.post(FlowContainer.java:58)
	at org.globus.cog.karajan.workflow.nodes.functions.AbstractFunction.post(AbstractFunction.java:28)
	at org.globus.cog.karajan.workflow.nodes.AbstractSequentialWithArguments.completed(AbstractSequentialWithArguments.java:194)
	at org.globus.cog.karajan.workflow.nodes.FlowNode.complete(FlowNode.java:214)
	at org.globus.cog.karajan.workflow.nodes.ExecuteFile.completed(ExecuteFile.java:158)
	at org.globus.cog.karajan.workflow.nodes.FlowNode.complete(FlowNode.java:214)
	at org.globus.cog.karajan.workflow.nodes.FlowContainer.post(FlowContainer.java:58)
	at org.globus.cog.karajan.workflow.nodes.Sequential.startNext(Sequential.java:29)
	at org.globus.cog.karajan.workflow.nodes.Sequential.completed(Sequential.java:24)
	at org.globus.cog.karajan.workflow.nodes.FlowNode.complete(FlowNode.java:214)
	at org.globus.cog.karajan.workflow.nodes.FlowContainer.post(FlowContainer.java:58)
	at org.globus.cog.karajan.workflow.nodes.AbstractSequentialWithArguments.completed(AbstractSequentialWithArguments.java:194)
	at org.globus.cog.karajan.workflow.nodes.user.UserDefinedElement.completed(UserDefinedElement.java:286)
	at org.globus.cog.karajan.workflow.nodes.user.SequentialImplicitExecutionUDE.completed(SequentialImplicitExecutionUDE.java:89)
	at org.globus.cog.karajan.workflow.nodes.FlowNode.complete(FlowNode.java:214)
	at org.globus.cog.karajan.workflow.nodes.FlowContainer.post(FlowContainer.java:58)
	at org.globus.cog.karajan.workflow.nodes.functions.AbstractFunction.post(AbstractFunction.java:28)
	at org.globus.cog.karajan.workflow.nodes.AbstractSequentialWithArguments.completed(AbstractSequentialWithArguments.java:194)
	at org.globus.cog.karajan.workflow.nodes.FlowNode.complete(FlowNode.java:214)
	at org.globus.cog.karajan.workflow.nodes.FlowContainer.post(FlowContainer.java:58)
	at org.globus.cog.karajan.workflow.nodes.AbstractSequentialWithArguments.completed(AbstractSequentialWithArguments.java:194)
	at org.globus.cog.karajan.workflow.nodes.PartialArgumentsContainer.nonArgChildCompleted(PartialArgumentsContainer.java:105)
	at org.globus.cog.karajan.workflow.nodes.PartialArgumentsContainer.completed(PartialArgumentsContainer.java:86)
	at org.globus.cog.karajan.workflow.nodes.FlowNode.complete(FlowNode.java:214)
	at org.globus.cog.karajan.workflow.nodes.Maybe.failed(Maybe.java:23)
	at org.globus.cog.karajan.workflow.nodes.FlowNode.failImmediately(FlowNode.java:89)
	at org.globus.cog.karajan.workflow.nodes.FlowNode.failed(FlowNode.java:245)
	at org.globus.cog.karajan.workflow.nodes.FlowNode.failImmediately(FlowNode.java:89)
	at org.globus.cog.karajan.workflow.nodes.FlowNode.restart(FlowNode.java:151)
	at org.globus.cog.karajan.workflow.nodes.FlowNode.start(FlowNode.java:197)
	at org.globus.cog.karajan.workflow.FlowElementWrapper.start(FlowElementWrapper.java:227)
	at org.globus.cog.karajan.workflow.events.EventBus.start(EventBus.java:104)
	at org.globus.cog.karajan.workflow.events.EventTargetPair.run(EventTargetPair.java:40)
	at java.util.concurrent.Executors$RunnableAdapter.call(Executors.java:471)
	at java.util.concurrent.FutureTask$Sync.innerRun(FutureTask.java:334)
	at java.util.concurrent.FutureTask.run(FutureTask.java:166)
	at java.util.concurrent.ThreadPoolExecutor.runWorker(ThreadPoolExecutor.java:1110)
	at java.util.concurrent.ThreadPoolExecutor$Worker.run(ThreadPoolExecutor.java:603)
	at java.lang.Thread.run(Thread.java:722)
2012-05-25 12:31:20,083-0500 INFO  AbstractScheduler Setting resources to: {localhost=localhost}
2012-05-25 12:31:20,882-0500 INFO  unknown Swift 0.93 swift-r5483 cog-r3339

2012-05-25 12:31:20,882-0500 INFO  unknown RUNID id=run:20120525-1231-7dflst4c
2012-05-25 12:31:20,936-0500 INFO  RootDataNode Found mapped data outfile:messagefile - Open.$
2012-05-25 12:31:20,951-0500 DEBUG greeting PROCEDURE line=3 thread=0-1 name=greeting
2012-05-25 12:31:20,968-0500 INFO  vdl:execute START thread=0-1 tr=sh
2012-05-25 12:31:21,003-0500 INFO  WeightedHostScoreScheduler CONTACT_SELECTED host=localhost, score=1.000
2012-05-25 12:31:21,012-0500 INFO  GlobalSubmitQueue No global submit throttle set. Using default (1024)
2012-05-25 12:31:21,018-0500 INFO  LateBindingScheduler JobQueue: 0
2012-05-25 12:31:21,021-0500 INFO  LateBindingScheduler JobQueue: 0
2012-05-25 12:31:21,028-0500 INFO  vdl:initshareddir START host=localhost - Initializing shared directory
2012-05-25 12:31:21,059-0500 INFO  LateBindingScheduler JobQueue: 0
2012-05-25 12:31:21,091-0500 INFO  LateBindingScheduler JobQueue: 0
2012-05-25 12:31:21,096-0500 INFO  LateBindingScheduler JobQueue: 0
2012-05-25 12:31:21,100-0500 INFO  LateBindingScheduler JobQueue: 0
2012-05-25 12:31:21,108-0500 INFO  LateBindingScheduler JobQueue: 0
2012-05-25 12:31:21,117-0500 INFO  LateBindingScheduler JobQueue: 0
2012-05-25 12:31:21,121-0500 INFO  vdl:initshareddir END host=localhost - Done initializing shared directory
2012-05-25 12:31:21,128-0500 DEBUG vdl:execute2 THREAD_ASSOCIATION jobid=sh-k09jgtrk thread=0-1-1 host=localhost replicationGroup=j09jgtrk
2012-05-25 12:31:21,151-0500 INFO  vdl:createdirset START jobid=sh-k09jgtrk host=localhost - Initializing directory structure
2012-05-25 12:31:21,153-0500 INFO  vdl:createdirset END jobid=sh-k09jgtrk - Done initializing directory structure
2012-05-25 12:31:21,156-0500 INFO  vdl:dostagein START jobid=sh-k09jgtrk - Staging in files
2012-05-25 12:31:21,166-0500 INFO  vdl:dostagein END jobid=sh-k09jgtrk - Staging in finished
2012-05-25 12:31:21,172-0500 DEBUG vdl:execute2 JOB_START jobid=sh-k09jgtrk tr=sh arguments=[/Users/scottkrieder/swift/examples/swift/tutorial/scott.sh] tmpdir=scott-20120525-1231-7dflst4c/jobs/k/sh-k09jgtrk host=localhost
2012-05-25 12:31:21,185-0500 DEBUG textfiles BEGIN TC:
#This is the transformation catalog.
#
#It comes pre-configured with a number of simple transformations with
#paths that are likely to work on a linux box. However, on some systems,
#the paths to these executables will be different (for example, sometimes
#some of these programs are found in /usr/bin rather than in /bin)
#
#NOTE WELL: fields in this file must be separated by tabs, not spaces; and
#there must be no trailing whitespace at the end of each line.
#
# sitename  transformation  path   INSTALLED  platform  profiles
localhost 	echo 		/bin/echo	INSTALLED	INTEL32::LINUX	null
localhost 	cat 		/bin/cat	INSTALLED	INTEL32::LINUX	null
localhost 	ls 		/bin/ls		INSTALLED	INTEL32::LINUX	null
localhost 	grep 		/bin/grep	INSTALLED	INTEL32::LINUX	null
localhost 	sort 		/bin/sort	INSTALLED	INTEL32::LINUX	null
localhost 	paste 		/bin/paste	INSTALLED	INTEL32::LINUX	null
localhost 	cp 		/bin/cp         INSTALLED	INTEL32::LINUX	null
localhost 	touch 		/bin/touch      INSTALLED	INTEL32::LINUX	null
localhost	wc		/usr/bin/wc	INSTALLED	INTEL32::LINUX	null
localhost	sh		/bin/sh		INSTALLED	INTEL32::LINUX	null
localhost	sleep		/bin/sleep	INSTALLED	INTEL32::LINUX	null
localhost	tr		/usr/bin/tr	INSTALLED	INTEL32::LINUX	null
localhost	scott.sh	/Users/scottkrieder/swift/examples/swift/tutorial/scott.sh	INTSALLED	INTEL32::LINUX	null


2012-05-25 12:31:21,186-0500 DEBUG textfiles END TC:
2012-05-25 12:31:21,193-0500 WARN  File On line 24in File /usr/local/swift/bin/../etc/tc.data

java.lang.IllegalStateException: Error : Illegal TCType defined. Please specify one of the predefined types 
 [INSTALLED, SOURCE, STATIC_BINARY, DYNAMIC_BINARY, PACMAN_PACKAGE, SCRIPT]
	at org.globus.swift.catalog.types.TCType.fromValue(TCType.java:73)
	at org.globus.swift.catalog.types.TCType.fromString(TCType.java:85)
	at org.globus.swift.catalog.transformation.File.populateTC(File.java:1085)
	at org.globus.swift.catalog.transformation.File.populateTC(File.java:1034)
	at org.globus.swift.catalog.transformation.File.<init>(File.java:149)
	at org.globus.swift.catalog.transformation.File.getNonSingletonInstance(File.java:116)
	at org.griphyn.vdl.karajan.lib.VDLFunction.getTC(VDLFunction.java:492)
	at org.griphyn.vdl.karajan.lib.Executable.function(Executable.java:24)
	at org.griphyn.vdl.karajan.lib.VDLFunction.post(VDLFunction.java:62)
	at org.globus.cog.karajan.workflow.nodes.AbstractSequentialWithArguments.completed(AbstractSequentialWithArguments.java:194)
	at org.globus.cog.karajan.workflow.nodes.FlowNode.complete(FlowNode.java:214)
	at org.globus.cog.karajan.workflow.nodes.FlowContainer.post(FlowContainer.java:58)
	at org.globus.cog.karajan.workflow.nodes.functions.AbstractFunction.post(AbstractFunction.java:28)
	at org.globus.cog.karajan.workflow.nodes.Sequential.startNext(Sequential.java:29)
	at org.globus.cog.karajan.workflow.nodes.Sequential.executeChildren(Sequential.java:20)
	at org.globus.cog.karajan.workflow.nodes.FlowContainer.execute(FlowContainer.java:63)
	at org.globus.cog.karajan.workflow.nodes.FlowNode.restart(FlowNode.java:139)
	at org.globus.cog.karajan.workflow.nodes.FlowNode.start(FlowNode.java:197)
	at org.globus.cog.karajan.workflow.FlowElementWrapper.start(FlowElementWrapper.java:227)
	at org.globus.cog.karajan.workflow.events.EventBus.start(EventBus.java:104)
	at org.globus.cog.karajan.workflow.events.EventTargetPair.run(EventTargetPair.java:40)
	at java.util.concurrent.Executors$RunnableAdapter.call(Executors.java:471)
	at java.util.concurrent.FutureTask$Sync.innerRun(FutureTask.java:334)
	at java.util.concurrent.FutureTask.run(FutureTask.java:166)
	at java.util.concurrent.ThreadPoolExecutor.runWorker(ThreadPoolExecutor.java:1110)
	at java.util.concurrent.ThreadPoolExecutor$Worker.run(ThreadPoolExecutor.java:603)
	at java.lang.Thread.run(Thread.java:722)
2012-05-25 12:31:21,202-0500 INFO  GridExec TASK_DEFINITION: Task(type=JOB_SUBMISSION, identity=urn:0-1-1-1337967079955) is /bin/bash shared/_swiftwrap sh-k09jgtrk -jobdir k -scratch  -e /bin/sh -out scott.txt -err stderr.txt -i -d  -if  -of scott.txt -k  -cdmfile  -status files -a /Users/scottkrieder/swift/examples/swift/tutorial/scott.sh
2012-05-25 12:31:21,218-0500 INFO  JobSubmissionTaskHandler Submit: in: /var/tmp/scott-20120525-1231-7dflst4c command: /bin/bash /var/tmp/scott-20120525-1231-7dflst4c/shared/_swiftwrap sh-k09jgtrk -jobdir k -scratch  -e /bin/sh -out scott.txt -err stderr.txt -i -d  -if  -of scott.txt -k  -cdmfile  -status files -a /Users/scottkrieder/swift/examples/swift/tutorial/scott.sh
2012-05-25 12:31:21,350-0500 INFO  LateBindingScheduler JobQueue: 0
2012-05-25 12:31:21,357-0500 DEBUG vdl:checkjobstatus START jobid=sh-k09jgtrk
2012-05-25 12:31:21,369-0500 INFO  LateBindingScheduler JobQueue: 0
2012-05-25 12:31:21,372-0500 INFO  vdl:checkerrorfile FAILURE jobid=sh-k09jgtrk - Failure file found
2012-05-25 12:31:21,376-0500 INFO  LateBindingScheduler JobQueue: 0
2012-05-25 12:31:21,380-0500 INFO  LateBindingScheduler JobQueue: 0
2012-05-25 12:31:21,383-0500 INFO  LateBindingScheduler JobQueue: 0
2012-05-25 12:31:21,386-0500 DEBUG vdl:execute2 STAGING_OUT jobid=sh-k09jgtrk
2012-05-25 12:31:21,390-0500 INFO  vdl:dostageout START jobid=sh-k09jgtrk - Staging out files
2012-05-25 12:31:21,391-0500 DEBUG vdl:dostageout stageouts: [[$, outfile:messagefile - Open]]
2012-05-25 12:31:21,409-0500 DEBUG vdl:dostageout FILE_STAGE_OUT_START srcname=scott.txt srcdir=scott-20120525-1231-7dflst4c/shared/ srchost=localhost destdir= desthost=localhost provider=file
2012-05-25 12:31:21,411-0500 INFO  LateBindingScheduler JobQueue: 0
2012-05-25 12:31:21,450-0500 INFO  LateBindingScheduler JobQueue: 0
2012-05-25 12:31:21,452-0500 INFO  vdl:checkerrorfile NO_STATUS_FILE jobid=sh-k09jgtrk - Error file missing
2012-05-25 12:31:21,457-0500 DEBUG vdl:execute2 APPLICATION_EXCEPTION jobid=sh-k09jgtrk - Application exception: null
Caused by: org.globus.cog.abstraction.impl.file.FileNotFoundException: File not found: /var/tmp/scott-20120525-1231-7dflst4c/shared/scott.txt
2012-05-25 12:31:21,479-0500 INFO  LateBindingScheduler JobQueue: 0
2012-05-25 12:31:21,483-0500 INFO  LateBindingScheduler JobQueue: 0
2012-05-25 12:31:21,489-0500 INFO  LateBindingScheduler JobQueue: 0
2012-05-25 12:31:21,493-0500 INFO  LateBindingScheduler JobQueue: 0
2012-05-25 12:31:21,505-0500 INFO  LateBindingScheduler JobQueue: 0
2012-05-25 12:31:21,517-0500 INFO  WeightedHostScoreScheduler CONTACT_SELECTED host=localhost, score=0.000
2012-05-25 12:31:21,519-0500 DEBUG vdl:execute2 THREAD_ASSOCIATION jobid=sh-m09jgtrk thread=0-1-1 host=localhost replicationGroup=l09jgtrk
2012-05-25 12:31:21,522-0500 INFO  vdl:createdirset START jobid=sh-m09jgtrk host=localhost - Initializing directory structure
2012-05-25 12:31:21,522-0500 INFO  vdl:createdirset END jobid=sh-m09jgtrk - Done initializing directory structure
2012-05-25 12:31:21,522-0500 INFO  vdl:dostagein START jobid=sh-m09jgtrk - Staging in files
2012-05-25 12:31:21,523-0500 INFO  vdl:dostagein END jobid=sh-m09jgtrk - Staging in finished
2012-05-25 12:31:21,523-0500 DEBUG vdl:execute2 JOB_START jobid=sh-m09jgtrk tr=sh arguments=[/Users/scottkrieder/swift/examples/swift/tutorial/scott.sh] tmpdir=scott-20120525-1231-7dflst4c/jobs/m/sh-m09jgtrk host=localhost
2012-05-25 12:31:21,527-0500 INFO  GridExec TASK_DEFINITION: Task(type=JOB_SUBMISSION, identity=urn:0-1-1-1337967079995) is /bin/bash shared/_swiftwrap sh-m09jgtrk -jobdir m -scratch  -e /bin/sh -out scott.txt -err stderr.txt -i -d  -if  -of scott.txt -k  -cdmfile  -status files -a /Users/scottkrieder/swift/examples/swift/tutorial/scott.sh
2012-05-25 12:31:21,527-0500 INFO  JobSubmissionTaskHandler Submit: in: /var/tmp/scott-20120525-1231-7dflst4c command: /bin/bash /var/tmp/scott-20120525-1231-7dflst4c/shared/_swiftwrap sh-m09jgtrk -jobdir m -scratch  -e /bin/sh -out scott.txt -err stderr.txt -i -d  -if  -of scott.txt -k  -cdmfile  -status files -a /Users/scottkrieder/swift/examples/swift/tutorial/scott.sh
2012-05-25 12:31:21,631-0500 INFO  LateBindingScheduler JobQueue: 0
2012-05-25 12:31:21,634-0500 DEBUG vdl:checkjobstatus START jobid=sh-m09jgtrk
2012-05-25 12:31:21,641-0500 INFO  LateBindingScheduler JobQueue: 0
2012-05-25 12:31:21,643-0500 INFO  vdl:checkerrorfile FAILURE jobid=sh-m09jgtrk - Failure file found
2012-05-25 12:31:21,646-0500 INFO  LateBindingScheduler JobQueue: 0
2012-05-25 12:31:21,650-0500 INFO  LateBindingScheduler JobQueue: 1
2012-05-25 12:31:21,652-0500 INFO  LateBindingScheduler JobQueue: 0
2012-05-25 12:31:21,654-0500 DEBUG vdl:execute2 STAGING_OUT jobid=sh-m09jgtrk
2012-05-25 12:31:21,656-0500 INFO  vdl:dostageout START jobid=sh-m09jgtrk - Staging out files
2012-05-25 12:31:21,656-0500 DEBUG vdl:dostageout stageouts: [[$, outfile:messagefile - Open]]
2012-05-25 12:31:21,664-0500 DEBUG vdl:dostageout FILE_STAGE_OUT_START srcname=scott.txt srcdir=scott-20120525-1231-7dflst4c/shared/ srchost=localhost destdir= desthost=localhost provider=file
2012-05-25 12:31:21,666-0500 INFO  LateBindingScheduler JobQueue: 0
2012-05-25 12:31:21,687-0500 INFO  LateBindingScheduler JobQueue: 0
2012-05-25 12:31:21,688-0500 INFO  vdl:checkerrorfile NO_STATUS_FILE jobid=sh-m09jgtrk - Error file missing
2012-05-25 12:31:21,689-0500 DEBUG vdl:execute2 APPLICATION_EXCEPTION jobid=sh-m09jgtrk - Application exception: null
Caused by: org.globus.cog.abstraction.impl.file.FileNotFoundException: File not found: /var/tmp/scott-20120525-1231-7dflst4c/shared/scott.txt
2012-05-25 12:31:21,694-0500 INFO  LateBindingScheduler JobQueue: 0
2012-05-25 12:31:21,696-0500 INFO  LateBindingScheduler JobQueue: 0
2012-05-25 12:31:21,701-0500 INFO  LateBindingScheduler JobQueue: 0
2012-05-25 12:31:21,704-0500 INFO  LateBindingScheduler JobQueue: 0
2012-05-25 12:31:21,712-0500 INFO  LateBindingScheduler JobQueue: 0
2012-05-25 12:31:23,227-0500 INFO  WeightedHostScoreScheduler CONTACT_SELECTED host=localhost, score=0.000
2012-05-25 12:31:23,238-0500 DEBUG vdl:execute2 THREAD_ASSOCIATION jobid=sh-o09jgtrk thread=0-1-1 host=localhost replicationGroup=n09jgtrk
2012-05-25 12:31:23,255-0500 INFO  vdl:createdirset START jobid=sh-o09jgtrk host=localhost - Initializing directory structure
2012-05-25 12:31:23,257-0500 INFO  vdl:createdirset END jobid=sh-o09jgtrk - Done initializing directory structure
2012-05-25 12:31:23,259-0500 INFO  vdl:dostagein START jobid=sh-o09jgtrk - Staging in files
2012-05-25 12:31:23,262-0500 INFO  vdl:dostagein END jobid=sh-o09jgtrk - Staging in finished
2012-05-25 12:31:23,265-0500 DEBUG vdl:execute2 JOB_START jobid=sh-o09jgtrk tr=sh arguments=[/Users/scottkrieder/swift/examples/swift/tutorial/scott.sh] tmpdir=scott-20120525-1231-7dflst4c/jobs/o/sh-o09jgtrk host=localhost
2012-05-25 12:31:23,286-0500 INFO  GridExec TASK_DEFINITION: Task(type=JOB_SUBMISSION, identity=urn:0-1-1-1337967080035) is /bin/bash shared/_swiftwrap sh-o09jgtrk -jobdir o -scratch  -e /bin/sh -out scott.txt -err stderr.txt -i -d  -if  -of scott.txt -k  -cdmfile  -status files -a /Users/scottkrieder/swift/examples/swift/tutorial/scott.sh
2012-05-25 12:31:23,287-0500 INFO  JobSubmissionTaskHandler Submit: in: /var/tmp/scott-20120525-1231-7dflst4c command: /bin/bash /var/tmp/scott-20120525-1231-7dflst4c/shared/_swiftwrap sh-o09jgtrk -jobdir o -scratch  -e /bin/sh -out scott.txt -err stderr.txt -i -d  -if  -of scott.txt -k  -cdmfile  -status files -a /Users/scottkrieder/swift/examples/swift/tutorial/scott.sh
2012-05-25 12:31:23,431-0500 INFO  LateBindingScheduler JobQueue: 0
2012-05-25 12:31:23,434-0500 DEBUG vdl:checkjobstatus START jobid=sh-o09jgtrk
2012-05-25 12:31:23,444-0500 INFO  LateBindingScheduler JobQueue: 0
2012-05-25 12:31:23,445-0500 INFO  vdl:checkerrorfile FAILURE jobid=sh-o09jgtrk - Failure file found
2012-05-25 12:31:23,449-0500 INFO  LateBindingScheduler JobQueue: 0
2012-05-25 12:31:23,453-0500 INFO  LateBindingScheduler JobQueue: 1
2012-05-25 12:31:23,454-0500 INFO  LateBindingScheduler JobQueue: 0
2012-05-25 12:31:23,458-0500 DEBUG vdl:execute2 STAGING_OUT jobid=sh-o09jgtrk
2012-05-25 12:31:23,462-0500 INFO  vdl:dostageout START jobid=sh-o09jgtrk - Staging out files
2012-05-25 12:31:23,462-0500 DEBUG vdl:dostageout stageouts: [[$, outfile:messagefile - Open]]
2012-05-25 12:31:23,472-0500 DEBUG vdl:dostageout FILE_STAGE_OUT_START srcname=scott.txt srcdir=scott-20120525-1231-7dflst4c/shared/ srchost=localhost destdir= desthost=localhost provider=file
2012-05-25 12:31:23,474-0500 INFO  LateBindingScheduler JobQueue: 0
2012-05-25 12:31:23,499-0500 INFO  LateBindingScheduler JobQueue: 0
2012-05-25 12:31:23,500-0500 INFO  vdl:checkerrorfile NO_STATUS_FILE jobid=sh-o09jgtrk - Error file missing
2012-05-25 12:31:23,502-0500 DEBUG vdl:execute2 APPLICATION_EXCEPTION jobid=sh-o09jgtrk - Application exception: null
Caused by: org.globus.cog.abstraction.impl.file.FileNotFoundException: File not found: /var/tmp/scott-20120525-1231-7dflst4c/shared/scott.txt
2012-05-25 12:31:23,515-0500 INFO  LateBindingScheduler JobQueue: 0
2012-05-25 12:31:23,520-0500 INFO  LateBindingScheduler JobQueue: 0
2012-05-25 12:31:23,527-0500 INFO  LateBindingScheduler JobQueue: 0
2012-05-25 12:31:23,531-0500 INFO  LateBindingScheduler JobQueue: 0
2012-05-25 12:31:23,539-0500 INFO  LateBindingScheduler JobQueue: 0
2012-05-25 12:31:23,548-0500 INFO  vdl:execute END_FAILURE thread=0-1 tr=sh
2012-05-25 12:31:23,552-0500 DEBUG VDL2ExecutionContext Exception in sh:
Arguments: [/Users/scottkrieder/swift/examples/swift/tutorial/scott.sh]
Host: localhost
Directory: scott-20120525-1231-7dflst4c/jobs/o/sh-o09jgtrk
stderr.txt: /bin/sh: Can't open /Users/scottkrieder/swift/examples/swift/tutorial/scott.sh

stdout.txt: 
----

Exception in sh:
Arguments: [/Users/scottkrieder/swift/examples/swift/tutorial/scott.sh]
Host: localhost
Directory: scott-20120525-1231-7dflst4c/jobs/o/sh-o09jgtrk
stderr.txt: /bin/sh: Can't open /Users/scottkrieder/swift/examples/swift/tutorial/scott.sh

stdout.txt: 
----

Caused by: null
Caused by: org.globus.cog.abstraction.impl.file.FileNotFoundException: File not found: /var/tmp/scott-20120525-1231-7dflst4c/shared/scott.txt
	at org.globus.cog.karajan.workflow.nodes.functions.KException.function(KException.java:29)
	at org.globus.cog.karajan.workflow.nodes.functions.AbstractFunction.post(AbstractFunction.java:27)
	at org.globus.cog.karajan.workflow.nodes.AbstractSequentialWithArguments.completed(AbstractSequentialWithArguments.java:194)
	at org.globus.cog.karajan.workflow.nodes.FlowNode.complete(FlowNode.java:214)
	at org.globus.cog.karajan.workflow.nodes.FlowContainer.post(FlowContainer.java:58)
	at org.globus.cog.karajan.workflow.nodes.functions.AbstractFunction.post(AbstractFunction.java:28)
	at org.globus.cog.karajan.workflow.nodes.Sequential.startNext(Sequential.java:29)
	at org.globus.cog.karajan.workflow.nodes.Sequential.executeChildren(Sequential.java:20)
	at org.globus.cog.karajan.workflow.nodes.FlowContainer.execute(FlowContainer.java:63)
	at org.globus.cog.karajan.workflow.nodes.FlowNode.restart(FlowNode.java:139)
	at org.globus.cog.karajan.workflow.nodes.FlowNode.start(FlowNode.java:197)
	at org.globus.cog.karajan.workflow.events.EventBus.start(EventBus.java:104)
	at org.globus.cog.karajan.workflow.events.EventTargetPair.run(EventTargetPair.java:40)
	at java.util.concurrent.Executors$RunnableAdapter.call(Executors.java:471)
	at java.util.concurrent.FutureTask$Sync.innerRun(FutureTask.java:334)
	at java.util.concurrent.FutureTask.run(FutureTask.java:166)
	at java.util.concurrent.ThreadPoolExecutor.runWorker(ThreadPoolExecutor.java:1110)
	at java.util.concurrent.ThreadPoolExecutor$Worker.run(ThreadPoolExecutor.java:603)
	at java.lang.Thread.run(Thread.java:722)
Caused by: null
Caused by: org.globus.cog.abstraction.impl.file.FileNotFoundException: File not found: /var/tmp/scott-20120525-1231-7dflst4c/shared/scott.txt
	at org.globus.cog.karajan.workflow.nodes.FlowNode.failImmediately(FlowNode.java:101)
	at org.globus.cog.karajan.workflow.nodes.grid.AbstractGridNode$1.run(AbstractGridNode.java:308)
	... 6 more
Caused by: org.globus.cog.abstraction.impl.file.FileNotFoundException: File not found: /var/tmp/scott-20120525-1231-7dflst4c/shared/scott.txt
	at org.globus.cog.abstraction.impl.file.local.FileResourceImpl.getFile(FileResourceImpl.java:225)
	at org.globus.cog.abstraction.impl.file.local.FileResourceImpl.putFile(FileResourceImpl.java:286)
	at org.globus.cog.abstraction.impl.file.AbstractFileResource.putFile(AbstractFileResource.java:152)
	at org.globus.cog.abstraction.impl.fileTransfer.DelegatedFileTransferHandler.doDestination(DelegatedFileTransferHandler.java:314)
	at org.globus.cog.abstraction.impl.fileTransfer.CachingDelegatedFileTransferHandler.doDestination(CachingDelegatedFileTransferHandler.java:46)
	at org.globus.cog.abstraction.impl.fileTransfer.DelegatedFileTransferHandler.run(DelegatedFileTransferHandler.java:487)
	... 1 more
2012-05-25 12:31:23,690-0500 INFO  ExecutionContext Detailed exception: 
Exception in sh:
Arguments: [/Users/scottkrieder/swift/examples/swift/tutorial/scott.sh]
Host: localhost
Directory: scott-20120525-1231-7dflst4c/jobs/o/sh-o09jgtrk
stderr.txt: /bin/sh: Can't open /Users/scottkrieder/swift/examples/swift/tutorial/scott.sh

stdout.txt: 
----

Caused by: null
Caused by: org.globus.cog.abstraction.impl.file.FileNotFoundException: File not found: /var/tmp/scott-20120525-1231-7dflst4c/shared/scott.txt
	at org.globus.cog.karajan.workflow.nodes.functions.KException.function(KException.java:29)
	at org.globus.cog.karajan.workflow.nodes.functions.AbstractFunction.post(AbstractFunction.java:27)
	at org.globus.cog.karajan.workflow.nodes.AbstractSequentialWithArguments.completed(AbstractSequentialWithArguments.java:194)
	at org.globus.cog.karajan.workflow.nodes.FlowNode.complete(FlowNode.java:214)
	at org.globus.cog.karajan.workflow.nodes.FlowContainer.post(FlowContainer.java:58)
	at org.globus.cog.karajan.workflow.nodes.functions.AbstractFunction.post(AbstractFunction.java:28)
	at org.globus.cog.karajan.workflow.nodes.Sequential.startNext(Sequential.java:29)
	at org.globus.cog.karajan.workflow.nodes.Sequential.executeChildren(Sequential.java:20)
	at org.globus.cog.karajan.workflow.nodes.FlowContainer.execute(FlowContainer.java:63)
	at org.globus.cog.karajan.workflow.nodes.FlowNode.restart(FlowNode.java:139)
	at org.globus.cog.karajan.workflow.nodes.FlowNode.start(FlowNode.java:197)
	at org.globus.cog.karajan.workflow.events.EventBus.start(EventBus.java:104)
	at org.globus.cog.karajan.workflow.events.EventTargetPair.run(EventTargetPair.java:40)
	at java.util.concurrent.Executors$RunnableAdapter.call(Executors.java:471)
	at java.util.concurrent.FutureTask$Sync.innerRun(FutureTask.java:334)
	at java.util.concurrent.FutureTask.run(FutureTask.java:166)
	at java.util.concurrent.ThreadPoolExecutor.runWorker(ThreadPoolExecutor.java:1110)
	at java.util.concurrent.ThreadPoolExecutor$Worker.run(ThreadPoolExecutor.java:603)
	at java.lang.Thread.run(Thread.java:722)
Caused by: null
Caused by: org.globus.cog.abstraction.impl.file.FileNotFoundException: File not found: /var/tmp/scott-20120525-1231-7dflst4c/shared/scott.txt
	at org.globus.cog.karajan.workflow.nodes.FlowNode.failImmediately(FlowNode.java:101)
	at org.globus.cog.karajan.workflow.nodes.grid.AbstractGridNode$1.run(AbstractGridNode.java:308)
	... 6 more
Caused by: org.globus.cog.abstraction.impl.file.FileNotFoundException: File not found: /var/tmp/scott-20120525-1231-7dflst4c/shared/scott.txt
	at org.globus.cog.abstraction.impl.file.local.FileResourceImpl.getFile(FileResourceImpl.java:225)
	at org.globus.cog.abstraction.impl.file.local.FileResourceImpl.putFile(FileResourceImpl.java:286)
	at org.globus.cog.abstraction.impl.file.AbstractFileResource.putFile(AbstractFileResource.java:152)
	at org.globus.cog.abstraction.impl.fileTransfer.DelegatedFileTransferHandler.doDestination(DelegatedFileTransferHandler.java:314)
	at org.globus.cog.abstraction.impl.fileTransfer.CachingDelegatedFileTransferHandler.doDestination(CachingDelegatedFileTransferHandler.java:46)
	at org.globus.cog.abstraction.impl.fileTransfer.DelegatedFileTransferHandler.run(DelegatedFileTransferHandler.java:487)
	... 1 more
2012-05-25 12:31:23,691-0500 INFO  Loader Swift finished with errors
