2012-05-25 13:06:21,068-0500 DEBUG Loader arguments: [scott.swift]
2012-05-25 13:06:21,068-0500 DEBUG Loader Max heap: 252248064
2012-05-25 13:06:21,069-0500 DEBUG textfiles BEGIN SWIFTSCRIPT:
type messagefile;

app (messagefile t) greeting() { 
   sh "/home/skrieder/swift/examples/swift/tutorial/scott.sh" stdout=@filename(t);
}

messagefile outfile <"scott.txt">;

outfile = greeting();


2012-05-25 13:06:21,069-0500 DEBUG textfiles END SWIFTSCRIPT:
2012-05-25 13:06:21,069-0500 DEBUG Loader kmlversion is >239b8550-a5ff-44be-a124-5e7ecd70737d<
2012-05-25 13:06:21,069-0500 DEBUG Loader build version is >239b8550-a5ff-44be-a124-5e7ecd70737d<
2012-05-25 13:06:21,069-0500 DEBUG Loader Recompilation suppressed.
2012-05-25 13:06:21,212-0500 DEBUG textfiles using default sites file
2012-05-25 13:06:21,217-0500 INFO  VDL2ExecutionContext Stack dump:
Level 1
[iA = 0, iB = 0, bA = false, bB = false]
	vdl:instanceconfig = Swift configuration []
	vdl:operation = run
	swift.home = /usr/local/swift/bin/..
	PATH_SEPARATOR = /


2012-05-25 13:06:21,883-0500 INFO  unknown Using sites file: /usr/local/swift/bin/../etc/sites.xml
2012-05-25 13:06:21,917-0500 INFO  unknown Using tc.data: /usr/local/swift/bin/../etc/tc.data
2012-05-25 13:06:22,068-0500 WARN  File On line 24in File /usr/local/swift/bin/../etc/tc.data

java.lang.IllegalStateException: Error : Illegal TCType defined. Please specify one of the predefined types 
 [INSTALLED, SOURCE, STATIC_BINARY, DYNAMIC_BINARY, PACMAN_PACKAGE, SCRIPT]
	at org.globus.swift.catalog.types.TCType.fromValue(TCType.java:73)
	at org.globus.swift.catalog.types.TCType.fromString(TCType.java:85)
	at org.globus.swift.catalog.transformation.File.populateTC(File.java:1085)
	at org.globus.swift.catalog.transformation.File.populateTC(File.java:1034)
	at org.globus.swift.catalog.transformation.File.<init>(File.java:149)
	at org.globus.swift.catalog.transformation.File.getNonSingletonInstance(File.java:116)
	at org.griphyn.vdl.karajan.VDSAdaptiveScheduler.setProperty(VDSAdaptiveScheduler.java:71)
	at org.globus.cog.karajan.workflow.nodes.grid.SchedulerNode.newScheduler(SchedulerNode.java:104)
	at org.globus.cog.karajan.workflow.nodes.grid.SchedulerNode.post(SchedulerNode.java:63)
	at org.globus.cog.karajan.workflow.nodes.AbstractSequentialWithArguments.completed(AbstractSequentialWithArguments.java:194)
	at org.globus.cog.karajan.workflow.nodes.FlowNode.complete(FlowNode.java:214)
	at org.globus.cog.karajan.workflow.nodes.FlowContainer.post(FlowContainer.java:58)
	at org.globus.cog.karajan.workflow.nodes.AbstractSequentialWithArguments.completed(AbstractSequentialWithArguments.java:194)
	at org.globus.cog.karajan.workflow.nodes.user.UserDefinedElement.completed(UserDefinedElement.java:286)
	at org.globus.cog.karajan.workflow.nodes.user.SequentialImplicitExecutionUDE.completed(SequentialImplicitExecutionUDE.java:89)
	at org.globus.cog.karajan.workflow.nodes.FlowNode.complete(FlowNode.java:214)
	at org.globus.cog.karajan.workflow.nodes.FlowContainer.post(FlowContainer.java:58)
	at org.globus.cog.karajan.workflow.nodes.functions.AbstractFunction.post(AbstractFunction.java:28)
	at org.globus.cog.karajan.workflow.nodes.AbstractSequentialWithArguments.completed(AbstractSequentialWithArguments.java:194)
	at org.globus.cog.karajan.workflow.nodes.FlowNode.complete(FlowNode.java:214)
	at org.globus.cog.karajan.workflow.nodes.ExecuteFile.completed(ExecuteFile.java:158)
	at org.globus.cog.karajan.workflow.nodes.FlowNode.complete(FlowNode.java:214)
	at org.globus.cog.karajan.workflow.nodes.FlowContainer.post(FlowContainer.java:58)
	at org.globus.cog.karajan.workflow.nodes.Sequential.startNext(Sequential.java:29)
	at org.globus.cog.karajan.workflow.nodes.Sequential.completed(Sequential.java:24)
	at org.globus.cog.karajan.workflow.nodes.FlowNode.complete(FlowNode.java:214)
	at org.globus.cog.karajan.workflow.nodes.FlowContainer.post(FlowContainer.java:58)
	at org.globus.cog.karajan.workflow.nodes.AbstractSequentialWithArguments.completed(AbstractSequentialWithArguments.java:194)
	at org.globus.cog.karajan.workflow.nodes.user.UserDefinedElement.completed(UserDefinedElement.java:286)
	at org.globus.cog.karajan.workflow.nodes.user.SequentialImplicitExecutionUDE.completed(SequentialImplicitExecutionUDE.java:89)
	at org.globus.cog.karajan.workflow.nodes.FlowNode.complete(FlowNode.java:214)
	at org.globus.cog.karajan.workflow.nodes.FlowContainer.post(FlowContainer.java:58)
	at org.globus.cog.karajan.workflow.nodes.functions.AbstractFunction.post(AbstractFunction.java:28)
	at org.globus.cog.karajan.workflow.nodes.AbstractSequentialWithArguments.completed(AbstractSequentialWithArguments.java:194)
	at org.globus.cog.karajan.workflow.nodes.FlowNode.complete(FlowNode.java:214)
	at org.globus.cog.karajan.workflow.nodes.FlowContainer.post(FlowContainer.java:58)
	at org.globus.cog.karajan.workflow.nodes.AbstractSequentialWithArguments.completed(AbstractSequentialWithArguments.java:194)
	at org.globus.cog.karajan.workflow.nodes.PartialArgumentsContainer.nonArgChildCompleted(PartialArgumentsContainer.java:105)
	at org.globus.cog.karajan.workflow.nodes.PartialArgumentsContainer.completed(PartialArgumentsContainer.java:86)
	at org.globus.cog.karajan.workflow.nodes.FlowNode.complete(FlowNode.java:214)
	at org.globus.cog.karajan.workflow.nodes.Maybe.failed(Maybe.java:23)
	at org.globus.cog.karajan.workflow.nodes.FlowNode.failImmediately(FlowNode.java:89)
	at org.globus.cog.karajan.workflow.nodes.FlowNode.failed(FlowNode.java:245)
	at org.globus.cog.karajan.workflow.nodes.FlowNode.failImmediately(FlowNode.java:89)
	at org.globus.cog.karajan.workflow.nodes.FlowNode.restart(FlowNode.java:151)
	at org.globus.cog.karajan.workflow.nodes.FlowNode.start(FlowNode.java:197)
	at org.globus.cog.karajan.workflow.FlowElementWrapper.start(FlowElementWrapper.java:227)
	at org.globus.cog.karajan.workflow.events.EventBus.start(EventBus.java:104)
	at org.globus.cog.karajan.workflow.events.EventTargetPair.run(EventTargetPair.java:40)
	at java.util.concurrent.Executors$RunnableAdapter.call(Executors.java:471)
	at java.util.concurrent.FutureTask$Sync.innerRun(FutureTask.java:334)
	at java.util.concurrent.FutureTask.run(FutureTask.java:166)
	at java.util.concurrent.ThreadPoolExecutor.runWorker(ThreadPoolExecutor.java:1110)
	at java.util.concurrent.ThreadPoolExecutor$Worker.run(ThreadPoolExecutor.java:603)
	at java.lang.Thread.run(Thread.java:722)
2012-05-25 13:06:22,075-0500 INFO  AbstractScheduler Setting resources to: {localhost=localhost}
2012-05-25 13:06:23,007-0500 INFO  unknown Swift 0.93 swift-r5483 cog-r3339

2012-05-25 13:06:23,008-0500 INFO  unknown RUNID id=run:20120525-1306-24tbvvfc
2012-05-25 13:06:23,042-0500 INFO  RootDataNode Found mapped data outfile:messagefile - Open.$
2012-05-25 13:06:23,054-0500 DEBUG greeting PROCEDURE line=3 thread=0-1 name=greeting
2012-05-25 13:06:23,060-0500 INFO  vdl:execute START thread=0-1 tr=sh
2012-05-25 13:06:23,074-0500 INFO  WeightedHostScoreScheduler CONTACT_SELECTED host=localhost, score=1.000
2012-05-25 13:06:23,081-0500 INFO  GlobalSubmitQueue No global submit throttle set. Using default (1024)
2012-05-25 13:06:23,086-0500 INFO  LateBindingScheduler JobQueue: 0
2012-05-25 13:06:23,090-0500 INFO  LateBindingScheduler JobQueue: 0
2012-05-25 13:06:23,097-0500 INFO  vdl:initshareddir START host=localhost - Initializing shared directory
2012-05-25 13:06:23,103-0500 INFO  LateBindingScheduler JobQueue: 0
2012-05-25 13:06:23,135-0500 INFO  LateBindingScheduler JobQueue: 0
2012-05-25 13:06:23,141-0500 INFO  LateBindingScheduler JobQueue: 0
2012-05-25 13:06:23,145-0500 INFO  LateBindingScheduler JobQueue: 0
2012-05-25 13:06:23,153-0500 INFO  LateBindingScheduler JobQueue: 0
2012-05-25 13:06:23,162-0500 INFO  LateBindingScheduler JobQueue: 0
2012-05-25 13:06:23,166-0500 INFO  vdl:initshareddir END host=localhost - Done initializing shared directory
2012-05-25 13:06:23,172-0500 DEBUG vdl:execute2 THREAD_ASSOCIATION jobid=sh-dv9yhtrk thread=0-1-1 host=localhost replicationGroup=cv9yhtrk
2012-05-25 13:06:23,196-0500 INFO  vdl:createdirset START jobid=sh-dv9yhtrk host=localhost - Initializing directory structure
2012-05-25 13:06:23,198-0500 INFO  vdl:createdirset END jobid=sh-dv9yhtrk - Done initializing directory structure
2012-05-25 13:06:23,201-0500 INFO  vdl:dostagein START jobid=sh-dv9yhtrk - Staging in files
2012-05-25 13:06:23,211-0500 INFO  vdl:dostagein END jobid=sh-dv9yhtrk - Staging in finished
2012-05-25 13:06:23,216-0500 DEBUG vdl:execute2 JOB_START jobid=sh-dv9yhtrk tr=sh arguments=[/home/skrieder/swift/examples/swift/tutorial/scott.sh] tmpdir=scott-20120525-1306-24tbvvfc/jobs/d/sh-dv9yhtrk host=localhost
2012-05-25 13:06:23,230-0500 DEBUG textfiles BEGIN TC:
#This is the transformation catalog.
#
#It comes pre-configured with a number of simple transformations with
#paths that are likely to work on a linux box. However, on some systems,
#the paths to these executables will be different (for example, sometimes
#some of these programs are found in /usr/bin rather than in /bin)
#
#NOTE WELL: fields in this file must be separated by tabs, not spaces; and
#there must be no trailing whitespace at the end of each line.
#
# sitename  transformation  path   INSTALLED  platform  profiles
localhost 	echo 		/bin/echo	INSTALLED	INTEL32::LINUX	null
localhost 	cat 		/bin/cat	INSTALLED	INTEL32::LINUX	null
localhost 	ls 		/bin/ls		INSTALLED	INTEL32::LINUX	null
localhost 	grep 		/bin/grep	INSTALLED	INTEL32::LINUX	null
localhost 	sort 		/bin/sort	INSTALLED	INTEL32::LINUX	null
localhost 	paste 		/bin/paste	INSTALLED	INTEL32::LINUX	null
localhost 	cp 		/bin/cp         INSTALLED	INTEL32::LINUX	null
localhost 	touch 		/bin/touch      INSTALLED	INTEL32::LINUX	null
localhost	wc		/usr/bin/wc	INSTALLED	INTEL32::LINUX	null
localhost	sh		/bin/sh		INSTALLED	INTEL32::LINUX	null
localhost	sleep		/bin/sleep	INSTALLED	INTEL32::LINUX	null
localhost	tr		/usr/bin/tr	INSTALLED	INTEL32::LINUX	null
localhost	scott.sh	/Users/scottkrieder/swift/examples/swift/tutorial/scott.sh	INTSALLED	INTEL32::LINUX	null


2012-05-25 13:06:23,230-0500 DEBUG textfiles END TC:
2012-05-25 13:06:23,237-0500 WARN  File On line 24in File /usr/local/swift/bin/../etc/tc.data

java.lang.IllegalStateException: Error : Illegal TCType defined. Please specify one of the predefined types 
 [INSTALLED, SOURCE, STATIC_BINARY, DYNAMIC_BINARY, PACMAN_PACKAGE, SCRIPT]
	at org.globus.swift.catalog.types.TCType.fromValue(TCType.java:73)
	at org.globus.swift.catalog.types.TCType.fromString(TCType.java:85)
	at org.globus.swift.catalog.transformation.File.populateTC(File.java:1085)
	at org.globus.swift.catalog.transformation.File.populateTC(File.java:1034)
	at org.globus.swift.catalog.transformation.File.<init>(File.java:149)
	at org.globus.swift.catalog.transformation.File.getNonSingletonInstance(File.java:116)
	at org.griphyn.vdl.karajan.lib.VDLFunction.getTC(VDLFunction.java:492)
	at org.griphyn.vdl.karajan.lib.Executable.function(Executable.java:24)
	at org.griphyn.vdl.karajan.lib.VDLFunction.post(VDLFunction.java:62)
	at org.globus.cog.karajan.workflow.nodes.AbstractSequentialWithArguments.completed(AbstractSequentialWithArguments.java:194)
	at org.globus.cog.karajan.workflow.nodes.FlowNode.complete(FlowNode.java:214)
	at org.globus.cog.karajan.workflow.nodes.FlowContainer.post(FlowContainer.java:58)
	at org.globus.cog.karajan.workflow.nodes.functions.AbstractFunction.post(AbstractFunction.java:28)
	at org.globus.cog.karajan.workflow.nodes.Sequential.startNext(Sequential.java:29)
	at org.globus.cog.karajan.workflow.nodes.Sequential.executeChildren(Sequential.java:20)
	at org.globus.cog.karajan.workflow.nodes.FlowContainer.execute(FlowContainer.java:63)
	at org.globus.cog.karajan.workflow.nodes.FlowNode.restart(FlowNode.java:139)
	at org.globus.cog.karajan.workflow.nodes.FlowNode.start(FlowNode.java:197)
	at org.globus.cog.karajan.workflow.FlowElementWrapper.start(FlowElementWrapper.java:227)
	at org.globus.cog.karajan.workflow.events.EventBus.start(EventBus.java:104)
	at org.globus.cog.karajan.workflow.events.EventTargetPair.run(EventTargetPair.java:40)
	at java.util.concurrent.Executors$RunnableAdapter.call(Executors.java:471)
	at java.util.concurrent.FutureTask$Sync.innerRun(FutureTask.java:334)
	at java.util.concurrent.FutureTask.run(FutureTask.java:166)
	at java.util.concurrent.ThreadPoolExecutor.runWorker(ThreadPoolExecutor.java:1110)
	at java.util.concurrent.ThreadPoolExecutor$Worker.run(ThreadPoolExecutor.java:603)
	at java.lang.Thread.run(Thread.java:722)
2012-05-25 13:06:23,268-0500 INFO  GridExec TASK_DEFINITION: Task(type=JOB_SUBMISSION, identity=urn:0-1-1-1337969181910) is /bin/bash shared/_swiftwrap sh-dv9yhtrk -jobdir d -scratch  -e /bin/sh -out scott.txt -err stderr.txt -i -d  -if  -of scott.txt -k  -cdmfile  -status files -a /home/skrieder/swift/examples/swift/tutorial/scott.sh
2012-05-25 13:06:23,286-0500 INFO  JobSubmissionTaskHandler Submit: in: /var/tmp/scott-20120525-1306-24tbvvfc command: /bin/bash /var/tmp/scott-20120525-1306-24tbvvfc/shared/_swiftwrap sh-dv9yhtrk -jobdir d -scratch  -e /bin/sh -out scott.txt -err stderr.txt -i -d  -if  -of scott.txt -k  -cdmfile  -status files -a /home/skrieder/swift/examples/swift/tutorial/scott.sh
2012-05-25 13:06:23,438-0500 INFO  LateBindingScheduler JobQueue: 0
2012-05-25 13:06:23,444-0500 DEBUG vdl:checkjobstatus START jobid=sh-dv9yhtrk
2012-05-25 13:06:23,457-0500 INFO  LateBindingScheduler JobQueue: 0
2012-05-25 13:06:23,460-0500 INFO  vdl:checkerrorfile FAILURE jobid=sh-dv9yhtrk - Failure file found
2012-05-25 13:06:23,464-0500 INFO  LateBindingScheduler JobQueue: 0
2012-05-25 13:06:23,468-0500 INFO  LateBindingScheduler JobQueue: 0
2012-05-25 13:06:23,471-0500 INFO  LateBindingScheduler JobQueue: 0
2012-05-25 13:06:23,474-0500 DEBUG vdl:execute2 STAGING_OUT jobid=sh-dv9yhtrk
2012-05-25 13:06:23,478-0500 INFO  vdl:dostageout START jobid=sh-dv9yhtrk - Staging out files
2012-05-25 13:06:23,479-0500 DEBUG vdl:dostageout stageouts: [[$, outfile:messagefile - Open]]
2012-05-25 13:06:23,498-0500 DEBUG vdl:dostageout FILE_STAGE_OUT_START srcname=scott.txt srcdir=scott-20120525-1306-24tbvvfc/shared/ srchost=localhost destdir= desthost=localhost provider=file
2012-05-25 13:06:23,500-0500 INFO  LateBindingScheduler JobQueue: 0
2012-05-25 13:06:23,541-0500 INFO  LateBindingScheduler JobQueue: 0
2012-05-25 13:06:23,543-0500 INFO  vdl:checkerrorfile NO_STATUS_FILE jobid=sh-dv9yhtrk - Error file missing
2012-05-25 13:06:23,548-0500 DEBUG vdl:execute2 APPLICATION_EXCEPTION jobid=sh-dv9yhtrk - Application exception: null
Caused by: org.globus.cog.abstraction.impl.file.FileNotFoundException: File not found: /var/tmp/scott-20120525-1306-24tbvvfc/shared/scott.txt
2012-05-25 13:06:23,569-0500 INFO  LateBindingScheduler JobQueue: 0
2012-05-25 13:06:23,574-0500 INFO  LateBindingScheduler JobQueue: 0
2012-05-25 13:06:23,580-0500 INFO  LateBindingScheduler JobQueue: 0
2012-05-25 13:06:23,583-0500 INFO  LateBindingScheduler JobQueue: 0
2012-05-25 13:06:23,595-0500 INFO  LateBindingScheduler JobQueue: 0
2012-05-25 13:06:23,603-0500 INFO  WeightedHostScoreScheduler CONTACT_SELECTED host=localhost, score=0.000
2012-05-25 13:06:23,607-0500 DEBUG vdl:execute2 THREAD_ASSOCIATION jobid=sh-fv9yhtrk thread=0-1-1 host=localhost replicationGroup=ev9yhtrk
2012-05-25 13:06:23,611-0500 INFO  vdl:createdirset START jobid=sh-fv9yhtrk host=localhost - Initializing directory structure
2012-05-25 13:06:23,612-0500 INFO  vdl:createdirset END jobid=sh-fv9yhtrk - Done initializing directory structure
2012-05-25 13:06:23,612-0500 INFO  vdl:dostagein START jobid=sh-fv9yhtrk - Staging in files
2012-05-25 13:06:23,613-0500 INFO  vdl:dostagein END jobid=sh-fv9yhtrk - Staging in finished
2012-05-25 13:06:23,613-0500 DEBUG vdl:execute2 JOB_START jobid=sh-fv9yhtrk tr=sh arguments=[/home/skrieder/swift/examples/swift/tutorial/scott.sh] tmpdir=scott-20120525-1306-24tbvvfc/jobs/f/sh-fv9yhtrk host=localhost
2012-05-25 13:06:23,617-0500 INFO  GridExec TASK_DEFINITION: Task(type=JOB_SUBMISSION, identity=urn:0-1-1-1337969181950) is /bin/bash shared/_swiftwrap sh-fv9yhtrk -jobdir f -scratch  -e /bin/sh -out scott.txt -err stderr.txt -i -d  -if  -of scott.txt -k  -cdmfile  -status files -a /home/skrieder/swift/examples/swift/tutorial/scott.sh
2012-05-25 13:06:23,618-0500 INFO  JobSubmissionTaskHandler Submit: in: /var/tmp/scott-20120525-1306-24tbvvfc command: /bin/bash /var/tmp/scott-20120525-1306-24tbvvfc/shared/_swiftwrap sh-fv9yhtrk -jobdir f -scratch  -e /bin/sh -out scott.txt -err stderr.txt -i -d  -if  -of scott.txt -k  -cdmfile  -status files -a /home/skrieder/swift/examples/swift/tutorial/scott.sh
2012-05-25 13:06:23,762-0500 INFO  LateBindingScheduler JobQueue: 0
2012-05-25 13:06:23,765-0500 DEBUG vdl:checkjobstatus START jobid=sh-fv9yhtrk
2012-05-25 13:06:23,772-0500 INFO  LateBindingScheduler JobQueue: 0
2012-05-25 13:06:23,773-0500 INFO  vdl:checkerrorfile FAILURE jobid=sh-fv9yhtrk - Failure file found
2012-05-25 13:06:23,777-0500 INFO  LateBindingScheduler JobQueue: 0
2012-05-25 13:06:23,780-0500 INFO  LateBindingScheduler JobQueue: 1
2012-05-25 13:06:23,781-0500 INFO  LateBindingScheduler JobQueue: 0
2012-05-25 13:06:23,784-0500 DEBUG vdl:execute2 STAGING_OUT jobid=sh-fv9yhtrk
2012-05-25 13:06:23,785-0500 INFO  vdl:dostageout START jobid=sh-fv9yhtrk - Staging out files
2012-05-25 13:06:23,786-0500 DEBUG vdl:dostageout stageouts: [[$, outfile:messagefile - Open]]
2012-05-25 13:06:23,793-0500 DEBUG vdl:dostageout FILE_STAGE_OUT_START srcname=scott.txt srcdir=scott-20120525-1306-24tbvvfc/shared/ srchost=localhost destdir= desthost=localhost provider=file
2012-05-25 13:06:23,795-0500 INFO  LateBindingScheduler JobQueue: 0
2012-05-25 13:06:23,816-0500 INFO  LateBindingScheduler JobQueue: 0
2012-05-25 13:06:23,817-0500 INFO  vdl:checkerrorfile NO_STATUS_FILE jobid=sh-fv9yhtrk - Error file missing
2012-05-25 13:06:23,818-0500 DEBUG vdl:execute2 APPLICATION_EXCEPTION jobid=sh-fv9yhtrk - Application exception: null
Caused by: org.globus.cog.abstraction.impl.file.FileNotFoundException: File not found: /var/tmp/scott-20120525-1306-24tbvvfc/shared/scott.txt
2012-05-25 13:06:23,830-0500 INFO  LateBindingScheduler JobQueue: 0
2012-05-25 13:06:23,833-0500 INFO  LateBindingScheduler JobQueue: 0
2012-05-25 13:06:23,839-0500 INFO  LateBindingScheduler JobQueue: 0
2012-05-25 13:06:23,842-0500 INFO  LateBindingScheduler JobQueue: 0
2012-05-25 13:06:23,850-0500 INFO  LateBindingScheduler JobQueue: 0
2012-05-25 13:06:25,365-0500 INFO  WeightedHostScoreScheduler CONTACT_SELECTED host=localhost, score=0.000
2012-05-25 13:06:25,377-0500 DEBUG vdl:execute2 THREAD_ASSOCIATION jobid=sh-hv9yhtrk thread=0-1-1 host=localhost replicationGroup=gv9yhtrk
2012-05-25 13:06:25,398-0500 INFO  vdl:createdirset START jobid=sh-hv9yhtrk host=localhost - Initializing directory structure
2012-05-25 13:06:25,400-0500 INFO  vdl:createdirset END jobid=sh-hv9yhtrk - Done initializing directory structure
2012-05-25 13:06:25,404-0500 INFO  vdl:dostagein START jobid=sh-hv9yhtrk - Staging in files
2012-05-25 13:06:25,406-0500 INFO  vdl:dostagein END jobid=sh-hv9yhtrk - Staging in finished
2012-05-25 13:06:25,412-0500 DEBUG vdl:execute2 JOB_START jobid=sh-hv9yhtrk tr=sh arguments=[/home/skrieder/swift/examples/swift/tutorial/scott.sh] tmpdir=scott-20120525-1306-24tbvvfc/jobs/h/sh-hv9yhtrk host=localhost
2012-05-25 13:06:25,426-0500 INFO  GridExec TASK_DEFINITION: Task(type=JOB_SUBMISSION, identity=urn:0-1-1-1337969181990) is /bin/bash shared/_swiftwrap sh-hv9yhtrk -jobdir h -scratch  -e /bin/sh -out scott.txt -err stderr.txt -i -d  -if  -of scott.txt -k  -cdmfile  -status files -a /home/skrieder/swift/examples/swift/tutorial/scott.sh
2012-05-25 13:06:25,427-0500 INFO  JobSubmissionTaskHandler Submit: in: /var/tmp/scott-20120525-1306-24tbvvfc command: /bin/bash /var/tmp/scott-20120525-1306-24tbvvfc/shared/_swiftwrap sh-hv9yhtrk -jobdir h -scratch  -e /bin/sh -out scott.txt -err stderr.txt -i -d  -if  -of scott.txt -k  -cdmfile  -status files -a /home/skrieder/swift/examples/swift/tutorial/scott.sh
2012-05-25 13:06:25,571-0500 INFO  LateBindingScheduler JobQueue: 0
2012-05-25 13:06:25,575-0500 DEBUG vdl:checkjobstatus START jobid=sh-hv9yhtrk
2012-05-25 13:06:25,583-0500 INFO  LateBindingScheduler JobQueue: 0
2012-05-25 13:06:25,585-0500 INFO  vdl:checkerrorfile FAILURE jobid=sh-hv9yhtrk - Failure file found
2012-05-25 13:06:25,589-0500 INFO  LateBindingScheduler JobQueue: 0
2012-05-25 13:06:25,593-0500 INFO  LateBindingScheduler JobQueue: 0
2012-05-25 13:06:25,594-0500 INFO  LateBindingScheduler JobQueue: 0
2012-05-25 13:06:25,598-0500 DEBUG vdl:execute2 STAGING_OUT jobid=sh-hv9yhtrk
2012-05-25 13:06:25,601-0500 INFO  vdl:dostageout START jobid=sh-hv9yhtrk - Staging out files
2012-05-25 13:06:25,602-0500 DEBUG vdl:dostageout stageouts: [[$, outfile:messagefile - Open]]
2012-05-25 13:06:25,612-0500 DEBUG vdl:dostageout FILE_STAGE_OUT_START srcname=scott.txt srcdir=scott-20120525-1306-24tbvvfc/shared/ srchost=localhost destdir= desthost=localhost provider=file
2012-05-25 13:06:25,614-0500 INFO  LateBindingScheduler JobQueue: 0
2012-05-25 13:06:25,639-0500 INFO  LateBindingScheduler JobQueue: 0
2012-05-25 13:06:25,640-0500 INFO  vdl:checkerrorfile NO_STATUS_FILE jobid=sh-hv9yhtrk - Error file missing
2012-05-25 13:06:25,643-0500 DEBUG vdl:execute2 APPLICATION_EXCEPTION jobid=sh-hv9yhtrk - Application exception: null
Caused by: org.globus.cog.abstraction.impl.file.FileNotFoundException: File not found: /var/tmp/scott-20120525-1306-24tbvvfc/shared/scott.txt
2012-05-25 13:06:25,657-0500 INFO  LateBindingScheduler JobQueue: 0
2012-05-25 13:06:25,662-0500 INFO  LateBindingScheduler JobQueue: 0
2012-05-25 13:06:25,669-0500 INFO  LateBindingScheduler JobQueue: 0
2012-05-25 13:06:25,673-0500 INFO  LateBindingScheduler JobQueue: 0
2012-05-25 13:06:25,681-0500 INFO  LateBindingScheduler JobQueue: 0
2012-05-25 13:06:25,692-0500 INFO  vdl:execute END_FAILURE thread=0-1 tr=sh
2012-05-25 13:06:25,698-0500 DEBUG VDL2ExecutionContext Exception in sh:
Arguments: [/home/skrieder/swift/examples/swift/tutorial/scott.sh]
Host: localhost
Directory: scott-20120525-1306-24tbvvfc/jobs/h/sh-hv9yhtrk
stderr.txt: time: cannot run ./home/skrieder/swift/cuda/cka1: No such file or directory
Command exited with non-zero status 127
0.00user 0.00system 0:00.00elapsed ?%CPU (0avgtext+0avgdata 1280maxresident)k
0inputs+8outputs (0major+66minor)pagefaults 0swaps

stdout.txt: 
----

Exception in sh:
Arguments: [/home/skrieder/swift/examples/swift/tutorial/scott.sh]
Host: localhost
Directory: scott-20120525-1306-24tbvvfc/jobs/h/sh-hv9yhtrk
stderr.txt: time: cannot run ./home/skrieder/swift/cuda/cka1: No such file or directory
Command exited with non-zero status 127
0.00user 0.00system 0:00.00elapsed ?%CPU (0avgtext+0avgdata 1280maxresident)k
0inputs+8outputs (0major+66minor)pagefaults 0swaps

stdout.txt: 
----

Caused by: null
Caused by: org.globus.cog.abstraction.impl.file.FileNotFoundException: File not found: /var/tmp/scott-20120525-1306-24tbvvfc/shared/scott.txt
	at org.globus.cog.karajan.workflow.nodes.functions.KException.function(KException.java:29)
	at org.globus.cog.karajan.workflow.nodes.functions.AbstractFunction.post(AbstractFunction.java:27)
	at org.globus.cog.karajan.workflow.nodes.AbstractSequentialWithArguments.completed(AbstractSequentialWithArguments.java:194)
	at org.globus.cog.karajan.workflow.nodes.FlowNode.complete(FlowNode.java:214)
	at org.globus.cog.karajan.workflow.nodes.FlowContainer.post(FlowContainer.java:58)
	at org.globus.cog.karajan.workflow.nodes.functions.AbstractFunction.post(AbstractFunction.java:28)
	at org.globus.cog.karajan.workflow.nodes.Sequential.startNext(Sequential.java:29)
	at org.globus.cog.karajan.workflow.nodes.Sequential.executeChildren(Sequential.java:20)
	at org.globus.cog.karajan.workflow.nodes.FlowContainer.execute(FlowContainer.java:63)
	at org.globus.cog.karajan.workflow.nodes.FlowNode.restart(FlowNode.java:139)
	at org.globus.cog.karajan.workflow.nodes.FlowNode.start(FlowNode.java:197)
	at org.globus.cog.karajan.workflow.events.EventBus.start(EventBus.java:104)
	at org.globus.cog.karajan.workflow.events.EventTargetPair.run(EventTargetPair.java:40)
	at java.util.concurrent.Executors$RunnableAdapter.call(Executors.java:471)
	at java.util.concurrent.FutureTask$Sync.innerRun(FutureTask.java:334)
	at java.util.concurrent.FutureTask.run(FutureTask.java:166)
	at java.util.concurrent.ThreadPoolExecutor.runWorker(ThreadPoolExecutor.java:1110)
	at java.util.concurrent.ThreadPoolExecutor$Worker.run(ThreadPoolExecutor.java:603)
	at java.lang.Thread.run(Thread.java:722)
Caused by: null
Caused by: org.globus.cog.abstraction.impl.file.FileNotFoundException: File not found: /var/tmp/scott-20120525-1306-24tbvvfc/shared/scott.txt
	at org.globus.cog.karajan.workflow.nodes.FlowNode.failImmediately(FlowNode.java:101)
	at org.globus.cog.karajan.workflow.nodes.grid.AbstractGridNode$1.run(AbstractGridNode.java:308)
	... 6 more
Caused by: org.globus.cog.abstraction.impl.file.FileNotFoundException: File not found: /var/tmp/scott-20120525-1306-24tbvvfc/shared/scott.txt
	at org.globus.cog.abstraction.impl.file.local.FileResourceImpl.getFile(FileResourceImpl.java:225)
	at org.globus.cog.abstraction.impl.file.local.FileResourceImpl.putFile(FileResourceImpl.java:286)
	at org.globus.cog.abstraction.impl.file.AbstractFileResource.putFile(AbstractFileResource.java:152)
	at org.globus.cog.abstraction.impl.fileTransfer.DelegatedFileTransferHandler.doDestination(DelegatedFileTransferHandler.java:314)
	at org.globus.cog.abstraction.impl.fileTransfer.CachingDelegatedFileTransferHandler.doDestination(CachingDelegatedFileTransferHandler.java:46)
	at org.globus.cog.abstraction.impl.fileTransfer.DelegatedFileTransferHandler.run(DelegatedFileTransferHandler.java:487)
	... 1 more
2012-05-25 13:06:25,855-0500 INFO  ExecutionContext Detailed exception: 
Exception in sh:
Arguments: [/home/skrieder/swift/examples/swift/tutorial/scott.sh]
Host: localhost
Directory: scott-20120525-1306-24tbvvfc/jobs/h/sh-hv9yhtrk
stderr.txt: time: cannot run ./home/skrieder/swift/cuda/cka1: No such file or directory
Command exited with non-zero status 127
0.00user 0.00system 0:00.00elapsed ?%CPU (0avgtext+0avgdata 1280maxresident)k
0inputs+8outputs (0major+66minor)pagefaults 0swaps

stdout.txt: 
----

Caused by: null
Caused by: org.globus.cog.abstraction.impl.file.FileNotFoundException: File not found: /var/tmp/scott-20120525-1306-24tbvvfc/shared/scott.txt
	at org.globus.cog.karajan.workflow.nodes.functions.KException.function(KException.java:29)
	at org.globus.cog.karajan.workflow.nodes.functions.AbstractFunction.post(AbstractFunction.java:27)
	at org.globus.cog.karajan.workflow.nodes.AbstractSequentialWithArguments.completed(AbstractSequentialWithArguments.java:194)
	at org.globus.cog.karajan.workflow.nodes.FlowNode.complete(FlowNode.java:214)
	at org.globus.cog.karajan.workflow.nodes.FlowContainer.post(FlowContainer.java:58)
	at org.globus.cog.karajan.workflow.nodes.functions.AbstractFunction.post(AbstractFunction.java:28)
	at org.globus.cog.karajan.workflow.nodes.Sequential.startNext(Sequential.java:29)
	at org.globus.cog.karajan.workflow.nodes.Sequential.executeChildren(Sequential.java:20)
	at org.globus.cog.karajan.workflow.nodes.FlowContainer.execute(FlowContainer.java:63)
	at org.globus.cog.karajan.workflow.nodes.FlowNode.restart(FlowNode.java:139)
	at org.globus.cog.karajan.workflow.nodes.FlowNode.start(FlowNode.java:197)
	at org.globus.cog.karajan.workflow.events.EventBus.start(EventBus.java:104)
	at org.globus.cog.karajan.workflow.events.EventTargetPair.run(EventTargetPair.java:40)
	at java.util.concurrent.Executors$RunnableAdapter.call(Executors.java:471)
	at java.util.concurrent.FutureTask$Sync.innerRun(FutureTask.java:334)
	at java.util.concurrent.FutureTask.run(FutureTask.java:166)
	at java.util.concurrent.ThreadPoolExecutor.runWorker(ThreadPoolExecutor.java:1110)
	at java.util.concurrent.ThreadPoolExecutor$Worker.run(ThreadPoolExecutor.java:603)
	at java.lang.Thread.run(Thread.java:722)
Caused by: null
Caused by: org.globus.cog.abstraction.impl.file.FileNotFoundException: File not found: /var/tmp/scott-20120525-1306-24tbvvfc/shared/scott.txt
	at org.globus.cog.karajan.workflow.nodes.FlowNode.failImmediately(FlowNode.java:101)
	at org.globus.cog.karajan.workflow.nodes.grid.AbstractGridNode$1.run(AbstractGridNode.java:308)
	... 6 more
Caused by: org.globus.cog.abstraction.impl.file.FileNotFoundException: File not found: /var/tmp/scott-20120525-1306-24tbvvfc/shared/scott.txt
	at org.globus.cog.abstraction.impl.file.local.FileResourceImpl.getFile(FileResourceImpl.java:225)
	at org.globus.cog.abstraction.impl.file.local.FileResourceImpl.putFile(FileResourceImpl.java:286)
	at org.globus.cog.abstraction.impl.file.AbstractFileResource.putFile(AbstractFileResource.java:152)
	at org.globus.cog.abstraction.impl.fileTransfer.DelegatedFileTransferHandler.doDestination(DelegatedFileTransferHandler.java:314)
	at org.globus.cog.abstraction.impl.fileTransfer.CachingDelegatedFileTransferHandler.doDestination(CachingDelegatedFileTransferHandler.java:46)
	at org.globus.cog.abstraction.impl.fileTransfer.DelegatedFileTransferHandler.run(DelegatedFileTransferHandler.java:487)
	... 1 more
2012-05-25 13:06:25,856-0500 INFO  Loader Swift finished with errors
