2012-05-30 11:24:56,342-0500 DEBUG Loader arguments: [/home/skrieder/swift/multi/foreach.swift]
2012-05-30 11:24:56,342-0500 DEBUG Loader Max heap: 252248064
2012-05-30 11:24:56,343-0500 DEBUG textfiles BEGIN SWIFTSCRIPT:
type messagefile; 
type countfile; 

app (countfile t) countwords (messagefile f) {   
     sh @filename(f) stdout=@filename(t);
}

string inputNames = "scott3a.sh";

messagefile inputfiles[] <fixed_array_mapper;files=inputNames>;

foreach f in inputfiles {
  countfile c;
  c = countwords(f);
}


2012-05-30 11:24:56,343-0500 DEBUG textfiles END SWIFTSCRIPT:
2012-05-30 11:24:56,344-0500 DEBUG Loader kmlversion is >239b8550-a5ff-44be-a124-5e7ecd70737d<
2012-05-30 11:24:56,344-0500 DEBUG Loader build version is >239b8550-a5ff-44be-a124-5e7ecd70737d<
2012-05-30 11:24:56,344-0500 DEBUG Loader Recompilation suppressed.
2012-05-30 11:24:56,491-0500 DEBUG textfiles using default sites file
2012-05-30 11:24:56,495-0500 INFO  VDL2ExecutionContext Stack dump:
Level 1
[iA = 0, iB = 0, bA = false, bB = false]
	vdl:instanceconfig = Swift configuration []
	vdl:operation = run
	swift.home = /usr/local/swift/bin/..
	PATH_SEPARATOR = /


2012-05-30 11:24:57,244-0500 INFO  unknown Using sites file: /usr/local/swift/bin/../etc/sites.xml
2012-05-30 11:24:57,286-0500 INFO  unknown Using tc.data: /usr/local/swift/bin/../etc/tc.data
2012-05-30 11:24:57,401-0500 WARN  File On line 24in File /usr/local/swift/bin/../etc/tc.data

java.lang.IllegalStateException: Error : Illegal TCType defined. Please specify one of the predefined types 
 [INSTALLED, SOURCE, STATIC_BINARY, DYNAMIC_BINARY, PACMAN_PACKAGE, SCRIPT]
	at org.globus.swift.catalog.types.TCType.fromValue(TCType.java:73)
	at org.globus.swift.catalog.types.TCType.fromString(TCType.java:85)
	at org.globus.swift.catalog.transformation.File.populateTC(File.java:1085)
	at org.globus.swift.catalog.transformation.File.populateTC(File.java:1034)
	at org.globus.swift.catalog.transformation.File.<init>(File.java:149)
	at org.globus.swift.catalog.transformation.File.getNonSingletonInstance(File.java:116)
	at org.griphyn.vdl.karajan.VDSAdaptiveScheduler.setProperty(VDSAdaptiveScheduler.java:71)
	at org.globus.cog.karajan.workflow.nodes.grid.SchedulerNode.newScheduler(SchedulerNode.java:104)
	at org.globus.cog.karajan.workflow.nodes.grid.SchedulerNode.post(SchedulerNode.java:63)
	at org.globus.cog.karajan.workflow.nodes.AbstractSequentialWithArguments.completed(AbstractSequentialWithArguments.java:194)
	at org.globus.cog.karajan.workflow.nodes.FlowNode.complete(FlowNode.java:214)
	at org.globus.cog.karajan.workflow.nodes.FlowContainer.post(FlowContainer.java:58)
	at org.globus.cog.karajan.workflow.nodes.AbstractSequentialWithArguments.completed(AbstractSequentialWithArguments.java:194)
	at org.globus.cog.karajan.workflow.nodes.user.UserDefinedElement.completed(UserDefinedElement.java:286)
	at org.globus.cog.karajan.workflow.nodes.user.SequentialImplicitExecutionUDE.completed(SequentialImplicitExecutionUDE.java:89)
	at org.globus.cog.karajan.workflow.nodes.FlowNode.complete(FlowNode.java:214)
	at org.globus.cog.karajan.workflow.nodes.FlowContainer.post(FlowContainer.java:58)
	at org.globus.cog.karajan.workflow.nodes.functions.AbstractFunction.post(AbstractFunction.java:28)
	at org.globus.cog.karajan.workflow.nodes.AbstractSequentialWithArguments.completed(AbstractSequentialWithArguments.java:194)
	at org.globus.cog.karajan.workflow.nodes.FlowNode.complete(FlowNode.java:214)
	at org.globus.cog.karajan.workflow.nodes.ExecuteFile.completed(ExecuteFile.java:158)
	at org.globus.cog.karajan.workflow.nodes.FlowNode.complete(FlowNode.java:214)
	at org.globus.cog.karajan.workflow.nodes.FlowContainer.post(FlowContainer.java:58)
	at org.globus.cog.karajan.workflow.nodes.Sequential.startNext(Sequential.java:29)
	at org.globus.cog.karajan.workflow.nodes.Sequential.completed(Sequential.java:24)
	at org.globus.cog.karajan.workflow.nodes.FlowNode.complete(FlowNode.java:214)
	at org.globus.cog.karajan.workflow.nodes.FlowContainer.post(FlowContainer.java:58)
	at org.globus.cog.karajan.workflow.nodes.AbstractSequentialWithArguments.completed(AbstractSequentialWithArguments.java:194)
	at org.globus.cog.karajan.workflow.nodes.user.UserDefinedElement.completed(UserDefinedElement.java:286)
	at org.globus.cog.karajan.workflow.nodes.user.SequentialImplicitExecutionUDE.completed(SequentialImplicitExecutionUDE.java:89)
	at org.globus.cog.karajan.workflow.nodes.FlowNode.complete(FlowNode.java:214)
	at org.globus.cog.karajan.workflow.nodes.FlowContainer.post(FlowContainer.java:58)
	at org.globus.cog.karajan.workflow.nodes.functions.AbstractFunction.post(AbstractFunction.java:28)
	at org.globus.cog.karajan.workflow.nodes.AbstractSequentialWithArguments.completed(AbstractSequentialWithArguments.java:194)
	at org.globus.cog.karajan.workflow.nodes.FlowNode.complete(FlowNode.java:214)
	at org.globus.cog.karajan.workflow.nodes.FlowContainer.post(FlowContainer.java:58)
	at org.globus.cog.karajan.workflow.nodes.AbstractSequentialWithArguments.completed(AbstractSequentialWithArguments.java:194)
	at org.globus.cog.karajan.workflow.nodes.PartialArgumentsContainer.nonArgChildCompleted(PartialArgumentsContainer.java:105)
	at org.globus.cog.karajan.workflow.nodes.PartialArgumentsContainer.completed(PartialArgumentsContainer.java:86)
	at org.globus.cog.karajan.workflow.nodes.FlowNode.complete(FlowNode.java:214)
	at org.globus.cog.karajan.workflow.nodes.Maybe.failed(Maybe.java:23)
	at org.globus.cog.karajan.workflow.nodes.FlowNode.failImmediately(FlowNode.java:89)
	at org.globus.cog.karajan.workflow.nodes.FlowNode.failed(FlowNode.java:245)
	at org.globus.cog.karajan.workflow.nodes.FlowNode.failImmediately(FlowNode.java:89)
	at org.globus.cog.karajan.workflow.nodes.FlowNode.restart(FlowNode.java:151)
	at org.globus.cog.karajan.workflow.nodes.FlowNode.start(FlowNode.java:197)
	at org.globus.cog.karajan.workflow.FlowElementWrapper.start(FlowElementWrapper.java:227)
	at org.globus.cog.karajan.workflow.events.EventBus.start(EventBus.java:104)
	at org.globus.cog.karajan.workflow.events.EventTargetPair.run(EventTargetPair.java:40)
	at java.util.concurrent.Executors$RunnableAdapter.call(Executors.java:471)
	at java.util.concurrent.FutureTask$Sync.innerRun(FutureTask.java:334)
	at java.util.concurrent.FutureTask.run(FutureTask.java:166)
	at java.util.concurrent.ThreadPoolExecutor.runWorker(ThreadPoolExecutor.java:1110)
	at java.util.concurrent.ThreadPoolExecutor$Worker.run(ThreadPoolExecutor.java:603)
	at java.lang.Thread.run(Thread.java:722)
2012-05-30 11:24:57,409-0500 INFO  AbstractScheduler Setting resources to: {localhost=localhost}
2012-05-30 11:24:58,039-0500 INFO  unknown Swift 0.93 swift-r5483 cog-r3339

2012-05-30 11:24:58,040-0500 INFO  unknown RUNID id=run:20120530-1124-9pgpzm4a
2012-05-30 11:24:58,088-0500 INFO  SetFieldValue Set: inputNames=scott3a.sh
2012-05-30 11:24:58,096-0500 INFO  RootDataNode Found data inputfiles:messagefile[] - Open.[0]
2012-05-30 11:24:58,103-0500 DEBUG vdl:mains FOREACH_IT_START line=12 thread=0-1-0
2012-05-30 11:24:58,104-0500 DEBUG vdl:mains SCOPE thread=0-1-0
2012-05-30 11:24:58,113-0500 DEBUG countwords PROCEDURE line=4 thread=0-1-0-1 name=countwords
2012-05-30 11:24:58,120-0500 INFO  vdl:execute START thread=0-1-0-1 tr=sh
2012-05-30 11:24:58,142-0500 INFO  WeightedHostScoreScheduler CONTACT_SELECTED host=localhost, score=1.000
2012-05-30 11:24:58,148-0500 INFO  GlobalSubmitQueue No global submit throttle set. Using default (1024)
2012-05-30 11:24:58,150-0500 INFO  LateBindingScheduler JobQueue: 0
2012-05-30 11:24:58,153-0500 INFO  LateBindingScheduler JobQueue: 0
2012-05-30 11:24:58,155-0500 INFO  vdl:initshareddir START host=localhost - Initializing shared directory
2012-05-30 11:24:58,157-0500 INFO  LateBindingScheduler JobQueue: 0
2012-05-30 11:24:58,178-0500 INFO  LateBindingScheduler JobQueue: 0
2012-05-30 11:24:58,183-0500 INFO  LateBindingScheduler JobQueue: 0
2012-05-30 11:24:58,186-0500 INFO  LateBindingScheduler JobQueue: 0
2012-05-30 11:24:58,193-0500 INFO  LateBindingScheduler JobQueue: 0
2012-05-30 11:24:58,201-0500 INFO  LateBindingScheduler JobQueue: 0
2012-05-30 11:24:58,205-0500 INFO  vdl:initshareddir END host=localhost - Done initializing shared directory
2012-05-30 11:24:58,209-0500 DEBUG vdl:execute2 THREAD_ASSOCIATION jobid=sh-0t5rl2sk thread=0-1-0-1-1 host=localhost replicationGroup=zs5rl2sk
2012-05-30 11:24:58,215-0500 INFO  vdl:createdirset START jobid=sh-0t5rl2sk host=localhost - Initializing directory structure
2012-05-30 11:24:58,216-0500 INFO  vdl:createdirs START path=_concurrent dir=foreach-20120530-1124-9pgpzm4a/shared - Creating directory structure
2012-05-30 11:24:58,218-0500 INFO  LateBindingScheduler JobQueue: 0
2012-05-30 11:24:58,220-0500 INFO  vdl:createdirset END jobid=sh-0t5rl2sk - Done initializing directory structure
2012-05-30 11:24:58,223-0500 INFO  vdl:dostagein START jobid=sh-0t5rl2sk - Staging in files
2012-05-30 11:24:58,244-0500 INFO  LateBindingScheduler JobQueue: 0
2012-05-30 11:24:58,257-0500 DEBUG vdl:dostagein CDM: file://localhost/scott3a.sh : DEFAULT
2012-05-30 11:24:58,261-0500 DEBUG vdl:dostageinfile FILE_STAGE_IN_START file=scott3a.sh srchost=localhost srcdir= srcname=scott3a.sh desthost=localhost destdir=foreach-20120530-1124-9pgpzm4a/shared/ provider=file policy=DEFAULT
2012-05-30 11:24:58,286-0500 INFO  LateBindingScheduler JobQueue: 0
2012-05-30 11:24:58,289-0500 INFO  vdl:checkerrorfile NO_STATUS_FILE jobid=sh-0t5rl2sk - Error file missing
2012-05-30 11:24:58,293-0500 DEBUG vdl:execute2 APPLICATION_EXCEPTION jobid=sh-0t5rl2sk - Application exception: null
Caused by: org.globus.cog.abstraction.impl.file.FileNotFoundException: File not found: /home/skrieder/swift/multi/3/./scott3a.sh
2012-05-30 11:24:58,334-0500 WARN  vdl:transferwrapperlog Failed to transfer wrapper log for job sh-0t5rl2sk
2012-05-30 11:24:58,335-0500 DEBUG vdl:transferwrapperlog Exception for wrapper log failure from foreach-20120530-1124-9pgpzm4a/info/0 on localhost: null
Caused by: org.globus.cog.abstraction.impl.file.FileNotFoundException: File not found: /var/tmp/foreach-20120530-1124-9pgpzm4a/info/0/sh-0t5rl2sk-info
2012-05-30 11:24:59,855-0500 INFO  WeightedHostScoreScheduler CONTACT_SELECTED host=localhost, score=0.000
2012-05-30 11:24:59,862-0500 DEBUG vdl:execute2 THREAD_ASSOCIATION jobid=sh-2t5rl2sk thread=0-1-0-1-1 host=localhost replicationGroup=1t5rl2sk
2012-05-30 11:24:59,872-0500 INFO  vdl:createdirset START jobid=sh-2t5rl2sk host=localhost - Initializing directory structure
2012-05-30 11:24:59,874-0500 INFO  vdl:createdirset END jobid=sh-2t5rl2sk - Done initializing directory structure
2012-05-30 11:24:59,875-0500 INFO  vdl:dostagein START jobid=sh-2t5rl2sk - Staging in files
2012-05-30 11:24:59,882-0500 INFO  LateBindingScheduler JobQueue: 0
2012-05-30 11:24:59,883-0500 DEBUG vdl:dostagein CDM: file://localhost/scott3a.sh : DEFAULT
2012-05-30 11:24:59,888-0500 DEBUG vdl:dostageinfile FILE_STAGE_IN_START file=scott3a.sh srchost=localhost srcdir= srcname=scott3a.sh desthost=localhost destdir=foreach-20120530-1124-9pgpzm4a/shared/ provider=file policy=DEFAULT
2012-05-30 11:24:59,907-0500 INFO  LateBindingScheduler JobQueue: 0
2012-05-30 11:24:59,908-0500 INFO  vdl:checkerrorfile NO_STATUS_FILE jobid=sh-2t5rl2sk - Error file missing
2012-05-30 11:24:59,910-0500 DEBUG vdl:execute2 APPLICATION_EXCEPTION jobid=sh-2t5rl2sk - Application exception: null
Caused by: org.globus.cog.abstraction.impl.file.FileNotFoundException: File not found: /home/skrieder/swift/multi/3/./scott3a.sh
2012-05-30 11:24:59,945-0500 WARN  vdl:transferwrapperlog Failed to transfer wrapper log for job sh-2t5rl2sk
2012-05-30 11:24:59,946-0500 DEBUG vdl:transferwrapperlog Exception for wrapper log failure from foreach-20120530-1124-9pgpzm4a/info/2 on localhost: null
Caused by: org.globus.cog.abstraction.impl.file.FileNotFoundException: File not found: /var/tmp/foreach-20120530-1124-9pgpzm4a/info/2/sh-2t5rl2sk-info
